  2023-05-02 13:56:20   时间 [2023/05/02 13:56:20]
讯息 [储存 成功]
  2023-05-02 13:56:41   时间 [2023/05/02 13:56:41]
讯息 [控制器连线失败, 开启 模拟系统]
  2023-05-02 13:56:41   时间 [2023/05/02 13:56:41]
讯息 [储存 成功]
  2023-05-02 13:56:41   时间 [2023/05/02 13:56:41]
讯息 [储存 成功]
  2023-05-02 13:56:41   时间 [2023/05/02 13:56:41]
讯息 [储存 成功]
  2023-05-02 13:56:41   时间 [2023/05/02 13:56:41]
讯息 [储存 成功]
  2023-05-02 13:56:42   时间 [2023/05/02 13:56:42]
讯息 [储存 成功]
  2023-05-02 13:56:42   时间 [2023/05/02 13:56:42]
讯息 [储存 成功]
  2023-05-02 13:58:37   时间 [2023/05/02 13:58:37]
讯息 [储存成功]
  2023-05-02 13:58:55   时间 [2023/05/02 13:58:55]
讯息 [储存成功]
  2023-05-02 13:59:59   时间 [2023/05/02 13:59:59]
讯息 [
功能 Open_File_To_Get_Image : 成功]
  2023-05-02 14:00:01   时间 [2023/05/02 14:00:01]
讯息 [
功能 AddROI : 成功]
  2023-05-02 14:00:35   时间 [2023/05/02 14:00:35]
讯息 [HALCON error #1210: Wrong type of control parameter 10 in operator find_scaled_shape_model]
  2023-05-02 14:00:37   时间 [2023/05/02 14:00:37]
讯息 [HALCON error #1210: Wrong type of control parameter 10 in operator find_scaled_shape_model]
  2023-05-02 14:03:53   时间 [2023/05/02 14:03:53]
讯息 [HALCON error #1210: Wrong type of control parameter 10 in operator find_scaled_shape_model]
  2023-05-02 14:04:17   时间 [2023/05/02 14:04:17]
讯息 [储存成功]
  2023-05-02 14:04:36   时间 [2023/05/02 14:04:36]
讯息 [HALCON error #1210: Wrong type of control parameter 10 in operator find_scaled_shape_model]
  2023-05-02 14:04:46   时间 [2023/05/02 14:04:46]
讯息 [HALCON error #1210: Wrong type of control parameter 10 in operator find_scaled_shape_model]
  2023-05-02 14:06:48   时间 [2023/05/02 14:06:48]
讯息 [HALCON error #1210: Wrong type of control parameter 10 in operator find_scaled_shape_model]
  2023-05-02 14:09:23   时间 [2023/05/02 14:09:23]
讯息 [HALCON error #5200: File not found in operator read_shape_model]
  2023-05-02 14:09:40   时间 [2023/05/02 14:09:40]
讯息 [
功能 AddROI : 成功]
  2023-05-02 14:15:39   时间 [2023/05/02 14:15:38]
讯息 [储存 成功]
  2023-05-02 14:16:00   时间 [2023/05/02 14:16:00]
讯息 [控制器连线失败, 开启 模拟系统]
  2023-05-02 14:16:00   时间 [2023/05/02 14:16:00]
讯息 [储存 成功]
  2023-05-02 14:16:00   时间 [2023/05/02 14:16:00]
讯息 [储存 成功]
  2023-05-02 14:16:00   时间 [2023/05/02 14:16:00]
讯息 [储存 成功]
  2023-05-02 14:16:00   时间 [2023/05/02 14:16:00]
讯息 [储存 成功]
  2023-05-02 14:16:00   时间 [2023/05/02 14:16:00]
讯息 [储存 成功]
  2023-05-02 14:16:00   时间 [2023/05/02 14:16:00]
讯息 [储存 成功]
  2023-05-02 14:17:44   时间 [2023/05/02 14:17:44]
讯息 [储存 成功]
  2023-05-02 14:18:27   时间 [2023/05/02 14:18:27]
讯息 [储存 成功]
  2023-05-02 14:18:48   时间 [2023/05/02 14:18:48]
讯息 [控制器连线失败, 开启 模拟系统]
  2023-05-02 14:18:48   时间 [2023/05/02 14:18:48]
讯息 [储存 成功]
  2023-05-02 14:18:48   时间 [2023/05/02 14:18:48]
讯息 [储存 成功]
  2023-05-02 14:18:48   时间 [2023/05/02 14:18:48]
讯息 [储存 成功]
  2023-05-02 14:18:48   时间 [2023/05/02 14:18:48]
讯息 [储存 成功]
  2023-05-02 14:18:49   时间 [2023/05/02 14:18:49]
讯息 [储存 成功]
  2023-05-02 14:18:49   时间 [2023/05/02 14:18:49]
讯息 [储存 成功]
  2023-05-02 14:19:30   时间 [2023/05/02 14:19:30]
讯息 [
功能 Open_File_To_Get_Image : 成功]
  2023-05-02 14:19:32   时间 [2023/05/02 14:19:32]
讯息 [
功能 AddROI : 成功]
  2023-05-02 14:27:10   时间 [2023/05/02 14:27:10]
讯息 [储存 成功]
  2023-05-02 14:27:31   时间 [2023/05/02 14:27:31]
讯息 [控制器连线失败, 开启 模拟系统]
  2023-05-02 14:27:31   时间 [2023/05/02 14:27:31]
讯息 [储存 成功]
  2023-05-02 14:27:31   时间 [2023/05/02 14:27:31]
讯息 [储存 成功]
  2023-05-02 14:27:31   时间 [2023/05/02 14:27:31]
讯息 [储存 成功]
  2023-05-02 14:27:31   时间 [2023/05/02 14:27:31]
讯息 [储存 成功]
  2023-05-02 14:27:32   时间 [2023/05/02 14:27:32]
讯息 [储存 成功]
  2023-05-02 14:27:32   时间 [2023/05/02 14:27:32]
讯息 [储存 成功]
  2023-05-02 14:27:32   时间 [2023/05/02 14:27:32]
讯息 [储存成功]
  2023-05-02 14:29:38   时间 [2023/05/02 14:29:38]
讯息 [储存成功]
  2023-05-02 14:29:55   时间 [2023/05/02 14:29:55]
讯息 [储存成功]
  2023-05-02 14:30:07   时间 [2023/05/02 14:30:07]
讯息 [
功能 Open_File_To_Get_Image : 成功]
  2023-05-02 14:30:18   时间 [2023/05/02 14:30:18]
讯息 [Index out of range]
  2023-05-02 14:31:09   时间 [2023/05/02 14:31:09]
讯息 [储存成功]
  2023-05-02 14:31:14   时间 [2023/05/02 14:31:14]
讯息 [
功能 AddROI : 成功]
  2023-05-02 14:33:52   时间 [2023/05/02 14:33:52]
讯息 [储存 成功]
  2023-05-02 14:34:13   时间 [2023/05/02 14:34:13]
讯息 [控制器连线失败, 开启 模拟系统]
  2023-05-02 14:34:13   时间 [2023/05/02 14:34:13]
讯息 [储存 成功]
  2023-05-02 14:34:13   时间 [2023/05/02 14:34:13]
讯息 [储存 成功]
  2023-05-02 14:34:13   时间 [2023/05/02 14:34:13]
讯息 [储存 成功]
  2023-05-02 14:34:13   时间 [2023/05/02 14:34:13]
讯息 [储存 成功]
  2023-05-02 14:34:13   时间 [2023/05/02 14:34:13]
讯息 [储存 成功]
  2023-05-02 14:34:13   时间 [2023/05/02 14:34:13]
讯息 [储存 成功]
  2023-05-02 14:36:29   时间 [2023/05/02 14:36:29]
讯息 [
功能 Open_File_To_Get_Image : 成功]
  2023-05-02 14:38:21   时间 [2023/05/02 14:38:21]
讯息 [储存 成功]
  2023-05-02 14:38:42   时间 [2023/05/02 14:38:42]
讯息 [控制器连线失败, 开启 模拟系统]
  2023-05-02 14:38:42   时间 [2023/05/02 14:38:42]
讯息 [储存 成功]
  2023-05-02 14:38:42   时间 [2023/05/02 14:38:42]
讯息 [储存 成功]
  2023-05-02 14:38:42   时间 [2023/05/02 14:38:42]
讯息 [储存 成功]
  2023-05-02 14:38:42   时间 [2023/05/02 14:38:42]
讯息 [储存 成功]
  2023-05-02 14:38:43   时间 [2023/05/02 14:38:43]
讯息 [储存 成功]
  2023-05-02 14:38:43   时间 [2023/05/02 14:38:43]
讯息 [储存 成功]
  2023-05-02 14:39:45   时间 [2023/05/02 14:39:45]
讯息 [
功能 Open_File_To_Get_Image : 成功]
  2023-05-02 14:44:14   时间 [2023/05/02 14:44:14]
讯息 [储存 成功]
  2023-05-02 14:44:35   时间 [2023/05/02 14:44:35]
讯息 [控制器连线失败, 开启 模拟系统]
  2023-05-02 14:44:35   时间 [2023/05/02 14:44:35]
讯息 [储存 成功]
  2023-05-02 14:44:35   时间 [2023/05/02 14:44:35]
讯息 [储存 成功]
  2023-05-02 14:44:35   时间 [2023/05/02 14:44:35]
讯息 [储存 成功]
  2023-05-02 14:44:35   时间 [2023/05/02 14:44:35]
讯息 [储存 成功]
  2023-05-02 14:44:36   时间 [2023/05/02 14:44:36]
讯息 [储存 成功]
  2023-05-02 14:44:36   时间 [2023/05/02 14:44:36]
讯息 [储存 成功]
  2023-05-02 14:45:22   时间 [2023/05/02 14:45:22]
讯息 [
功能 Open_File_To_Get_Image : 成功]
  2023-05-02 14:49:38   时间 [2023/05/02 14:49:38]
讯息 [储存 成功]
  2023-05-02 14:49:59   时间 [2023/05/02 14:49:59]
讯息 [控制器连线失败, 开启 模拟系统]
  2023-05-02 14:49:59   时间 [2023/05/02 14:49:59]
讯息 [储存 成功]
  2023-05-02 14:49:59   时间 [2023/05/02 14:49:59]
讯息 [储存 成功]
  2023-05-02 14:49:59   时间 [2023/05/02 14:49:59]
讯息 [储存 成功]
  2023-05-02 14:49:59   时间 [2023/05/02 14:49:59]
讯息 [储存 成功]
  2023-05-02 14:50:00   时间 [2023/05/02 14:50:00]
讯息 [储存 成功]
  2023-05-02 14:50:00   时间 [2023/05/02 14:50:00]
讯息 [储存 成功]
  2023-05-02 14:50:52   时间 [2023/05/02 14:50:52]
讯息 [
功能 Open_File_To_Get_Image : 成功]
  2023-05-02 14:51:21   时间 [2023/05/02 14:51:21]
讯息 [
功能 AddROI : 成功]
  2023-05-02 14:53:46   时间 [2023/05/02 14:53:46]
讯息 [储存 成功]
  2023-05-02 14:54:07   时间 [2023/05/02 14:54:07]
讯息 [控制器连线失败, 开启 模拟系统]
  2023-05-02 14:54:07   时间 [2023/05/02 14:54:07]
讯息 [储存 成功]
  2023-05-02 14:54:07   时间 [2023/05/02 14:54:07]
讯息 [储存 成功]
  2023-05-02 14:54:07   时间 [2023/05/02 14:54:07]
讯息 [储存 成功]
  2023-05-02 14:54:07   时间 [2023/05/02 14:54:07]
讯息 [储存 成功]
  2023-05-02 14:54:08   时间 [2023/05/02 14:54:08]
讯息 [储存 成功]
  2023-05-02 14:54:08   时间 [2023/05/02 14:54:08]
讯息 [储存 成功]
  2023-05-02 14:54:53   时间 [2023/05/02 14:54:53]
讯息 [
功能 Open_File_To_Get_Image : 成功]
  2023-05-02 14:55:02   时间 [2023/05/02 14:55:02]
讯息 [
功能 AddROI : 成功]
  2023-05-02 14:55:09   时间 [2023/05/02 14:55:09]
讯息 [Error: HWindow Mouse Down
Index out of range]
  2023-05-02 14:55:09   时间 [2023/05/02 14:55:09]
讯息 [Error: HWindow Mouse Down
Index out of range]
  2023-05-02 14:55:09   时间 [2023/05/02 14:55:09]
讯息 [
功能 AddROI : 成功]
  2023-05-02 14:55:16   时间 [2023/05/02 14:55:16]
讯息 [
功能 AddROI : 成功]
  2023-05-02 15:06:33   时间 [2023/05/02 15:06:33]
讯息 [储存 成功]
  2023-05-02 15:06:54   时间 [2023/05/02 15:06:54]
讯息 [控制器连线失败, 开启 模拟系统]
  2023-05-02 15:06:54   时间 [2023/05/02 15:06:54]
讯息 [储存 成功]
  2023-05-02 15:06:54   时间 [2023/05/02 15:06:54]
讯息 [储存 成功]
  2023-05-02 15:06:54   时间 [2023/05/02 15:06:54]
讯息 [储存 成功]
  2023-05-02 15:06:54   时间 [2023/05/02 15:06:54]
讯息 [储存 成功]
  2023-05-02 15:06:54   时间 [2023/05/02 15:06:54]
讯息 [储存 成功]
  2023-05-02 15:06:54   时间 [2023/05/02 15:06:54]
讯息 [储存 成功]
  2023-05-02 15:07:22   时间 [2023/05/02 15:07:22]
讯息 [
功能 Open_File_To_Get_Image : 成功]
  2023-05-02 15:14:48   时间 [2023/05/02 15:14:48]
讯息 [储存 成功]
  2023-05-02 15:15:09   时间 [2023/05/02 15:15:09]
讯息 [控制器连线失败, 开启 模拟系统]
  2023-05-02 15:15:09   时间 [2023/05/02 15:15:09]
讯息 [储存 成功]
  2023-05-02 15:15:09   时间 [2023/05/02 15:15:09]
讯息 [储存 成功]
  2023-05-02 15:15:09   时间 [2023/05/02 15:15:09]
讯息 [储存 成功]
  2023-05-02 15:15:09   时间 [2023/05/02 15:15:09]
讯息 [储存 成功]
  2023-05-02 15:15:09   时间 [2023/05/02 15:15:09]
讯息 [储存 成功]
  2023-05-02 15:15:09   时间 [2023/05/02 15:15:09]
讯息 [储存 成功]
  2023-05-02 15:16:15   时间 [2023/05/02 15:16:15]
讯息 [
功能 Open_File_To_Get_Image : 成功]
  2023-05-02 15:17:22   时间 [2023/05/02 15:17:22]
讯息 [储存 成功]
  2023-05-02 15:17:43   时间 [2023/05/02 15:17:43]
讯息 [控制器连线失败, 开启 模拟系统]
  2023-05-02 15:17:43   时间 [2023/05/02 15:17:43]
讯息 [储存 成功]
  2023-05-02 15:17:43   时间 [2023/05/02 15:17:43]
讯息 [储存 成功]
  2023-05-02 15:17:43   时间 [2023/05/02 15:17:43]
讯息 [储存 成功]
  2023-05-02 15:17:43   时间 [2023/05/02 15:17:43]
讯息 [储存 成功]
  2023-05-02 15:17:44   时间 [2023/05/02 15:17:44]
讯息 [储存 成功]
  2023-05-02 15:17:44   时间 [2023/05/02 15:17:44]
讯息 [储存 成功]
  2023-05-02 15:18:14   时间 [2023/05/02 15:18:14]
讯息 [
功能 Open_File_To_Get_Image : 成功]
  2023-05-02 15:21:01   时间 [2023/05/02 15:21:01]
讯息 [储存 成功]
  2023-05-02 15:21:22   时间 [2023/05/02 15:21:22]
讯息 [控制器连线失败, 开启 模拟系统]
  2023-05-02 15:21:22   时间 [2023/05/02 15:21:22]
讯息 [储存 成功]
  2023-05-02 15:21:22   时间 [2023/05/02 15:21:22]
讯息 [储存 成功]
  2023-05-02 15:21:22   时间 [2023/05/02 15:21:22]
讯息 [储存 成功]
  2023-05-02 15:21:22   时间 [2023/05/02 15:21:22]
讯息 [储存 成功]
  2023-05-02 15:21:23   时间 [2023/05/02 15:21:23]
讯息 [储存 成功]
  2023-05-02 15:21:23   时间 [2023/05/02 15:21:23]
讯息 [储存 成功]
  2023-05-02 15:21:44   时间 [2023/05/02 15:21:44]
讯息 [
功能 Open_File_To_Get_Image : 成功]
  2023-05-02 15:23:37   时间 [2023/05/02 15:23:36]
讯息 [储存 成功]
  2023-05-02 15:23:57   时间 [2023/05/02 15:23:57]
讯息 [控制器连线失败, 开启 模拟系统]
  2023-05-02 15:23:58   时间 [2023/05/02 15:23:58]
讯息 [储存 成功]
  2023-05-02 15:23:58   时间 [2023/05/02 15:23:58]
讯息 [储存 成功]
  2023-05-02 15:23:58   时间 [2023/05/02 15:23:58]
讯息 [储存 成功]
  2023-05-02 15:23:58   时间 [2023/05/02 15:23:58]
讯息 [储存 成功]
  2023-05-02 15:23:58   时间 [2023/05/02 15:23:58]
讯息 [储存 成功]
  2023-05-02 15:23:58   时间 [2023/05/02 15:23:58]
讯息 [储存 成功]
  2023-05-02 15:24:20   时间 [2023/05/02 15:24:20]
讯息 [
功能 Open_File_To_Get_Image : 成功]
  2023-05-02 15:33:44   时间 [2023/05/02 15:33:44]
讯息 [储存 成功]
  2023-05-02 15:34:05   时间 [2023/05/02 15:34:05]
讯息 [控制器连线失败, 开启 模拟系统]
  2023-05-02 15:34:05   时间 [2023/05/02 15:34:05]
讯息 [储存 成功]
  2023-05-02 15:34:05   时间 [2023/05/02 15:34:05]
讯息 [储存 成功]
  2023-05-02 15:34:05   时间 [2023/05/02 15:34:05]
讯息 [储存 成功]
  2023-05-02 15:34:05   时间 [2023/05/02 15:34:05]
讯息 [储存 成功]
  2023-05-02 15:34:06   时间 [2023/05/02 15:34:06]
讯息 [储存 成功]
  2023-05-02 15:34:06   时间 [2023/05/02 15:34:06]
讯息 [储存 成功]
  2023-05-02 15:34:30   时间 [2023/05/02 15:34:30]
讯息 [
功能 Open_File_To_Get_Image : 成功]
  2023-05-02 15:34:32   时间 [2023/05/02 15:34:32]
讯息 [
功能 AddROI : 成功]
  2023-05-02 15:37:31   时间 [2023/05/02 15:37:30]
讯息 [储存 成功]
  2023-05-02 15:37:51   时间 [2023/05/02 15:37:51]
讯息 [控制器连线失败, 开启 模拟系统]
  2023-05-02 15:37:52   时间 [2023/05/02 15:37:52]
讯息 [储存 成功]
  2023-05-02 15:37:52   时间 [2023/05/02 15:37:52]
讯息 [储存 成功]
  2023-05-02 15:37:52   时间 [2023/05/02 15:37:52]
讯息 [储存 成功]
  2023-05-02 15:37:52   时间 [2023/05/02 15:37:52]
讯息 [储存 成功]
  2023-05-02 15:37:52   时间 [2023/05/02 15:37:52]
讯息 [储存 成功]
  2023-05-02 15:37:52   时间 [2023/05/02 15:37:52]
讯息 [储存 成功]
  2023-05-02 15:38:15   时间 [2023/05/02 15:38:15]
讯息 [
功能 Open_File_To_Get_Image : 成功]
  2023-05-02 15:38:17   时间 [2023/05/02 15:38:17]
讯息 [
功能 AddROI : 成功]
  2023-05-02 15:38:32   时间 [2023/05/02 15:38:32]
讯息 [HALCON error #5235: Wrong graphic format in operator read_image]
  2023-05-02 15:40:59   时间 [2023/05/02 15:40:59]
讯息 [储存 成功]
  2023-05-02 15:42:07   时间 [2023/05/02 15:42:07]
讯息 [储存 成功]
  2023-05-02 15:42:28   时间 [2023/05/02 15:42:28]
讯息 [控制器连线失败, 开启 模拟系统]
  2023-05-02 15:42:28   时间 [2023/05/02 15:42:28]
讯息 [储存 成功]
  2023-05-02 15:42:28   时间 [2023/05/02 15:42:28]
讯息 [储存 成功]
  2023-05-02 15:42:28   时间 [2023/05/02 15:42:28]
讯息 [储存 成功]
  2023-05-02 15:42:28   时间 [2023/05/02 15:42:28]
讯息 [储存 成功]
  2023-05-02 15:42:28   时间 [2023/05/02 15:42:28]
讯息 [储存 成功]
  2023-05-02 15:42:28   时间 [2023/05/02 15:42:28]
讯息 [储存 成功]
  2023-05-02 15:45:05   时间 [2023/05/02 15:45:05]
讯息 [
功能 Open_File_To_Get_Image : 成功]
  2023-05-02 15:50:56   时间 [2023/05/02 15:50:56]
讯息 [
功能 Open_File_To_Get_Image : 成功]
  2023-05-02 15:56:46   时间 [2023/05/02 15:56:46]
讯息 [储存 成功]
  2023-05-02 15:57:07   时间 [2023/05/02 15:57:07]
讯息 [控制器连线失败, 开启 模拟系统]
  2023-05-02 15:57:07   时间 [2023/05/02 15:57:07]
讯息 [储存 成功]
  2023-05-02 15:57:07   时间 [2023/05/02 15:57:07]
讯息 [储存 成功]
  2023-05-02 15:57:07   时间 [2023/05/02 15:57:07]
讯息 [储存 成功]
  2023-05-02 15:57:07   时间 [2023/05/02 15:57:07]
讯息 [储存 成功]
  2023-05-02 15:57:08   时间 [2023/05/02 15:57:08]
讯息 [储存 成功]
  2023-05-02 15:57:08   时间 [2023/05/02 15:57:08]
讯息 [储存 成功]
  2023-05-02 16:19:27   时间 [2023/05/02 16:19:27]
讯息 [
功能 Open_File_To_Get_Image : 成功]
  2023-05-02 16:20:15   时间 [2023/05/02 16:20:15]
讯息 [
功能 Open_File_To_Get_Image : 成功]
