  2023-04-13 08:28:12   时间 [2023/04/13 08:28:12]
讯息 [储存 成功]
  2023-04-13 08:28:12   时间 [2023/04/13 08:28:12]
讯息 [控制器连线失败, 开启 模拟系统]
  2023-04-13 08:28:12   时间 [2023/04/13 08:28:12]
讯息 [储存 成功]
  2023-04-13 08:28:12   时间 [2023/04/13 08:28:12]
讯息 [储存 成功]
  2023-04-13 08:28:12   时间 [2023/04/13 08:28:12]
讯息 [储存 成功]
  2023-04-13 08:28:12   时间 [2023/04/13 08:28:12]
讯息 [储存 成功]
  2023-04-13 08:28:12   时间 [2023/04/13 08:28:12]
讯息 [储存 成功]
  2023-04-13 08:28:12   时间 [2023/04/13 08:28:12]
讯息 [储存 成功]
  2023-04-13 08:28:56   
开始时间 [2023/04/13 08:28:56]
名称 []
讯息 []
状态 [成功]
错误码 [0]
错误Remark []
耗时 [0.007 秒]
结束时间 [2023/04/13 08:28:56]

  2023-04-13 08:28:56   
开始时间 [2023/04/13 08:28:56]
名称 [开始复位]
讯息 [FSM_Table_Home_Station]
状态 [成功]
错误码 [0]
错误Remark []
耗时 [0.025 秒]
结束时间 [2023/04/13 08:28:56]

  2023-04-13 08:28:57   
开始时间 [2023/04/13 08:28:56]
名称 [开始复位]
讯息 [FSM_Up_Home_Station]
状态 [成功]
错误码 [0]
错误Remark []
耗时 [0.502 秒]
结束时间 [2023/04/13 08:28:57]

  2023-04-13 08:28:57   
开始时间 [2023/04/13 08:28:56]
名称 [开始复位]
讯息 [FSM_Bottom_Home_Station]
状态 [成功]
错误码 [0]
错误Remark []
耗时 [0.504 秒]
结束时间 [2023/04/13 08:28:57]

  2023-04-13 08:28:57   
开始时间 [2023/04/13 08:28:56]
名称 [平台复位]
讯息 [FSM_Table_Home_Station]
状态 [成功]
错误码 [0]
错误Remark []
耗时 [1.057 秒]
结束时间 [2023/04/13 08:28:57]

  2023-04-13 08:28:57   
开始时间 [2023/04/13 08:28:57]
名称 [平台复位完成]
讯息 [FSM_Table_Home_Station]
状态 [成功]
错误码 [0]
错误Remark []
耗时 [0.012 秒]
结束时间 [2023/04/13 08:28:57]

  2023-04-13 08:28:57   
开始时间 [2023/04/13 08:28:57]
名称 [复位结束]
讯息 [FSM_Table_Home_Station]
状态 [成功]
错误码 [0]
错误Remark []
耗时 [0.000 秒]
结束时间 [2023/04/13 08:28:57]

  2023-04-13 08:28:59   
开始时间 [2023/04/13 08:28:57]
名称 [Z轴复位]
讯息 [FSM_Up_Home_Station]
状态 [成功]
错误码 [0]
错误Remark []
耗时 [1.535 秒]
结束时间 [2023/04/13 08:28:59]

  2023-04-13 08:28:59   
开始时间 [2023/04/13 08:28:57]
名称 [Z轴复位]
讯息 [FSM_Bottom_Home_Station]
状态 [成功]
错误码 [0]
错误Remark []
耗时 [1.537 秒]
结束时间 [2023/04/13 08:28:59]

  2023-04-13 08:29:00   
开始时间 [2023/04/13 08:28:59]
名称 [Z轴复位结束]
讯息 [FSM_Up_Home_Station]
状态 [成功]
错误码 [0]
错误Remark []
耗时 [0.513 秒]
结束时间 [2023/04/13 08:29:00]

  2023-04-13 08:29:00   
开始时间 [2023/04/13 08:28:59]
名称 [Z轴复位结束]
讯息 [FSM_Bottom_Home_Station]
状态 [成功]
错误码 [0]
错误Remark []
耗时 [0.513 秒]
结束时间 [2023/04/13 08:29:00]

  2023-04-13 08:29:00   
开始时间 [2023/04/13 08:29:00]
名称 [等待Z轴 平台复位结束]
讯息 [FSM_Up_Home_Station]
状态 [成功]
错误码 [0]
错误Remark []
耗时 [0.502 秒]
结束时间 [2023/04/13 08:29:00]

  2023-04-13 08:29:00   
开始时间 [2023/04/13 08:29:00]
名称 [等待Z轴 平台复位结束]
讯息 [FSM_Bottom_Home_Station]
状态 [成功]
错误码 [0]
错误Remark []
耗时 [0.501 秒]
结束时间 [2023/04/13 08:29:00]

  2023-04-13 08:29:02   
开始时间 [2023/04/13 08:29:01]
名称 [T轴复位]
讯息 [FSM_Up_Home_Station]
状态 [成功]
错误码 [0]
错误Remark []
耗时 [1.029 秒]
结束时间 [2023/04/13 08:29:02]

  2023-04-13 08:29:02   
开始时间 [2023/04/13 08:29:01]
名称 [T轴复位]
讯息 [FSM_Bottom_Home_Station]
状态 [成功]
错误码 [0]
错误Remark []
耗时 [1.035 秒]
结束时间 [2023/04/13 08:29:02]

  2023-04-13 08:29:04   
开始时间 [2023/04/13 08:29:02]
名称 [T轴复位]
讯息 [FSM_Up_Home_Station]
状态 [成功]
错误码 [0]
错误Remark []
耗时 [1.546 秒]
结束时间 [2023/04/13 08:29:04]

  2023-04-13 08:29:04   
开始时间 [2023/04/13 08:29:02]
名称 [T轴复位]
讯息 [FSM_Bottom_Home_Station]
状态 [成功]
错误码 [0]
错误Remark []
耗时 [1.544 秒]
结束时间 [2023/04/13 08:29:04]

  2023-04-13 08:29:04   
开始时间 [2023/04/13 08:29:04]
名称 [T轴复位]
讯息 [FSM_Up_Home_Station]
状态 [成功]
错误码 [0]
错误Remark []
耗时 [0.500 秒]
结束时间 [2023/04/13 08:29:04]

  2023-04-13 08:29:04   
开始时间 [2023/04/13 08:29:04]
名称 [T轴复位]
讯息 [FSM_Bottom_Home_Station]
状态 [成功]
错误码 [0]
错误Remark []
耗时 [0.500 秒]
结束时间 [2023/04/13 08:29:04]

  2023-04-13 08:29:05   时间 [2023/04/13 08:29:05]
讯息 [FSM 运行结束, 结果 成功]
  2023-04-13 08:40:10   时间 [2023/04/13 08:40:10]
讯息 [储存 成功]
  2023-04-13 08:40:10   时间 [2023/04/13 08:40:10]
讯息 [控制器连线失败, 开启 模拟系统]
  2023-04-13 08:40:10   时间 [2023/04/13 08:40:10]
讯息 [储存 成功]
  2023-04-13 08:40:10   时间 [2023/04/13 08:40:10]
讯息 [储存 成功]
  2023-04-13 08:40:10   时间 [2023/04/13 08:40:10]
讯息 [储存 成功]
  2023-04-13 08:40:10   时间 [2023/04/13 08:40:10]
讯息 [储存 成功]
  2023-04-13 08:40:10   时间 [2023/04/13 08:40:10]
讯息 [储存 成功]
  2023-04-13 08:40:10   时间 [2023/04/13 08:40:10]
讯息 [储存 成功]
  2023-04-13 08:40:34   时间 [2023/04/13 08:40:34]
讯息 []
  2023-04-13 08:45:15   时间 [2023/04/13 08:45:15]
讯息 [储存 成功]
  2023-04-13 08:45:15   时间 [2023/04/13 08:45:15]
讯息 [控制器连线失败, 开启 模拟系统]
  2023-04-13 08:45:15   时间 [2023/04/13 08:45:15]
讯息 [储存 成功]
  2023-04-13 08:45:15   时间 [2023/04/13 08:45:15]
讯息 [储存 成功]
  2023-04-13 08:45:15   时间 [2023/04/13 08:45:15]
讯息 [储存 成功]
  2023-04-13 08:45:15   时间 [2023/04/13 08:45:15]
讯息 [储存 成功]
  2023-04-13 08:45:15   时间 [2023/04/13 08:45:15]
讯息 [储存 成功]
  2023-04-13 08:45:15   时间 [2023/04/13 08:45:15]
讯息 [储存 成功]
  2023-04-13 08:46:59   时间 [2023/04/13 08:46:59]
讯息 [控制器连线失败, 开启 模拟系统]
  2023-04-13 08:46:59   时间 [2023/04/13 08:46:59]
讯息 [储存 成功]
  2023-04-13 08:46:59   时间 [2023/04/13 08:46:59]
讯息 [储存 成功]
  2023-04-13 08:46:59   时间 [2023/04/13 08:46:59]
讯息 [储存 成功]
  2023-04-13 08:46:59   时间 [2023/04/13 08:46:59]
讯息 [储存 成功]
  2023-04-13 08:46:59   时间 [2023/04/13 08:46:59]
讯息 [储存 成功]
  2023-04-13 08:46:59   时间 [2023/04/13 08:46:59]
讯息 [储存 成功]
  2023-04-13 08:46:59   时间 [2023/04/13 08:46:59]
讯息 [储存 成功]
  2023-04-13 08:48:04   时间 [2023/04/13 08:48:04]
讯息 []
  2023-04-13 08:59:08   时间 [2023/04/13 08:59:08]
讯息 [储存 成功]
  2023-04-13 08:59:08   时间 [2023/04/13 08:59:08]
讯息 [控制器连线失败, 开启 模拟系统]
  2023-04-13 08:59:08   时间 [2023/04/13 08:59:08]
讯息 [储存 成功]
  2023-04-13 08:59:08   时间 [2023/04/13 08:59:08]
讯息 [储存 成功]
  2023-04-13 08:59:08   时间 [2023/04/13 08:59:08]
讯息 [储存 成功]
  2023-04-13 08:59:08   时间 [2023/04/13 08:59:08]
讯息 [储存 成功]
  2023-04-13 08:59:08   时间 [2023/04/13 08:59:08]
讯息 [储存 成功]
  2023-04-13 08:59:08   时间 [2023/04/13 08:59:08]
讯息 [储存 成功]
  2023-04-13 09:00:00   时间 [2023/04/13 09:00:00]
讯息 []
  2023-04-13 09:00:36   时间 [2023/04/13 09:00:36]
讯息 []
  2023-04-13 09:20:49   时间 [2023/04/13 09:20:49]
讯息 [储存 成功]
  2023-04-13 09:20:49   时间 [2023/04/13 09:20:49]
讯息 [控制器连线失败, 开启 模拟系统]
  2023-04-13 09:20:49   时间 [2023/04/13 09:20:49]
讯息 [储存 成功]
  2023-04-13 09:20:49   时间 [2023/04/13 09:20:49]
讯息 [储存 成功]
  2023-04-13 09:20:49   时间 [2023/04/13 09:20:49]
讯息 [储存 成功]
  2023-04-13 09:20:49   时间 [2023/04/13 09:20:49]
讯息 [储存 成功]
  2023-04-13 09:20:49   时间 [2023/04/13 09:20:49]
讯息 [储存 成功]
  2023-04-13 09:20:49   时间 [2023/04/13 09:20:49]
讯息 [储存 成功]
  2023-04-13 09:22:23   时间 [2023/04/13 09:22:23]
讯息 [No Relevant Object | 无相关使用物件
无 相机 物件]
  2023-04-13 09:22:59   时间 [2023/04/13 09:22:59]
讯息 [储存 成功]
  2023-04-13 09:27:43   时间 [2023/04/13 09:27:43]
讯息 [储存 成功]
  2023-04-13 09:28:04   时间 [2023/04/13 09:28:04]
讯息 [控制器连线失败, 开启 模拟系统]
  2023-04-13 09:28:04   时间 [2023/04/13 09:28:04]
讯息 [储存 成功]
  2023-04-13 09:28:04   时间 [2023/04/13 09:28:04]
讯息 [储存 成功]
  2023-04-13 09:28:04   时间 [2023/04/13 09:28:04]
讯息 [储存 成功]
  2023-04-13 09:28:04   时间 [2023/04/13 09:28:04]
讯息 [储存 成功]
  2023-04-13 09:28:05   时间 [2023/04/13 09:28:05]
讯息 [储存 成功]
  2023-04-13 09:28:05   时间 [2023/04/13 09:28:05]
讯息 [储存 成功]
  2023-04-13 09:28:26   时间 [2023/04/13 09:28:26]
讯息 []
  2023-04-13 14:39:52   时间 [2023/04/13 14:39:52]
讯息 [储存 成功]
  2023-04-13 14:40:13   时间 [2023/04/13 14:40:13]
讯息 [控制器连线失败, 开启 模拟系统]
  2023-04-13 14:40:13   时间 [2023/04/13 14:40:13]
讯息 [储存 成功]
  2023-04-13 14:40:13   时间 [2023/04/13 14:40:13]
讯息 [储存 成功]
  2023-04-13 14:40:13   时间 [2023/04/13 14:40:13]
讯息 [储存 成功]
  2023-04-13 14:40:13   时间 [2023/04/13 14:40:13]
讯息 [储存 成功]
  2023-04-13 14:40:13   时间 [2023/04/13 14:40:13]
讯息 [储存 成功]
  2023-04-13 14:40:13   时间 [2023/04/13 14:40:13]
讯息 [储存 成功]
  2023-04-13 14:40:13   时间 [2023/04/13 14:40:13]
讯息 [储存成功]
  2023-04-13 14:40:13   时间 [2023/04/13 14:40:13]
讯息 [储存成功]
  2023-04-13 14:40:13   时间 [2023/04/13 14:40:13]
讯息 [储存成功]
  2023-04-13 14:43:38   时间 [2023/04/13 14:43:38]
讯息 [储存 成功]
  2023-04-13 14:43:59   时间 [2023/04/13 14:43:59]
讯息 [控制器连线失败, 开启 模拟系统]
  2023-04-13 14:43:59   时间 [2023/04/13 14:43:59]
讯息 [储存 成功]
  2023-04-13 14:43:59   时间 [2023/04/13 14:43:59]
讯息 [储存 成功]
  2023-04-13 14:43:59   时间 [2023/04/13 14:43:59]
讯息 [储存 成功]
  2023-04-13 14:43:59   时间 [2023/04/13 14:43:59]
讯息 [储存 成功]
  2023-04-13 14:43:59   时间 [2023/04/13 14:43:59]
讯息 [储存 成功]
  2023-04-13 14:43:59   时间 [2023/04/13 14:43:59]
讯息 [储存 成功]
  2023-04-13 14:49:30   时间 [2023/04/13 14:49:30]
讯息 [储存 成功]
  2023-04-13 14:49:51   时间 [2023/04/13 14:49:51]
讯息 [控制器连线失败, 开启 模拟系统]
  2023-04-13 14:49:51   时间 [2023/04/13 14:49:51]
讯息 [储存 成功]
  2023-04-13 14:49:51   时间 [2023/04/13 14:49:51]
讯息 [储存 成功]
  2023-04-13 14:49:51   时间 [2023/04/13 14:49:51]
讯息 [储存 成功]
  2023-04-13 14:49:51   时间 [2023/04/13 14:49:51]
讯息 [储存 成功]
  2023-04-13 14:49:52   时间 [2023/04/13 14:49:52]
讯息 [储存 成功]
  2023-04-13 14:49:52   时间 [2023/04/13 14:49:52]
讯息 [储存 成功]
  2023-04-13 14:53:31   时间 [2023/04/13 14:53:30]
讯息 [储存 成功]
  2023-04-13 14:53:51   时间 [2023/04/13 14:53:51]
讯息 [控制器连线失败, 开启 模拟系统]
  2023-04-13 14:53:52   时间 [2023/04/13 14:53:52]
讯息 [储存 成功]
  2023-04-13 14:53:52   时间 [2023/04/13 14:53:52]
讯息 [储存 成功]
  2023-04-13 14:53:52   时间 [2023/04/13 14:53:52]
讯息 [储存 成功]
  2023-04-13 14:53:52   时间 [2023/04/13 14:53:52]
讯息 [储存 成功]
  2023-04-13 14:53:52   时间 [2023/04/13 14:53:52]
讯息 [储存 成功]
  2023-04-13 14:53:52   时间 [2023/04/13 14:53:52]
讯息 [储存 成功]
  2023-04-13 14:56:58   时间 [2023/04/13 14:56:58]
讯息 [储存 成功]
  2023-04-13 14:57:19   时间 [2023/04/13 14:57:19]
讯息 [控制器连线失败, 开启 模拟系统]
  2023-04-13 14:57:19   时间 [2023/04/13 14:57:19]
讯息 [储存 成功]
  2023-04-13 14:57:19   时间 [2023/04/13 14:57:19]
讯息 [储存 成功]
  2023-04-13 14:57:19   时间 [2023/04/13 14:57:19]
讯息 [储存 成功]
  2023-04-13 14:57:19   时间 [2023/04/13 14:57:19]
讯息 [储存 成功]
  2023-04-13 14:57:19   时间 [2023/04/13 14:57:19]
讯息 [储存 成功]
  2023-04-13 14:57:19   时间 [2023/04/13 14:57:19]
讯息 [储存 成功]
  2023-04-13 14:59:19   时间 [2023/04/13 14:59:19]
讯息 [储存 成功]
  2023-04-13 14:59:40   时间 [2023/04/13 14:59:40]
讯息 [控制器连线失败, 开启 模拟系统]
  2023-04-13 14:59:40   时间 [2023/04/13 14:59:40]
讯息 [储存 成功]
  2023-04-13 14:59:40   时间 [2023/04/13 14:59:40]
讯息 [储存 成功]
  2023-04-13 14:59:40   时间 [2023/04/13 14:59:40]
讯息 [储存 成功]
  2023-04-13 14:59:40   时间 [2023/04/13 14:59:40]
讯息 [储存 成功]
  2023-04-13 14:59:40   时间 [2023/04/13 14:59:40]
讯息 [储存 成功]
  2023-04-13 14:59:40   时间 [2023/04/13 14:59:40]
讯息 [储存 成功]
  2023-04-13 15:39:10   时间 [2023/04/13 15:39:10]
讯息 [储存 成功]
  2023-04-13 15:39:31   时间 [2023/04/13 15:39:31]
讯息 [控制器连线失败, 开启 模拟系统]
  2023-04-13 15:39:31   时间 [2023/04/13 15:39:31]
讯息 [储存 成功]
  2023-04-13 15:39:31   时间 [2023/04/13 15:39:31]
讯息 [储存 成功]
  2023-04-13 15:39:31   时间 [2023/04/13 15:39:31]
讯息 [储存 成功]
  2023-04-13 15:39:31   时间 [2023/04/13 15:39:31]
讯息 [储存 成功]
  2023-04-13 15:39:31   时间 [2023/04/13 15:39:31]
讯息 [储存 成功]
  2023-04-13 15:39:31   时间 [2023/04/13 15:39:31]
讯息 [储存 成功]
  2023-04-13 15:42:39   时间 [2023/04/13 15:42:39]
讯息 [储存 成功]
  2023-04-13 15:43:00   时间 [2023/04/13 15:43:00]
讯息 [控制器连线失败, 开启 模拟系统]
  2023-04-13 15:43:00   时间 [2023/04/13 15:43:00]
讯息 [储存 成功]
  2023-04-13 15:43:00   时间 [2023/04/13 15:43:00]
讯息 [储存 成功]
  2023-04-13 15:43:00   时间 [2023/04/13 15:43:00]
讯息 [储存 成功]
  2023-04-13 15:43:00   时间 [2023/04/13 15:43:00]
讯息 [储存 成功]
  2023-04-13 15:43:00   时间 [2023/04/13 15:43:00]
讯息 [储存 成功]
  2023-04-13 15:43:00   时间 [2023/04/13 15:43:00]
讯息 [储存 成功]
  2023-04-13 15:46:12   时间 [2023/04/13 15:46:12]
讯息 [储存 成功]
  2023-04-13 15:46:33   时间 [2023/04/13 15:46:33]
讯息 [控制器连线失败, 开启 模拟系统]
  2023-04-13 15:46:33   时间 [2023/04/13 15:46:33]
讯息 [储存 成功]
  2023-04-13 15:46:33   时间 [2023/04/13 15:46:33]
讯息 [储存 成功]
  2023-04-13 15:46:33   时间 [2023/04/13 15:46:33]
讯息 [储存 成功]
  2023-04-13 15:46:33   时间 [2023/04/13 15:46:33]
讯息 [储存 成功]
  2023-04-13 15:46:33   时间 [2023/04/13 15:46:33]
讯息 [储存 成功]
  2023-04-13 15:46:33   时间 [2023/04/13 15:46:33]
讯息 [储存 成功]
  2023-04-13 15:47:34   时间 [2023/04/13 15:47:34]
讯息 [储存 成功]
  2023-04-13 15:47:55   时间 [2023/04/13 15:47:55]
讯息 [控制器连线失败, 开启 模拟系统]
  2023-04-13 15:47:55   时间 [2023/04/13 15:47:55]
讯息 [储存 成功]
  2023-04-13 15:47:55   时间 [2023/04/13 15:47:55]
讯息 [储存 成功]
  2023-04-13 15:47:55   时间 [2023/04/13 15:47:55]
讯息 [储存 成功]
  2023-04-13 15:47:55   时间 [2023/04/13 15:47:55]
讯息 [储存 成功]
  2023-04-13 15:47:55   时间 [2023/04/13 15:47:55]
讯息 [储存 成功]
  2023-04-13 15:47:55   时间 [2023/04/13 15:47:55]
讯息 [储存 成功]
  2023-04-13 15:51:31   时间 [2023/04/13 15:51:31]
讯息 [储存 成功]
  2023-04-13 15:51:52   时间 [2023/04/13 15:51:52]
讯息 [控制器连线失败, 开启 模拟系统]
  2023-04-13 15:51:52   时间 [2023/04/13 15:51:52]
讯息 [储存 成功]
  2023-04-13 15:51:52   时间 [2023/04/13 15:51:52]
讯息 [储存 成功]
  2023-04-13 15:51:52   时间 [2023/04/13 15:51:52]
讯息 [储存 成功]
  2023-04-13 15:51:52   时间 [2023/04/13 15:51:52]
讯息 [储存 成功]
  2023-04-13 15:51:52   时间 [2023/04/13 15:51:52]
讯息 [储存 成功]
  2023-04-13 15:51:52   时间 [2023/04/13 15:51:52]
讯息 [储存 成功]
  2023-04-13 15:54:47   时间 [2023/04/13 15:54:47]
讯息 [储存 成功]
  2023-04-13 15:55:08   时间 [2023/04/13 15:55:08]
讯息 [控制器连线失败, 开启 模拟系统]
  2023-04-13 15:55:08   时间 [2023/04/13 15:55:08]
讯息 [储存 成功]
  2023-04-13 15:55:08   时间 [2023/04/13 15:55:08]
讯息 [储存 成功]
  2023-04-13 15:55:08   时间 [2023/04/13 15:55:08]
讯息 [储存 成功]
  2023-04-13 15:55:08   时间 [2023/04/13 15:55:08]
讯息 [储存 成功]
  2023-04-13 15:55:08   时间 [2023/04/13 15:55:08]
讯息 [储存 成功]
  2023-04-13 15:55:08   时间 [2023/04/13 15:55:08]
讯息 [储存 成功]
  2023-04-13 15:58:25   时间 [2023/04/13 15:58:25]
讯息 [储存 成功]
  2023-04-13 15:58:46   时间 [2023/04/13 15:58:46]
讯息 [控制器连线失败, 开启 模拟系统]
  2023-04-13 15:58:46   时间 [2023/04/13 15:58:46]
讯息 [储存 成功]
  2023-04-13 15:58:46   时间 [2023/04/13 15:58:46]
讯息 [储存 成功]
  2023-04-13 15:58:46   时间 [2023/04/13 15:58:46]
讯息 [储存 成功]
  2023-04-13 15:58:46   时间 [2023/04/13 15:58:46]
讯息 [储存 成功]
  2023-04-13 15:58:46   时间 [2023/04/13 15:58:46]
讯息 [储存 成功]
  2023-04-13 15:58:46   时间 [2023/04/13 15:58:46]
讯息 [储存 成功]
  2023-04-13 16:02:01   时间 [2023/04/13 16:02:01]
讯息 [储存 成功]
  2023-04-13 16:02:22   时间 [2023/04/13 16:02:22]
讯息 [控制器连线失败, 开启 模拟系统]
  2023-04-13 16:02:22   时间 [2023/04/13 16:02:22]
讯息 [储存 成功]
  2023-04-13 16:02:22   时间 [2023/04/13 16:02:22]
讯息 [储存 成功]
  2023-04-13 16:02:22   时间 [2023/04/13 16:02:22]
讯息 [储存 成功]
  2023-04-13 16:02:22   时间 [2023/04/13 16:02:22]
讯息 [储存 成功]
  2023-04-13 16:02:22   时间 [2023/04/13 16:02:22]
讯息 [储存 成功]
  2023-04-13 16:02:22   时间 [2023/04/13 16:02:22]
讯息 [储存 成功]
  2023-04-13 16:04:54   时间 [2023/04/13 16:04:54]
讯息 [储存 成功]
  2023-04-13 16:05:15   时间 [2023/04/13 16:05:15]
讯息 [控制器连线失败, 开启 模拟系统]
  2023-04-13 16:05:15   时间 [2023/04/13 16:05:15]
讯息 [储存 成功]
  2023-04-13 16:05:15   时间 [2023/04/13 16:05:15]
讯息 [储存 成功]
  2023-04-13 16:05:15   时间 [2023/04/13 16:05:15]
讯息 [储存 成功]
  2023-04-13 16:05:15   时间 [2023/04/13 16:05:15]
讯息 [储存 成功]
  2023-04-13 16:05:15   时间 [2023/04/13 16:05:15]
讯息 [储存 成功]
  2023-04-13 16:05:15   时间 [2023/04/13 16:05:15]
讯息 [储存 成功]
  2023-04-13 16:05:56   时间 [2023/04/13 16:05:56]
讯息 [顺序安排错误]
  2023-04-13 16:06:00   时间 [2023/04/13 16:06:00]
讯息 [顺序安排错误]
  2023-04-13 16:06:04   时间 [2023/04/13 16:06:04]
讯息 [顺序安排错误]
  2023-04-13 16:06:06   时间 [2023/04/13 16:06:06]
讯息 [顺序安排错误]
  2023-04-13 16:06:07   时间 [2023/04/13 16:06:07]
讯息 [顺序安排错误]
  2023-04-13 16:06:08   时间 [2023/04/13 16:06:08]
讯息 [顺序安排错误]
  2023-04-13 16:06:25   时间 [2023/04/13 16:06:25]
讯息 [顺序安排错误]
  2023-04-13 16:06:27   时间 [2023/04/13 16:06:27]
讯息 [顺序安排错误]
  2023-04-13 16:06:28   时间 [2023/04/13 16:06:28]
讯息 [顺序安排错误]
  2023-04-13 16:06:29   时间 [2023/04/13 16:06:29]
讯息 [顺序安排错误]
  2023-04-13 16:06:30   时间 [2023/04/13 16:06:30]
讯息 [顺序安排错误]
  2023-04-13 16:07:15   时间 [2023/04/13 16:07:15]
讯息 [储存 成功]
  2023-04-13 16:07:36   时间 [2023/04/13 16:07:36]
讯息 [控制器连线失败, 开启 模拟系统]
  2023-04-13 16:07:36   时间 [2023/04/13 16:07:36]
讯息 [储存 成功]
  2023-04-13 16:07:36   时间 [2023/04/13 16:07:36]
讯息 [储存 成功]
  2023-04-13 16:07:36   时间 [2023/04/13 16:07:36]
讯息 [储存 成功]
  2023-04-13 16:07:36   时间 [2023/04/13 16:07:36]
讯息 [储存 成功]
  2023-04-13 16:07:36   时间 [2023/04/13 16:07:36]
讯息 [储存 成功]
  2023-04-13 16:07:36   时间 [2023/04/13 16:07:36]
讯息 [储存 成功]
  2023-04-13 16:08:30   时间 [2023/04/13 16:08:30]
讯息 [储存 成功]
  2023-04-13 16:08:51   时间 [2023/04/13 16:08:51]
讯息 [控制器连线失败, 开启 模拟系统]
  2023-04-13 16:08:51   时间 [2023/04/13 16:08:51]
讯息 [储存 成功]
  2023-04-13 16:08:51   时间 [2023/04/13 16:08:51]
讯息 [储存 成功]
  2023-04-13 16:08:51   时间 [2023/04/13 16:08:51]
讯息 [储存 成功]
  2023-04-13 16:08:51   时间 [2023/04/13 16:08:51]
讯息 [储存 成功]
  2023-04-13 16:08:51   时间 [2023/04/13 16:08:51]
讯息 [储存 成功]
  2023-04-13 16:08:51   时间 [2023/04/13 16:08:51]
讯息 [储存 成功]
  2023-04-13 16:32:37   时间 [2023/04/13 16:32:37]
讯息 [储存 成功]
  2023-04-13 16:32:58   时间 [2023/04/13 16:32:58]
讯息 [控制器连线失败, 开启 模拟系统]
  2023-04-13 16:32:58   时间 [2023/04/13 16:32:58]
讯息 [储存 成功]
  2023-04-13 16:32:58   时间 [2023/04/13 16:32:58]
讯息 [储存 成功]
  2023-04-13 16:32:58   时间 [2023/04/13 16:32:58]
讯息 [储存 成功]
  2023-04-13 16:32:58   时间 [2023/04/13 16:32:58]
讯息 [储存 成功]
  2023-04-13 16:32:58   时间 [2023/04/13 16:32:58]
讯息 [储存 成功]
  2023-04-13 16:32:58   时间 [2023/04/13 16:32:58]
讯息 [储存 成功]
  2023-04-13 16:53:06   时间 [2023/04/13 16:53:06]
讯息 [储存 成功]
  2023-04-13 16:53:27   时间 [2023/04/13 16:53:27]
讯息 [控制器连线失败, 开启 模拟系统]
  2023-04-13 16:53:27   时间 [2023/04/13 16:53:27]
讯息 [储存 成功]
  2023-04-13 16:53:27   时间 [2023/04/13 16:53:27]
讯息 [储存 成功]
  2023-04-13 16:53:27   时间 [2023/04/13 16:53:27]
讯息 [储存 成功]
  2023-04-13 16:53:27   时间 [2023/04/13 16:53:27]
讯息 [储存 成功]
  2023-04-13 16:53:27   时间 [2023/04/13 16:53:27]
讯息 [储存 成功]
  2023-04-13 16:53:27   时间 [2023/04/13 16:53:27]
讯息 [储存 成功]
  2023-04-13 16:56:41   时间 [2023/04/13 16:56:41]
讯息 [储存 成功]
  2023-04-13 16:57:02   时间 [2023/04/13 16:57:02]
讯息 [控制器连线失败, 开启 模拟系统]
  2023-04-13 16:57:02   时间 [2023/04/13 16:57:02]
讯息 [储存 成功]
  2023-04-13 16:57:02   时间 [2023/04/13 16:57:02]
讯息 [储存 成功]
  2023-04-13 16:57:02   时间 [2023/04/13 16:57:02]
讯息 [储存 成功]
  2023-04-13 16:57:02   时间 [2023/04/13 16:57:02]
讯息 [储存 成功]
  2023-04-13 16:57:02   时间 [2023/04/13 16:57:02]
讯息 [储存 成功]
  2023-04-13 16:57:02   时间 [2023/04/13 16:57:02]
讯息 [储存 成功]
  2023-04-13 17:01:39   时间 [2023/04/13 17:01:39]
讯息 [储存 成功]
  2023-04-13 17:02:00   时间 [2023/04/13 17:02:00]
讯息 [控制器连线失败, 开启 模拟系统]
  2023-04-13 17:02:00   时间 [2023/04/13 17:02:00]
讯息 [储存 成功]
  2023-04-13 17:02:00   时间 [2023/04/13 17:02:00]
讯息 [储存 成功]
  2023-04-13 17:02:00   时间 [2023/04/13 17:02:00]
讯息 [储存 成功]
  2023-04-13 17:02:00   时间 [2023/04/13 17:02:00]
讯息 [储存 成功]
  2023-04-13 17:02:00   时间 [2023/04/13 17:02:00]
讯息 [储存 成功]
  2023-04-13 17:02:00   时间 [2023/04/13 17:02:00]
讯息 [储存 成功]
  2023-04-13 17:04:09   时间 [2023/04/13 17:04:09]
讯息 [储存 成功]
  2023-04-13 17:04:30   时间 [2023/04/13 17:04:30]
讯息 [控制器连线失败, 开启 模拟系统]
  2023-04-13 17:04:30   时间 [2023/04/13 17:04:30]
讯息 [储存 成功]
  2023-04-13 17:04:30   时间 [2023/04/13 17:04:30]
讯息 [储存 成功]
  2023-04-13 17:04:30   时间 [2023/04/13 17:04:30]
讯息 [储存 成功]
  2023-04-13 17:04:30   时间 [2023/04/13 17:04:30]
讯息 [储存 成功]
  2023-04-13 17:04:30   时间 [2023/04/13 17:04:30]
讯息 [储存 成功]
  2023-04-13 17:04:30   时间 [2023/04/13 17:04:30]
讯息 [储存 成功]
  2023-04-13 17:05:07   时间 [2023/04/13 17:05:07]
讯息 [储存 成功]
  2023-04-13 17:05:28   时间 [2023/04/13 17:05:28]
讯息 [控制器连线失败, 开启 模拟系统]
  2023-04-13 17:05:28   时间 [2023/04/13 17:05:28]
讯息 [储存 成功]
  2023-04-13 17:05:28   时间 [2023/04/13 17:05:28]
讯息 [储存 成功]
  2023-04-13 17:05:28   时间 [2023/04/13 17:05:28]
讯息 [储存 成功]
  2023-04-13 17:05:28   时间 [2023/04/13 17:05:28]
讯息 [储存 成功]
  2023-04-13 17:05:28   时间 [2023/04/13 17:05:28]
讯息 [储存 成功]
  2023-04-13 17:05:28   时间 [2023/04/13 17:05:28]
讯息 [储存 成功]
  2023-04-13 17:07:38   时间 [2023/04/13 17:07:38]
讯息 [储存 成功]
  2023-04-13 17:07:59   时间 [2023/04/13 17:07:59]
讯息 [控制器连线失败, 开启 模拟系统]
  2023-04-13 17:07:59   时间 [2023/04/13 17:07:59]
讯息 [储存 成功]
  2023-04-13 17:07:59   时间 [2023/04/13 17:07:59]
讯息 [储存 成功]
  2023-04-13 17:07:59   时间 [2023/04/13 17:07:59]
讯息 [储存 成功]
  2023-04-13 17:07:59   时间 [2023/04/13 17:07:59]
讯息 [储存 成功]
  2023-04-13 17:07:59   时间 [2023/04/13 17:07:59]
讯息 [储存 成功]
  2023-04-13 17:07:59   时间 [2023/04/13 17:07:59]
讯息 [储存 成功]
  2023-04-13 17:09:01   时间 [2023/04/13 17:09:01]
讯息 [储存 成功]
  2023-04-13 17:09:22   时间 [2023/04/13 17:09:22]
讯息 [控制器连线失败, 开启 模拟系统]
  2023-04-13 17:09:22   时间 [2023/04/13 17:09:22]
讯息 [储存 成功]
  2023-04-13 17:09:22   时间 [2023/04/13 17:09:22]
讯息 [储存 成功]
  2023-04-13 17:09:22   时间 [2023/04/13 17:09:22]
讯息 [储存 成功]
  2023-04-13 17:09:22   时间 [2023/04/13 17:09:22]
讯息 [储存 成功]
  2023-04-13 17:09:22   时间 [2023/04/13 17:09:22]
讯息 [储存 成功]
  2023-04-13 17:09:22   时间 [2023/04/13 17:09:22]
讯息 [储存 成功]
  2023-04-13 17:12:59   时间 [2023/04/13 17:12:59]
讯息 [储存 成功]
  2023-04-13 17:13:20   时间 [2023/04/13 17:13:20]
讯息 [控制器连线失败, 开启 模拟系统]
  2023-04-13 17:13:20   时间 [2023/04/13 17:13:20]
讯息 [储存 成功]
  2023-04-13 17:13:20   时间 [2023/04/13 17:13:20]
讯息 [储存 成功]
  2023-04-13 17:13:20   时间 [2023/04/13 17:13:20]
讯息 [储存 成功]
  2023-04-13 17:13:20   时间 [2023/04/13 17:13:20]
讯息 [储存 成功]
  2023-04-13 17:13:20   时间 [2023/04/13 17:13:20]
讯息 [储存 成功]
  2023-04-13 17:13:20   时间 [2023/04/13 17:13:20]
讯息 [储存 成功]
  2023-04-13 17:18:29   时间 [2023/04/13 17:18:29]
讯息 [储存 成功]
  2023-04-13 17:18:50   时间 [2023/04/13 17:18:50]
讯息 [控制器连线失败, 开启 模拟系统]
  2023-04-13 17:18:50   时间 [2023/04/13 17:18:50]
讯息 [储存 成功]
  2023-04-13 17:18:50   时间 [2023/04/13 17:18:50]
讯息 [储存 成功]
  2023-04-13 17:18:50   时间 [2023/04/13 17:18:50]
讯息 [储存 成功]
  2023-04-13 17:18:50   时间 [2023/04/13 17:18:50]
讯息 [储存 成功]
  2023-04-13 17:18:50   时间 [2023/04/13 17:18:50]
讯息 [储存 成功]
  2023-04-13 17:18:50   时间 [2023/04/13 17:18:50]
讯息 [储存 成功]
  2023-04-13 17:19:44   时间 [2023/04/13 17:19:44]
讯息 []
  2023-04-13 17:22:26   时间 [2023/04/13 17:22:26]
讯息 [储存 成功]
  2023-04-13 17:22:47   时间 [2023/04/13 17:22:47]
讯息 [控制器连线失败, 开启 模拟系统]
  2023-04-13 17:22:47   时间 [2023/04/13 17:22:47]
讯息 [储存 成功]
  2023-04-13 17:22:47   时间 [2023/04/13 17:22:47]
讯息 [储存 成功]
  2023-04-13 17:22:47   时间 [2023/04/13 17:22:47]
讯息 [储存 成功]
  2023-04-13 17:22:47   时间 [2023/04/13 17:22:47]
讯息 [储存 成功]
  2023-04-13 17:22:47   时间 [2023/04/13 17:22:47]
讯息 [储存 成功]
  2023-04-13 17:22:47   时间 [2023/04/13 17:22:47]
讯息 [储存 成功]
  2023-04-13 17:23:08   时间 [2023/04/13 17:23:08]
讯息 [顺序安排错误]
  2023-04-13 17:36:24   时间 [2023/04/13 17:36:24]
讯息 [储存 成功]
  2023-04-13 17:36:45   时间 [2023/04/13 17:36:45]
讯息 [控制器连线失败, 开启 模拟系统]
  2023-04-13 17:36:45   时间 [2023/04/13 17:36:45]
讯息 [储存 成功]
  2023-04-13 17:36:45   时间 [2023/04/13 17:36:45]
讯息 [储存 成功]
  2023-04-13 17:36:45   时间 [2023/04/13 17:36:45]
讯息 [储存 成功]
  2023-04-13 17:36:45   时间 [2023/04/13 17:36:45]
讯息 [储存 成功]
  2023-04-13 17:36:45   时间 [2023/04/13 17:36:45]
讯息 [储存 成功]
  2023-04-13 17:36:45   时间 [2023/04/13 17:36:45]
讯息 [储存 成功]
  2023-04-13 17:37:05   时间 [2023/04/13 17:37:05]
讯息 []
  2023-04-13 17:37:11   时间 [2023/04/13 17:37:11]
讯息 []
  2023-04-13 17:40:37   时间 [2023/04/13 17:40:37]
讯息 []
  2023-04-13 17:44:16   时间 [2023/04/13 17:44:15]
讯息 [储存 成功]
  2023-04-13 17:44:37   时间 [2023/04/13 17:44:37]
讯息 [控制器连线失败, 开启 模拟系统]
  2023-04-13 17:44:37   时间 [2023/04/13 17:44:37]
讯息 [储存 成功]
  2023-04-13 17:44:37   时间 [2023/04/13 17:44:37]
讯息 [储存 成功]
  2023-04-13 17:44:37   时间 [2023/04/13 17:44:37]
讯息 [储存 成功]
  2023-04-13 17:44:37   时间 [2023/04/13 17:44:37]
讯息 [储存 成功]
  2023-04-13 17:44:37   时间 [2023/04/13 17:44:37]
讯息 [储存 成功]
  2023-04-13 17:44:37   时间 [2023/04/13 17:44:37]
讯息 [储存 成功]
  2023-04-13 17:45:17   时间 [2023/04/13 17:45:17]
讯息 []
  2023-04-13 17:45:21   时间 [2023/04/13 17:45:21]
讯息 []
  2023-04-13 17:45:36   时间 [2023/04/13 17:45:36]
讯息 [Undefined Code=0
]
  2023-04-13 17:45:47   时间 [2023/04/13 17:45:47]
讯息 [Undefined Code=0
]
  2023-04-13 17:46:02   时间 [2023/04/13 17:46:02]
讯息 [Undefined Code=0
]
  2023-04-13 17:46:09   时间 [2023/04/13 17:46:09]
讯息 [Undefined Code=0
]
  2023-04-13 17:46:17   时间 [2023/04/13 17:46:17]
讯息 [Undefined Code=0
]
  2023-04-13 17:46:22   时间 [2023/04/13 17:46:22]
讯息 [Undefined Code=0
]
  2023-04-13 17:50:05   时间 [2023/04/13 17:50:05]
讯息 [Undefined Code=0
]
  2023-04-13 17:51:01   时间 [2023/04/13 17:51:01]
讯息 [Undefined Code=0
]
  2023-04-13 17:55:20   时间 [2023/04/13 17:55:20]
讯息 [储存 成功]
  2023-04-13 17:55:41   时间 [2023/04/13 17:55:41]
讯息 [控制器连线失败, 开启 模拟系统]
  2023-04-13 17:55:41   时间 [2023/04/13 17:55:41]
讯息 [储存 成功]
  2023-04-13 17:55:41   时间 [2023/04/13 17:55:41]
讯息 [储存 成功]
  2023-04-13 17:55:41   时间 [2023/04/13 17:55:41]
讯息 [储存 成功]
  2023-04-13 17:55:41   时间 [2023/04/13 17:55:41]
讯息 [储存 成功]
  2023-04-13 17:55:41   时间 [2023/04/13 17:55:41]
讯息 [储存 成功]
  2023-04-13 17:55:41   时间 [2023/04/13 17:55:41]
讯息 [储存 成功]
  2023-04-13 17:55:56   时间 [2023/04/13 17:55:56]
讯息 []
  2023-04-13 17:55:59   时间 [2023/04/13 17:55:59]
讯息 []
  2023-04-13 17:56:20   时间 [2023/04/13 17:56:20]
讯息 []
  2023-04-13 17:56:30   时间 [2023/04/13 17:56:30]
讯息 []
  2023-04-13 17:58:10   时间 [2023/04/13 17:58:10]
讯息 [储存 成功]
  2023-04-13 17:58:31   时间 [2023/04/13 17:58:31]
讯息 [控制器连线失败, 开启 模拟系统]
  2023-04-13 17:58:31   时间 [2023/04/13 17:58:31]
讯息 [储存 成功]
  2023-04-13 17:58:31   时间 [2023/04/13 17:58:31]
讯息 [储存 成功]
  2023-04-13 17:58:31   时间 [2023/04/13 17:58:31]
讯息 [储存 成功]
  2023-04-13 17:58:31   时间 [2023/04/13 17:58:31]
讯息 [储存 成功]
  2023-04-13 17:58:31   时间 [2023/04/13 17:58:31]
讯息 [储存 成功]
  2023-04-13 17:58:31   时间 [2023/04/13 17:58:31]
讯息 [储存 成功]
  2023-04-13 18:00:20   时间 [2023/04/13 18:00:20]
讯息 []
  2023-04-13 18:00:22   时间 [2023/04/13 18:00:22]
讯息 []
  2023-04-13 18:00:37   时间 [2023/04/13 18:00:37]
讯息 []
  2023-04-13 18:00:45   时间 [2023/04/13 18:00:45]
讯息 []
  2023-04-13 18:00:48   时间 [2023/04/13 18:00:48]
讯息 []
  2023-04-13 18:00:49   时间 [2023/04/13 18:00:49]
讯息 []
  2023-04-13 18:00:49   时间 [2023/04/13 18:00:49]
讯息 []
  2023-04-13 18:00:50   时间 [2023/04/13 18:00:50]
讯息 []
  2023-04-13 18:00:50   时间 [2023/04/13 18:00:50]
讯息 []
  2023-04-13 18:03:41   时间 [2023/04/13 18:03:41]
讯息 [储存 成功]
  2023-04-13 18:04:02   时间 [2023/04/13 18:04:02]
讯息 [控制器连线失败, 开启 模拟系统]
  2023-04-13 18:04:02   时间 [2023/04/13 18:04:02]
讯息 [储存 成功]
  2023-04-13 18:04:02   时间 [2023/04/13 18:04:02]
讯息 [储存 成功]
  2023-04-13 18:04:02   时间 [2023/04/13 18:04:02]
讯息 [储存 成功]
  2023-04-13 18:04:02   时间 [2023/04/13 18:04:02]
讯息 [储存 成功]
  2023-04-13 18:04:02   时间 [2023/04/13 18:04:02]
讯息 [储存 成功]
  2023-04-13 18:04:02   时间 [2023/04/13 18:04:02]
讯息 [储存 成功]
  2023-04-13 18:04:22   时间 [2023/04/13 18:04:22]
讯息 []
  2023-04-13 18:04:25   时间 [2023/04/13 18:04:25]
讯息 []
  2023-04-13 18:04:39   时间 [2023/04/13 18:04:39]
讯息 []
  2023-04-13 18:06:18   时间 [2023/04/13 18:06:18]
讯息 []
  2023-04-13 18:06:32   时间 [2023/04/13 18:06:32]
讯息 []
  2023-04-13 18:06:52   时间 [2023/04/13 18:06:52]
讯息 []
  2023-04-13 18:07:11   时间 [2023/04/13 18:07:11]
讯息 []
  2023-04-13 18:08:08   时间 [2023/04/13 18:08:08]
讯息 []
  2023-04-13 18:08:29   时间 [2023/04/13 18:08:29]
讯息 [储存 成功]
  2023-04-13 18:08:50   时间 [2023/04/13 18:08:50]
讯息 [控制器连线失败, 开启 模拟系统]
  2023-04-13 18:08:50   时间 [2023/04/13 18:08:50]
讯息 [储存 成功]
  2023-04-13 18:08:50   时间 [2023/04/13 18:08:50]
讯息 [储存 成功]
  2023-04-13 18:08:50   时间 [2023/04/13 18:08:50]
讯息 [储存 成功]
  2023-04-13 18:08:50   时间 [2023/04/13 18:08:50]
讯息 [储存 成功]
  2023-04-13 18:08:50   时间 [2023/04/13 18:08:50]
讯息 [储存 成功]
  2023-04-13 18:08:50   时间 [2023/04/13 18:08:50]
讯息 [储存 成功]
  2023-04-13 18:08:59   时间 [2023/04/13 18:08:59]
讯息 []
  2023-04-13 18:09:01   时间 [2023/04/13 18:09:01]
讯息 []
  2023-04-13 18:09:12   时间 [2023/04/13 18:09:12]
讯息 []
  2023-04-13 18:09:30   时间 [2023/04/13 18:09:30]
讯息 []
  2023-04-13 18:11:53   时间 [2023/04/13 18:11:53]
讯息 [储存 成功]
  2023-04-13 18:12:14   时间 [2023/04/13 18:12:14]
讯息 [控制器连线失败, 开启 模拟系统]
  2023-04-13 18:12:14   时间 [2023/04/13 18:12:14]
讯息 [储存 成功]
  2023-04-13 18:12:14   时间 [2023/04/13 18:12:14]
讯息 [储存 成功]
  2023-04-13 18:12:14   时间 [2023/04/13 18:12:14]
讯息 [储存 成功]
  2023-04-13 18:12:14   时间 [2023/04/13 18:12:14]
讯息 [储存 成功]
  2023-04-13 18:12:14   时间 [2023/04/13 18:12:14]
讯息 [储存 成功]
  2023-04-13 18:12:14   时间 [2023/04/13 18:12:14]
讯息 [储存 成功]
  2023-04-13 18:12:24   时间 [2023/04/13 18:12:24]
讯息 []
  2023-04-13 18:12:25   时间 [2023/04/13 18:12:25]
讯息 []
  2023-04-13 18:12:41   时间 [2023/04/13 18:12:41]
讯息 []
  2023-04-13 18:14:12   时间 [2023/04/13 18:14:12]
讯息 [储存 成功]
  2023-04-13 18:14:33   时间 [2023/04/13 18:14:33]
讯息 [控制器连线失败, 开启 模拟系统]
  2023-04-13 18:14:33   时间 [2023/04/13 18:14:33]
讯息 [储存 成功]
  2023-04-13 18:14:33   时间 [2023/04/13 18:14:33]
讯息 [储存 成功]
  2023-04-13 18:14:33   时间 [2023/04/13 18:14:33]
讯息 [储存 成功]
  2023-04-13 18:14:33   时间 [2023/04/13 18:14:33]
讯息 [储存 成功]
  2023-04-13 18:14:33   时间 [2023/04/13 18:14:33]
讯息 [储存 成功]
  2023-04-13 18:14:33   时间 [2023/04/13 18:14:33]
讯息 [储存 成功]
  2023-04-13 18:14:43   时间 [2023/04/13 18:14:43]
讯息 []
  2023-04-13 18:14:44   时间 [2023/04/13 18:14:44]
讯息 []
  2023-04-13 18:15:02   时间 [2023/04/13 18:15:02]
讯息 []
  2023-04-13 18:17:51   时间 [2023/04/13 18:17:51]
讯息 []
  2023-04-13 18:18:26   时间 [2023/04/13 18:18:26]
讯息 []
  2023-04-13 18:22:04   时间 [2023/04/13 18:22:04]
讯息 [储存 成功]
  2023-04-13 18:22:25   时间 [2023/04/13 18:22:25]
讯息 [控制器连线失败, 开启 模拟系统]
  2023-04-13 18:22:25   时间 [2023/04/13 18:22:25]
讯息 [储存 成功]
  2023-04-13 18:22:25   时间 [2023/04/13 18:22:25]
讯息 [储存 成功]
  2023-04-13 18:22:25   时间 [2023/04/13 18:22:25]
讯息 [储存 成功]
  2023-04-13 18:22:25   时间 [2023/04/13 18:22:25]
讯息 [储存 成功]
  2023-04-13 18:22:25   时间 [2023/04/13 18:22:25]
讯息 [储存 成功]
  2023-04-13 18:22:25   时间 [2023/04/13 18:22:25]
讯息 [储存 成功]
  2023-04-13 18:25:25   时间 [2023/04/13 18:25:25]
讯息 []
  2023-04-13 18:25:25   时间 [2023/04/13 18:25:25]
讯息 []
  2023-04-13 18:25:25   时间 [2023/04/13 18:25:25]
讯息 []
  2023-04-13 18:25:26   时间 [2023/04/13 18:25:26]
讯息 []
  2023-04-13 18:25:31   时间 [2023/04/13 18:25:31]
讯息 []
  2023-04-13 18:25:33   时间 [2023/04/13 18:25:33]
讯息 []
  2023-04-13 18:25:34   时间 [2023/04/13 18:25:34]
讯息 []
  2023-04-13 18:25:34   时间 [2023/04/13 18:25:34]
讯息 []
  2023-04-13 18:26:13   时间 [2023/04/13 18:26:13]
讯息 []
  2023-04-13 18:26:17   时间 [2023/04/13 18:26:17]
讯息 []
  2023-04-13 18:26:18   时间 [2023/04/13 18:26:18]
讯息 []
  2023-04-13 18:26:19   时间 [2023/04/13 18:26:19]
讯息 []
  2023-04-13 18:26:20   时间 [2023/04/13 18:26:20]
讯息 []
  2023-04-13 18:27:02   时间 [2023/04/13 18:27:02]
讯息 []
  2023-04-13 18:27:24   时间 [2023/04/13 18:27:24]
讯息 [顺序安排错误]
  2023-04-13 18:28:00   时间 [2023/04/13 18:28:00]
讯息 []
  2023-04-13 18:28:40   时间 [2023/04/13 18:28:40]
讯息 []
  2023-04-13 18:30:01   时间 [2023/04/13 18:30:01]
讯息 []
  2023-04-13 18:33:51   时间 [2023/04/13 18:33:51]
讯息 [储存 成功]
  2023-04-13 18:34:12   时间 [2023/04/13 18:34:12]
讯息 [控制器连线失败, 开启 模拟系统]
  2023-04-13 18:34:12   时间 [2023/04/13 18:34:12]
讯息 [储存 成功]
  2023-04-13 18:34:12   时间 [2023/04/13 18:34:12]
讯息 [储存 成功]
  2023-04-13 18:34:12   时间 [2023/04/13 18:34:12]
讯息 [储存 成功]
  2023-04-13 18:34:12   时间 [2023/04/13 18:34:12]
讯息 [储存 成功]
  2023-04-13 18:34:12   时间 [2023/04/13 18:34:12]
讯息 [储存 成功]
  2023-04-13 18:34:12   时间 [2023/04/13 18:34:12]
讯息 [储存 成功]
  2023-04-13 18:35:02   时间 [2023/04/13 18:35:02]
讯息 [储存 成功]
  2023-04-13 18:36:16   时间 [2023/04/13 18:36:15]
讯息 [储存 成功]
  2023-04-13 18:36:37   时间 [2023/04/13 18:36:37]
讯息 [控制器连线失败, 开启 模拟系统]
  2023-04-13 18:36:37   时间 [2023/04/13 18:36:37]
讯息 [储存 成功]
  2023-04-13 18:36:37   时间 [2023/04/13 18:36:37]
讯息 [储存 成功]
  2023-04-13 18:36:37   时间 [2023/04/13 18:36:37]
讯息 [储存 成功]
  2023-04-13 18:36:37   时间 [2023/04/13 18:36:37]
讯息 [储存 成功]
  2023-04-13 18:36:37   时间 [2023/04/13 18:36:37]
讯息 [储存 成功]
  2023-04-13 18:36:37   时间 [2023/04/13 18:36:37]
讯息 [储存 成功]
  2023-04-13 18:37:21   时间 [2023/04/13 18:37:21]
讯息 []
  2023-04-13 18:37:22   时间 [2023/04/13 18:37:22]
讯息 []
  2023-04-13 18:37:22   时间 [2023/04/13 18:37:22]
讯息 []
  2023-04-13 18:37:24   时间 [2023/04/13 18:37:24]
讯息 []
  2023-04-13 18:37:24   时间 [2023/04/13 18:37:24]
讯息 []
  2023-04-13 18:37:24   时间 [2023/04/13 18:37:24]
讯息 []
  2023-04-13 18:37:24   时间 [2023/04/13 18:37:24]
讯息 []
  2023-04-13 18:37:26   时间 [2023/04/13 18:37:26]
讯息 []
  2023-04-13 18:39:34   时间 [2023/04/13 18:39:34]
讯息 []
  2023-04-13 18:40:02   时间 [2023/04/13 18:40:02]
讯息 []
  2023-04-13 18:41:13   时间 [2023/04/13 18:41:13]
讯息 []
  2023-04-13 18:41:44   时间 [2023/04/13 18:41:44]
讯息 []
  2023-04-13 18:41:53   时间 [2023/04/13 18:41:53]
讯息 []
  2023-04-13 18:41:59   时间 [2023/04/13 18:41:59]
讯息 []
  2023-04-13 18:42:24   时间 [2023/04/13 18:42:24]
讯息 [线程间操作无效: 从不是创建控件“Form_Safe_Protection_Motion”的线程访问它。]
  2023-04-13 18:43:15   时间 [2023/04/13 18:43:15]
讯息 []
  2023-04-13 18:43:36   时间 [2023/04/13 18:43:36]
讯息 []
  2023-04-13 18:44:11   时间 [2023/04/13 18:44:11]
讯息 []
  2023-04-13 18:48:06   时间 [2023/04/13 18:48:06]
讯息 []
  2023-04-13 18:48:16   时间 [2023/04/13 18:48:16]
讯息 []
  2023-04-13 18:48:57   时间 [2023/04/13 18:48:57]
讯息 []
  2023-04-13 18:49:13   时间 [2023/04/13 18:49:13]
讯息 []
  2023-04-13 18:50:57   时间 [2023/04/13 18:50:57]
讯息 [机器状态不允许此时按钮运行]
  2023-04-13 18:52:17   时间 [2023/04/13 18:52:17]
讯息 [储存 成功]
  2023-04-13 18:52:38   时间 [2023/04/13 18:52:38]
讯息 [控制器连线失败, 开启 模拟系统]
  2023-04-13 18:52:38   时间 [2023/04/13 18:52:38]
讯息 [储存 成功]
  2023-04-13 18:52:38   时间 [2023/04/13 18:52:38]
讯息 [储存 成功]
  2023-04-13 18:52:38   时间 [2023/04/13 18:52:38]
讯息 [储存 成功]
  2023-04-13 18:52:38   时间 [2023/04/13 18:52:38]
讯息 [储存 成功]
  2023-04-13 18:52:39   时间 [2023/04/13 18:52:39]
讯息 [储存 成功]
  2023-04-13 18:52:39   时间 [2023/04/13 18:52:39]
讯息 [储存 成功]
  2023-04-13 18:53:22   时间 [2023/04/13 18:53:22]
讯息 []
  2023-04-13 18:53:24   时间 [2023/04/13 18:53:24]
讯息 []
  2023-04-13 18:53:25   时间 [2023/04/13 18:53:25]
讯息 []
  2023-04-13 18:53:51   时间 [2023/04/13 18:53:51]
讯息 []
  2023-04-13 18:54:20   时间 [2023/04/13 18:54:20]
讯息 []
