  2023-04-29 17:22:43   时间 [2023/04/29 17:22:43]
讯息 [储存 成功]
  2023-04-29 17:23:04   时间 [2023/04/29 17:23:04]
讯息 [控制器连线失败, 开启 模拟系统]
  2023-04-29 17:23:04   时间 [2023/04/29 17:23:04]
讯息 [储存 成功]
  2023-04-29 17:23:04   时间 [2023/04/29 17:23:04]
讯息 [储存 成功]
  2023-04-29 17:23:04   时间 [2023/04/29 17:23:04]
讯息 [储存 成功]
  2023-04-29 17:23:04   时间 [2023/04/29 17:23:04]
讯息 [储存 成功]
  2023-04-29 17:23:05   时间 [2023/04/29 17:23:05]
讯息 [储存 成功]
  2023-04-29 17:23:05   时间 [2023/04/29 17:23:05]
讯息 [储存 成功]
  2023-04-29 17:24:25   时间 [2023/04/29 17:24:25]
讯息 [
功能 Open_File_To_Get_Image : 成功]
  2023-04-29 17:24:29   时间 [2023/04/29 17:24:29]
讯息 [
功能 AddROI : 成功]
  2023-04-29 17:49:36   时间 [2023/04/29 17:49:36]
讯息 [
功能 Fit_Image : 成功]
  2023-04-29 17:49:38   时间 [2023/04/29 17:49:38]
讯息 [
功能 AddROI : 成功]
