  2023-05-03 10:50:42   时间 [2023/05/03 10:50:42]
讯息 [储存 成功]
  2023-05-03 10:51:03   时间 [2023/05/03 10:51:03]
讯息 [控制器连线失败, 开启 模拟系统]
  2023-05-03 10:51:03   时间 [2023/05/03 10:51:03]
讯息 [储存 成功]
  2023-05-03 10:51:03   时间 [2023/05/03 10:51:03]
讯息 [储存 成功]
  2023-05-03 10:51:03   时间 [2023/05/03 10:51:03]
讯息 [储存 成功]
  2023-05-03 10:51:03   时间 [2023/05/03 10:51:03]
讯息 [储存 成功]
  2023-05-03 10:51:04   时间 [2023/05/03 10:51:04]
讯息 [储存 成功]
  2023-05-03 10:51:04   时间 [2023/05/03 10:51:04]
讯息 [储存 成功]
  2023-05-03 10:51:27   时间 [2023/05/03 10:51:27]
讯息 [
功能 Open_File_To_Get_Image : 成功]
  2023-05-03 10:51:28   时间 [2023/05/03 10:51:28]
讯息 [
功能 AddROI : 成功]
  2023-05-03 11:38:02   时间 [2023/05/03 11:38:02]
讯息 [储存 成功]
  2023-05-03 11:38:23   时间 [2023/05/03 11:38:23]
讯息 [控制器连线失败, 开启 模拟系统]
  2023-05-03 11:38:23   时间 [2023/05/03 11:38:23]
讯息 [储存 成功]
  2023-05-03 11:38:23   时间 [2023/05/03 11:38:23]
讯息 [储存 成功]
  2023-05-03 11:38:23   时间 [2023/05/03 11:38:23]
讯息 [储存 成功]
  2023-05-03 11:38:23   时间 [2023/05/03 11:38:23]
讯息 [储存 成功]
  2023-05-03 11:38:24   时间 [2023/05/03 11:38:24]
讯息 [储存 成功]
  2023-05-03 11:38:24   时间 [2023/05/03 11:38:24]
讯息 [储存 成功]
  2023-05-03 11:40:08   时间 [2023/05/03 11:40:08]
讯息 [
功能 AddROI : 成功]
  2023-05-03 11:40:17   时间 [2023/05/03 11:40:17]
讯息 [
功能 Open_File_To_Get_Image : 成功]
  2023-05-03 11:40:32   时间 [2023/05/03 11:40:32]
讯息 [
功能 Open_File_To_Get_Image : 成功]
  2023-05-03 11:40:55   时间 [2023/05/03 11:40:55]
讯息 [储存 成功]
  2023-05-03 11:41:16   时间 [2023/05/03 11:41:16]
讯息 [控制器连线失败, 开启 模拟系统]
  2023-05-03 11:41:16   时间 [2023/05/03 11:41:16]
讯息 [储存 成功]
  2023-05-03 11:41:16   时间 [2023/05/03 11:41:16]
讯息 [储存 成功]
  2023-05-03 11:41:16   时间 [2023/05/03 11:41:16]
讯息 [储存 成功]
  2023-05-03 11:41:16   时间 [2023/05/03 11:41:16]
讯息 [储存 成功]
  2023-05-03 11:41:17   时间 [2023/05/03 11:41:17]
讯息 [储存 成功]
  2023-05-03 11:41:17   时间 [2023/05/03 11:41:17]
讯息 [储存 成功]
  2023-05-03 11:41:33   时间 [2023/05/03 11:41:33]
讯息 [
功能 Open_File_To_Get_Image : 成功]
  2023-05-03 11:41:35   时间 [2023/05/03 11:41:35]
讯息 [
功能 AddROI : 成功]
  2023-05-03 11:42:29   时间 [2023/05/03 11:42:29]
讯息 [储存 成功]
  2023-05-03 12:09:07   时间 [2023/05/03 12:09:07]
讯息 [储存 成功]
  2023-05-03 12:09:28   时间 [2023/05/03 12:09:28]
讯息 [控制器连线失败, 开启 模拟系统]
  2023-05-03 12:09:28   时间 [2023/05/03 12:09:28]
讯息 [储存 成功]
  2023-05-03 12:09:28   时间 [2023/05/03 12:09:28]
讯息 [储存 成功]
  2023-05-03 12:09:28   时间 [2023/05/03 12:09:28]
讯息 [储存 成功]
  2023-05-03 12:09:28   时间 [2023/05/03 12:09:28]
讯息 [储存 成功]
  2023-05-03 12:09:29   时间 [2023/05/03 12:09:29]
讯息 [储存 成功]
  2023-05-03 12:09:29   时间 [2023/05/03 12:09:29]
讯息 [储存 成功]
  2023-05-03 12:09:52   时间 [2023/05/03 12:09:52]
讯息 [
功能 AddROI : 成功]
  2023-05-03 12:10:41   时间 [2023/05/03 12:10:41]
讯息 [
功能 Open_File_To_Get_Image : 成功]
  2023-05-03 12:10:43   时间 [2023/05/03 12:10:43]
讯息 [
功能 AddROI : 成功]
  2023-05-03 12:15:01   时间 [2023/05/03 12:15:00]
讯息 [储存 成功]
  2023-05-03 12:15:21   时间 [2023/05/03 12:15:21]
讯息 [控制器连线失败, 开启 模拟系统]
  2023-05-03 12:15:22   时间 [2023/05/03 12:15:22]
讯息 [储存 成功]
  2023-05-03 12:15:22   时间 [2023/05/03 12:15:22]
讯息 [储存 成功]
  2023-05-03 12:15:22   时间 [2023/05/03 12:15:22]
讯息 [储存 成功]
  2023-05-03 12:15:22   时间 [2023/05/03 12:15:22]
讯息 [储存 成功]
  2023-05-03 12:15:22   时间 [2023/05/03 12:15:22]
讯息 [储存 成功]
  2023-05-03 12:15:22   时间 [2023/05/03 12:15:22]
讯息 [储存 成功]
  2023-05-03 12:16:31   时间 [2023/05/03 12:16:31]
讯息 [
功能 Open_File_To_Get_Image : 成功]
  2023-05-03 12:16:41   时间 [2023/05/03 12:16:41]
讯息 [储存成功]
  2023-05-03 12:18:01   时间 [2023/05/03 12:18:01]
讯息 [
功能 AddROI : 成功]
  2023-05-03 12:24:57   时间 [2023/05/03 12:24:57]
讯息 [储存 成功]
  2023-05-03 12:25:18   时间 [2023/05/03 12:25:18]
讯息 [控制器连线失败, 开启 模拟系统]
  2023-05-03 12:25:18   时间 [2023/05/03 12:25:18]
讯息 [储存 成功]
  2023-05-03 12:25:18   时间 [2023/05/03 12:25:18]
讯息 [储存 成功]
  2023-05-03 12:25:18   时间 [2023/05/03 12:25:18]
讯息 [储存 成功]
  2023-05-03 12:25:18   时间 [2023/05/03 12:25:18]
讯息 [储存 成功]
  2023-05-03 12:25:18   时间 [2023/05/03 12:25:18]
讯息 [储存 成功]
  2023-05-03 12:25:18   时间 [2023/05/03 12:25:18]
讯息 [储存 成功]
  2023-05-03 12:26:36   时间 [2023/05/03 12:26:36]
讯息 [储存 成功]
  2023-05-03 12:26:57   时间 [2023/05/03 12:26:57]
讯息 [控制器连线失败, 开启 模拟系统]
  2023-05-03 12:26:57   时间 [2023/05/03 12:26:57]
讯息 [储存 成功]
  2023-05-03 12:26:57   时间 [2023/05/03 12:26:57]
讯息 [储存 成功]
  2023-05-03 12:26:57   时间 [2023/05/03 12:26:57]
讯息 [储存 成功]
  2023-05-03 12:26:57   时间 [2023/05/03 12:26:57]
讯息 [储存 成功]
  2023-05-03 12:26:58   时间 [2023/05/03 12:26:58]
讯息 [储存 成功]
  2023-05-03 12:26:58   时间 [2023/05/03 12:26:58]
讯息 [储存 成功]
  2023-05-03 12:28:08   时间 [2023/05/03 12:28:08]
讯息 [
功能 Open_File_To_Get_Image : 成功]
  2023-05-03 12:28:14   时间 [2023/05/03 12:28:14]
讯息 [
功能 AddROI : 成功]
  2023-05-03 12:29:57   时间 [2023/05/03 12:29:57]
讯息 [
功能 Open_File_To_Get_Image : 成功]
  2023-05-03 12:30:16   时间 [2023/05/03 12:30:16]
讯息 [储存成功]
  2023-05-03 12:30:20   时间 [2023/05/03 12:30:20]
讯息 [
功能 AddROI : 成功]
  2023-05-03 12:30:37   时间 [2023/05/03 12:30:37]
讯息 [
功能 AddROI : 成功]
  2023-05-03 14:19:44   时间 [2023/05/03 14:19:44]
讯息 [储存 成功]
  2023-05-03 14:20:05   时间 [2023/05/03 14:20:05]
讯息 [控制器连线失败, 开启 模拟系统]
  2023-05-03 14:20:05   时间 [2023/05/03 14:20:05]
讯息 [储存 成功]
  2023-05-03 14:20:05   时间 [2023/05/03 14:20:05]
讯息 [储存 成功]
  2023-05-03 14:20:05   时间 [2023/05/03 14:20:05]
讯息 [储存 成功]
  2023-05-03 14:20:05   时间 [2023/05/03 14:20:05]
讯息 [储存 成功]
  2023-05-03 14:20:05   时间 [2023/05/03 14:20:05]
讯息 [储存 成功]
  2023-05-03 14:20:05   时间 [2023/05/03 14:20:05]
讯息 [储存 成功]
  2023-05-03 14:20:59   时间 [2023/05/03 14:20:59]
讯息 [
功能 Open_File_To_Get_Image : 成功]
  2023-05-03 14:21:03   时间 [2023/05/03 14:21:03]
讯息 [
功能 AddROI : 成功]
  2023-05-03 14:25:14   时间 [2023/05/03 14:25:14]
讯息 [储存 成功]
  2023-05-03 14:25:35   时间 [2023/05/03 14:25:35]
讯息 [控制器连线失败, 开启 模拟系统]
  2023-05-03 14:25:35   时间 [2023/05/03 14:25:35]
讯息 [储存 成功]
  2023-05-03 14:25:35   时间 [2023/05/03 14:25:35]
讯息 [储存 成功]
  2023-05-03 14:25:35   时间 [2023/05/03 14:25:35]
讯息 [储存 成功]
  2023-05-03 14:25:35   时间 [2023/05/03 14:25:35]
讯息 [储存 成功]
  2023-05-03 14:25:36   时间 [2023/05/03 14:25:36]
讯息 [储存 成功]
  2023-05-03 14:25:36   时间 [2023/05/03 14:25:36]
讯息 [储存 成功]
  2023-05-03 14:25:52   时间 [2023/05/03 14:25:52]
讯息 [
功能 Open_File_To_Get_Image : 成功]
  2023-05-03 14:25:58   时间 [2023/05/03 14:25:58]
讯息 [
功能 AddROI : 成功]
  2023-05-03 14:26:24   时间 [2023/05/03 14:26:24]
讯息 [储存成功]
  2023-05-03 14:33:32   时间 [2023/05/03 14:33:32]
讯息 [
功能 Open_File_To_Get_Image : 成功]
  2023-05-03 14:35:00   时间 [2023/05/03 14:35:00]
讯息 [储存 成功]
  2023-05-03 14:35:21   时间 [2023/05/03 14:35:21]
讯息 [控制器连线失败, 开启 模拟系统]
  2023-05-03 14:35:21   时间 [2023/05/03 14:35:21]
讯息 [储存 成功]
  2023-05-03 14:35:21   时间 [2023/05/03 14:35:21]
讯息 [储存 成功]
  2023-05-03 14:35:21   时间 [2023/05/03 14:35:21]
讯息 [储存 成功]
  2023-05-03 14:35:21   时间 [2023/05/03 14:35:21]
讯息 [储存 成功]
  2023-05-03 14:35:22   时间 [2023/05/03 14:35:22]
讯息 [储存 成功]
  2023-05-03 14:35:22   时间 [2023/05/03 14:35:22]
讯息 [储存 成功]
  2023-05-03 14:36:35   时间 [2023/05/03 14:36:35]
讯息 [
功能 Open_File_To_Get_Image : 成功]
  2023-05-03 14:54:14   时间 [2023/05/03 14:54:14]
讯息 [储存 成功]
  2023-05-03 14:54:35   时间 [2023/05/03 14:54:35]
讯息 [控制器连线失败, 开启 模拟系统]
  2023-05-03 14:54:35   时间 [2023/05/03 14:54:35]
讯息 [储存 成功]
  2023-05-03 14:54:35   时间 [2023/05/03 14:54:35]
讯息 [储存 成功]
  2023-05-03 14:54:35   时间 [2023/05/03 14:54:35]
讯息 [储存 成功]
  2023-05-03 14:54:35   时间 [2023/05/03 14:54:35]
讯息 [储存 成功]
  2023-05-03 14:54:36   时间 [2023/05/03 14:54:36]
讯息 [储存 成功]
  2023-05-03 14:54:36   时间 [2023/05/03 14:54:36]
讯息 [储存 成功]
  2023-05-03 14:56:08   时间 [2023/05/03 14:56:08]
讯息 [
功能 Open_File_To_Get_Image : 成功]
  2023-05-03 14:57:22   时间 [2023/05/03 14:57:22]
讯息 [
功能 Fit_Image : 成功]
  2023-05-03 14:58:01   时间 [2023/05/03 14:58:01]
讯息 [
功能 Fit_Image : 成功]
  2023-05-03 14:58:02   时间 [2023/05/03 14:58:02]
讯息 [
功能 AddROI : 成功]
  2023-05-03 14:59:33   时间 [2023/05/03 14:59:33]
讯息 [
功能 Fit_Image : 成功]
  2023-05-03 15:00:22   时间 [2023/05/03 15:00:22]
讯息 [
功能 Fit_Image : 成功]
  2023-05-03 15:00:22   时间 [2023/05/03 15:00:22]
讯息 [
功能 Fit_Image : 成功]
  2023-05-03 15:04:33   时间 [2023/05/03 15:04:33]
讯息 [储存 成功]
  2023-05-03 15:04:54   时间 [2023/05/03 15:04:54]
讯息 [控制器连线失败, 开启 模拟系统]
  2023-05-03 15:04:54   时间 [2023/05/03 15:04:54]
讯息 [储存 成功]
  2023-05-03 15:04:54   时间 [2023/05/03 15:04:54]
讯息 [储存 成功]
  2023-05-03 15:04:54   时间 [2023/05/03 15:04:54]
讯息 [储存 成功]
  2023-05-03 15:04:54   时间 [2023/05/03 15:04:54]
讯息 [储存 成功]
  2023-05-03 15:04:54   时间 [2023/05/03 15:04:54]
讯息 [储存 成功]
  2023-05-03 15:04:54   时间 [2023/05/03 15:04:54]
讯息 [储存 成功]
  2023-05-03 15:05:36   时间 [2023/05/03 15:05:36]
讯息 [
功能 Open_File_To_Get_Image : 成功]
  2023-05-03 15:05:47   时间 [2023/05/03 15:05:47]
讯息 [
功能 AddROI : 成功]
  2023-05-03 15:10:24   时间 [2023/05/03 15:10:24]
讯息 [
功能 Open_File_To_Get_Image : 成功]
  2023-05-03 15:13:16   时间 [2023/05/03 15:13:16]
讯息 [储存成功]
  2023-05-03 15:13:16   时间 [2023/05/03 15:13:16]
讯息 [储存成功]
  2023-05-03 15:13:19   时间 [2023/05/03 15:13:19]
讯息 [储存成功]
  2023-05-03 15:13:38   时间 [2023/05/03 15:13:38]
讯息 [
功能 Fit_Image : 成功]
  2023-05-03 15:13:41   时间 [2023/05/03 15:13:41]
讯息 [
功能 AddROI : 成功]
  2023-05-03 15:14:01   时间 [2023/05/03 15:14:01]
讯息 [储存成功]
  2023-05-03 15:16:41   时间 [2023/05/03 15:16:41]
讯息 [
功能 Fit_Image : 成功]
  2023-05-03 15:16:52   时间 [2023/05/03 15:16:52]
讯息 [储存成功]
