  2023-04-14 00:01:30   时间 [2023/04/14 00:01:30]
讯息 []
  2023-04-14 00:01:35   时间 [2023/04/14 00:01:35]
讯息 []
  2023-04-14 00:01:36   时间 [2023/04/14 00:01:36]
讯息 []
  2023-04-14 08:18:45   时间 [2023/04/14 08:18:45]
讯息 []
  2023-04-14 08:19:02   时间 [2023/04/14 08:19:02]
讯息 []
  2023-04-14 08:19:07   时间 [2023/04/14 08:19:07]
讯息 []
  2023-04-14 08:19:29   时间 [2023/04/14 08:19:29]
讯息 []
  2023-04-14 08:22:19   时间 [2023/04/14 08:22:19]
讯息 []
  2023-04-14 08:58:54   时间 [2023/04/14 08:58:54]
讯息 [储存 成功]
  2023-04-14 08:59:15   时间 [2023/04/14 08:59:15]
讯息 [控制器连线失败, 开启 模拟系统]
  2023-04-14 08:59:15   时间 [2023/04/14 08:59:15]
讯息 [储存 成功]
  2023-04-14 08:59:15   时间 [2023/04/14 08:59:15]
讯息 [储存 成功]
  2023-04-14 08:59:15   时间 [2023/04/14 08:59:15]
讯息 [储存 成功]
  2023-04-14 08:59:15   时间 [2023/04/14 08:59:15]
讯息 [储存 成功]
  2023-04-14 08:59:15   时间 [2023/04/14 08:59:15]
讯息 [储存 成功]
  2023-04-14 08:59:15   时间 [2023/04/14 08:59:15]
讯息 [储存 成功]
  2023-04-14 08:59:32   时间 [2023/04/14 08:59:32]
讯息 []
  2023-04-14 08:59:36   时间 [2023/04/14 08:59:36]
讯息 []
  2023-04-14 08:59:38   时间 [2023/04/14 08:59:38]
讯息 []
  2023-04-14 08:59:42   时间 [2023/04/14 08:59:42]
讯息 []
  2023-04-14 08:59:52   时间 [2023/04/14 08:59:52]
讯息 []
  2023-04-14 08:59:54   时间 [2023/04/14 08:59:54]
讯息 []
  2023-04-14 09:02:01   时间 [2023/04/14 09:02:01]
讯息 [储存 成功]
  2023-04-14 09:02:22   时间 [2023/04/14 09:02:22]
讯息 [控制器连线失败, 开启 模拟系统]
  2023-04-14 09:02:22   时间 [2023/04/14 09:02:22]
讯息 [储存 成功]
  2023-04-14 09:02:22   时间 [2023/04/14 09:02:22]
讯息 [储存 成功]
  2023-04-14 09:02:22   时间 [2023/04/14 09:02:22]
讯息 [储存 成功]
  2023-04-14 09:02:22   时间 [2023/04/14 09:02:22]
讯息 [储存 成功]
  2023-04-14 09:02:22   时间 [2023/04/14 09:02:22]
讯息 [储存 成功]
  2023-04-14 09:02:22   时间 [2023/04/14 09:02:22]
讯息 [储存 成功]
  2023-04-14 09:02:37   时间 [2023/04/14 09:02:37]
讯息 []
  2023-04-14 09:02:39   时间 [2023/04/14 09:02:39]
讯息 []
  2023-04-14 09:03:03   时间 [2023/04/14 09:03:03]
讯息 []
  2023-04-14 09:03:11   时间 [2023/04/14 09:03:11]
讯息 []
  2023-04-14 09:04:07   时间 [2023/04/14 09:04:07]
讯息 []
  2023-04-14 09:04:28   时间 [2023/04/14 09:04:28]
讯息 []
  2023-04-14 09:04:47   时间 [2023/04/14 09:04:47]
讯息 []
  2023-04-14 09:18:26   时间 [2023/04/14 09:18:26]
讯息 [储存 成功]
  2023-04-14 09:18:47   时间 [2023/04/14 09:18:47]
讯息 [控制器连线失败, 开启 模拟系统]
  2023-04-14 09:18:47   时间 [2023/04/14 09:18:47]
讯息 [储存 成功]
  2023-04-14 09:18:47   时间 [2023/04/14 09:18:47]
讯息 [储存 成功]
  2023-04-14 09:18:47   时间 [2023/04/14 09:18:47]
讯息 [储存 成功]
  2023-04-14 09:18:47   时间 [2023/04/14 09:18:47]
讯息 [储存 成功]
  2023-04-14 09:18:47   时间 [2023/04/14 09:18:47]
讯息 [储存 成功]
  2023-04-14 09:18:47   时间 [2023/04/14 09:18:47]
讯息 [储存 成功]
  2023-04-14 09:18:58   时间 [2023/04/14 09:18:58]
讯息 []
  2023-04-14 09:19:02   时间 [2023/04/14 09:19:02]
讯息 []
  2023-04-14 09:19:06   时间 [2023/04/14 09:19:06]
讯息 [顺序安排错误]
  2023-04-14 09:19:19   时间 [2023/04/14 09:19:19]
讯息 [顺序安排错误]
  2023-04-14 09:19:25   时间 [2023/04/14 09:19:25]
讯息 []
  2023-04-14 09:19:27   时间 [2023/04/14 09:19:27]
讯息 []
  2023-04-14 09:19:34   时间 [2023/04/14 09:19:34]
讯息 []
  2023-04-14 09:19:38   时间 [2023/04/14 09:19:38]
讯息 []
  2023-04-14 09:23:07   时间 [2023/04/14 09:23:06]
讯息 [储存 成功]
  2023-04-14 09:23:27   时间 [2023/04/14 09:23:27]
讯息 [控制器连线失败, 开启 模拟系统]
  2023-04-14 09:23:28   时间 [2023/04/14 09:23:28]
讯息 [储存 成功]
  2023-04-14 09:23:28   时间 [2023/04/14 09:23:28]
讯息 [储存 成功]
  2023-04-14 09:23:28   时间 [2023/04/14 09:23:28]
讯息 [储存 成功]
  2023-04-14 09:23:28   时间 [2023/04/14 09:23:28]
讯息 [储存 成功]
  2023-04-14 09:23:28   时间 [2023/04/14 09:23:28]
讯息 [储存 成功]
  2023-04-14 09:23:28   时间 [2023/04/14 09:23:28]
讯息 [储存 成功]
  2023-04-14 09:23:54   时间 [2023/04/14 09:23:54]
讯息 []
  2023-04-14 09:24:00   时间 [2023/04/14 09:24:00]
讯息 []
  2023-04-14 09:24:05   时间 [2023/04/14 09:24:05]
讯息 [顺序安排错误]
  2023-04-14 09:24:30   时间 [2023/04/14 09:24:30]
讯息 []
  2023-04-14 09:24:34   时间 [2023/04/14 09:24:34]
讯息 []
  2023-04-14 09:26:35   时间 [2023/04/14 09:26:35]
讯息 [顺序安排错误]
  2023-04-14 09:26:53   时间 [2023/04/14 09:26:53]
讯息 [顺序安排错误]
  2023-04-14 09:26:58   时间 [2023/04/14 09:26:58]
讯息 []
  2023-04-14 09:26:58   时间 [2023/04/14 09:26:58]
讯息 []
  2023-04-14 09:26:59   时间 [2023/04/14 09:26:59]
讯息 []
  2023-04-14 09:27:06   时间 [2023/04/14 09:27:06]
讯息 [顺序安排错误]
  2023-04-14 09:27:16   时间 [2023/04/14 09:27:16]
讯息 [顺序安排错误]
  2023-04-14 09:27:21   时间 [2023/04/14 09:27:21]
讯息 [顺序安排错误]
  2023-04-14 10:01:24   时间 [2023/04/14 10:01:24]
讯息 [储存 成功]
  2023-04-14 10:01:45   时间 [2023/04/14 10:01:45]
讯息 [控制器连线失败, 开启 模拟系统]
  2023-04-14 10:01:45   时间 [2023/04/14 10:01:45]
讯息 [储存 成功]
  2023-04-14 10:01:45   时间 [2023/04/14 10:01:45]
讯息 [储存 成功]
  2023-04-14 10:01:45   时间 [2023/04/14 10:01:45]
讯息 [储存 成功]
  2023-04-14 10:01:45   时间 [2023/04/14 10:01:45]
讯息 [储存 成功]
  2023-04-14 10:01:45   时间 [2023/04/14 10:01:45]
讯息 [储存 成功]
  2023-04-14 10:01:45   时间 [2023/04/14 10:01:45]
讯息 [储存 成功]
  2023-04-14 10:01:45   时间 [2023/04/14 10:01:45]
讯息 [储存成功]
  2023-04-14 10:04:58   时间 [2023/04/14 10:04:58]
讯息 [储存 成功]
  2023-04-14 10:05:19   时间 [2023/04/14 10:05:19]
讯息 [控制器连线失败, 开启 模拟系统]
  2023-04-14 10:05:19   时间 [2023/04/14 10:05:19]
讯息 [储存 成功]
  2023-04-14 10:05:19   时间 [2023/04/14 10:05:19]
讯息 [储存 成功]
  2023-04-14 10:05:19   时间 [2023/04/14 10:05:19]
讯息 [储存 成功]
  2023-04-14 10:05:19   时间 [2023/04/14 10:05:19]
讯息 [储存 成功]
  2023-04-14 10:05:19   时间 [2023/04/14 10:05:19]
讯息 [储存 成功]
  2023-04-14 10:05:19   时间 [2023/04/14 10:05:19]
讯息 [储存 成功]
  2023-04-14 10:05:19   时间 [2023/04/14 10:05:19]
讯息 [储存成功]
  2023-04-14 10:05:19   时间 [2023/04/14 10:05:19]
讯息 [储存成功]
  2023-04-14 10:05:19   时间 [2023/04/14 10:05:19]
讯息 [储存成功]
  2023-04-14 10:08:28   时间 [2023/04/14 10:08:28]
讯息 [储存 成功]
  2023-04-14 10:08:49   时间 [2023/04/14 10:08:49]
讯息 [控制器连线失败, 开启 模拟系统]
  2023-04-14 10:08:49   时间 [2023/04/14 10:08:49]
讯息 [储存 成功]
  2023-04-14 10:08:49   时间 [2023/04/14 10:08:49]
讯息 [储存 成功]
  2023-04-14 10:08:49   时间 [2023/04/14 10:08:49]
讯息 [储存 成功]
  2023-04-14 10:08:49   时间 [2023/04/14 10:08:49]
讯息 [储存 成功]
  2023-04-14 10:08:49   时间 [2023/04/14 10:08:49]
讯息 [储存 成功]
  2023-04-14 10:08:49   时间 [2023/04/14 10:08:49]
讯息 [储存 成功]
  2023-04-14 10:08:50   时间 [2023/04/14 10:08:50]
讯息 [储存成功]
  2023-04-14 10:08:50   时间 [2023/04/14 10:08:50]
讯息 [储存成功]
  2023-04-14 10:08:50   时间 [2023/04/14 10:08:50]
讯息 [储存成功]
  2023-04-14 10:08:50   时间 [2023/04/14 10:08:50]
讯息 [储存成功]
  2023-04-14 10:09:50   时间 [2023/04/14 10:09:50]
讯息 []
  2023-04-14 11:08:45   时间 [2023/04/14 11:08:45]
讯息 [储存 成功]
  2023-04-14 11:09:06   时间 [2023/04/14 11:09:06]
讯息 [控制器连线失败, 开启 模拟系统]
  2023-04-14 11:09:06   时间 [2023/04/14 11:09:06]
讯息 [储存 成功]
  2023-04-14 11:09:06   时间 [2023/04/14 11:09:06]
讯息 [储存 成功]
  2023-04-14 11:09:06   时间 [2023/04/14 11:09:06]
讯息 [储存 成功]
  2023-04-14 11:09:06   时间 [2023/04/14 11:09:06]
讯息 [储存 成功]
  2023-04-14 11:09:06   时间 [2023/04/14 11:09:06]
讯息 [储存 成功]
  2023-04-14 11:09:06   时间 [2023/04/14 11:09:06]
讯息 [储存 成功]
  2023-04-14 11:22:04   时间 [2023/04/14 11:22:03]
讯息 [储存 成功]
  2023-04-14 11:22:24   时间 [2023/04/14 11:22:24]
讯息 [控制器连线失败, 开启 模拟系统]
  2023-04-14 11:22:25   时间 [2023/04/14 11:22:25]
讯息 [储存 成功]
  2023-04-14 11:22:25   时间 [2023/04/14 11:22:25]
讯息 [储存 成功]
  2023-04-14 11:22:25   时间 [2023/04/14 11:22:25]
讯息 [储存 成功]
  2023-04-14 11:22:25   时间 [2023/04/14 11:22:25]
讯息 [储存 成功]
  2023-04-14 11:22:25   时间 [2023/04/14 11:22:25]
讯息 [储存 成功]
  2023-04-14 11:22:25   时间 [2023/04/14 11:22:25]
讯息 [储存 成功]
  2023-04-14 14:28:13   时间 [2023/04/14 14:28:13]
讯息 [储存 成功]
  2023-04-14 14:28:34   时间 [2023/04/14 14:28:34]
讯息 [控制器连线失败, 开启 模拟系统]
  2023-04-14 14:28:34   时间 [2023/04/14 14:28:34]
讯息 [储存 成功]
  2023-04-14 14:28:34   时间 [2023/04/14 14:28:34]
讯息 [储存 成功]
  2023-04-14 14:28:34   时间 [2023/04/14 14:28:34]
讯息 [储存 成功]
  2023-04-14 14:28:34   时间 [2023/04/14 14:28:34]
讯息 [储存 成功]
  2023-04-14 14:28:34   时间 [2023/04/14 14:28:34]
讯息 [储存 成功]
  2023-04-14 14:28:34   时间 [2023/04/14 14:28:34]
讯息 [储存 成功]
  2023-04-14 14:34:50   时间 [2023/04/14 14:34:49]
讯息 [储存 成功]
  2023-04-14 14:35:11   时间 [2023/04/14 14:35:11]
讯息 [控制器连线失败, 开启 模拟系统]
  2023-04-14 14:35:11   时间 [2023/04/14 14:35:11]
讯息 [储存 成功]
  2023-04-14 14:35:11   时间 [2023/04/14 14:35:11]
讯息 [储存 成功]
  2023-04-14 14:35:11   时间 [2023/04/14 14:35:11]
讯息 [储存 成功]
  2023-04-14 14:35:11   时间 [2023/04/14 14:35:11]
讯息 [储存 成功]
  2023-04-14 14:35:11   时间 [2023/04/14 14:35:11]
讯息 [储存 成功]
  2023-04-14 14:35:11   时间 [2023/04/14 14:35:11]
讯息 [储存 成功]
  2023-04-14 14:36:56   时间 [2023/04/14 14:36:56]
讯息 [储存 成功]
  2023-04-14 14:37:17   时间 [2023/04/14 14:37:17]
讯息 [控制器连线失败, 开启 模拟系统]
  2023-04-14 14:37:17   时间 [2023/04/14 14:37:17]
讯息 [储存 成功]
  2023-04-14 14:37:17   时间 [2023/04/14 14:37:17]
讯息 [储存 成功]
  2023-04-14 14:37:17   时间 [2023/04/14 14:37:17]
讯息 [储存 成功]
  2023-04-14 14:37:17   时间 [2023/04/14 14:37:17]
讯息 [储存 成功]
  2023-04-14 14:37:17   时间 [2023/04/14 14:37:17]
讯息 [储存 成功]
  2023-04-14 14:37:17   时间 [2023/04/14 14:37:17]
讯息 [储存 成功]
  2023-04-14 14:38:38   时间 [2023/04/14 14:38:38]
讯息 [储存 成功]
  2023-04-14 14:38:59   时间 [2023/04/14 14:38:59]
讯息 [控制器连线失败, 开启 模拟系统]
  2023-04-14 14:38:59   时间 [2023/04/14 14:38:59]
讯息 [储存 成功]
  2023-04-14 14:38:59   时间 [2023/04/14 14:38:59]
讯息 [储存 成功]
  2023-04-14 14:38:59   时间 [2023/04/14 14:38:59]
讯息 [储存 成功]
  2023-04-14 14:38:59   时间 [2023/04/14 14:38:59]
讯息 [储存 成功]
  2023-04-14 14:38:59   时间 [2023/04/14 14:38:59]
讯息 [储存 成功]
  2023-04-14 14:38:59   时间 [2023/04/14 14:38:59]
讯息 [储存 成功]
  2023-04-14 14:39:13   时间 [2023/04/14 14:39:13]
讯息 [未将对象引用设置到对象的实例。]
  2023-04-14 14:39:24   时间 [2023/04/14 14:39:24]
讯息 [未将对象引用设置到对象的实例。]
  2023-04-14 14:39:45   时间 [2023/04/14 14:39:45]
讯息 [储存 成功]
  2023-04-14 14:40:06   时间 [2023/04/14 14:40:06]
讯息 [控制器连线失败, 开启 模拟系统]
  2023-04-14 14:40:06   时间 [2023/04/14 14:40:06]
讯息 [储存 成功]
  2023-04-14 14:40:06   时间 [2023/04/14 14:40:06]
讯息 [储存 成功]
  2023-04-14 14:40:06   时间 [2023/04/14 14:40:06]
讯息 [储存 成功]
  2023-04-14 14:40:06   时间 [2023/04/14 14:40:06]
讯息 [储存 成功]
  2023-04-14 14:40:06   时间 [2023/04/14 14:40:06]
讯息 [储存 成功]
  2023-04-14 14:40:06   时间 [2023/04/14 14:40:06]
讯息 [储存 成功]
  2023-04-14 14:40:14   时间 [2023/04/14 14:40:14]
讯息 [请选择一个 Offset物件]
