  2023-04-17 14:27:37   时间 [2023/04/17 14:27:37]
讯息 [储存 成功]
  2023-04-17 14:27:58   时间 [2023/04/17 14:27:58]
讯息 [控制器连线失败, 开启 模拟系统]
  2023-04-17 14:27:58   时间 [2023/04/17 14:27:58]
讯息 [储存 成功]
  2023-04-17 14:27:58   时间 [2023/04/17 14:27:58]
讯息 [储存 成功]
  2023-04-17 14:27:58   时间 [2023/04/17 14:27:58]
讯息 [储存 成功]
  2023-04-17 14:27:58   时间 [2023/04/17 14:27:58]
讯息 [储存 成功]
  2023-04-17 14:27:58   时间 [2023/04/17 14:27:58]
讯息 [储存 成功]
  2023-04-17 14:27:58   时间 [2023/04/17 14:27:58]
讯息 [储存 成功]
  2023-04-17 14:28:41   时间 [2023/04/17 14:28:41]
讯息 []
  2023-04-17 14:28:44   
开始时间 [2023/04/17 14:28:44]
名称 []
讯息 []
状态 [成功]
错误码 [0]
错误Remark []
耗时 [0.056 秒]
结束时间 [2023/04/17 14:28:44]

  2023-04-17 14:28:44   
开始时间 [2023/04/17 14:28:44]
名称 [开始复位]
讯息 [FSM_Table_Home_Station]
状态 [成功]
错误码 [0]
错误Remark []
耗时 [0.054 秒]
结束时间 [2023/04/17 14:28:44]

  2023-04-17 14:28:45   
开始时间 [2023/04/17 14:28:44]
名称 [开始复位]
讯息 [FSM_Up_Home_Station]
状态 [成功]
错误码 [0]
错误Remark []
耗时 [0.505 秒]
结束时间 [2023/04/17 14:28:45]

  2023-04-17 14:28:45   
开始时间 [2023/04/17 14:28:44]
名称 [开始复位]
讯息 [FSM_Bottom_Home_Station]
状态 [成功]
错误码 [0]
错误Remark []
耗时 [0.504 秒]
结束时间 [2023/04/17 14:28:45]

  2023-04-17 14:28:45   
开始时间 [2023/04/17 14:28:44]
名称 [平台复位]
讯息 [FSM_Table_Home_Station]
状态 [成功]
错误码 [0]
错误Remark []
耗时 [1.026 秒]
结束时间 [2023/04/17 14:28:45]

  2023-04-17 14:28:45   
开始时间 [2023/04/17 14:28:45]
名称 [平台复位完成]
讯息 [FSM_Table_Home_Station]
状态 [成功]
错误码 [0]
错误Remark []
耗时 [0.013 秒]
结束时间 [2023/04/17 14:28:45]

  2023-04-17 14:28:45   
开始时间 [2023/04/17 14:28:45]
名称 [复位结束]
讯息 [FSM_Table_Home_Station]
状态 [成功]
错误码 [0]
错误Remark []
耗时 [0.000 秒]
结束时间 [2023/04/17 14:28:45]

  2023-04-17 14:28:46   
开始时间 [2023/04/17 14:28:45]
名称 [Z轴复位]
讯息 [FSM_Up_Home_Station]
状态 [成功]
错误码 [0]
错误Remark []
耗时 [1.533 秒]
结束时间 [2023/04/17 14:28:46]

  2023-04-17 14:28:46   
开始时间 [2023/04/17 14:28:45]
名称 [Z轴复位]
讯息 [FSM_Bottom_Home_Station]
状态 [成功]
错误码 [0]
错误Remark []
耗时 [1.539 秒]
结束时间 [2023/04/17 14:28:46]

  2023-04-17 14:28:47   
开始时间 [2023/04/17 14:28:47]
名称 [Z轴复位结束]
讯息 [FSM_Up_Home_Station]
状态 [成功]
错误码 [0]
错误Remark []
耗时 [0.513 秒]
结束时间 [2023/04/17 14:28:47]

  2023-04-17 14:28:47   
开始时间 [2023/04/17 14:28:47]
名称 [Z轴复位结束]
讯息 [FSM_Bottom_Home_Station]
状态 [成功]
错误码 [0]
错误Remark []
耗时 [0.514 秒]
结束时间 [2023/04/17 14:28:47]

  2023-04-17 14:28:48   
开始时间 [2023/04/17 14:28:48]
名称 [等待Z轴 平台复位结束]
讯息 [FSM_Up_Home_Station]
状态 [成功]
错误码 [0]
错误Remark []
耗时 [0.502 秒]
结束时间 [2023/04/17 14:28:48]

  2023-04-17 14:28:48   
开始时间 [2023/04/17 14:28:48]
名称 [等待Z轴 平台复位结束]
讯息 [FSM_Bottom_Home_Station]
状态 [成功]
错误码 [0]
错误Remark []
耗时 [0.502 秒]
结束时间 [2023/04/17 14:28:48]

  2023-04-17 14:28:49   
开始时间 [2023/04/17 14:28:48]
名称 [T轴复位]
讯息 [FSM_Up_Home_Station]
状态 [成功]
错误码 [0]
错误Remark []
耗时 [1.035 秒]
结束时间 [2023/04/17 14:28:49]

  2023-04-17 14:28:49   
开始时间 [2023/04/17 14:28:48]
名称 [T轴复位]
讯息 [FSM_Bottom_Home_Station]
状态 [成功]
错误码 [0]
错误Remark []
耗时 [1.037 秒]
结束时间 [2023/04/17 14:28:49]

  2023-04-17 14:28:51   
开始时间 [2023/04/17 14:28:50]
名称 [T轴复位]
讯息 [FSM_Up_Home_Station]
状态 [成功]
错误码 [0]
错误Remark []
耗时 [1.534 秒]
结束时间 [2023/04/17 14:28:51]

  2023-04-17 14:28:51   
开始时间 [2023/04/17 14:28:50]
名称 [T轴复位]
讯息 [FSM_Bottom_Home_Station]
状态 [成功]
错误码 [0]
错误Remark []
耗时 [1.549 秒]
结束时间 [2023/04/17 14:28:51]

  2023-04-17 14:28:52   
开始时间 [2023/04/17 14:28:52]
名称 [T轴复位]
讯息 [FSM_Up_Home_Station]
状态 [成功]
错误码 [0]
错误Remark []
耗时 [0.502 秒]
结束时间 [2023/04/17 14:28:52]

  2023-04-17 14:28:52   
开始时间 [2023/04/17 14:28:52]
名称 [T轴复位]
讯息 [FSM_Bottom_Home_Station]
状态 [成功]
错误码 [0]
错误Remark []
耗时 [0.502 秒]
结束时间 [2023/04/17 14:28:52]

  2023-04-17 14:28:52   时间 [2023/04/17 14:28:52]
讯息 [FSM 运行结束, 结果 成功]
  2023-04-17 14:29:44   时间 [2023/04/17 14:29:44]
讯息 [Motor Move Error | 马达位移失败]
  2023-04-17 14:29:49   时间 [2023/04/17 14:29:49]
讯息 [Motor Move Error | 马达位移失败]
  2023-04-17 14:31:42   时间 [2023/04/17 14:31:42]
讯息 []
  2023-04-17 14:31:56   时间 [2023/04/17 14:31:56]
讯息 []
  2023-04-17 14:32:41   时间 [2023/04/17 14:32:41]
讯息 []
  2023-04-17 14:32:45   
开始时间 [2023/04/17 14:32:45]
名称 []
讯息 []
状态 [成功]
错误码 [0]
错误Remark []
耗时 [0.004 秒]
结束时间 [2023/04/17 14:32:45]

  2023-04-17 14:32:45   
开始时间 [2023/04/17 14:32:45]
名称 [开始复位]
讯息 [FSM_Table_Home_Station]
状态 [成功]
错误码 [0]
错误Remark []
耗时 [0.030 秒]
结束时间 [2023/04/17 14:32:45]

  2023-04-17 14:32:45   
开始时间 [2023/04/17 14:32:45]
名称 [开始复位]
讯息 [FSM_Up_Home_Station]
状态 [成功]
错误码 [0]
错误Remark []
耗时 [0.503 秒]
结束时间 [2023/04/17 14:32:45]

  2023-04-17 14:32:45   
开始时间 [2023/04/17 14:32:45]
名称 [开始复位]
讯息 [FSM_Bottom_Home_Station]
状态 [成功]
错误码 [0]
错误Remark []
耗时 [0.503 秒]
结束时间 [2023/04/17 14:32:45]

  2023-04-17 14:32:45   
开始时间 [2023/04/17 14:32:45]
名称 [平台复位]
讯息 [FSM_Table_Home_Station]
状态 [成功]
错误码 [0]
错误Remark []
耗时 [0.527 秒]
结束时间 [2023/04/17 14:32:45]

  2023-04-17 14:32:45   
开始时间 [2023/04/17 14:32:45]
名称 [平台复位完成]
讯息 [FSM_Table_Home_Station]
状态 [成功]
错误码 [0]
错误Remark []
耗时 [0.012 秒]
结束时间 [2023/04/17 14:32:45]

  2023-04-17 14:32:45   
开始时间 [2023/04/17 14:32:45]
名称 [复位结束]
讯息 [FSM_Table_Home_Station]
状态 [成功]
错误码 [0]
错误Remark []
耗时 [0.002 秒]
结束时间 [2023/04/17 14:32:45]

  2023-04-17 14:32:46   
开始时间 [2023/04/17 14:32:45]
名称 [Z轴复位]
讯息 [FSM_Up_Home_Station]
状态 [成功]
错误码 [0]
错误Remark []
耗时 [1.039 秒]
结束时间 [2023/04/17 14:32:46]

  2023-04-17 14:32:46   
开始时间 [2023/04/17 14:32:45]
名称 [Z轴复位]
讯息 [FSM_Bottom_Home_Station]
状态 [成功]
错误码 [0]
错误Remark []
耗时 [1.043 秒]
结束时间 [2023/04/17 14:32:46]

  2023-04-17 14:32:47   
开始时间 [2023/04/17 14:32:47]
名称 [Z轴复位结束]
讯息 [FSM_Up_Home_Station]
状态 [成功]
错误码 [0]
错误Remark []
耗时 [0.512 秒]
结束时间 [2023/04/17 14:32:47]

  2023-04-17 14:32:47   
开始时间 [2023/04/17 14:32:47]
名称 [Z轴复位结束]
讯息 [FSM_Bottom_Home_Station]
状态 [成功]
错误码 [0]
错误Remark []
耗时 [0.512 秒]
结束时间 [2023/04/17 14:32:47]

  2023-04-17 14:32:48   
开始时间 [2023/04/17 14:32:47]
名称 [等待Z轴 平台复位结束]
讯息 [FSM_Up_Home_Station]
状态 [成功]
错误码 [0]
错误Remark []
耗时 [0.502 秒]
结束时间 [2023/04/17 14:32:48]

  2023-04-17 14:32:48   
开始时间 [2023/04/17 14:32:47]
名称 [等待Z轴 平台复位结束]
讯息 [FSM_Bottom_Home_Station]
状态 [成功]
错误码 [0]
错误Remark []
耗时 [0.500 秒]
结束时间 [2023/04/17 14:32:48]

  2023-04-17 14:32:49   
开始时间 [2023/04/17 14:32:48]
名称 [T轴复位]
讯息 [FSM_Up_Home_StationFSM_Up_Home_Station]
状态 [成功]
错误码 [0]
错误Remark []
耗时 [1.026 秒]
结束时间 [2023/04/17 14:32:49]

  2023-04-17 14:32:49   
开始时间 [2023/04/17 14:32:48]
名称 [T轴复位]
讯息 [FSM_Bottom_Home_StationFSM_Bottom_Home_Station]
状态 [成功]
错误码 [0]
错误Remark []
耗时 [1.024 秒]
结束时间 [2023/04/17 14:32:49]

  2023-04-17 14:32:51   
开始时间 [2023/04/17 14:32:50]
名称 [T轴复位]
讯息 [FSM_Bottom_Home_Station]
状态 [成功]
错误码 [0]
错误Remark []
耗时 [1.030 秒]
结束时间 [2023/04/17 14:32:51]

  2023-04-17 14:32:51   
开始时间 [2023/04/17 14:32:50]
名称 [T轴复位]
讯息 [FSM_Up_Home_Station]
状态 [成功]
错误码 [0]
错误Remark []
耗时 [1.044 秒]
结束时间 [2023/04/17 14:32:51]

  2023-04-17 14:32:51   
开始时间 [2023/04/17 14:32:51]
名称 [T轴复位]
讯息 [FSM_Bottom_Home_Station]
状态 [成功]
错误码 [0]
错误Remark []
耗时 [0.503 秒]
结束时间 [2023/04/17 14:32:51]

  2023-04-17 14:32:51   
开始时间 [2023/04/17 14:32:51]
名称 [T轴复位]
讯息 [FSM_Up_Home_Station]
状态 [成功]
错误码 [0]
错误Remark []
耗时 [0.501 秒]
结束时间 [2023/04/17 14:32:51]

  2023-04-17 14:32:52   时间 [2023/04/17 14:32:52]
讯息 [FSM 运行结束, 结果 成功]
  2023-04-17 14:33:05   时间 [2023/04/17 14:33:05]
讯息 []
  2023-04-17 14:33:35   时间 [2023/04/17 14:33:35]
讯息 []
  2023-04-17 14:36:45   时间 [2023/04/17 14:36:45]
讯息 [储存 成功]
  2023-04-17 14:37:06   时间 [2023/04/17 14:37:06]
讯息 [控制器连线失败, 开启 模拟系统]
  2023-04-17 14:37:06   时间 [2023/04/17 14:37:06]
讯息 [储存 成功]
  2023-04-17 14:37:06   时间 [2023/04/17 14:37:06]
讯息 [储存 成功]
  2023-04-17 14:37:06   时间 [2023/04/17 14:37:06]
讯息 [储存 成功]
  2023-04-17 14:37:06   时间 [2023/04/17 14:37:06]
讯息 [储存 成功]
  2023-04-17 14:37:06   时间 [2023/04/17 14:37:06]
讯息 [储存 成功]
  2023-04-17 14:37:06   时间 [2023/04/17 14:37:06]
讯息 [储存 成功]
  2023-04-17 14:38:46   时间 [2023/04/17 14:38:46]
讯息 []
  2023-04-17 14:38:53   
开始时间 [2023/04/17 14:38:53]
名称 []
讯息 []
状态 [成功]
错误码 [0]
错误Remark []
耗时 [0.004 秒]
结束时间 [2023/04/17 14:38:53]

  2023-04-17 14:38:53   
开始时间 [2023/04/17 14:38:53]
名称 [开始复位]
讯息 [FSM_Table_Home_Station]
状态 [成功]
错误码 [0]
错误Remark []
耗时 [0.038 秒]
结束时间 [2023/04/17 14:38:53]

  2023-04-17 14:38:53   
开始时间 [2023/04/17 14:38:53]
名称 [开始复位]
讯息 [FSM_Up_Home_Station]
状态 [成功]
错误码 [0]
错误Remark []
耗时 [0.502 秒]
结束时间 [2023/04/17 14:38:53]

  2023-04-17 14:38:53   
开始时间 [2023/04/17 14:38:53]
名称 [开始复位]
讯息 [FSM_Bottom_Home_Station]
状态 [成功]
错误码 [0]
错误Remark []
耗时 [0.504 秒]
结束时间 [2023/04/17 14:38:53]

  2023-04-17 14:38:54   
开始时间 [2023/04/17 14:38:53]
名称 [平台复位]
讯息 [FSM_Table_Home_Station]
状态 [成功]
错误码 [0]
错误Remark []
耗时 [1.078 秒]
结束时间 [2023/04/17 14:38:54]

  2023-04-17 14:38:54   
开始时间 [2023/04/17 14:38:54]
名称 [平台复位完成]
讯息 [FSM_Table_Home_Station]
状态 [成功]
错误码 [0]
错误Remark []
耗时 [0.013 秒]
结束时间 [2023/04/17 14:38:54]

  2023-04-17 14:38:54   
开始时间 [2023/04/17 14:38:54]
名称 [复位结束]
讯息 [FSM_Table_Home_Station]
状态 [成功]
错误码 [0]
错误Remark []
耗时 [0.000 秒]
结束时间 [2023/04/17 14:38:54]

  2023-04-17 14:39:06   时间 [2023/04/17 14:39:06]
讯息 [储存 成功]
  2023-04-17 14:39:27   时间 [2023/04/17 14:39:27]
讯息 [控制器连线失败, 开启 模拟系统]
  2023-04-17 14:39:27   时间 [2023/04/17 14:39:27]
讯息 [储存 成功]
  2023-04-17 14:39:27   时间 [2023/04/17 14:39:27]
讯息 [储存 成功]
  2023-04-17 14:39:27   时间 [2023/04/17 14:39:27]
讯息 [储存 成功]
  2023-04-17 14:39:27   时间 [2023/04/17 14:39:27]
讯息 [储存 成功]
  2023-04-17 14:39:27   时间 [2023/04/17 14:39:27]
讯息 [储存 成功]
  2023-04-17 14:39:27   时间 [2023/04/17 14:39:27]
讯息 [储存 成功]
  2023-04-17 14:39:46   时间 [2023/04/17 14:39:46]
讯息 []
  2023-04-17 14:39:49   
开始时间 [2023/04/17 14:39:49]
名称 []
讯息 []
状态 [成功]
错误码 [0]
错误Remark []
耗时 [0.001 秒]
结束时间 [2023/04/17 14:39:49]

  2023-04-17 14:39:49   
开始时间 [2023/04/17 14:39:49]
名称 [开始复位]
讯息 [FSM_Table_Home_Station]
状态 [成功]
错误码 [0]
错误Remark []
耗时 [0.009 秒]
结束时间 [2023/04/17 14:39:49]

  2023-04-17 14:39:50   
开始时间 [2023/04/17 14:39:49]
名称 [开始复位]
讯息 [FSM_Up_Home_Station]
状态 [成功]
错误码 [0]
错误Remark []
耗时 [0.503 秒]
结束时间 [2023/04/17 14:39:50]

  2023-04-17 14:39:50   
开始时间 [2023/04/17 14:39:49]
名称 [开始复位]
讯息 [FSM_Bottom_Home_Station]
状态 [成功]
错误码 [0]
错误Remark []
耗时 [0.505 秒]
结束时间 [2023/04/17 14:39:50]

  2023-04-17 14:39:51   
开始时间 [2023/04/17 14:39:49]
名称 [平台复位]
讯息 [FSM_Table_Home_Station]
状态 [成功]
错误码 [0]
错误Remark []
耗时 [1.053 秒]
结束时间 [2023/04/17 14:39:51]

  2023-04-17 14:39:51   
开始时间 [2023/04/17 14:39:51]
名称 [平台复位完成]
讯息 [FSM_Table_Home_Station]
状态 [成功]
错误码 [0]
错误Remark []
耗时 [0.012 秒]
结束时间 [2023/04/17 14:39:51]

  2023-04-17 14:39:51   
开始时间 [2023/04/17 14:39:51]
名称 [复位结束]
讯息 [FSM_Table_Home_Station]
状态 [成功]
错误码 [0]
错误Remark []
耗时 [0.000 秒]
结束时间 [2023/04/17 14:39:51]

  2023-04-17 14:39:52   
开始时间 [2023/04/17 14:39:50]
名称 [Z轴复位]
讯息 [FSM_Up_Home_Station]
状态 [成功]
错误码 [0]
错误Remark []
耗时 [1.528 秒]
结束时间 [2023/04/17 14:39:52]

  2023-04-17 14:39:52   
开始时间 [2023/04/17 14:39:50]
名称 [Z轴复位]
讯息 [FSM_Bottom_Home_Station]
状态 [成功]
错误码 [0]
错误Remark []
耗时 [1.535 秒]
结束时间 [2023/04/17 14:39:52]

  2023-04-17 14:39:53   
开始时间 [2023/04/17 14:39:52]
名称 [Z轴复位结束]
讯息 [FSM_Up_Home_Station]
状态 [成功]
错误码 [0]
错误Remark []
耗时 [0.511 秒]
结束时间 [2023/04/17 14:39:53]

  2023-04-17 14:39:53   
开始时间 [2023/04/17 14:39:52]
名称 [Z轴复位结束]
讯息 [FSM_Bottom_Home_Station]
状态 [成功]
错误码 [0]
错误Remark []
耗时 [0.512 秒]
结束时间 [2023/04/17 14:39:53]

  2023-04-17 14:39:53   
开始时间 [2023/04/17 14:39:53]
名称 [等待Z轴 平台复位结束]
讯息 [FSM_Up_Home_Station]
状态 [成功]
错误码 [0]
错误Remark []
耗时 [0.500 秒]
结束时间 [2023/04/17 14:39:53]

  2023-04-17 14:39:53   
开始时间 [2023/04/17 14:39:53]
名称 [等待Z轴 平台复位结束]
讯息 [FSM_Bottom_Home_Station]
状态 [成功]
错误码 [0]
错误Remark []
耗时 [0.502 秒]
结束时间 [2023/04/17 14:39:53]

  2023-04-17 14:39:55   
开始时间 [2023/04/17 14:39:54]
名称 [T轴复位]
讯息 [FSM_Up_Home_Station]
状态 [成功]
错误码 [0]
错误Remark []
耗时 [1.033 秒]
结束时间 [2023/04/17 14:39:55]

  2023-04-17 14:39:55   
开始时间 [2023/04/17 14:39:54]
名称 [T轴复位]
讯息 [FSM_Bottom_Home_Station]
状态 [成功]
错误码 [0]
错误Remark []
耗时 [1.034 秒]
结束时间 [2023/04/17 14:39:55]

  2023-04-17 14:39:57   
开始时间 [2023/04/17 14:39:55]
名称 [T轴复位]
讯息 [FSM_Up_Home_Station]
状态 [成功]
错误码 [0]
错误Remark []
耗时 [1.541 秒]
结束时间 [2023/04/17 14:39:57]

  2023-04-17 14:39:57   
开始时间 [2023/04/17 14:39:55]
名称 [T轴复位]
讯息 [FSM_Bottom_Home_Station]
状态 [成功]
错误码 [0]
错误Remark []
耗时 [1.537 秒]
结束时间 [2023/04/17 14:39:57]

  2023-04-17 14:39:57   
开始时间 [2023/04/17 14:39:57]
名称 [T轴复位]
讯息 [FSM_Up_Home_Station]
状态 [成功]
错误码 [0]
错误Remark []
耗时 [0.500 秒]
结束时间 [2023/04/17 14:39:57]

  2023-04-17 14:39:57   
开始时间 [2023/04/17 14:39:57]
名称 [T轴复位]
讯息 [FSM_Bottom_Home_Station]
状态 [成功]
错误码 [0]
错误Remark []
耗时 [0.502 秒]
结束时间 [2023/04/17 14:39:57]

  2023-04-17 14:39:58   时间 [2023/04/17 14:39:58]
讯息 [FSM 运行结束, 结果 成功]
  2023-04-17 14:41:17   时间 [2023/04/17 14:41:17]
讯息 []
  2023-04-17 14:41:32   时间 [2023/04/17 14:41:32]
讯息 []
  2023-04-17 14:41:46   时间 [2023/04/17 14:41:46]
讯息 []
  2023-04-17 14:41:52   时间 [2023/04/17 14:41:52]
讯息 []
  2023-04-17 14:42:08   时间 [2023/04/17 14:42:08]
讯息 []
  2023-04-17 14:42:13   时间 [2023/04/17 14:42:13]
讯息 []
  2023-04-17 14:43:39   时间 [2023/04/17 14:43:39]
讯息 []
  2023-04-17 14:43:43   时间 [2023/04/17 14:43:43]
讯息 []
  2023-04-17 14:50:27   时间 [2023/04/17 14:50:27]
讯息 []
  2023-04-17 14:50:33   时间 [2023/04/17 14:50:33]
讯息 []
  2023-04-17 14:50:42   时间 [2023/04/17 14:50:42]
讯息 []
  2023-04-17 15:19:33   时间 [2023/04/17 15:19:33]
讯息 [储存 成功]
  2023-04-17 15:19:54   时间 [2023/04/17 15:19:54]
讯息 [控制器连线失败, 开启 模拟系统]
  2023-04-17 15:19:54   时间 [2023/04/17 15:19:54]
讯息 [储存 成功]
  2023-04-17 15:19:54   时间 [2023/04/17 15:19:54]
讯息 [储存 成功]
  2023-04-17 15:19:54   时间 [2023/04/17 15:19:54]
讯息 [储存 成功]
  2023-04-17 15:19:54   时间 [2023/04/17 15:19:54]
讯息 [储存 成功]
  2023-04-17 15:19:54   时间 [2023/04/17 15:19:54]
讯息 [储存 成功]
  2023-04-17 15:19:54   时间 [2023/04/17 15:19:54]
讯息 [储存 成功]
  2023-04-17 15:20:07   时间 [2023/04/17 15:20:07]
讯息 []
  2023-04-17 15:20:24   时间 [2023/04/17 15:20:24]
讯息 [未将对象引用设置到对象的实例。]
  2023-04-17 15:21:35   时间 [2023/04/17 15:21:35]
讯息 [无 Offset Data 资料]
  2023-04-17 15:21:40   时间 [2023/04/17 15:21:40]
讯息 []
  2023-04-17 15:21:44   时间 [2023/04/17 15:21:44]
讯息 []
  2023-04-17 15:25:31   时间 [2023/04/17 15:25:31]
讯息 [储存 成功]
  2023-04-17 15:25:52   时间 [2023/04/17 15:25:52]
讯息 [控制器连线失败, 开启 模拟系统]
  2023-04-17 15:25:52   时间 [2023/04/17 15:25:52]
讯息 [储存 成功]
  2023-04-17 15:25:52   时间 [2023/04/17 15:25:52]
讯息 [储存 成功]
  2023-04-17 15:25:52   时间 [2023/04/17 15:25:52]
讯息 [储存 成功]
  2023-04-17 15:25:52   时间 [2023/04/17 15:25:52]
讯息 [储存 成功]
  2023-04-17 15:25:52   时间 [2023/04/17 15:25:52]
讯息 [储存 成功]
  2023-04-17 15:25:52   时间 [2023/04/17 15:25:52]
讯息 [储存 成功]
  2023-04-17 15:27:05   时间 [2023/04/17 15:27:05]
讯息 [储存成功]
  2023-04-17 15:27:05   时间 [2023/04/17 15:27:05]
讯息 [储存 成功]
  2023-04-17 15:41:51   时间 [2023/04/17 15:41:51]
讯息 [储存 成功]
  2023-04-17 15:42:12   时间 [2023/04/17 15:42:12]
讯息 [控制器连线失败, 开启 模拟系统]
  2023-04-17 15:42:12   时间 [2023/04/17 15:42:12]
讯息 [储存 成功]
  2023-04-17 15:42:12   时间 [2023/04/17 15:42:12]
讯息 [储存 成功]
  2023-04-17 15:42:12   时间 [2023/04/17 15:42:12]
讯息 [储存 成功]
  2023-04-17 15:42:12   时间 [2023/04/17 15:42:12]
讯息 [储存 成功]
  2023-04-17 15:42:12   时间 [2023/04/17 15:42:12]
讯息 [储存 成功]
  2023-04-17 15:42:12   时间 [2023/04/17 15:42:12]
讯息 [储存 成功]
  2023-04-17 15:45:38   时间 [2023/04/17 15:45:38]
讯息 []
  2023-04-17 15:45:41   时间 [2023/04/17 15:45:41]
讯息 []
  2023-04-17 15:47:03   时间 [2023/04/17 15:47:03]
讯息 [储存 成功]
  2023-04-17 15:47:24   时间 [2023/04/17 15:47:24]
讯息 [控制器连线失败, 开启 模拟系统]
  2023-04-17 15:47:25   时间 [2023/04/17 15:47:25]
讯息 [储存 成功]
  2023-04-17 15:47:25   时间 [2023/04/17 15:47:25]
讯息 [储存 成功]
  2023-04-17 15:47:25   时间 [2023/04/17 15:47:25]
讯息 [储存 成功]
  2023-04-17 15:47:25   时间 [2023/04/17 15:47:25]
讯息 [储存 成功]
  2023-04-17 15:47:25   时间 [2023/04/17 15:47:25]
讯息 [储存 成功]
  2023-04-17 15:47:25   时间 [2023/04/17 15:47:25]
讯息 [储存 成功]
  2023-04-17 15:48:10   时间 [2023/04/17 15:48:10]
讯息 []
  2023-04-17 15:48:13   时间 [2023/04/17 15:48:13]
讯息 []
  2023-04-17 15:48:14   时间 [2023/04/17 15:48:14]
讯息 []
  2023-04-17 15:48:48   时间 [2023/04/17 15:48:48]
讯息 [Motion Function Error | Motion 执行失败
]
  2023-04-17 15:50:16   时间 [2023/04/17 15:50:16]
讯息 [Motion Function Error | Motion 执行失败
]
  2023-04-17 15:52:15   时间 [2023/04/17 15:52:15]
讯息 [储存 成功]
  2023-04-17 15:52:36   时间 [2023/04/17 15:52:36]
讯息 [控制器连线失败, 开启 模拟系统]
  2023-04-17 15:52:36   时间 [2023/04/17 15:52:36]
讯息 [储存 成功]
  2023-04-17 15:52:36   时间 [2023/04/17 15:52:36]
讯息 [储存 成功]
  2023-04-17 15:52:36   时间 [2023/04/17 15:52:36]
讯息 [储存 成功]
  2023-04-17 15:52:36   时间 [2023/04/17 15:52:36]
讯息 [储存 成功]
  2023-04-17 15:52:36   时间 [2023/04/17 15:52:36]
讯息 [储存 成功]
  2023-04-17 15:52:36   时间 [2023/04/17 15:52:36]
讯息 [储存 成功]
  2023-04-17 15:56:07   时间 [2023/04/17 15:56:07]
讯息 []
  2023-04-17 15:56:20   时间 [2023/04/17 15:56:20]
讯息 []
  2023-04-17 15:56:29   时间 [2023/04/17 15:56:29]
讯息 []
  2023-04-17 15:56:35   时间 [2023/04/17 15:56:35]
讯息 [储存成功]
  2023-04-17 15:56:35   时间 [2023/04/17 15:56:35]
讯息 [储存 成功]
