  2023-04-15 13:25:06   时间 [2023/04/15 13:25:06]
讯息 [储存 成功]
  2023-04-15 13:25:27   时间 [2023/04/15 13:25:27]
讯息 [控制器连线失败, 开启 模拟系统]
  2023-04-15 13:25:27   时间 [2023/04/15 13:25:27]
讯息 [储存 成功]
  2023-04-15 13:25:27   时间 [2023/04/15 13:25:27]
讯息 [储存 成功]
  2023-04-15 13:25:27   时间 [2023/04/15 13:25:27]
讯息 [储存 成功]
  2023-04-15 13:25:27   时间 [2023/04/15 13:25:27]
讯息 [储存 成功]
  2023-04-15 13:25:27   时间 [2023/04/15 13:25:27]
讯息 [储存 成功]
  2023-04-15 13:25:27   时间 [2023/04/15 13:25:27]
讯息 [储存 成功]
  2023-04-15 13:27:39   时间 [2023/04/15 13:27:39]
讯息 [储存 成功]
  2023-04-15 13:28:00   时间 [2023/04/15 13:28:00]
讯息 [控制器连线失败, 开启 模拟系统]
  2023-04-15 13:28:00   时间 [2023/04/15 13:28:00]
讯息 [储存 成功]
  2023-04-15 13:28:00   时间 [2023/04/15 13:28:00]
讯息 [储存 成功]
  2023-04-15 13:28:00   时间 [2023/04/15 13:28:00]
讯息 [储存 成功]
  2023-04-15 13:28:00   时间 [2023/04/15 13:28:00]
讯息 [储存 成功]
  2023-04-15 13:28:00   时间 [2023/04/15 13:28:00]
讯息 [储存 成功]
  2023-04-15 13:28:00   时间 [2023/04/15 13:28:00]
讯息 [储存 成功]
  2023-04-15 13:29:42   时间 [2023/04/15 13:29:42]
讯息 [储存 成功]
  2023-04-15 13:30:03   时间 [2023/04/15 13:30:03]
讯息 [控制器连线失败, 开启 模拟系统]
  2023-04-15 13:30:03   时间 [2023/04/15 13:30:03]
讯息 [储存 成功]
  2023-04-15 13:30:03   时间 [2023/04/15 13:30:03]
讯息 [储存 成功]
  2023-04-15 13:30:03   时间 [2023/04/15 13:30:03]
讯息 [储存 成功]
  2023-04-15 13:30:03   时间 [2023/04/15 13:30:03]
讯息 [储存 成功]
  2023-04-15 13:30:03   时间 [2023/04/15 13:30:03]
讯息 [储存 成功]
  2023-04-15 13:30:03   时间 [2023/04/15 13:30:03]
讯息 [储存 成功]
  2023-04-15 13:30:53   时间 [2023/04/15 13:30:53]
讯息 []
  2023-04-15 13:30:56   时间 [2023/04/15 13:30:56]
讯息 []
  2023-04-15 13:30:58   时间 [2023/04/15 13:30:58]
讯息 []
  2023-04-15 14:25:51   时间 [2023/04/15 14:25:51]
讯息 [储存 成功]
  2023-04-15 14:26:12   时间 [2023/04/15 14:26:12]
讯息 [控制器连线失败, 开启 模拟系统]
  2023-04-15 14:26:12   时间 [2023/04/15 14:26:12]
讯息 [储存 成功]
  2023-04-15 14:26:12   时间 [2023/04/15 14:26:12]
讯息 [储存 成功]
  2023-04-15 14:26:12   时间 [2023/04/15 14:26:12]
讯息 [储存 成功]
  2023-04-15 14:26:12   时间 [2023/04/15 14:26:12]
讯息 [储存 成功]
  2023-04-15 14:26:12   时间 [2023/04/15 14:26:12]
讯息 [储存 成功]
  2023-04-15 14:26:12   时间 [2023/04/15 14:26:12]
讯息 [储存 成功]
  2023-04-15 14:29:36   时间 [2023/04/15 14:29:36]
讯息 [储存 成功]
  2023-04-15 14:29:57   时间 [2023/04/15 14:29:57]
讯息 [控制器连线失败, 开启 模拟系统]
  2023-04-15 14:29:57   时间 [2023/04/15 14:29:57]
讯息 [储存 成功]
  2023-04-15 14:29:57   时间 [2023/04/15 14:29:57]
讯息 [储存 成功]
  2023-04-15 14:29:57   时间 [2023/04/15 14:29:57]
讯息 [储存 成功]
  2023-04-15 14:29:57   时间 [2023/04/15 14:29:57]
讯息 [储存 成功]
  2023-04-15 14:29:57   时间 [2023/04/15 14:29:57]
讯息 [储存 成功]
  2023-04-15 14:29:57   时间 [2023/04/15 14:29:57]
讯息 [储存 成功]
  2023-04-15 14:31:48   时间 [2023/04/15 14:31:47]
讯息 [储存 成功]
  2023-04-15 14:32:09   时间 [2023/04/15 14:32:09]
讯息 [控制器连线失败, 开启 模拟系统]
  2023-04-15 14:32:09   时间 [2023/04/15 14:32:09]
讯息 [储存 成功]
  2023-04-15 14:32:09   时间 [2023/04/15 14:32:09]
讯息 [储存 成功]
  2023-04-15 14:32:09   时间 [2023/04/15 14:32:09]
讯息 [储存 成功]
  2023-04-15 14:32:09   时间 [2023/04/15 14:32:09]
讯息 [储存 成功]
  2023-04-15 14:32:09   时间 [2023/04/15 14:32:09]
讯息 [储存 成功]
  2023-04-15 14:32:09   时间 [2023/04/15 14:32:09]
讯息 [储存 成功]
  2023-04-15 14:32:54   时间 [2023/04/15 14:32:54]
讯息 [储存成功]
  2023-04-15 14:34:43   时间 [2023/04/15 14:34:43]
讯息 [储存 成功]
  2023-04-15 14:35:19   时间 [2023/04/15 14:35:19]
讯息 [储存 成功]
  2023-04-15 14:35:40   时间 [2023/04/15 14:35:40]
讯息 [控制器连线失败, 开启 模拟系统]
  2023-04-15 14:35:40   时间 [2023/04/15 14:35:40]
讯息 [储存 成功]
  2023-04-15 14:35:40   时间 [2023/04/15 14:35:40]
讯息 [储存 成功]
  2023-04-15 14:35:40   时间 [2023/04/15 14:35:40]
讯息 [储存 成功]
  2023-04-15 14:35:40   时间 [2023/04/15 14:35:40]
讯息 [储存 成功]
  2023-04-15 14:35:40   时间 [2023/04/15 14:35:40]
讯息 [储存 成功]
  2023-04-15 14:35:40   时间 [2023/04/15 14:35:40]
讯息 [储存 成功]
  2023-04-15 14:38:25   时间 [2023/04/15 14:38:25]
讯息 [储存 成功]
  2023-04-15 14:38:46   时间 [2023/04/15 14:38:46]
讯息 [控制器连线失败, 开启 模拟系统]
  2023-04-15 14:38:46   时间 [2023/04/15 14:38:46]
讯息 [储存 成功]
  2023-04-15 14:38:46   时间 [2023/04/15 14:38:46]
讯息 [储存 成功]
  2023-04-15 14:38:46   时间 [2023/04/15 14:38:46]
讯息 [储存 成功]
  2023-04-15 14:38:46   时间 [2023/04/15 14:38:46]
讯息 [储存 成功]
  2023-04-15 14:38:46   时间 [2023/04/15 14:38:46]
讯息 [储存 成功]
  2023-04-15 14:38:46   时间 [2023/04/15 14:38:46]
讯息 [储存 成功]
  2023-04-15 14:54:57   时间 [2023/04/15 14:54:57]
讯息 [储存 成功]
  2023-04-15 14:55:18   时间 [2023/04/15 14:55:18]
讯息 [控制器连线失败, 开启 模拟系统]
  2023-04-15 14:55:18   时间 [2023/04/15 14:55:18]
讯息 [储存 成功]
  2023-04-15 14:55:18   时间 [2023/04/15 14:55:18]
讯息 [储存 成功]
  2023-04-15 14:55:18   时间 [2023/04/15 14:55:18]
讯息 [储存 成功]
  2023-04-15 14:55:18   时间 [2023/04/15 14:55:18]
讯息 [储存 成功]
  2023-04-15 14:55:18   时间 [2023/04/15 14:55:18]
讯息 [储存 成功]
  2023-04-15 14:55:18   时间 [2023/04/15 14:55:18]
讯息 [储存 成功]
  2023-04-15 14:58:19   时间 [2023/04/15 14:58:19]
讯息 [储存 成功]
  2023-04-15 14:58:40   时间 [2023/04/15 14:58:40]
讯息 [控制器连线失败, 开启 模拟系统]
  2023-04-15 14:58:40   时间 [2023/04/15 14:58:40]
讯息 [储存 成功]
  2023-04-15 14:58:40   时间 [2023/04/15 14:58:40]
讯息 [储存 成功]
  2023-04-15 14:58:40   时间 [2023/04/15 14:58:40]
讯息 [储存 成功]
  2023-04-15 14:58:40   时间 [2023/04/15 14:58:40]
讯息 [储存 成功]
  2023-04-15 14:58:40   时间 [2023/04/15 14:58:40]
讯息 [储存 成功]
  2023-04-15 14:58:40   时间 [2023/04/15 14:58:40]
讯息 [储存 成功]
  2023-04-15 14:59:22   时间 [2023/04/15 14:59:22]
讯息 [储存 成功]
  2023-04-15 14:59:43   时间 [2023/04/15 14:59:43]
讯息 [控制器连线失败, 开启 模拟系统]
  2023-04-15 14:59:43   时间 [2023/04/15 14:59:43]
讯息 [储存 成功]
  2023-04-15 14:59:43   时间 [2023/04/15 14:59:43]
讯息 [储存 成功]
  2023-04-15 14:59:43   时间 [2023/04/15 14:59:43]
讯息 [储存 成功]
  2023-04-15 14:59:43   时间 [2023/04/15 14:59:43]
讯息 [储存 成功]
  2023-04-15 14:59:43   时间 [2023/04/15 14:59:43]
讯息 [储存 成功]
  2023-04-15 14:59:43   时间 [2023/04/15 14:59:43]
讯息 [储存 成功]
