  2023-04-27 08:40:13   时间 [2023/04/27 08:40:13]
讯息 [储存 成功]
  2023-04-27 08:40:34   时间 [2023/04/27 08:40:34]
讯息 [控制器连线失败, 开启 模拟系统]
  2023-04-27 08:40:34   时间 [2023/04/27 08:40:34]
讯息 [储存 成功]
  2023-04-27 08:40:34   时间 [2023/04/27 08:40:34]
讯息 [储存 成功]
  2023-04-27 08:40:35   时间 [2023/04/27 08:40:35]
讯息 [储存 成功]
  2023-04-27 08:40:35   时间 [2023/04/27 08:40:35]
讯息 [储存 成功]
  2023-04-27 08:40:35   时间 [2023/04/27 08:40:35]
讯息 [储存 成功]
  2023-04-27 08:40:35   时间 [2023/04/27 08:40:35]
讯息 [储存 成功]
  2023-04-27 08:41:12   时间 [2023/04/27 08:41:12]
讯息 [
功能 Open_File_To_Get_Image : 成功]
  2023-04-27 08:41:14   时间 [2023/04/27 08:41:14]
讯息 [
功能 AddROI : 成功]
  2023-04-27 08:41:18   时间 [2023/04/27 08:41:18]
讯息 [
功能 AddROI : 成功]
  2023-04-27 08:44:57   时间 [2023/04/27 08:44:57]
讯息 [
功能 Open_File_To_Get_Image : 成功]
  2023-04-27 08:44:59   时间 [2023/04/27 08:44:59]
讯息 [
功能 AddROI : 成功]
  2023-04-27 08:50:02   时间 [2023/04/27 08:50:02]
讯息 [
功能 Open_File_To_Get_Image : 成功]
  2023-04-27 08:52:09   时间 [2023/04/27 08:52:09]
讯息 [
功能 Open_File_To_Get_Image : 成功]
  2023-04-27 08:57:27   时间 [2023/04/27 08:57:26]
讯息 [储存 成功]
  2023-04-27 08:57:48   时间 [2023/04/27 08:57:48]
讯息 [控制器连线失败, 开启 模拟系统]
  2023-04-27 08:57:48   时间 [2023/04/27 08:57:48]
讯息 [储存 成功]
  2023-04-27 08:57:48   时间 [2023/04/27 08:57:48]
讯息 [储存 成功]
  2023-04-27 08:57:48   时间 [2023/04/27 08:57:48]
讯息 [储存 成功]
  2023-04-27 08:57:48   时间 [2023/04/27 08:57:48]
讯息 [储存 成功]
  2023-04-27 08:57:48   时间 [2023/04/27 08:57:48]
讯息 [储存 成功]
  2023-04-27 08:57:48   时间 [2023/04/27 08:57:48]
讯息 [储存 成功]
  2023-04-27 08:58:10   时间 [2023/04/27 08:58:10]
讯息 [
功能 Open_File_To_Get_Image : 成功]
  2023-04-27 08:58:11   时间 [2023/04/27 08:58:11]
讯息 [
功能 AddROI : 成功]
  2023-04-27 08:58:42   时间 [2023/04/27 08:58:42]
讯息 [
功能 Fit_Image : 成功]
  2023-04-27 09:00:47   时间 [2023/04/27 09:00:47]
讯息 [
功能 Open_File_To_Get_Image : 成功]
  2023-04-27 09:00:49   时间 [2023/04/27 09:00:49]
讯息 [
功能 AddROI : 成功]
  2023-04-27 09:01:14   时间 [2023/04/27 09:01:14]
讯息 [未将对象引用设置到对象的实例。]
  2023-04-27 09:14:11   时间 [2023/04/27 09:14:11]
讯息 [
功能 Open_File_To_Get_Image : 成功]
  2023-04-27 09:14:38   时间 [2023/04/27 09:14:38]
讯息 [
功能 AddROI : 成功]
  2023-04-27 09:17:37   时间 [2023/04/27 09:17:37]
讯息 [储存 成功]
  2023-04-27 09:17:58   时间 [2023/04/27 09:17:58]
讯息 [控制器连线失败, 开启 模拟系统]
  2023-04-27 09:17:58   时间 [2023/04/27 09:17:58]
讯息 [储存 成功]
  2023-04-27 09:17:58   时间 [2023/04/27 09:17:58]
讯息 [储存 成功]
  2023-04-27 09:17:58   时间 [2023/04/27 09:17:58]
讯息 [储存 成功]
  2023-04-27 09:17:58   时间 [2023/04/27 09:17:58]
讯息 [储存 成功]
  2023-04-27 09:17:58   时间 [2023/04/27 09:17:58]
讯息 [储存 成功]
  2023-04-27 09:17:58   时间 [2023/04/27 09:17:58]
讯息 [储存 成功]
  2023-04-27 09:20:32   时间 [2023/04/27 09:20:32]
讯息 [
功能 Open_File_To_Get_Image : 成功]
  2023-04-27 09:20:35   时间 [2023/04/27 09:20:35]
讯息 [
功能 AddROI : 成功]
  2023-04-27 09:20:37   时间 [2023/04/27 09:20:37]
讯息 [
功能 AddROI : 成功]
  2023-04-27 09:22:30   时间 [2023/04/27 09:22:30]
讯息 [储存 成功]
  2023-04-27 09:22:51   时间 [2023/04/27 09:22:51]
讯息 [控制器连线失败, 开启 模拟系统]
  2023-04-27 09:22:51   时间 [2023/04/27 09:22:51]
讯息 [储存 成功]
  2023-04-27 09:22:51   时间 [2023/04/27 09:22:51]
讯息 [储存 成功]
  2023-04-27 09:22:51   时间 [2023/04/27 09:22:51]
讯息 [储存 成功]
  2023-04-27 09:22:51   时间 [2023/04/27 09:22:51]
讯息 [储存 成功]
  2023-04-27 09:22:51   时间 [2023/04/27 09:22:51]
讯息 [储存 成功]
  2023-04-27 09:22:51   时间 [2023/04/27 09:22:51]
讯息 [储存 成功]
  2023-04-27 09:23:08   时间 [2023/04/27 09:23:08]
讯息 [
功能 Open_File_To_Get_Image : 成功]
  2023-04-27 09:23:13   时间 [2023/04/27 09:23:13]
讯息 [
功能 AddROI : 成功]
  2023-04-27 09:23:42   时间 [2023/04/27 09:23:42]
讯息 [
功能 AddROI : 成功]
  2023-04-27 09:23:58   时间 [2023/04/27 09:23:58]
讯息 [
功能 AddROI : 成功]
  2023-04-27 09:28:31   时间 [2023/04/27 09:28:31]
讯息 [储存 成功]
  2023-04-27 09:28:52   时间 [2023/04/27 09:28:52]
讯息 [控制器连线失败, 开启 模拟系统]
  2023-04-27 09:28:52   时间 [2023/04/27 09:28:52]
讯息 [储存 成功]
  2023-04-27 09:28:52   时间 [2023/04/27 09:28:52]
讯息 [储存 成功]
  2023-04-27 09:28:52   时间 [2023/04/27 09:28:52]
讯息 [储存 成功]
  2023-04-27 09:28:52   时间 [2023/04/27 09:28:52]
讯息 [储存 成功]
  2023-04-27 09:28:53   时间 [2023/04/27 09:28:53]
讯息 [储存 成功]
  2023-04-27 09:28:53   时间 [2023/04/27 09:28:53]
讯息 [储存 成功]
  2023-04-27 09:30:24   时间 [2023/04/27 09:30:24]
讯息 [
功能 Open_File_To_Get_Image : 成功]
  2023-04-27 09:30:31   时间 [2023/04/27 09:30:31]
讯息 [
功能 AddROI : 成功]
  2023-04-27 09:30:32   时间 [2023/04/27 09:30:32]
讯息 [Error: HWindow Mouse Down
索引超出范围。必须为非负值并小于集合大小。
参数名: index]
  2023-04-27 09:30:40   时间 [2023/04/27 09:30:40]
讯息 [
功能 AddROI : 成功]
  2023-04-27 09:30:43   时间 [2023/04/27 09:30:43]
讯息 [Error: HWindow Mouse Down
索引超出范围。必须为非负值并小于集合大小。
参数名: index]
  2023-04-27 09:31:09   时间 [2023/04/27 09:31:09]
讯息 [
功能 AddROI : 成功]
  2023-04-27 09:33:07   时间 [2023/04/27 09:33:07]
讯息 [
功能 Fit_Image : 成功]
  2023-04-27 09:33:08   时间 [2023/04/27 09:33:08]
讯息 [
功能 AddROI : 成功]
  2023-04-27 09:33:23   时间 [2023/04/27 09:33:23]
讯息 [
功能 AddROI : 成功]
  2023-04-27 09:33:46   时间 [2023/04/27 09:33:46]
讯息 [
功能 Fit_Image : 成功]
  2023-04-27 09:33:47   时间 [2023/04/27 09:33:47]
讯息 [
功能 AddROI : 成功]
  2023-04-27 09:34:07   时间 [2023/04/27 09:34:07]
讯息 [
功能 Fit_Image : 成功]
  2023-04-27 09:34:13   时间 [2023/04/27 09:34:13]
讯息 [
功能 AddROI : 成功]
  2023-04-27 09:34:15   时间 [2023/04/27 09:34:15]
讯息 [
功能 AddROI : 成功]
  2023-04-27 09:56:02   时间 [2023/04/27 09:56:02]
讯息 [储存 成功]
  2023-04-27 09:56:23   时间 [2023/04/27 09:56:23]
讯息 [控制器连线失败, 开启 模拟系统]
  2023-04-27 09:56:23   时间 [2023/04/27 09:56:23]
讯息 [储存 成功]
  2023-04-27 09:56:23   时间 [2023/04/27 09:56:23]
讯息 [储存 成功]
  2023-04-27 09:56:23   时间 [2023/04/27 09:56:23]
讯息 [储存 成功]
  2023-04-27 09:56:23   时间 [2023/04/27 09:56:23]
讯息 [储存 成功]
  2023-04-27 09:56:24   时间 [2023/04/27 09:56:24]
讯息 [储存 成功]
  2023-04-27 09:56:24   时间 [2023/04/27 09:56:24]
讯息 [储存 成功]
  2023-04-27 09:56:43   时间 [2023/04/27 09:56:43]
讯息 [
功能 Open_File_To_Get_Image : 成功]
  2023-04-27 09:56:46   时间 [2023/04/27 09:56:46]
讯息 [
功能 AddROI : 成功]
  2023-04-27 09:57:04   时间 [2023/04/27 09:57:04]
讯息 [
功能 Fit_Image : 成功]
  2023-04-27 10:08:31   时间 [2023/04/27 10:08:31]
讯息 [储存 成功]
  2023-04-27 10:08:52   时间 [2023/04/27 10:08:52]
讯息 [控制器连线失败, 开启 模拟系统]
  2023-04-27 10:08:52   时间 [2023/04/27 10:08:52]
讯息 [储存 成功]
  2023-04-27 10:08:52   时间 [2023/04/27 10:08:52]
讯息 [储存 成功]
  2023-04-27 10:08:52   时间 [2023/04/27 10:08:52]
讯息 [储存 成功]
  2023-04-27 10:08:52   时间 [2023/04/27 10:08:52]
讯息 [储存 成功]
  2023-04-27 10:08:52   时间 [2023/04/27 10:08:52]
讯息 [储存 成功]
  2023-04-27 10:08:52   时间 [2023/04/27 10:08:52]
讯息 [储存 成功]
  2023-04-27 10:09:10   时间 [2023/04/27 10:09:10]
讯息 [
功能 Open_File_To_Get_Image : 成功]
  2023-04-27 10:09:12   时间 [2023/04/27 10:09:12]
讯息 [
功能 AddROI : 成功]
  2023-04-27 10:09:27   时间 [2023/04/27 10:09:27]
讯息 [
功能 Fit_Image : 成功]
  2023-04-27 10:14:50   时间 [2023/04/27 10:14:50]
讯息 [储存 成功]
  2023-04-27 10:15:11   时间 [2023/04/27 10:15:11]
讯息 [控制器连线失败, 开启 模拟系统]
  2023-04-27 10:15:11   时间 [2023/04/27 10:15:11]
讯息 [储存 成功]
  2023-04-27 10:15:11   时间 [2023/04/27 10:15:11]
讯息 [储存 成功]
  2023-04-27 10:15:11   时间 [2023/04/27 10:15:11]
讯息 [储存 成功]
  2023-04-27 10:15:11   时间 [2023/04/27 10:15:11]
讯息 [储存 成功]
  2023-04-27 10:15:12   时间 [2023/04/27 10:15:12]
讯息 [储存 成功]
  2023-04-27 10:15:12   时间 [2023/04/27 10:15:12]
讯息 [储存 成功]
  2023-04-27 10:15:27   时间 [2023/04/27 10:15:27]
讯息 [
功能 Open_File_To_Get_Image : 成功]
  2023-04-27 10:15:30   时间 [2023/04/27 10:15:30]
讯息 [
功能 AddROI : 成功]
  2023-04-27 10:15:45   时间 [2023/04/27 10:15:45]
讯息 [
功能 Fit_Image : 成功]
  2023-04-27 10:17:24   时间 [2023/04/27 10:17:24]
讯息 [储存 成功]
  2023-04-27 10:17:45   时间 [2023/04/27 10:17:45]
讯息 [控制器连线失败, 开启 模拟系统]
  2023-04-27 10:17:45   时间 [2023/04/27 10:17:45]
讯息 [储存 成功]
  2023-04-27 10:17:45   时间 [2023/04/27 10:17:45]
讯息 [储存 成功]
  2023-04-27 10:17:45   时间 [2023/04/27 10:17:45]
讯息 [储存 成功]
  2023-04-27 10:17:45   时间 [2023/04/27 10:17:45]
讯息 [储存 成功]
  2023-04-27 10:17:46   时间 [2023/04/27 10:17:46]
讯息 [储存 成功]
  2023-04-27 10:17:46   时间 [2023/04/27 10:17:46]
讯息 [储存 成功]
  2023-04-27 10:18:15   时间 [2023/04/27 10:18:15]
讯息 [
功能 Open_File_To_Get_Image : 成功]
  2023-04-27 10:18:16   时间 [2023/04/27 10:18:16]
讯息 [
功能 AddROI : 成功]
  2023-04-27 10:19:39   时间 [2023/04/27 10:19:39]
讯息 [储存 成功]
  2023-04-27 10:20:00   时间 [2023/04/27 10:20:00]
讯息 [控制器连线失败, 开启 模拟系统]
  2023-04-27 10:20:00   时间 [2023/04/27 10:20:00]
讯息 [储存 成功]
  2023-04-27 10:20:00   时间 [2023/04/27 10:20:00]
讯息 [储存 成功]
  2023-04-27 10:20:00   时间 [2023/04/27 10:20:00]
讯息 [储存 成功]
  2023-04-27 10:20:00   时间 [2023/04/27 10:20:00]
讯息 [储存 成功]
  2023-04-27 10:20:01   时间 [2023/04/27 10:20:01]
讯息 [储存 成功]
  2023-04-27 10:20:01   时间 [2023/04/27 10:20:01]
讯息 [储存 成功]
  2023-04-27 10:21:36   时间 [2023/04/27 10:21:36]
讯息 [储存 成功]
  2023-04-27 10:21:57   时间 [2023/04/27 10:21:57]
讯息 [控制器连线失败, 开启 模拟系统]
  2023-04-27 10:21:57   时间 [2023/04/27 10:21:57]
讯息 [储存 成功]
  2023-04-27 10:21:57   时间 [2023/04/27 10:21:57]
讯息 [储存 成功]
  2023-04-27 10:21:57   时间 [2023/04/27 10:21:57]
讯息 [储存 成功]
  2023-04-27 10:21:57   时间 [2023/04/27 10:21:57]
讯息 [储存 成功]
  2023-04-27 10:21:58   时间 [2023/04/27 10:21:58]
讯息 [储存 成功]
  2023-04-27 10:21:58   时间 [2023/04/27 10:21:58]
讯息 [储存 成功]
  2023-04-27 10:23:13   时间 [2023/04/27 10:23:13]
讯息 [
功能 Open_File_To_Get_Image : 成功]
  2023-04-27 10:23:15   时间 [2023/04/27 10:23:15]
讯息 [
功能 AddROI : 成功]
  2023-04-27 10:25:42   时间 [2023/04/27 10:25:42]
讯息 [储存 成功]
  2023-04-27 10:26:05   时间 [2023/04/27 10:26:05]
讯息 [储存 成功]
  2023-04-27 10:26:22   时间 [2023/04/27 10:26:22]
讯息 [储存 成功]
  2023-04-27 10:26:43   时间 [2023/04/27 10:26:43]
讯息 [控制器连线失败, 开启 模拟系统]
  2023-04-27 10:26:43   时间 [2023/04/27 10:26:43]
讯息 [储存 成功]
  2023-04-27 10:26:43   时间 [2023/04/27 10:26:43]
讯息 [储存 成功]
  2023-04-27 10:26:43   时间 [2023/04/27 10:26:43]
讯息 [储存 成功]
  2023-04-27 10:26:43   时间 [2023/04/27 10:26:43]
讯息 [储存 成功]
  2023-04-27 10:26:43   时间 [2023/04/27 10:26:43]
讯息 [储存 成功]
  2023-04-27 10:26:43   时间 [2023/04/27 10:26:43]
讯息 [储存 成功]
  2023-04-27 10:27:05   时间 [2023/04/27 10:27:05]
讯息 [
功能 Open_File_To_Get_Image : 成功]
  2023-04-27 10:27:06   时间 [2023/04/27 10:27:06]
讯息 [
功能 AddROI : 成功]
  2023-04-27 10:36:15   时间 [2023/04/27 10:36:15]
讯息 [储存 成功]
  2023-04-27 10:36:37   时间 [2023/04/27 10:36:37]
讯息 [储存 成功]
  2023-04-27 10:36:58   时间 [2023/04/27 10:36:58]
讯息 [控制器连线失败, 开启 模拟系统]
  2023-04-27 10:36:59   时间 [2023/04/27 10:36:59]
讯息 [储存 成功]
  2023-04-27 10:36:59   时间 [2023/04/27 10:36:59]
讯息 [储存 成功]
  2023-04-27 10:36:59   时间 [2023/04/27 10:36:59]
讯息 [储存 成功]
  2023-04-27 10:36:59   时间 [2023/04/27 10:36:59]
讯息 [储存 成功]
  2023-04-27 10:36:59   时间 [2023/04/27 10:36:59]
讯息 [储存 成功]
  2023-04-27 10:36:59   时间 [2023/04/27 10:36:59]
讯息 [储存 成功]
  2023-04-27 10:37:14   时间 [2023/04/27 10:37:14]
讯息 [
功能 Open_File_To_Get_Image : 成功]
  2023-04-27 10:37:15   时间 [2023/04/27 10:37:15]
讯息 [
功能 AddROI : 成功]
  2023-04-27 10:40:05   时间 [2023/04/27 10:40:05]
讯息 [储存 成功]
  2023-04-27 10:40:26   时间 [2023/04/27 10:40:26]
讯息 [控制器连线失败, 开启 模拟系统]
  2023-04-27 10:40:26   时间 [2023/04/27 10:40:26]
讯息 [储存 成功]
  2023-04-27 10:40:26   时间 [2023/04/27 10:40:26]
讯息 [储存 成功]
  2023-04-27 10:40:26   时间 [2023/04/27 10:40:26]
讯息 [储存 成功]
  2023-04-27 10:40:26   时间 [2023/04/27 10:40:26]
讯息 [储存 成功]
  2023-04-27 10:40:27   时间 [2023/04/27 10:40:27]
讯息 [储存 成功]
  2023-04-27 10:40:27   时间 [2023/04/27 10:40:27]
讯息 [储存 成功]
  2023-04-27 10:40:58   时间 [2023/04/27 10:40:58]
讯息 [
功能 Open_File_To_Get_Image : 成功]
  2023-04-27 10:41:00   时间 [2023/04/27 10:41:00]
讯息 [
功能 AddROI : 成功]
  2023-04-27 10:42:06   时间 [2023/04/27 10:42:06]
讯息 [
功能 Fit_Image : 成功]
  2023-04-27 10:42:55   时间 [2023/04/27 10:42:55]
讯息 [
功能 Fit_Image : 成功]
  2023-04-27 10:44:12   时间 [2023/04/27 10:44:12]
讯息 [
功能 Fit_Image : 成功]
  2023-04-27 10:44:19   时间 [2023/04/27 10:44:19]
讯息 [
功能 Fit_Image : 成功]
  2023-04-27 10:46:03   时间 [2023/04/27 10:46:03]
讯息 [
功能 Fit_Image : 成功]
  2023-04-27 10:46:09   时间 [2023/04/27 10:46:09]
讯息 [
功能 AddROI : 成功]
  2023-04-27 10:46:25   时间 [2023/04/27 10:46:25]
讯息 [索引超出范围。必须为非负值并小于集合大小。
参数名: index]
  2023-04-27 10:46:31   时间 [2023/04/27 10:46:31]
讯息 [索引超出范围。必须为非负值并小于集合大小。
参数名: index]
  2023-04-27 10:46:40   时间 [2023/04/27 10:46:40]
讯息 [
功能 Open_File_To_Get_Image : 成功]
  2023-04-27 10:46:42   时间 [2023/04/27 10:46:42]
讯息 [
功能 ClearCrossLine : 成功]
  2023-04-27 10:46:48   时间 [2023/04/27 10:46:48]
讯息 [
功能 AddROI : 成功]
  2023-04-27 10:47:16   时间 [2023/04/27 10:47:16]
讯息 [
功能 Fit_Image : 成功]
  2023-04-27 11:27:08   时间 [2023/04/27 11:27:08]
讯息 [储存 成功]
  2023-04-27 13:50:28   时间 [2023/04/27 13:50:28]
讯息 [储存 成功]
  2023-04-27 13:50:49   时间 [2023/04/27 13:50:49]
讯息 [控制器连线失败, 开启 模拟系统]
  2023-04-27 13:50:49   时间 [2023/04/27 13:50:49]
讯息 [储存 成功]
  2023-04-27 13:50:49   时间 [2023/04/27 13:50:49]
讯息 [储存 成功]
  2023-04-27 13:50:49   时间 [2023/04/27 13:50:49]
讯息 [储存 成功]
  2023-04-27 13:50:49   时间 [2023/04/27 13:50:49]
讯息 [储存 成功]
  2023-04-27 13:57:36   时间 [2023/04/27 13:57:36]
讯息 [储存 成功]
  2023-04-27 13:57:57   时间 [2023/04/27 13:57:57]
讯息 [控制器连线失败, 开启 模拟系统]
  2023-04-27 13:57:57   时间 [2023/04/27 13:57:57]
讯息 [储存 成功]
  2023-04-27 13:57:57   时间 [2023/04/27 13:57:57]
讯息 [储存 成功]
  2023-04-27 13:57:57   时间 [2023/04/27 13:57:57]
讯息 [储存 成功]
  2023-04-27 13:57:57   时间 [2023/04/27 13:57:57]
讯息 [储存 成功]
  2023-04-27 14:05:28   时间 [2023/04/27 14:05:28]
讯息 [储存 成功]
  2023-04-27 14:05:49   时间 [2023/04/27 14:05:49]
讯息 [控制器连线失败, 开启 模拟系统]
  2023-04-27 14:05:49   时间 [2023/04/27 14:05:49]
讯息 [储存 成功]
  2023-04-27 14:05:49   时间 [2023/04/27 14:05:49]
讯息 [储存 成功]
  2023-04-27 14:05:49   时间 [2023/04/27 14:05:49]
讯息 [储存 成功]
  2023-04-27 14:05:49   时间 [2023/04/27 14:05:49]
讯息 [储存 成功]
  2023-04-27 14:08:33   时间 [2023/04/27 14:08:33]
讯息 [储存 成功]
  2023-04-27 14:08:54   时间 [2023/04/27 14:08:54]
讯息 [控制器连线失败, 开启 模拟系统]
  2023-04-27 14:08:54   时间 [2023/04/27 14:08:54]
讯息 [储存 成功]
  2023-04-27 14:08:54   时间 [2023/04/27 14:08:54]
讯息 [储存 成功]
  2023-04-27 14:08:54   时间 [2023/04/27 14:08:54]
讯息 [储存 成功]
  2023-04-27 14:08:54   时间 [2023/04/27 14:08:54]
讯息 [储存 成功]
  2023-04-27 14:12:17   时间 [2023/04/27 14:12:16]
讯息 [上相机
功能 Open : 成功]
  2023-04-27 14:13:53   时间 [2023/04/27 14:13:53]
讯息 [储存 成功]
  2023-04-27 14:13:53   时间 [2023/04/27 14:13:53]
讯息 [储存 成功]
  2023-04-27 14:14:12   时间 [2023/04/27 14:14:12]
讯息 [上相机
功能 StartLive : 成功]
  2023-04-27 14:14:22   时间 [2023/04/27 14:14:22]
讯息 [上相机
功能 StopLive : 成功]
  2023-04-27 14:14:26   时间 [2023/04/27 14:14:26]
讯息 [上相机
功能 GrabOneShot : 成功]
  2023-04-27 14:14:29   时间 [2023/04/27 14:14:29]
讯息 [上相机
功能 StopLive : 成功]
  2023-04-27 14:14:30   时间 [2023/04/27 14:14:30]
讯息 [上相机
功能 StartLive : 成功]
  2023-04-27 14:14:42   时间 [2023/04/27 14:14:42]
讯息 [上相机
功能 StopLive : 成功]
  2023-04-27 14:14:53   时间 [2023/04/27 14:14:53]
讯息 [
功能 AddROI : 成功]
  2023-04-27 14:15:00   时间 [2023/04/27 14:15:00]
讯息 [HALCON error #8510: Number of shape model points too small in operator create_scaled_shape_model]
  2023-04-27 14:15:18   时间 [2023/04/27 14:15:18]
讯息 [HALCON error #8510: Number of shape model points too small in operator create_scaled_shape_model]
  2023-04-27 14:15:32   时间 [2023/04/27 14:15:32]
讯息 [
功能 Open_File_To_Get_Image : 成功]
  2023-04-27 14:15:34   时间 [2023/04/27 14:15:34]
讯息 [
功能 AddROI : 成功]
  2023-04-27 14:16:55   时间 [2023/04/27 14:16:55]
讯息 [上相机
功能 StartLive : 成功]
  2023-04-27 14:29:35   时间 [2023/04/27 14:29:35]
讯息 [储存 成功]
  2023-04-27 14:29:56   时间 [2023/04/27 14:29:56]
讯息 [控制器连线失败, 开启 模拟系统]
  2023-04-27 14:29:56   时间 [2023/04/27 14:29:56]
讯息 [储存 成功]
  2023-04-27 14:29:56   时间 [2023/04/27 14:29:56]
讯息 [储存 成功]
  2023-04-27 14:29:56   时间 [2023/04/27 14:29:56]
讯息 [储存 成功]
  2023-04-27 14:29:56   时间 [2023/04/27 14:29:56]
讯息 [储存 成功]
  2023-04-27 14:30:00   时间 [2023/04/27 14:30:00]
讯息 [上相机
功能 Open : 成功]
  2023-04-27 14:30:00   时间 [2023/04/27 14:30:00]
讯息 [储存 成功]
  2023-04-27 14:30:00   时间 [2023/04/27 14:30:00]
讯息 [储存 成功]
  2023-04-27 14:30:11   时间 [2023/04/27 14:30:11]
讯息 [上相机
功能 StartLive : 成功]
  2023-04-27 14:30:36   时间 [2023/04/27 14:30:36]
讯息 [上相机
功能 StopLive : 成功]
  2023-04-27 14:30:42   时间 [2023/04/27 14:30:42]
讯息 [
功能 AddROI : 成功]
  2023-04-27 14:30:44   时间 [2023/04/27 14:30:44]
讯息 [HALCON error #4056: Image data management: object-ID is NULL (0) in operator reduce_domain]
  2023-04-27 14:31:04   时间 [2023/04/27 14:31:04]
讯息 [上相机
功能 StartLive : 成功]
  2023-04-27 14:31:05   时间 [2023/04/27 14:31:05]
讯息 [上相机
功能 StopLive : 成功]
  2023-04-27 14:31:08   时间 [2023/04/27 14:31:08]
讯息 [上相机
功能 StartLive : 成功]
  2023-04-27 14:31:16   时间 [2023/04/27 14:31:16]
讯息 [上相机
功能 StopLive : 成功]
  2023-04-27 14:31:17   时间 [2023/04/27 14:31:17]
讯息 [上相机
功能 GrabOneShot : 成功]
  2023-04-27 14:31:20   时间 [2023/04/27 14:31:20]
讯息 [上相机
功能 GrabOneShot : 成功]
  2023-04-27 14:31:23   时间 [2023/04/27 14:31:23]
讯息 [上相机
功能 StartLive : 成功]
  2023-04-27 14:31:27   时间 [2023/04/27 14:31:27]
讯息 [上相机
功能 StopLive : 成功]
  2023-04-27 14:31:43   时间 [2023/04/27 14:31:43]
讯息 [
功能 AddROI : 成功]
  2023-04-27 14:35:44   时间 [2023/04/27 14:35:44]
讯息 [
功能 Open_File_To_Get_Image : 成功]
  2023-04-27 14:35:49   时间 [2023/04/27 14:35:49]
讯息 [上相机
功能 StartLive : 成功]
  2023-04-27 14:35:54   时间 [2023/04/27 14:35:54]
讯息 [上相机
功能 StopLive : 成功]
  2023-04-27 14:36:01   时间 [2023/04/27 14:36:01]
讯息 [
功能 Open_File_To_Get_Image : 成功]
  2023-04-27 14:36:06   时间 [2023/04/27 14:36:06]
讯息 [上相机
功能 StartLive : 成功]
  2023-04-27 15:08:40   时间 [2023/04/27 15:08:40]
讯息 [储存 成功]
  2023-04-27 15:09:01   时间 [2023/04/27 15:09:01]
讯息 [控制器连线失败, 开启 模拟系统]
  2023-04-27 15:09:01   时间 [2023/04/27 15:09:01]
讯息 [储存 成功]
  2023-04-27 15:09:01   时间 [2023/04/27 15:09:01]
讯息 [储存 成功]
  2023-04-27 15:09:01   时间 [2023/04/27 15:09:01]
讯息 [储存 成功]
  2023-04-27 15:09:01   时间 [2023/04/27 15:09:01]
讯息 [储存 成功]
  2023-04-27 15:09:01   时间 [2023/04/27 15:09:01]
讯息 [上相机
功能 Open : 成功]
  2023-04-27 15:09:02   时间 [2023/04/27 15:09:02]
讯息 [储存 成功]
  2023-04-27 15:09:02   时间 [2023/04/27 15:09:02]
讯息 [储存 成功]
  2023-04-27 15:09:40   时间 [2023/04/27 15:09:40]
讯息 [
功能 Open_File_To_Get_Image : 成功]
  2023-04-27 15:10:08   时间 [2023/04/27 15:10:08]
讯息 [上相机
功能 StartLive : 成功]
  2023-04-27 15:11:32   时间 [2023/04/27 15:11:32]
讯息 [
功能 AddROI : 失败
相机拍摄中，请关闭实时]
  2023-04-27 15:11:41   时间 [2023/04/27 15:11:41]
讯息 [上相机
功能 StopLive : 成功]
  2023-04-27 15:11:42   时间 [2023/04/27 15:11:42]
讯息 [
功能 AddROI : 成功]
  2023-04-27 15:13:15   时间 [2023/04/27 15:13:15]
讯息 [
功能 AddROI : 成功]
  2023-04-27 15:13:56   时间 [2023/04/27 15:13:56]
讯息 [上相机
功能 StartLive : 成功]
  2023-04-27 15:14:03   时间 [2023/04/27 15:14:03]
讯息 [上相机
功能 StartLive : 成功]
  2023-04-27 15:14:04   时间 [2023/04/27 15:14:04]
讯息 [上相机
功能 StartLive : 成功]
  2023-04-27 15:14:06   时间 [2023/04/27 15:14:06]
讯息 [上相机
功能 StopLive : 成功]
  2023-04-27 15:14:07   时间 [2023/04/27 15:14:07]
讯息 [上相机
功能 StartLive : 成功]
  2023-04-27 15:14:11   时间 [2023/04/27 15:14:11]
讯息 [上相机
功能 StartLive : 成功]
  2023-04-27 15:14:18   时间 [2023/04/27 15:14:18]
讯息 [上相机
功能 StopLive : 成功]
  2023-04-27 15:14:26   时间 [2023/04/27 15:14:26]
讯息 [上相机
功能 StartLive : 成功]
  2023-04-27 15:14:30   时间 [2023/04/27 15:14:30]
讯息 [上相机
功能 StopLive : 成功]
  2023-04-27 15:14:33   时间 [2023/04/27 15:14:33]
讯息 [上相机
功能 StartLive : 成功]
  2023-04-27 15:14:45   时间 [2023/04/27 15:14:45]
讯息 [上相机
功能 StopLive : 成功]
  2023-04-27 15:15:20   时间 [2023/04/27 15:15:20]
讯息 [
功能 Open_File_To_Get_Image : 成功]
  2023-04-27 15:15:38   时间 [2023/04/27 15:15:38]
讯息 [
功能 AddROI : 成功]
  2023-04-27 15:15:54   时间 [2023/04/27 15:15:54]
讯息 [上相机
功能 StartLive : 成功]
  2023-04-27 15:16:04   时间 [2023/04/27 15:16:04]
讯息 [上相机
功能 StopLive : 成功]
  2023-04-27 15:16:17   时间 [2023/04/27 15:16:17]
讯息 [
功能 Open_File_To_Get_Image : 成功]
  2023-04-27 15:16:50   时间 [2023/04/27 15:16:50]
讯息 [
功能 Open_File_To_Get_Image : 成功]
  2023-04-27 15:17:03   时间 [2023/04/27 15:17:03]
讯息 [上相机
功能 StartLive : 成功]
  2023-04-27 15:17:05   时间 [2023/04/27 15:17:05]
讯息 [上相机
功能 StopLive : 成功]
  2023-04-27 15:17:43   时间 [2023/04/27 15:17:43]
讯息 [上相机
功能 GrabOneShot : 成功]
  2023-04-27 15:17:45   时间 [2023/04/27 15:17:45]
讯息 [上相机
功能 StartLive : 成功]
  2023-04-27 15:17:48   时间 [2023/04/27 15:17:48]
讯息 [上相机
功能 StopLive : 成功]
  2023-04-27 15:17:50   时间 [2023/04/27 15:17:50]
讯息 [上相机
功能 StartLive : 成功]
  2023-04-27 15:17:53   时间 [2023/04/27 15:17:53]
讯息 [上相机
功能 StopLive : 成功]
  2023-04-27 15:22:29   时间 [2023/04/27 15:22:29]
讯息 [储存 成功]
  2023-04-27 15:22:50   时间 [2023/04/27 15:22:50]
讯息 [控制器连线失败, 开启 模拟系统]
  2023-04-27 15:22:50   时间 [2023/04/27 15:22:50]
讯息 [储存 成功]
  2023-04-27 15:22:50   时间 [2023/04/27 15:22:50]
讯息 [储存 成功]
  2023-04-27 15:22:50   时间 [2023/04/27 15:22:50]
讯息 [储存 成功]
  2023-04-27 15:22:50   时间 [2023/04/27 15:22:50]
讯息 [储存 成功]
  2023-04-27 15:22:51   时间 [2023/04/27 15:22:51]
讯息 [上相机
功能 Open : 失败
Failed to open 'Basler acA640-90gm#0030532949B5#192.168.0.17:3956'. The device is controlled by another application. Err: An attempt was made to access an address location which is currently/momentary not accessible. (0xE1018006)
 : RuntimeException thrown (file 'gigedevice.cpp', line 263)]
  2023-04-27 15:22:51   时间 [2023/04/27 15:22:51]
讯息 [Resource_Tool_ConfigData_Camera 生产物件失败 
 Parameter under CameraDevice can only be accessed when the camera is open.]
  2023-04-27 15:22:51   时间 [2023/04/27 15:22:51]
讯息 [储存 成功]
  2023-04-27 15:23:18   时间 [2023/04/27 15:23:18]
讯息 [储存 成功]
  2023-04-27 15:23:39   时间 [2023/04/27 15:23:39]
讯息 [控制器连线失败, 开启 模拟系统]
  2023-04-27 15:23:39   时间 [2023/04/27 15:23:39]
讯息 [储存 成功]
  2023-04-27 15:23:39   时间 [2023/04/27 15:23:39]
讯息 [储存 成功]
  2023-04-27 15:23:39   时间 [2023/04/27 15:23:39]
讯息 [储存 成功]
  2023-04-27 15:23:39   时间 [2023/04/27 15:23:39]
讯息 [储存 成功]
  2023-04-27 15:23:40   时间 [2023/04/27 15:23:40]
讯息 [储存 成功]
  2023-04-27 15:23:40   时间 [2023/04/27 15:23:40]
讯息 [储存 成功]
  2023-04-27 15:23:50   时间 [2023/04/27 15:23:50]
讯息 [上相机
功能 StartLive : 成功]
  2023-04-27 15:25:26   时间 [2023/04/27 15:25:25]
讯息 [储存 成功]
  2023-04-27 15:25:46   时间 [2023/04/27 15:25:46]
讯息 [控制器连线失败, 开启 模拟系统]
  2023-04-27 15:25:47   时间 [2023/04/27 15:25:47]
讯息 [储存 成功]
  2023-04-27 15:25:47   时间 [2023/04/27 15:25:47]
讯息 [储存 成功]
  2023-04-27 15:25:47   时间 [2023/04/27 15:25:47]
讯息 [储存 成功]
  2023-04-27 15:25:47   时间 [2023/04/27 15:25:47]
讯息 [储存 成功]
  2023-04-27 15:25:47   时间 [2023/04/27 15:25:47]
讯息 [储存 成功]
  2023-04-27 15:25:47   时间 [2023/04/27 15:25:47]
讯息 [储存 成功]
  2023-04-27 15:26:18   时间 [2023/04/27 15:26:18]
讯息 [上相机
功能 StartLive : 成功]
  2023-04-27 15:26:25   时间 [2023/04/27 15:26:25]
讯息 [上相机
功能 StopLive : 成功]
  2023-04-27 15:26:25   时间 [2023/04/27 15:26:25]
讯息 [上相机
功能 StartLive : 成功]
  2023-04-27 15:28:07   时间 [2023/04/27 15:28:07]
讯息 [储存 成功]
  2023-04-27 15:28:28   时间 [2023/04/27 15:28:28]
讯息 [控制器连线失败, 开启 模拟系统]
  2023-04-27 15:28:28   时间 [2023/04/27 15:28:28]
讯息 [储存 成功]
  2023-04-27 15:28:28   时间 [2023/04/27 15:28:28]
讯息 [储存 成功]
  2023-04-27 15:28:28   时间 [2023/04/27 15:28:28]
讯息 [储存 成功]
  2023-04-27 15:28:28   时间 [2023/04/27 15:28:28]
讯息 [储存 成功]
  2023-04-27 15:29:26   时间 [2023/04/27 15:29:26]
讯息 [储存 成功]
  2023-04-27 15:29:47   时间 [2023/04/27 15:29:47]
讯息 [控制器连线失败, 开启 模拟系统]
  2023-04-27 15:29:47   时间 [2023/04/27 15:29:47]
讯息 [储存 成功]
  2023-04-27 15:29:47   时间 [2023/04/27 15:29:47]
讯息 [储存 成功]
  2023-04-27 15:29:47   时间 [2023/04/27 15:29:47]
讯息 [储存 成功]
  2023-04-27 15:29:47   时间 [2023/04/27 15:29:47]
讯息 [储存 成功]
  2023-04-27 15:30:11   时间 [2023/04/27 15:30:11]
讯息 [上相机
功能 Open : 成功]
  2023-04-27 15:30:12   时间 [2023/04/27 15:30:12]
讯息 [储存 成功]
  2023-04-27 15:30:12   时间 [2023/04/27 15:30:12]
讯息 [储存 成功]
  2023-04-27 15:30:29   时间 [2023/04/27 15:30:29]
讯息 [上相机
功能 StartLive : 成功]
  2023-04-27 15:30:36   时间 [2023/04/27 15:30:36]
讯息 [上相机
功能 StopLive : 成功]
  2023-04-27 15:30:38   时间 [2023/04/27 15:30:38]
讯息 [上相机
功能 StartLive : 成功]
  2023-04-27 15:30:57   时间 [2023/04/27 15:30:57]
讯息 [上相机
功能 StopLive : 成功]
  2023-04-27 15:31:00   时间 [2023/04/27 15:31:00]
讯息 [
功能 AddROI : 成功]
  2023-04-27 15:31:02   时间 [2023/04/27 15:31:02]
讯息 [
功能 AddROI : 成功]
  2023-04-27 15:31:12   时间 [2023/04/27 15:31:12]
讯息 [HALCON error #3111: At least one input object has an empty region in operator create_scaled_shape_model]
  2023-04-27 15:31:22   时间 [2023/04/27 15:31:22]
讯息 [HALCON error #3111: At least one input object has an empty region in operator create_scaled_shape_model]
  2023-04-27 15:32:14   时间 [2023/04/27 15:32:14]
讯息 [HALCON error #3111: At least one input object has an empty region in operator create_scaled_shape_model]
  2023-04-27 15:33:22   时间 [2023/04/27 15:33:22]
讯息 [HALCON error #3111: At least one input object has an empty region in operator create_scaled_shape_model]
  2023-04-27 15:33:31   时间 [2023/04/27 15:33:31]
讯息 [
功能 Open_File_To_Get_Image : 成功]
  2023-04-27 15:33:38   时间 [2023/04/27 15:33:38]
讯息 [
功能 Fit_Image : 成功]
  2023-04-27 15:33:40   时间 [2023/04/27 15:33:40]
讯息 [
功能 AddROI : 成功]
  2023-04-27 15:35:30   时间 [2023/04/27 15:35:30]
讯息 [上相机
功能 StartLive : 成功]
  2023-04-27 15:35:38   时间 [2023/04/27 15:35:38]
讯息 [上相机
功能 StopLive : 成功]
  2023-04-27 15:35:49   时间 [2023/04/27 15:35:49]
讯息 [上相机
功能 StartLive : 成功]
  2023-04-27 15:36:39   时间 [2023/04/27 15:36:39]
讯息 [上相机
功能 StopLive : 成功]
  2023-04-27 15:40:24   时间 [2023/04/27 15:40:24]
讯息 [上相机
功能 StartLive : 成功]
  2023-04-27 15:44:24   时间 [2023/04/27 15:44:24]
讯息 [储存 成功]
  2023-04-27 15:44:45   时间 [2023/04/27 15:44:45]
讯息 [控制器连线失败, 开启 模拟系统]
  2023-04-27 15:44:45   时间 [2023/04/27 15:44:45]
讯息 [储存 成功]
  2023-04-27 15:44:45   时间 [2023/04/27 15:44:45]
讯息 [储存 成功]
  2023-04-27 15:44:45   时间 [2023/04/27 15:44:45]
讯息 [储存 成功]
  2023-04-27 15:44:45   时间 [2023/04/27 15:44:45]
讯息 [储存 成功]
  2023-04-27 15:44:45   时间 [2023/04/27 15:44:45]
讯息 [上相机
功能 Open : 成功]
  2023-04-27 15:44:46   时间 [2023/04/27 15:44:46]
讯息 [储存 成功]
  2023-04-27 15:44:46   时间 [2023/04/27 15:44:46]
讯息 [储存 成功]
  2023-04-27 15:44:58   时间 [2023/04/27 15:44:58]
讯息 [上相机
功能 StartLive : 成功]
  2023-04-27 15:45:02   时间 [2023/04/27 15:45:02]
讯息 [上相机
功能 StopLive : 成功]
  2023-04-27 15:54:55   时间 [2023/04/27 15:54:55]
讯息 [储存 成功]
  2023-04-27 15:55:16   时间 [2023/04/27 15:55:16]
讯息 [控制器连线失败, 开启 模拟系统]
  2023-04-27 15:55:16   时间 [2023/04/27 15:55:16]
讯息 [储存 成功]
  2023-04-27 15:55:16   时间 [2023/04/27 15:55:16]
讯息 [储存 成功]
  2023-04-27 15:55:16   时间 [2023/04/27 15:55:16]
讯息 [储存 成功]
  2023-04-27 15:55:16   时间 [2023/04/27 15:55:16]
讯息 [储存 成功]
  2023-04-27 15:55:17   时间 [2023/04/27 15:55:17]
讯息 [上相机
功能 Open : 成功]
  2023-04-27 15:55:17   时间 [2023/04/27 15:55:17]
讯息 [储存 成功]
  2023-04-27 15:55:17   时间 [2023/04/27 15:55:17]
讯息 [储存 成功]
  2023-04-27 15:55:30   时间 [2023/04/27 15:55:30]
讯息 [上相机
功能 StartLive : 成功]
  2023-04-27 15:58:28   时间 [2023/04/27 15:58:28]
讯息 [储存 成功]
  2023-04-27 15:58:49   时间 [2023/04/27 15:58:49]
讯息 [控制器连线失败, 开启 模拟系统]
  2023-04-27 15:58:49   时间 [2023/04/27 15:58:49]
讯息 [储存 成功]
  2023-04-27 15:58:49   时间 [2023/04/27 15:58:49]
讯息 [储存 成功]
  2023-04-27 15:58:49   时间 [2023/04/27 15:58:49]
讯息 [储存 成功]
  2023-04-27 15:58:49   时间 [2023/04/27 15:58:49]
讯息 [储存 成功]
  2023-04-27 15:58:50   时间 [2023/04/27 15:58:50]
讯息 [上相机
功能 Open : 失败
Failed to open 'Basler acA640-90gm#0030532949B5#192.168.0.17:3956'. The device is controlled by another application. Err: An attempt was made to access an address location which is currently/momentary not accessible. (0xE1018006)
 : RuntimeException thrown (file 'gigedevice.cpp', line 263)]
  2023-04-27 15:58:50   时间 [2023/04/27 15:58:50]
讯息 [Resource_Tool_ConfigData_Camera 生产物件失败 
 Parameter under CameraDevice can only be accessed when the camera is open.]
  2023-04-27 15:58:50   时间 [2023/04/27 15:58:50]
讯息 [储存 成功]
  2023-04-27 16:01:08   时间 [2023/04/27 16:01:08]
讯息 [储存 成功]
  2023-04-27 16:01:29   时间 [2023/04/27 16:01:29]
讯息 [控制器连线失败, 开启 模拟系统]
  2023-04-27 16:01:29   时间 [2023/04/27 16:01:29]
讯息 [储存 成功]
  2023-04-27 16:01:29   时间 [2023/04/27 16:01:29]
讯息 [储存 成功]
  2023-04-27 16:01:29   时间 [2023/04/27 16:01:29]
讯息 [储存 成功]
  2023-04-27 16:01:29   时间 [2023/04/27 16:01:29]
讯息 [储存 成功]
  2023-04-27 16:01:29   时间 [2023/04/27 16:01:29]
讯息 [储存 成功]
  2023-04-27 16:01:29   时间 [2023/04/27 16:01:29]
讯息 [储存 成功]
  2023-04-27 16:01:52   时间 [2023/04/27 16:01:52]
讯息 [上相机
功能 StartLive : 成功]
  2023-04-27 16:02:16   时间 [2023/04/27 16:02:16]
讯息 [上相机
功能 StopLive : 成功]
  2023-04-27 16:03:46   时间 [2023/04/27 16:03:46]
讯息 [上相机
功能 StartLive : 成功]
  2023-04-27 16:03:58   时间 [2023/04/27 16:03:58]
讯息 [上相机
功能 StopLive : 成功]
  2023-04-27 16:04:02   时间 [2023/04/27 16:04:02]
讯息 [上相机
功能 StartLive : 成功]
  2023-04-27 16:04:04   时间 [2023/04/27 16:04:04]
讯息 [上相机
功能 StopLive : 成功]
  2023-04-27 16:04:44   时间 [2023/04/27 16:04:44]
讯息 [储存 成功]
  2023-04-27 16:05:05   时间 [2023/04/27 16:05:05]
讯息 [控制器连线失败, 开启 模拟系统]
  2023-04-27 16:05:05   时间 [2023/04/27 16:05:05]
讯息 [储存 成功]
  2023-04-27 16:05:05   时间 [2023/04/27 16:05:05]
讯息 [储存 成功]
  2023-04-27 16:05:05   时间 [2023/04/27 16:05:05]
讯息 [储存 成功]
  2023-04-27 16:05:05   时间 [2023/04/27 16:05:05]
讯息 [储存 成功]
  2023-04-27 16:05:06   时间 [2023/04/27 16:05:06]
讯息 [上相机
功能 Open : 成功]
  2023-04-27 16:05:06   时间 [2023/04/27 16:05:06]
讯息 [储存 成功]
  2023-04-27 16:05:06   时间 [2023/04/27 16:05:06]
讯息 [储存 成功]
  2023-04-27 16:05:42   时间 [2023/04/27 16:05:42]
讯息 [上相机
功能 StartLive : 成功]
  2023-04-27 16:07:53   时间 [2023/04/27 16:07:53]
讯息 [上相机
功能 SetAutoExposure : 成功]
  2023-04-27 16:07:57   时间 [2023/04/27 16:07:57]
讯息 [上相机
功能 SetExposureTime : 成功]
  2023-04-27 16:08:01   时间 [2023/04/27 16:08:01]
讯息 [上相机
功能 SetAutoGain : 成功]
  2023-04-27 16:08:05   时间 [2023/04/27 16:08:05]
讯息 [上相机
功能 SetGain : 成功]
  2023-04-27 16:09:03   时间 [2023/04/27 16:09:03]
讯息 [上相机
功能 SetAutoExposure : 成功]
  2023-04-27 16:09:03   时间 [2023/04/27 16:09:03]
讯息 [上相机
功能 SetExposureTime : 成功]
  2023-04-27 16:09:03   时间 [2023/04/27 16:09:03]
讯息 [上相机
功能 SetAutoGain : 成功]
  2023-04-27 16:09:03   时间 [2023/04/27 16:09:03]
讯息 [上相机
功能 SetGain : 成功]
  2023-04-27 16:09:32   时间 [2023/04/27 16:09:32]
讯息 [上相机
功能 SetAutoExposure : 成功]
  2023-04-27 16:09:32   时间 [2023/04/27 16:09:32]
讯息 [上相机
功能 SetExposureTime : 成功]
  2023-04-27 16:09:32   时间 [2023/04/27 16:09:32]
讯息 [上相机
功能 SetAutoGain : 成功]
  2023-04-27 16:09:32   时间 [2023/04/27 16:09:32]
讯息 [上相机
功能 SetGain : 成功]
  2023-04-27 16:09:45   时间 [2023/04/27 16:09:45]
讯息 [上相机
功能 SetAutoExposure : 成功]
  2023-04-27 16:09:45   时间 [2023/04/27 16:09:45]
讯息 [上相机
功能 SetExposureTime : 成功]
  2023-04-27 16:09:45   时间 [2023/04/27 16:09:45]
讯息 [上相机
功能 SetAutoGain : 成功]
  2023-04-27 16:09:45   时间 [2023/04/27 16:09:45]
讯息 [上相机
功能 SetGain : 成功]
  2023-04-27 16:09:52   时间 [2023/04/27 16:09:52]
讯息 [上相机
功能 SetAutoExposure : 成功]
  2023-04-27 16:09:52   时间 [2023/04/27 16:09:52]
讯息 [上相机
功能 SetExposureTime : 成功]
  2023-04-27 16:09:52   时间 [2023/04/27 16:09:52]
讯息 [上相机
功能 SetAutoGain : 成功]
  2023-04-27 16:09:52   时间 [2023/04/27 16:09:52]
讯息 [上相机
功能 SetGain : 成功]
  2023-04-27 16:32:02   时间 [2023/04/27 16:32:02]
讯息 [储存 成功]
  2023-04-27 16:32:23   时间 [2023/04/27 16:32:23]
讯息 [控制器连线失败, 开启 模拟系统]
  2023-04-27 16:32:23   时间 [2023/04/27 16:32:23]
讯息 [储存 成功]
  2023-04-27 16:32:23   时间 [2023/04/27 16:32:23]
讯息 [储存 成功]
  2023-04-27 16:32:23   时间 [2023/04/27 16:32:23]
讯息 [储存 成功]
  2023-04-27 16:32:23   时间 [2023/04/27 16:32:23]
讯息 [储存 成功]
  2023-04-27 16:32:23   时间 [2023/04/27 16:32:23]
讯息 [上相机
功能 Open : 成功]
  2023-04-27 16:32:24   时间 [2023/04/27 16:32:24]
讯息 [储存 成功]
  2023-04-27 16:32:24   时间 [2023/04/27 16:32:24]
讯息 [储存 成功]
  2023-04-27 16:32:46   时间 [2023/04/27 16:32:46]
讯息 [上相机
功能 StartLive : 成功]
  2023-04-27 16:32:57   时间 [2023/04/27 16:32:57]
讯息 [上相机
功能 SetAutoExposure : 成功]
  2023-04-27 16:32:57   时间 [2023/04/27 16:32:57]
讯息 [上相机
功能 SetExposureTime : 成功]
  2023-04-27 16:32:57   时间 [2023/04/27 16:32:57]
讯息 [上相机
功能 SetAutoGain : 成功]
  2023-04-27 16:32:57   时间 [2023/04/27 16:32:57]
讯息 [上相机
功能 SetGain : 成功]
  2023-04-27 16:33:11   时间 [2023/04/27 16:33:11]
讯息 [上相机
功能 SetAutoExposure : 成功]
  2023-04-27 16:33:11   时间 [2023/04/27 16:33:11]
讯息 [上相机
功能 SetExposureTime : 成功]
  2023-04-27 16:33:11   时间 [2023/04/27 16:33:11]
讯息 [上相机
功能 SetAutoGain : 成功]
  2023-04-27 16:33:11   时间 [2023/04/27 16:33:11]
讯息 [上相机
功能 SetGain : 成功]
  2023-04-27 16:33:26   时间 [2023/04/27 16:33:26]
讯息 [上相机
功能 SetAutoExposure : 成功]
  2023-04-27 16:33:26   时间 [2023/04/27 16:33:26]
讯息 [上相机
功能 SetExposureTime : 成功]
  2023-04-27 16:33:26   时间 [2023/04/27 16:33:26]
讯息 [上相机
功能 SetAutoGain : 成功]
  2023-04-27 16:33:26   时间 [2023/04/27 16:33:26]
讯息 [上相机
功能 SetGain : 成功]
  2023-04-27 16:33:34   时间 [2023/04/27 16:33:34]
讯息 [上相机
功能 SetAutoExposure : 成功]
  2023-04-27 16:33:34   时间 [2023/04/27 16:33:34]
讯息 [上相机
功能 SetExposureTime : 成功]
  2023-04-27 16:33:34   时间 [2023/04/27 16:33:34]
讯息 [上相机
功能 SetAutoGain : 成功]
  2023-04-27 16:33:34   时间 [2023/04/27 16:33:34]
讯息 [上相机
功能 SetGain : 成功]
  2023-04-27 16:33:41   时间 [2023/04/27 16:33:41]
讯息 [上相机
功能 SetAutoExposure : 成功]
  2023-04-27 16:33:41   时间 [2023/04/27 16:33:41]
讯息 [上相机
功能 SetExposureTime : 成功]
  2023-04-27 16:33:41   时间 [2023/04/27 16:33:41]
讯息 [上相机
功能 SetAutoGain : 成功]
  2023-04-27 16:33:41   时间 [2023/04/27 16:33:41]
讯息 [上相机
功能 SetGain : 成功]
  2023-04-27 16:33:49   时间 [2023/04/27 16:33:49]
讯息 [上相机
功能 SetAutoExposure : 成功]
  2023-04-27 16:33:49   时间 [2023/04/27 16:33:49]
讯息 [上相机
功能 SetExposureTime : 成功]
  2023-04-27 16:33:49   时间 [2023/04/27 16:33:49]
讯息 [上相机
功能 SetAutoGain : 成功]
  2023-04-27 16:33:49   时间 [2023/04/27 16:33:49]
讯息 [上相机
功能 SetGain : 成功]
  2023-04-27 16:34:02   时间 [2023/04/27 16:34:02]
讯息 [上相机
功能 SetAutoExposure : 成功]
  2023-04-27 16:34:02   时间 [2023/04/27 16:34:02]
讯息 [上相机
功能 SetExposureTime : 成功]
  2023-04-27 16:34:02   时间 [2023/04/27 16:34:02]
讯息 [上相机
功能 SetAutoGain : 成功]
  2023-04-27 16:34:02   时间 [2023/04/27 16:34:02]
讯息 [上相机
功能 SetGain : 成功]
  2023-04-27 16:35:14   时间 [2023/04/27 16:35:14]
讯息 [上相机
功能 StopLive : 成功]
  2023-04-27 16:35:14   时间 [2023/04/27 16:35:14]
讯息 [上相机
功能 StopLive : 成功]
  2023-04-27 16:35:20   时间 [2023/04/27 16:35:20]
讯息 [上相机
功能 StartLive : 成功]
  2023-04-27 16:35:22   时间 [2023/04/27 16:35:22]
讯息 [上相机
功能 StopLive : 成功]
  2023-04-27 16:35:28   时间 [2023/04/27 16:35:28]
讯息 [上相机
功能 GrabOneShot : 成功]
  2023-04-27 16:35:32   时间 [2023/04/27 16:35:32]
讯息 [上相机
功能 StopLive : 成功]
  2023-04-27 17:10:01   时间 [2023/04/27 17:10:01]
讯息 [储存 成功]
  2023-04-27 17:10:23   时间 [2023/04/27 17:10:23]
讯息 [控制器连线失败, 开启 模拟系统]
  2023-04-27 17:10:23   时间 [2023/04/27 17:10:23]
讯息 [储存 成功]
  2023-04-27 17:10:23   时间 [2023/04/27 17:10:23]
讯息 [储存 成功]
  2023-04-27 17:10:23   时间 [2023/04/27 17:10:23]
讯息 [储存 成功]
  2023-04-27 17:10:23   时间 [2023/04/27 17:10:23]
讯息 [储存 成功]
  2023-04-27 17:10:23   时间 [2023/04/27 17:10:23]
讯息 [上相机
功能 Open : 成功]
  2023-04-27 17:10:24   时间 [2023/04/27 17:10:24]
讯息 [储存 成功]
  2023-04-27 17:10:24   时间 [2023/04/27 17:10:24]
讯息 [储存 成功]
  2023-04-27 17:10:38   时间 [2023/04/27 17:10:38]
讯息 [上相机
功能 StartLive : 成功]
  2023-04-27 17:10:47   时间 [2023/04/27 17:10:47]
讯息 [上相机
功能 SetAutoExposure : 成功]
  2023-04-27 17:10:47   时间 [2023/04/27 17:10:47]
讯息 [上相机
功能 SetExposureTime : 成功]
  2023-04-27 17:10:47   时间 [2023/04/27 17:10:47]
讯息 [上相机
功能 SetAutoGain : 成功]
  2023-04-27 17:10:47   时间 [2023/04/27 17:10:47]
讯息 [上相机
功能 SetGain : 成功]
  2023-04-27 17:12:38   时间 [2023/04/27 17:12:38]
讯息 [上相机
功能 StopLive : 成功]
  2023-04-27 17:12:41   时间 [2023/04/27 17:12:41]
讯息 [
功能 AddROI : 成功]
  2023-04-27 17:12:45   时间 [2023/04/27 17:12:45]
讯息 [HALCON error #3111: At least one input object has an empty region in operator create_scaled_shape_model]
  2023-04-27 17:12:55   时间 [2023/04/27 17:12:55]
讯息 [HALCON error #3111: At least one input object has an empty region in operator create_scaled_shape_model]
  2023-04-27 17:14:40   时间 [2023/04/27 17:14:40]
讯息 [HALCON error #3111: At least one input object has an empty region in operator create_scaled_shape_model]
  2023-04-27 17:22:36   时间 [2023/04/27 17:22:36]
讯息 [HALCON error #3111: At least one input object has an empty region in operator create_scaled_shape_model]
  2023-04-27 17:26:14   时间 [2023/04/27 17:26:14]
讯息 [HALCON error #3111: At least one input object has an empty region in operator create_scaled_shape_model]
  2023-04-27 17:26:19   时间 [2023/04/27 17:26:19]
讯息 [上相机
功能 StartLive : 成功]
  2023-04-27 17:29:32   时间 [2023/04/27 17:29:32]
讯息 [储存 成功]
  2023-04-27 17:29:53   时间 [2023/04/27 17:29:53]
讯息 [控制器连线失败, 开启 模拟系统]
  2023-04-27 17:29:53   时间 [2023/04/27 17:29:53]
讯息 [储存 成功]
  2023-04-27 17:29:53   时间 [2023/04/27 17:29:53]
讯息 [储存 成功]
  2023-04-27 17:29:53   时间 [2023/04/27 17:29:53]
讯息 [储存 成功]
  2023-04-27 17:29:53   时间 [2023/04/27 17:29:53]
讯息 [储存 成功]
  2023-04-27 17:29:54   时间 [2023/04/27 17:29:54]
讯息 [上相机
功能 Open : 失败
Failed to open 'Basler acA640-90gm#0030532949B5#192.168.0.17:3956'. The device is controlled by another application. Err: An attempt was made to access an address location which is currently/momentary not accessible. (0xE1018006)
 : RuntimeException thrown (file 'gigedevice.cpp', line 263)]
  2023-04-27 17:29:54   时间 [2023/04/27 17:29:54]
讯息 [Resource_Tool_ConfigData_Camera 生产物件失败 
 Parameter under CameraDevice can only be accessed when the camera is open.]
  2023-04-27 17:29:54   时间 [2023/04/27 17:29:54]
讯息 [储存 成功]
  2023-04-27 17:30:33   时间 [2023/04/27 17:30:33]
讯息 [储存 成功]
  2023-04-27 17:30:54   时间 [2023/04/27 17:30:54]
讯息 [控制器连线失败, 开启 模拟系统]
  2023-04-27 17:30:54   时间 [2023/04/27 17:30:54]
讯息 [储存 成功]
  2023-04-27 17:30:54   时间 [2023/04/27 17:30:54]
讯息 [储存 成功]
  2023-04-27 17:30:54   时间 [2023/04/27 17:30:54]
讯息 [储存 成功]
  2023-04-27 17:30:54   时间 [2023/04/27 17:30:54]
讯息 [储存 成功]
  2023-04-27 17:30:55   时间 [2023/04/27 17:30:55]
讯息 [上相机
功能 Open : 成功]
  2023-04-27 17:30:55   时间 [2023/04/27 17:30:55]
讯息 [储存 成功]
  2023-04-27 17:30:55   时间 [2023/04/27 17:30:55]
讯息 [储存 成功]
  2023-04-27 17:31:23   时间 [2023/04/27 17:31:23]
讯息 [上相机
功能 StartLive : 成功]
  2023-04-27 17:31:43   时间 [2023/04/27 17:31:43]
讯息 [上相机
功能 StopLive : 成功]
  2023-04-27 17:31:44   时间 [2023/04/27 17:31:44]
讯息 [
功能 AddROI : 成功]
  2023-04-27 17:32:10   时间 [2023/04/27 17:32:10]
讯息 [HALCON error #3111: At least one input object has an empty region in operator create_scaled_shape_model]
  2023-04-27 17:38:06   时间 [2023/04/27 17:38:06]
讯息 [储存 成功]
  2023-04-27 17:38:27   时间 [2023/04/27 17:38:27]
讯息 [控制器连线失败, 开启 模拟系统]
  2023-04-27 17:38:27   时间 [2023/04/27 17:38:27]
讯息 [储存 成功]
  2023-04-27 17:38:27   时间 [2023/04/27 17:38:27]
讯息 [储存 成功]
  2023-04-27 17:38:28   时间 [2023/04/27 17:38:28]
讯息 [储存 成功]
  2023-04-27 17:38:28   时间 [2023/04/27 17:38:28]
讯息 [储存 成功]
  2023-04-27 17:38:28   时间 [2023/04/27 17:38:28]
讯息 [上相机
功能 Open : 成功]
  2023-04-27 17:38:28   时间 [2023/04/27 17:38:28]
讯息 [储存 成功]
  2023-04-27 17:38:28   时间 [2023/04/27 17:38:28]
讯息 [储存 成功]
  2023-04-27 17:39:08   时间 [2023/04/27 17:39:08]
讯息 [上相机
功能 GrabOneShot : 成功]
  2023-04-27 17:39:11   时间 [2023/04/27 17:39:11]
讯息 [上相机
功能 GrabOneShot : 成功]
  2023-04-27 17:39:13   时间 [2023/04/27 17:39:13]
讯息 [上相机
功能 StartLive : 成功]
  2023-04-27 17:39:19   时间 [2023/04/27 17:39:19]
讯息 [上相机
功能 StopLive : 成功]
  2023-04-27 17:39:20   时间 [2023/04/27 17:39:20]
讯息 [上相机
功能 GrabOneShot : 成功]
  2023-04-27 17:39:22   时间 [2023/04/27 17:39:22]
讯息 [上相机
功能 GrabOneShot : 成功]
  2023-04-27 17:39:25   时间 [2023/04/27 17:39:25]
讯息 [
功能 AddROI : 成功]
  2023-04-27 17:43:25   时间 [2023/04/27 17:43:25]
讯息 [储存 成功]
  2023-04-27 17:43:46   时间 [2023/04/27 17:43:46]
讯息 [控制器连线失败, 开启 模拟系统]
  2023-04-27 17:43:46   时间 [2023/04/27 17:43:46]
讯息 [储存 成功]
  2023-04-27 17:43:46   时间 [2023/04/27 17:43:46]
讯息 [储存 成功]
  2023-04-27 17:43:46   时间 [2023/04/27 17:43:46]
讯息 [储存 成功]
  2023-04-27 17:43:46   时间 [2023/04/27 17:43:46]
讯息 [储存 成功]
  2023-04-27 17:43:46   时间 [2023/04/27 17:43:46]
讯息 [上相机
功能 Open : 失败
Failed to open 'Basler acA640-90gm#0030532949B5#192.168.0.17:3956'. The device is controlled by another application. Err: An attempt was made to access an address location which is currently/momentary not accessible. (0xE1018006)
 : RuntimeException thrown (file 'gigedevice.cpp', line 263)]
  2023-04-27 17:43:46   时间 [2023/04/27 17:43:46]
讯息 [Resource_Tool_ConfigData_Camera 生产物件失败 
 Parameter under CameraDevice can only be accessed when the camera is open.]
  2023-04-27 17:43:47   时间 [2023/04/27 17:43:47]
讯息 [储存 成功]
  2023-04-27 17:44:33   时间 [2023/04/27 17:44:33]
讯息 [储存 成功]
  2023-04-27 17:44:54   时间 [2023/04/27 17:44:54]
讯息 [控制器连线失败, 开启 模拟系统]
  2023-04-27 17:44:54   时间 [2023/04/27 17:44:54]
讯息 [储存 成功]
  2023-04-27 17:44:54   时间 [2023/04/27 17:44:54]
讯息 [储存 成功]
  2023-04-27 17:44:54   时间 [2023/04/27 17:44:54]
讯息 [储存 成功]
  2023-04-27 17:44:54   时间 [2023/04/27 17:44:54]
讯息 [储存 成功]
  2023-04-27 17:44:55   时间 [2023/04/27 17:44:55]
讯息 [上相机
功能 Open : 成功]
  2023-04-27 17:44:55   时间 [2023/04/27 17:44:55]
讯息 [储存 成功]
  2023-04-27 17:44:55   时间 [2023/04/27 17:44:55]
讯息 [储存 成功]
  2023-04-27 17:45:07   时间 [2023/04/27 17:45:07]
讯息 [上相机
功能 StartLive : 成功]
  2023-04-27 17:45:38   时间 [2023/04/27 17:45:38]
讯息 [上相机
功能 GrabOneShot : 成功]
  2023-04-27 17:45:42   时间 [2023/04/27 17:45:42]
讯息 [上相机
功能 StopLive : 成功]
  2023-04-27 17:46:00   时间 [2023/04/27 17:46:00]
讯息 [索引超出范围。必须为非负值并小于集合大小。
参数名: index]
  2023-04-27 17:46:03   时间 [2023/04/27 17:46:03]
讯息 [
功能 AddROI : 成功]
  2023-04-27 17:46:03   时间 [2023/04/27 17:46:03]
讯息 [
功能 AddROI : 成功]
  2023-04-27 17:46:11   时间 [2023/04/27 17:46:11]
讯息 [HALCON error #3111: At least one input object has an empty region in operator create_scaled_shape_model]
  2023-04-27 17:46:14   时间 [2023/04/27 17:46:14]
讯息 [上相机
功能 GrabOneShot : 成功]
  2023-04-27 17:46:18   时间 [2023/04/27 17:46:18]
讯息 [HALCON error #3111: At least one input object has an empty region in operator create_scaled_shape_model]
  2023-04-27 17:46:23   时间 [2023/04/27 17:46:23]
讯息 [
功能 AddROI : 成功]
  2023-04-27 17:46:26   时间 [2023/04/27 17:46:26]
讯息 [HALCON error #3111: At least one input object has an empty region in operator create_scaled_shape_model]
  2023-04-27 17:46:32   时间 [2023/04/27 17:46:32]
讯息 [上相机
功能 GrabOneShot : 成功]
  2023-04-27 17:46:33   时间 [2023/04/27 17:46:33]
讯息 [上相机
功能 GrabOneShot : 成功]
  2023-04-27 17:46:33   时间 [2023/04/27 17:46:33]
讯息 [上相机
功能 GrabOneShot : 成功]
  2023-04-27 17:46:33   时间 [2023/04/27 17:46:33]
讯息 [上相机
功能 GrabOneShot : 成功]
  2023-04-27 17:46:33   时间 [2023/04/27 17:46:33]
讯息 [上相机
功能 GrabOneShot : 成功]
  2023-04-27 17:46:36   时间 [2023/04/27 17:46:36]
讯息 [HALCON error #3111: At least one input object has an empty region in operator create_scaled_shape_model]
  2023-04-27 17:46:40   时间 [2023/04/27 17:46:40]
讯息 [上相机
功能 StartLive : 成功]
  2023-04-27 17:46:51   时间 [2023/04/27 17:46:51]
讯息 [上相机
功能 GrabOneShot : 成功]
  2023-04-27 17:46:51   时间 [2023/04/27 17:46:51]
讯息 [上相机
功能 StopLive : 成功]
  2023-04-27 17:46:58   时间 [2023/04/27 17:46:58]
讯息 [HALCON error #3111: At least one input object has an empty region in operator create_scaled_shape_model]
  2023-04-27 17:47:29   时间 [2023/04/27 17:47:29]
讯息 [HALCON error #3111: At least one input object has an empty region in operator create_scaled_shape_model]
  2023-04-27 17:47:37   时间 [2023/04/27 17:47:37]
讯息 [HALCON error #3111: At least one input object has an empty region in operator create_scaled_shape_model]
  2023-04-27 17:47:51   时间 [2023/04/27 17:47:51]
讯息 [
功能 Fit_Image : 成功]
  2023-04-27 17:47:54   时间 [2023/04/27 17:47:54]
讯息 [
功能 AddROI : 成功]
  2023-04-27 17:48:06   时间 [2023/04/27 17:48:06]
讯息 [HALCON error #3111: At least one input object has an empty region in operator create_scaled_shape_model]
  2023-04-27 17:48:14   时间 [2023/04/27 17:48:14]
讯息 [上相机
功能 GrabOneShot : 成功]
  2023-04-27 17:48:38   时间 [2023/04/27 17:48:38]
讯息 [HALCON error #3111: At least one input object has an empty region in operator create_scaled_shape_model]
  2023-04-27 17:48:42   时间 [2023/04/27 17:48:42]
讯息 [上相机
功能 GrabOneShot : 成功]
  2023-04-27 17:55:13   时间 [2023/04/27 17:55:13]
讯息 [储存 成功]
  2023-04-27 17:55:34   时间 [2023/04/27 17:55:34]
讯息 [控制器连线失败, 开启 模拟系统]
  2023-04-27 17:55:34   时间 [2023/04/27 17:55:34]
讯息 [储存 成功]
  2023-04-27 17:55:34   时间 [2023/04/27 17:55:34]
讯息 [储存 成功]
  2023-04-27 17:55:34   时间 [2023/04/27 17:55:34]
讯息 [储存 成功]
  2023-04-27 17:55:34   时间 [2023/04/27 17:55:34]
讯息 [储存 成功]
  2023-04-27 17:55:35   时间 [2023/04/27 17:55:35]
讯息 [上相机
功能 Open : 成功]
  2023-04-27 17:55:35   时间 [2023/04/27 17:55:35]
讯息 [储存 成功]
  2023-04-27 17:55:35   时间 [2023/04/27 17:55:35]
讯息 [储存 成功]
  2023-04-27 17:56:08   时间 [2023/04/27 17:56:08]
讯息 [上相机
功能 StartLive : 成功]
  2023-04-27 17:56:19   时间 [2023/04/27 17:56:19]
讯息 [上相机
功能 StopLive : 成功]
  2023-04-27 17:56:19   时间 [2023/04/27 17:56:19]
讯息 [上相机
功能 GrabOneShot : 失败
The stream grabber is already grabbing.]
  2023-04-27 17:56:35   时间 [2023/04/27 17:56:35]
讯息 [
功能 AddROI : 成功]
  2023-04-27 17:56:37   时间 [2023/04/27 17:56:37]
讯息 [HALCON error #3111: At least one input object has an empty region in operator create_scaled_shape_model]
  2023-04-27 17:56:41   时间 [2023/04/27 17:56:41]
讯息 [HALCON error #3111: At least one input object has an empty region in operator create_scaled_shape_model]
  2023-04-27 17:56:46   时间 [2023/04/27 17:56:46]
讯息 [
功能 Fit_Image : 成功]
  2023-04-27 17:56:47   时间 [2023/04/27 17:56:47]
讯息 [
功能 AddROI : 成功]
  2023-04-27 17:56:49   时间 [2023/04/27 17:56:49]
讯息 [HALCON error #3111: At least one input object has an empty region in operator create_scaled_shape_model]
  2023-04-27 17:56:51   时间 [2023/04/27 17:56:51]
讯息 [上相机
功能 GrabOneShot : 成功]
  2023-04-27 17:56:55   时间 [2023/04/27 17:56:55]
讯息 [上相机
功能 GrabOneShot : 成功]
  2023-04-27 17:56:55   时间 [2023/04/27 17:56:55]
讯息 [上相机
功能 GrabOneShot : 成功]
  2023-04-27 17:56:55   时间 [2023/04/27 17:56:55]
讯息 [上相机
功能 GrabOneShot : 成功]
  2023-04-27 17:56:55   时间 [2023/04/27 17:56:55]
讯息 [上相机
功能 GrabOneShot : 成功]
  2023-04-27 17:56:56   时间 [2023/04/27 17:56:56]
讯息 [上相机
功能 GrabOneShot : 成功]
  2023-04-27 17:56:56   时间 [2023/04/27 17:56:56]
讯息 [上相机
功能 GrabOneShot : 成功]
  2023-04-27 17:56:57   时间 [2023/04/27 17:56:57]
讯息 [HALCON error #3111: At least one input object has an empty region in operator create_scaled_shape_model]
  2023-04-27 17:57:02   时间 [2023/04/27 17:57:02]
讯息 [HALCON error #3111: At least one input object has an empty region in operator create_scaled_shape_model]
  2023-04-27 17:57:06   时间 [2023/04/27 17:57:06]
讯息 [HALCON error #3111: At least one input object has an empty region in operator create_scaled_shape_model]
  2023-04-27 18:01:25   时间 [2023/04/27 18:01:25]
讯息 [储存 成功]
  2023-04-27 18:01:46   时间 [2023/04/27 18:01:46]
讯息 [控制器连线失败, 开启 模拟系统]
  2023-04-27 18:01:46   时间 [2023/04/27 18:01:46]
讯息 [储存 成功]
  2023-04-27 18:01:46   时间 [2023/04/27 18:01:46]
讯息 [储存 成功]
  2023-04-27 18:01:46   时间 [2023/04/27 18:01:46]
讯息 [储存 成功]
  2023-04-27 18:01:46   时间 [2023/04/27 18:01:46]
讯息 [储存 成功]
  2023-04-27 18:01:46   时间 [2023/04/27 18:01:46]
讯息 [上相机
功能 Open : 失败
Failed to open 'Basler acA640-90gm#0030532949B5#192.168.0.17:3956'. The device is controlled by another application. Err: An attempt was made to access an address location which is currently/momentary not accessible. (0xE1018006)
 : RuntimeException thrown (file 'gigedevice.cpp', line 263)]
  2023-04-27 18:01:46   时间 [2023/04/27 18:01:46]
讯息 [Resource_Tool_ConfigData_Camera 生产物件失败 
 Parameter under CameraDevice can only be accessed when the camera is open.]
  2023-04-27 18:01:47   时间 [2023/04/27 18:01:47]
讯息 [储存 成功]
  2023-04-27 18:02:56   时间 [2023/04/27 18:02:56]
讯息 [储存 成功]
  2023-04-27 18:03:05   时间 [2023/04/27 18:03:05]
讯息 [储存 成功]
  2023-04-27 18:03:26   时间 [2023/04/27 18:03:26]
讯息 [控制器连线失败, 开启 模拟系统]
  2023-04-27 18:03:26   时间 [2023/04/27 18:03:26]
讯息 [储存 成功]
  2023-04-27 18:03:26   时间 [2023/04/27 18:03:26]
讯息 [储存 成功]
  2023-04-27 18:03:26   时间 [2023/04/27 18:03:26]
讯息 [储存 成功]
  2023-04-27 18:03:26   时间 [2023/04/27 18:03:26]
讯息 [储存 成功]
  2023-04-27 18:03:26   时间 [2023/04/27 18:03:26]
讯息 [上相机
功能 Open : 成功]
  2023-04-27 18:03:27   时间 [2023/04/27 18:03:27]
讯息 [储存 成功]
  2023-04-27 18:03:27   时间 [2023/04/27 18:03:27]
讯息 [储存 成功]
  2023-04-27 18:03:53   时间 [2023/04/27 18:03:53]
讯息 [上相机
功能 StartLive : 成功]
  2023-04-27 18:04:03   时间 [2023/04/27 18:04:03]
讯息 [上相机
功能 StopLive : 成功]
  2023-04-27 18:04:05   时间 [2023/04/27 18:04:05]
讯息 [
功能 AddROI : 成功]
  2023-04-27 18:06:49   时间 [2023/04/27 18:06:49]
讯息 [上相机
功能 StartLive : 成功]
  2023-04-27 18:06:51   时间 [2023/04/27 18:06:51]
讯息 [上相机
功能 StopLive : 成功]
  2023-04-27 18:06:54   时间 [2023/04/27 18:06:54]
讯息 [
功能 AddROI : 成功]
  2023-04-27 18:07:19   时间 [2023/04/27 18:07:19]
讯息 [上相机
功能 GrabOneShot : 成功]
  2023-04-27 18:07:20   时间 [2023/04/27 18:07:20]
讯息 [上相机
功能 StartLive : 成功]
  2023-04-27 18:08:19   时间 [2023/04/27 18:08:19]
讯息 [上相机
功能 StopLive : 成功]
  2023-04-27 18:08:21   时间 [2023/04/27 18:08:21]
讯息 [
功能 AddROI : 成功]
  2023-04-27 18:09:49   时间 [2023/04/27 18:09:49]
讯息 [储存 成功]
  2023-04-27 18:10:10   时间 [2023/04/27 18:10:10]
讯息 [控制器连线失败, 开启 模拟系统]
  2023-04-27 18:10:10   时间 [2023/04/27 18:10:10]
讯息 [储存 成功]
  2023-04-27 18:10:10   时间 [2023/04/27 18:10:10]
讯息 [储存 成功]
  2023-04-27 18:10:10   时间 [2023/04/27 18:10:10]
讯息 [储存 成功]
  2023-04-27 18:10:10   时间 [2023/04/27 18:10:10]
讯息 [储存 成功]
  2023-04-27 18:10:11   时间 [2023/04/27 18:10:11]
讯息 [上相机
功能 Open : 成功]
  2023-04-27 18:10:11   时间 [2023/04/27 18:10:11]
讯息 [储存 成功]
  2023-04-27 18:10:11   时间 [2023/04/27 18:10:11]
讯息 [储存 成功]
  2023-04-27 18:10:22   时间 [2023/04/27 18:10:22]
讯息 [上相机
功能 StartLive : 成功]
  2023-04-27 18:10:22   时间 [2023/04/27 18:10:22]
讯息 [上相机
功能 StartLive : 成功]
  2023-04-27 18:10:25   时间 [2023/04/27 18:10:25]
讯息 [上相机
功能 StopLive : 成功]
  2023-04-27 18:10:28   时间 [2023/04/27 18:10:28]
讯息 [
功能 AddROI : 成功]
  2023-04-27 18:10:34   时间 [2023/04/27 18:10:34]
讯息 [HALCON error #3111: At least one input object has an empty region in operator create_scaled_shape_model]
  2023-04-27 18:10:39   时间 [2023/04/27 18:10:39]
讯息 [HALCON error #3111: At least one input object has an empty region in operator create_scaled_shape_model]
  2023-04-27 18:10:41   时间 [2023/04/27 18:10:41]
讯息 [上相机
功能 GrabOneShot : 成功]
  2023-04-27 18:10:43   时间 [2023/04/27 18:10:43]
讯息 [HALCON error #3111: At least one input object has an empty region in operator create_scaled_shape_model]
  2023-04-27 18:10:46   时间 [2023/04/27 18:10:46]
讯息 [HALCON error #3111: At least one input object has an empty region in operator create_scaled_shape_model]
  2023-04-27 18:10:48   时间 [2023/04/27 18:10:48]
讯息 [上相机
功能 StartLive : 成功]
  2023-04-27 18:10:51   时间 [2023/04/27 18:10:51]
讯息 [HALCON error #3111: At least one input object has an empty region in operator create_scaled_shape_model]
  2023-04-27 18:10:53   时间 [2023/04/27 18:10:53]
讯息 [上相机
功能 StopLive : 成功]
  2023-04-27 18:10:55   时间 [2023/04/27 18:10:55]
讯息 [HALCON error #3111: At least one input object has an empty region in operator create_scaled_shape_model]
  2023-04-27 18:10:59   时间 [2023/04/27 18:10:59]
讯息 [HALCON error #3111: At least one input object has an empty region in operator create_scaled_shape_model]
  2023-04-27 18:11:02   时间 [2023/04/27 18:11:02]
讯息 [HALCON error #8510: Number of shape model points too small in operator create_scaled_shape_model]
  2023-04-27 18:11:06   时间 [2023/04/27 18:11:06]
讯息 [
功能 Fit_Image : 成功]
  2023-04-27 18:11:08   时间 [2023/04/27 18:11:08]
讯息 [HALCON error #3111: At least one input object has an empty region in operator create_scaled_shape_model]
  2023-04-27 18:11:10   时间 [2023/04/27 18:11:10]
讯息 [上相机
功能 StartLive : 成功]
  2023-04-27 18:11:16   时间 [2023/04/27 18:11:16]
讯息 [上相机
功能 StopLive : 成功]
  2023-04-27 18:11:20   时间 [2023/04/27 18:11:20]
讯息 [
功能 AddROI : 成功]
  2023-04-27 18:11:22   时间 [2023/04/27 18:11:22]
讯息 [HALCON error #3111: At least one input object has an empty region in operator create_scaled_shape_model]
  2023-04-27 18:11:26   时间 [2023/04/27 18:11:26]
讯息 [HALCON error #3111: At least one input object has an empty region in operator create_scaled_shape_model]
  2023-04-27 18:11:52   时间 [2023/04/27 18:11:52]
讯息 [HALCON error #3111: At least one input object has an empty region in operator create_scaled_shape_model]
  2023-04-27 18:12:57   时间 [2023/04/27 18:12:57]
讯息 [HALCON error #3111: At least one input object has an empty region in operator create_scaled_shape_model]
  2023-04-27 18:14:13   时间 [2023/04/27 18:14:13]
讯息 [HALCON error #3111: At least one input object has an empty region in operator create_scaled_shape_model]
  2023-04-27 18:15:12   时间 [2023/04/27 18:15:12]
讯息 [HALCON error #3111: At least one input object has an empty region in operator create_scaled_shape_model]
  2023-04-27 18:18:37   时间 [2023/04/27 18:18:37]
讯息 [HALCON error #3111: At least one input object has an empty region in operator create_scaled_shape_model]
  2023-04-27 18:26:28   时间 [2023/04/27 18:26:28]
讯息 [储存 成功]
  2023-04-27 18:26:49   时间 [2023/04/27 18:26:49]
讯息 [控制器连线失败, 开启 模拟系统]
  2023-04-27 18:26:49   时间 [2023/04/27 18:26:49]
讯息 [储存 成功]
  2023-04-27 18:26:49   时间 [2023/04/27 18:26:49]
讯息 [储存 成功]
  2023-04-27 18:26:49   时间 [2023/04/27 18:26:49]
讯息 [储存 成功]
  2023-04-27 18:26:49   时间 [2023/04/27 18:26:49]
讯息 [储存 成功]
  2023-04-27 18:26:50   时间 [2023/04/27 18:26:50]
讯息 [上相机
功能 Open : 成功]
  2023-04-27 18:26:50   时间 [2023/04/27 18:26:50]
讯息 [储存 成功]
  2023-04-27 18:26:50   时间 [2023/04/27 18:26:50]
讯息 [储存 成功]
  2023-04-27 18:27:16   时间 [2023/04/27 18:27:16]
讯息 [上相机
功能 StartLive : 成功]
  2023-04-27 18:27:20   时间 [2023/04/27 18:27:20]
讯息 [上相机
功能 StopLive : 成功]
  2023-04-27 18:27:22   时间 [2023/04/27 18:27:22]
讯息 [
功能 AddROI : 成功]
  2023-04-27 18:32:39   时间 [2023/04/27 18:32:39]
讯息 [HALCON error #3111: At least one input object has an empty region in operator create_scaled_shape_model]
  2023-04-27 18:34:58   时间 [2023/04/27 18:34:58]
讯息 [上相机
功能 StopLive : 成功]
  2023-04-27 18:35:00   时间 [2023/04/27 18:35:00]
讯息 [上相机
功能 StartLive : 成功]
  2023-04-27 18:35:13   时间 [2023/04/27 18:35:13]
讯息 [上相机
功能 StopLive : 成功]
  2023-04-27 18:37:32   时间 [2023/04/27 18:37:32]
讯息 [储存 成功]
  2023-04-27 18:37:53   时间 [2023/04/27 18:37:53]
讯息 [控制器连线失败, 开启 模拟系统]
  2023-04-27 18:37:53   时间 [2023/04/27 18:37:53]
讯息 [储存 成功]
  2023-04-27 18:37:53   时间 [2023/04/27 18:37:53]
讯息 [储存 成功]
  2023-04-27 18:37:53   时间 [2023/04/27 18:37:53]
讯息 [储存 成功]
  2023-04-27 18:37:53   时间 [2023/04/27 18:37:53]
讯息 [储存 成功]
  2023-04-27 18:37:53   时间 [2023/04/27 18:37:53]
讯息 [上相机
功能 Open : 成功]
  2023-04-27 18:37:54   时间 [2023/04/27 18:37:54]
讯息 [储存 成功]
  2023-04-27 18:37:54   时间 [2023/04/27 18:37:54]
讯息 [储存 成功]
  2023-04-27 18:39:05   时间 [2023/04/27 18:39:05]
讯息 [上相机
功能 StartLive : 成功]
  2023-04-27 18:39:07   时间 [2023/04/27 18:39:07]
讯息 [上相机
功能 StopLive : 成功]
  2023-04-27 18:39:08   时间 [2023/04/27 18:39:08]
讯息 [
功能 AddROI : 成功]
  2023-04-27 18:41:22   时间 [2023/04/27 18:41:22]
讯息 [上相机
功能 StartLive : 成功]
  2023-04-27 18:41:25   时间 [2023/04/27 18:41:25]
讯息 [
功能 Fit_Image : 成功]
  2023-04-27 18:41:28   时间 [2023/04/27 18:41:28]
讯息 [上相机
功能 StopLive : 成功]
  2023-04-27 18:41:29   时间 [2023/04/27 18:41:29]
讯息 [
功能 AddROI : 成功]
  2023-04-27 18:41:46   时间 [2023/04/27 18:41:46]
讯息 [储存 成功]
  2023-04-27 18:42:07   时间 [2023/04/27 18:42:07]
讯息 [控制器连线失败, 开启 模拟系统]
  2023-04-27 18:42:07   时间 [2023/04/27 18:42:07]
讯息 [储存 成功]
  2023-04-27 18:42:07   时间 [2023/04/27 18:42:07]
讯息 [储存 成功]
  2023-04-27 18:42:07   时间 [2023/04/27 18:42:07]
讯息 [储存 成功]
  2023-04-27 18:42:07   时间 [2023/04/27 18:42:07]
讯息 [储存 成功]
  2023-04-27 18:42:08   时间 [2023/04/27 18:42:08]
讯息 [上相机
功能 Open : 成功]
  2023-04-27 18:42:08   时间 [2023/04/27 18:42:08]
讯息 [储存 成功]
  2023-04-27 18:42:08   时间 [2023/04/27 18:42:08]
讯息 [储存 成功]
  2023-04-27 18:42:18   时间 [2023/04/27 18:42:18]
讯息 [上相机
功能 StartLive : 成功]
  2023-04-27 18:42:20   时间 [2023/04/27 18:42:20]
讯息 [上相机
功能 StopLive : 成功]
  2023-04-27 18:42:21   时间 [2023/04/27 18:42:21]
讯息 [
功能 AddROI : 成功]
  2023-04-27 18:42:54   时间 [2023/04/27 18:42:54]
讯息 [储存 成功]
  2023-04-27 18:43:15   时间 [2023/04/27 18:43:15]
讯息 [控制器连线失败, 开启 模拟系统]
  2023-04-27 18:43:15   时间 [2023/04/27 18:43:15]
讯息 [储存 成功]
  2023-04-27 18:43:15   时间 [2023/04/27 18:43:15]
讯息 [储存 成功]
  2023-04-27 18:43:15   时间 [2023/04/27 18:43:15]
讯息 [储存 成功]
  2023-04-27 18:43:15   时间 [2023/04/27 18:43:15]
讯息 [储存 成功]
  2023-04-27 18:43:16   时间 [2023/04/27 18:43:16]
讯息 [上相机
功能 Open : 成功]
  2023-04-27 18:43:16   时间 [2023/04/27 18:43:16]
讯息 [储存 成功]
  2023-04-27 18:43:16   时间 [2023/04/27 18:43:16]
讯息 [储存 成功]
  2023-04-27 18:44:10   时间 [2023/04/27 18:44:10]
讯息 [上相机
功能 StartLive : 成功]
  2023-04-27 18:44:17   时间 [2023/04/27 18:44:17]
讯息 [上相机
功能 StopLive : 成功]
  2023-04-27 18:44:18   时间 [2023/04/27 18:44:18]
讯息 [
功能 AddROI : 成功]
  2023-04-27 18:45:08   时间 [2023/04/27 18:45:08]
讯息 [
功能 Fit_Image : 成功]
  2023-04-27 18:45:10   时间 [2023/04/27 18:45:10]
讯息 [
功能 AddROI : 成功]
  2023-04-27 18:45:55   时间 [2023/04/27 18:45:55]
讯息 [
功能 AddROI : 成功]
