  2023-05-01 12:00:13   时间 [2023/05/01 12:00:13]
讯息 [储存 成功]
  2023-05-01 12:00:34   时间 [2023/05/01 12:00:34]
讯息 [控制器连线失败, 开启 模拟系统]
  2023-05-01 12:00:34   时间 [2023/05/01 12:00:34]
讯息 [储存 成功]
  2023-05-01 12:00:35   时间 [2023/05/01 12:00:35]
讯息 [储存 成功]
  2023-05-01 12:00:35   时间 [2023/05/01 12:00:35]
讯息 [储存 成功]
  2023-05-01 12:00:35   时间 [2023/05/01 12:00:35]
讯息 [储存 成功]
  2023-05-01 12:00:36   时间 [2023/05/01 12:00:36]
讯息 [储存 成功]
  2023-05-01 12:00:36   时间 [2023/05/01 12:00:36]
讯息 [储存 成功]
  2023-05-01 12:28:22   时间 [2023/05/01 12:28:22]
讯息 [储存 成功]
  2023-05-01 12:28:43   时间 [2023/05/01 12:28:43]
讯息 [控制器连线失败, 开启 模拟系统]
  2023-05-01 12:28:43   时间 [2023/05/01 12:28:43]
讯息 [储存 成功]
  2023-05-01 12:28:43   时间 [2023/05/01 12:28:43]
讯息 [储存 成功]
  2023-05-01 12:28:44   时间 [2023/05/01 12:28:44]
讯息 [储存 成功]
  2023-05-01 12:28:44   时间 [2023/05/01 12:28:44]
讯息 [储存 成功]
  2023-05-01 12:28:44   时间 [2023/05/01 12:28:44]
讯息 [储存 成功]
  2023-05-01 12:28:44   时间 [2023/05/01 12:28:44]
讯息 [储存 成功]
  2023-05-01 12:29:10   时间 [2023/05/01 12:29:10]
讯息 [
功能 Open_File_To_Get_Image : 成功]
  2023-05-01 12:29:13   时间 [2023/05/01 12:29:13]
讯息 [
功能 AddROI : 成功]
  2023-05-01 13:46:26   时间 [2023/05/01 13:46:26]
讯息 [储存 成功]
  2023-05-01 13:46:47   时间 [2023/05/01 13:46:47]
讯息 [控制器连线失败, 开启 模拟系统]
  2023-05-01 13:46:47   时间 [2023/05/01 13:46:47]
讯息 [储存 成功]
  2023-05-01 13:46:47   时间 [2023/05/01 13:46:47]
讯息 [储存 成功]
  2023-05-01 13:46:47   时间 [2023/05/01 13:46:47]
讯息 [储存 成功]
  2023-05-01 13:46:47   时间 [2023/05/01 13:46:47]
讯息 [储存 成功]
  2023-05-01 13:46:48   时间 [2023/05/01 13:46:48]
讯息 [储存 成功]
  2023-05-01 13:46:48   时间 [2023/05/01 13:46:48]
讯息 [储存 成功]
  2023-05-01 13:52:42   时间 [2023/05/01 13:52:42]
讯息 [储存 成功]
  2023-05-01 13:53:03   时间 [2023/05/01 13:53:03]
讯息 [控制器连线失败, 开启 模拟系统]
  2023-05-01 13:53:03   时间 [2023/05/01 13:53:03]
讯息 [储存 成功]
  2023-05-01 13:53:03   时间 [2023/05/01 13:53:03]
讯息 [储存 成功]
  2023-05-01 13:53:03   时间 [2023/05/01 13:53:03]
讯息 [储存 成功]
  2023-05-01 13:53:03   时间 [2023/05/01 13:53:03]
讯息 [储存 成功]
  2023-05-01 13:53:03   时间 [2023/05/01 13:53:03]
讯息 [储存 成功]
  2023-05-01 13:53:03   时间 [2023/05/01 13:53:03]
讯息 [储存 成功]
