  2023-04-12 00:33:54   
时间 [2023/04/12 00:33:54]
讯息 [储存 成功]

  2023-04-12 00:34:15   
时间 [2023/04/12 00:34:15]
讯息 [控制器连线失败, 开启 模拟系统]

  2023-04-12 00:34:15   
时间 [2023/04/12 00:34:15]
讯息 [储存 成功]

  2023-04-12 00:34:15   
时间 [2023/04/12 00:34:15]
讯息 [储存 成功]

  2023-04-12 00:34:16   
时间 [2023/04/12 00:34:16]
讯息 [储存 成功]

  2023-04-12 00:34:16   
时间 [2023/04/12 00:34:16]
讯息 [储存 成功]

  2023-04-12 00:34:16   
时间 [2023/04/12 00:34:16]
讯息 [储存 成功]

  2023-04-12 00:34:16   
时间 [2023/04/12 00:34:16]
讯息 [储存 成功]

  2023-04-12 00:34:56   
开始时间 [2023/04/12 00:34:56]
名称 []
讯息 []
状态 [成功]
错误码 [0]
错误Remark []
耗时 [0.011 秒]
结束时间 [2023/04/12 00:34:56]

  2023-04-12 00:34:56   
开始时间 [2023/04/12 00:34:56]
名称 [开始复位]
讯息 [FSM_Table_Home_Station]
状态 [成功]
错误码 [0]
错误Remark []
耗时 [0.000 秒]
结束时间 [2023/04/12 00:34:56]

  2023-04-12 00:34:56   
开始时间 [2023/04/12 00:34:56]
名称 [开始复位]
讯息 [FSM_Up_Home_Station]
状态 [成功]
错误码 [0]
错误Remark []
耗时 [0.504 秒]
结束时间 [2023/04/12 00:34:56]

  2023-04-12 00:34:56   
开始时间 [2023/04/12 00:34:56]
名称 [开始复位]
讯息 [FSM_Bottom_Home_Station]
状态 [成功]
错误码 [0]
错误Remark []
耗时 [0.502 秒]
结束时间 [2023/04/12 00:34:56]

  2023-04-12 00:34:57   
开始时间 [2023/04/12 00:34:56]
名称 [平台复位]
讯息 [FSM_Table_Home_Station]
状态 [成功]
错误码 [0]
错误Remark []
耗时 [1.027 秒]
结束时间 [2023/04/12 00:34:57]

  2023-04-12 00:34:57   
开始时间 [2023/04/12 00:34:57]
名称 [平台复位完成]
讯息 [FSM_Table_Home_Station]
状态 [成功]
错误码 [0]
错误Remark []
耗时 [0.011 秒]
结束时间 [2023/04/12 00:34:57]

  2023-04-12 00:34:57   
开始时间 [2023/04/12 00:34:57]
名称 [复位结束]
讯息 [FSM_Table_Home_Station]
状态 [成功]
错误码 [0]
错误Remark []
耗时 [0.000 秒]
结束时间 [2023/04/12 00:34:57]

  2023-04-12 00:34:58   
开始时间 [2023/04/12 00:34:57]
名称 [Z轴复位]
讯息 [FSM_Up_Home_Station]
状态 [成功]
错误码 [0]
错误Remark []
耗时 [1.523 秒]
结束时间 [2023/04/12 00:34:58]

  2023-04-12 00:34:58   
开始时间 [2023/04/12 00:34:57]
名称 [Z轴复位]
讯息 [FSM_Bottom_Home_Station]
状态 [成功]
错误码 [0]
错误Remark []
耗时 [1.526 秒]
结束时间 [2023/04/12 00:34:58]

  2023-04-12 00:34:59   
开始时间 [2023/04/12 00:34:58]
名称 [Z轴复位结束]
讯息 [FSM_Bottom_Home_Station]
状态 [成功]
错误码 [0]
错误Remark []
耗时 [0.511 秒]
结束时间 [2023/04/12 00:34:59]

  2023-04-12 00:34:59   
开始时间 [2023/04/12 00:34:58]
名称 [Z轴复位结束]
讯息 [FSM_Up_Home_Station]
状态 [成功]
错误码 [0]
错误Remark []
耗时 [0.513 秒]
结束时间 [2023/04/12 00:34:59]

  2023-04-12 00:35:00   
开始时间 [2023/04/12 00:34:59]
名称 [等待Z轴 平台复位结束]
讯息 [FSM_Bottom_Home_Station]
状态 [成功]
错误码 [0]
错误Remark []
耗时 [0.501 秒]
结束时间 [2023/04/12 00:35:00]

  2023-04-12 00:35:00   
开始时间 [2023/04/12 00:34:59]
名称 [等待Z轴 平台复位结束]
讯息 [FSM_Up_Home_Station]
状态 [成功]
错误码 [0]
错误Remark []
耗时 [0.502 秒]
结束时间 [2023/04/12 00:35:00]

  2023-04-12 00:35:01   
开始时间 [2023/04/12 00:35:00]
名称 [T轴复位]
讯息 [FSM_Up_Home_Station]
状态 [成功]
错误码 [0]
错误Remark []
耗时 [1.027 秒]
结束时间 [2023/04/12 00:35:01]

  2023-04-12 00:35:01   
开始时间 [2023/04/12 00:35:00]
名称 [T轴复位]
讯息 [FSM_Bottom_Home_Station]
状态 [成功]
错误码 [0]
错误Remark []
耗时 [1.032 秒]
结束时间 [2023/04/12 00:35:01]

  2023-04-12 00:35:02   
时间 [2023/04/12 00:35:02]
讯息 [
 功能 Is_Safe_To_Move : 成功
]

  2023-04-12 00:35:02   
时间 [2023/04/12 00:35:02]
讯息 [
 功能 Is_Safe_To_Move : 成功
]

  2023-04-12 00:35:03   
开始时间 [2023/04/12 00:35:01]
名称 [T轴复位]
讯息 [FSM_Up_Home_Station]
状态 [成功]
错误码 [0]
错误Remark []
耗时 [1.529 秒]
结束时间 [2023/04/12 00:35:03]

  2023-04-12 00:35:03   
开始时间 [2023/04/12 00:35:01]
名称 [T轴复位]
讯息 [FSM_Bottom_Home_Station]
状态 [成功]
错误码 [0]
错误Remark []
耗时 [1.572 秒]
结束时间 [2023/04/12 00:35:03]

  2023-04-12 00:35:04   
开始时间 [2023/04/12 00:35:03]
名称 [T轴复位]
讯息 [FSM_Up_Home_Station]
状态 [成功]
错误码 [0]
错误Remark []
耗时 [0.502 秒]
结束时间 [2023/04/12 00:35:04]

  2023-04-12 00:35:04   
开始时间 [2023/04/12 00:35:03]
名称 [T轴复位]
讯息 [FSM_Bottom_Home_Station]
状态 [成功]
错误码 [0]
错误Remark []
耗时 [0.502 秒]
结束时间 [2023/04/12 00:35:04]

  2023-04-12 00:35:04   
时间 [2023/04/12 00:35:04]
讯息 [FSM 运行结束, 结果 成功]

  2023-04-12 08:35:44   
时间 [2023/04/12 08:35:44]
讯息 [储存 成功]

  2023-04-12 08:36:05   
时间 [2023/04/12 08:36:05]
讯息 [控制器连线失败, 开启 模拟系统]

  2023-04-12 08:36:05   
时间 [2023/04/12 08:36:05]
讯息 [储存 成功]

  2023-04-12 08:36:05   
时间 [2023/04/12 08:36:05]
讯息 [储存 成功]

  2023-04-12 08:36:05   
时间 [2023/04/12 08:36:05]
讯息 [储存 成功]

  2023-04-12 08:36:05   
时间 [2023/04/12 08:36:05]
讯息 [储存 成功]

  2023-04-12 08:36:05   
时间 [2023/04/12 08:36:05]
讯息 [储存 成功]

  2023-04-12 08:36:05   
时间 [2023/04/12 08:36:05]
讯息 [储存 成功]

  2023-04-12 08:36:49   
时间 [2023/04/12 08:36:49]
讯息 [
 功能 Is_Safe_To_Move : 失败
IO 塔灯-红 在危险触发模式]

  2023-04-12 08:37:09   
时间 [2023/04/12 08:37:09]
讯息 [
 功能 Is_Safe_To_Move : 失败
IO 塔灯-红 在危险触发模式]

  2023-04-12 08:40:46   
时间 [2023/04/12 08:40:46]
讯息 [储存 成功]

  2023-04-12 08:41:07   
时间 [2023/04/12 08:41:07]
讯息 [控制器连线失败, 开启 模拟系统]

  2023-04-12 08:41:07   
时间 [2023/04/12 08:41:07]
讯息 [储存 成功]

  2023-04-12 08:41:07   
时间 [2023/04/12 08:41:07]
讯息 [储存 成功]

  2023-04-12 08:41:07   
时间 [2023/04/12 08:41:07]
讯息 [储存 成功]

  2023-04-12 08:41:07   
时间 [2023/04/12 08:41:07]
讯息 [储存 成功]

  2023-04-12 08:41:07   
时间 [2023/04/12 08:41:07]
讯息 [储存 成功]

  2023-04-12 08:41:07   
时间 [2023/04/12 08:41:07]
讯息 [储存 成功]

  2023-04-12 08:48:32   
时间 [2023/04/12 08:48:32]
讯息 [储存 成功]

  2023-04-12 08:48:53   
时间 [2023/04/12 08:48:53]
讯息 [控制器连线失败, 开启 模拟系统]

  2023-04-12 08:48:53   
时间 [2023/04/12 08:48:53]
讯息 [储存 成功]

  2023-04-12 08:48:53   
时间 [2023/04/12 08:48:53]
讯息 [储存 成功]

  2023-04-12 08:48:53   
时间 [2023/04/12 08:48:53]
讯息 [储存 成功]

  2023-04-12 08:48:53   
时间 [2023/04/12 08:48:53]
讯息 [储存 成功]

  2023-04-12 08:48:53   
时间 [2023/04/12 08:48:53]
讯息 [储存 成功]

  2023-04-12 08:48:53   
时间 [2023/04/12 08:48:53]
讯息 [储存 成功]

  2023-04-12 09:01:01   
时间 [2023/04/12 09:01:01]
讯息 [储存 成功]

  2023-04-12 09:01:22   
时间 [2023/04/12 09:01:22]
讯息 [控制器连线失败, 开启 模拟系统]

  2023-04-12 09:01:22   
时间 [2023/04/12 09:01:22]
讯息 [储存 成功]

  2023-04-12 09:01:22   
时间 [2023/04/12 09:01:22]
讯息 [储存 成功]

  2023-04-12 09:01:22   
时间 [2023/04/12 09:01:22]
讯息 [储存 成功]

  2023-04-12 09:01:22   
时间 [2023/04/12 09:01:22]
讯息 [储存 成功]

  2023-04-12 09:01:22   
时间 [2023/04/12 09:01:22]
讯息 [储存 成功]

  2023-04-12 09:01:22   
时间 [2023/04/12 09:01:22]
讯息 [储存 成功]

  2023-04-12 09:06:23   
时间 [2023/04/12 09:06:23]
讯息 [储存 成功]

  2023-04-12 09:06:44   
时间 [2023/04/12 09:06:44]
讯息 [控制器连线失败, 开启 模拟系统]

  2023-04-12 09:06:44   
时间 [2023/04/12 09:06:44]
讯息 [储存 成功]

  2023-04-12 09:06:44   
时间 [2023/04/12 09:06:44]
讯息 [储存 成功]

  2023-04-12 09:06:44   
时间 [2023/04/12 09:06:44]
讯息 [储存 成功]

  2023-04-12 09:06:44   
时间 [2023/04/12 09:06:44]
讯息 [储存 成功]

  2023-04-12 09:06:44   
时间 [2023/04/12 09:06:44]
讯息 [储存 成功]

  2023-04-12 09:06:44   
时间 [2023/04/12 09:06:44]
讯息 [储存 成功]

  2023-04-12 09:11:41   
时间 [2023/04/12 09:11:41]
讯息 [储存 成功]

  2023-04-12 09:12:02   
时间 [2023/04/12 09:12:02]
讯息 [控制器连线失败, 开启 模拟系统]

  2023-04-12 09:12:02   
时间 [2023/04/12 09:12:02]
讯息 [储存 成功]

  2023-04-12 09:12:02   
时间 [2023/04/12 09:12:02]
讯息 [储存 成功]

  2023-04-12 09:12:02   
时间 [2023/04/12 09:12:02]
讯息 [储存 成功]

  2023-04-12 09:12:02   
时间 [2023/04/12 09:12:02]
讯息 [储存 成功]

  2023-04-12 09:12:02   
时间 [2023/04/12 09:12:02]
讯息 [储存 成功]

  2023-04-12 09:12:02   
时间 [2023/04/12 09:12:02]
讯息 [储存 成功]

  2023-04-12 09:13:07   
时间 [2023/04/12 09:13:07]
讯息 [储存 成功]

  2023-04-12 09:13:28   
时间 [2023/04/12 09:13:28]
讯息 [控制器连线失败, 开启 模拟系统]

  2023-04-12 09:13:28   
时间 [2023/04/12 09:13:28]
讯息 [储存 成功]

  2023-04-12 09:13:28   
时间 [2023/04/12 09:13:28]
讯息 [储存 成功]

  2023-04-12 09:13:28   
时间 [2023/04/12 09:13:28]
讯息 [储存 成功]

  2023-04-12 09:13:28   
时间 [2023/04/12 09:13:28]
讯息 [储存 成功]

  2023-04-12 09:13:28   
时间 [2023/04/12 09:13:28]
讯息 [储存 成功]

  2023-04-12 09:13:28   
时间 [2023/04/12 09:13:28]
讯息 [储存 成功]

  2023-04-12 09:17:45   
时间 [2023/04/12 09:17:45]
讯息 [储存 成功]

  2023-04-12 09:18:06   
时间 [2023/04/12 09:18:06]
讯息 [控制器连线失败, 开启 模拟系统]

  2023-04-12 09:18:06   
时间 [2023/04/12 09:18:06]
讯息 [储存 成功]

  2023-04-12 09:18:06   
时间 [2023/04/12 09:18:06]
讯息 [储存 成功]

  2023-04-12 09:18:06   
时间 [2023/04/12 09:18:06]
讯息 [储存 成功]

  2023-04-12 09:18:06   
时间 [2023/04/12 09:18:06]
讯息 [储存 成功]

  2023-04-12 09:18:06   
时间 [2023/04/12 09:18:06]
讯息 [储存 成功]

  2023-04-12 09:18:06   
时间 [2023/04/12 09:18:06]
讯息 [储存 成功]

  2023-04-12 09:30:57   
时间 [2023/04/12 09:30:57]
讯息 [储存 成功]

  2023-04-12 09:30:57   
时间 [2023/04/12 09:30:57]
讯息 [储存 成功]

  2023-04-12 09:30:57   
时间 [2023/04/12 09:30:57]
讯息 [储存 成功]

  2023-04-12 09:30:57   
时间 [2023/04/12 09:30:57]
讯息 [储存 成功]

  2023-04-12 09:30:57   
时间 [2023/04/12 09:30:57]
讯息 [储存 成功]

  2023-04-12 09:30:57   
时间 [2023/04/12 09:30:57]
讯息 [
功能 Open : 失败
无相机物件
]

  2023-04-12 09:30:57   
时间 [2023/04/12 09:30:57]
讯息 [储存 成功]

  2023-04-12 09:30:57   
时间 [2023/04/12 09:30:57]
讯息 [储存 成功]

  2023-04-12 09:34:08   
时间 [2023/04/12 09:34:08]
讯息 [储存 成功]

  2023-04-12 09:34:08   
时间 [2023/04/12 09:34:08]
讯息 [储存 成功]

  2023-04-12 09:34:08   
时间 [2023/04/12 09:34:08]
讯息 [储存 成功]

  2023-04-12 09:34:08   
时间 [2023/04/12 09:34:08]
讯息 [储存 成功]

  2023-04-12 09:34:08   
时间 [2023/04/12 09:34:08]
讯息 [储存 成功]

  2023-04-12 09:34:08   
时间 [2023/04/12 09:34:08]
讯息 [
功能 Open : 失败
无相机物件
]

  2023-04-12 09:34:08   
时间 [2023/04/12 09:34:08]
讯息 [储存 成功]

  2023-04-12 09:34:08   
时间 [2023/04/12 09:34:08]
讯息 [储存 成功]

  2023-04-12 09:36:51   时间 [2023/04/12 09:36:51]
讯息 [储存 成功]
  2023-04-12 09:36:52   时间 [2023/04/12 09:36:52]
讯息 [储存 成功]
  2023-04-12 09:36:52   时间 [2023/04/12 09:36:52]
讯息 [储存 成功]
  2023-04-12 09:36:52   时间 [2023/04/12 09:36:52]
讯息 [储存 成功]
  2023-04-12 09:36:52   时间 [2023/04/12 09:36:52]
讯息 [储存 成功]
  2023-04-12 09:36:52   时间 [2023/04/12 09:36:52]
讯息 [
功能 Open : 失败
无相机物件
]
  2023-04-12 09:36:52   时间 [2023/04/12 09:36:52]
讯息 [储存 成功]
  2023-04-12 09:36:52   时间 [2023/04/12 09:36:52]
讯息 [储存 成功]
  2023-04-12 09:38:07   时间 [2023/04/12 09:38:05]
讯息 [储存 成功]
  2023-04-12 09:38:10   时间 [2023/04/12 09:38:07]
讯息 [储存 成功]
  2023-04-12 09:38:12   时间 [2023/04/12 09:38:10]
讯息 [储存 成功]
  2023-04-12 09:38:14   时间 [2023/04/12 09:38:12]
讯息 [储存 成功]
  2023-04-12 09:38:15   时间 [2023/04/12 09:38:14]
讯息 [储存 成功]
  2023-04-12 09:40:31   时间 [2023/04/12 09:40:29]
讯息 [储存 成功]
  2023-04-12 09:40:32   时间 [2023/04/12 09:40:31]
讯息 [储存 成功]
  2023-04-12 09:40:32   时间 [2023/04/12 09:40:32]
讯息 [储存 成功]
  2023-04-12 09:40:33   时间 [2023/04/12 09:40:32]
讯息 [储存 成功]
  2023-04-12 09:40:33   时间 [2023/04/12 09:40:33]
讯息 [储存 成功]
  2023-04-12 09:40:37   时间 [2023/04/12 09:40:33]
讯息 [
功能 Open : 失败
无相机物件
]
  2023-04-12 09:40:37   时间 [2023/04/12 09:40:37]
讯息 [储存 成功]
  2023-04-12 09:40:37   时间 [2023/04/12 09:40:37]
讯息 [储存 成功]
  2023-04-12 09:45:34   时间 [2023/04/12 09:45:34]
讯息 [
功能 Is_Safe_To_Move : 成功]
  2023-04-12 09:45:38   时间 [2023/04/12 09:45:38]
讯息 [
功能 Is_Safe_To_Move : 成功]
  2023-04-12 09:45:57   时间 [2023/04/12 09:45:57]
讯息 [
功能 Is_Safe_To_Move : 成功]
  2023-04-12 09:46:02   时间 [2023/04/12 09:46:02]
讯息 [
功能 Is_Safe_To_Move : 成功]
  2023-04-12 09:49:14   
开始时间 [2023/04/12 09:49:14]
名称 []
讯息 []
状态 [成功]
错误码 [0]
错误Remark []
耗时 [0.033 秒]
结束时间 [2023/04/12 09:49:14]

  2023-04-12 09:49:14   
开始时间 [2023/04/12 09:49:14]
名称 [开始复位]
讯息 [FSM_Up_Home_Station]
状态 [成功]
错误码 [0]
错误Remark []
耗时 [0.036 秒]
结束时间 [2023/04/12 09:49:14]

  2023-04-12 09:49:14   
开始时间 [2023/04/12 09:49:14]
名称 [开始复位]
讯息 [FSM_Bottom_Home_Station]
状态 [成功]
错误码 [0]
错误Remark []
耗时 [0.041 秒]
结束时间 [2023/04/12 09:49:14]

  2023-04-12 09:49:14   
开始时间 [2023/04/12 09:49:14]
名称 [开始复位]
讯息 [FSM_Table_Home_Station]
状态 [成功]
错误码 [0]
错误Remark []
耗时 [0.043 秒]
结束时间 [2023/04/12 09:49:14]

  2023-04-12 09:49:16   
开始时间 [2023/04/12 09:49:14]
名称 [平台复位]
讯息 [FSM_Table_Home_Station]
状态 [成功]
错误码 [0]
错误Remark []
耗时 [2.486 秒]
结束时间 [2023/04/12 09:49:16]

  2023-04-12 09:49:16   
开始时间 [2023/04/12 09:49:16]
名称 [平台复位完成]
讯息 [FSM_Table_Home_Station]
状态 [成功]
错误码 [0]
错误Remark []
耗时 [0.012 秒]
结束时间 [2023/04/12 09:49:16]

  2023-04-12 09:49:16   
开始时间 [2023/04/12 09:49:16]
名称 [复位结束]
讯息 [FSM_Table_Home_Station]
状态 [成功]
错误码 [0]
错误Remark []
耗时 [0.000 秒]
结束时间 [2023/04/12 09:49:16]

  2023-04-12 09:49:16   
开始时间 [2023/04/12 09:49:14]
名称 [Z轴复位]
讯息 [FSM_Up_Home_Station]
状态 [成功]
错误码 [0]
错误Remark []
耗时 [2.599 秒]
结束时间 [2023/04/12 09:49:16]

  2023-04-12 09:49:16   
开始时间 [2023/04/12 09:49:14]
名称 [Z轴复位]
讯息 [FSM_Bottom_Home_Station]
状态 [成功]
错误码 [0]
错误Remark []
耗时 [2.603 秒]
结束时间 [2023/04/12 09:49:16]

  2023-04-12 09:49:16   
开始时间 [2023/04/12 09:49:16]
名称 [Z轴复位结束]
讯息 [FSM_Up_Home_Station]
状态 [成功]
错误码 [0]
错误Remark []
耗时 [0.012 秒]
结束时间 [2023/04/12 09:49:16]

  2023-04-12 09:49:16   
开始时间 [2023/04/12 09:49:16]
名称 [Z轴复位结束]
讯息 [FSM_Bottom_Home_Station]
状态 [成功]
错误码 [0]
错误Remark []
耗时 [0.012 秒]
结束时间 [2023/04/12 09:49:16]

  2023-04-12 09:49:16   
开始时间 [2023/04/12 09:49:16]
名称 [等待Z轴 平台复位结束]
讯息 [FSM_Bottom_Home_Station]
状态 [成功]
错误码 [0]
错误Remark []
耗时 [0.000 秒]
结束时间 [2023/04/12 09:49:16]

  2023-04-12 09:49:16   
开始时间 [2023/04/12 09:49:16]
名称 [等待Z轴 平台复位结束]
讯息 [FSM_Up_Home_Station]
状态 [成功]
错误码 [0]
错误Remark []
耗时 [0.002 秒]
结束时间 [2023/04/12 09:49:16]

  2023-04-12 09:49:17   
开始时间 [2023/04/12 09:49:16]
名称 [T轴复位]
讯息 [FSM_Bottom_Home_Station]
状态 [成功]
错误码 [0]
错误Remark []
耗时 [0.480 秒]
结束时间 [2023/04/12 09:49:17]

  2023-04-12 09:49:17   
开始时间 [2023/04/12 09:49:16]
名称 [T轴复位]
讯息 [FSM_Up_Home_Station]
状态 [成功]
错误码 [0]
错误Remark []
耗时 [0.542 秒]
结束时间 [2023/04/12 09:49:17]

  2023-04-12 09:49:17   时间 [2023/04/12 09:49:17]
讯息 [
功能 Is_Safe_To_Move : 成功]
  2023-04-12 09:49:20   时间 [2023/04/12 09:49:20]
讯息 [
功能 Is_Safe_To_Move : 成功]
  2023-04-12 09:49:20   
开始时间 [2023/04/12 09:49:17]
名称 [T轴复位]
讯息 [FSM_Bottom_Home_Station]
状态 [成功]
错误码 [0]
错误Remark []
耗时 [3.548 秒]
结束时间 [2023/04/12 09:49:20]

  2023-04-12 09:49:20   
开始时间 [2023/04/12 09:49:20]
名称 [T轴复位]
讯息 [FSM_Bottom_Home_Station]
状态 [成功]
错误码 [0]
错误Remark []
耗时 [0.015 秒]
结束时间 [2023/04/12 09:49:20]

  2023-04-12 09:49:20   
开始时间 [2023/04/12 09:49:17]
名称 [T轴复位]
讯息 [FSM_Up_Home_Station]
状态 [成功]
错误码 [0]
错误Remark []
耗时 [3.540 秒]
结束时间 [2023/04/12 09:49:20]

  2023-04-12 09:49:20   
开始时间 [2023/04/12 09:49:20]
名称 [T轴复位]
讯息 [FSM_Up_Home_Station]
状态 [成功]
错误码 [0]
错误Remark []
耗时 [0.002 秒]
结束时间 [2023/04/12 09:49:20]

  2023-04-12 09:49:20   时间 [2023/04/12 09:49:20]
讯息 [FSM 运行结束, 结果 成功]
  2023-04-12 09:50:26   
开始时间 [2023/04/12 09:50:26]
名称 []
讯息 []
状态 [成功]
错误码 [0]
错误Remark []
耗时 [0.000 秒]
结束时间 [2023/04/12 09:50:26]

  2023-04-12 09:50:26   
开始时间 [2023/04/12 09:50:26]
名称 [开始复位]
讯息 [FSM_Table_Home_Station]
状态 [成功]
错误码 [0]
错误Remark []
耗时 [0.011 秒]
结束时间 [2023/04/12 09:50:26]

  2023-04-12 09:50:26   
开始时间 [2023/04/12 09:50:26]
名称 [开始复位]
讯息 [FSM_Up_Home_Station]
状态 [成功]
错误码 [0]
错误Remark []
耗时 [0.013 秒]
结束时间 [2023/04/12 09:50:26]

  2023-04-12 09:50:26   
开始时间 [2023/04/12 09:50:26]
名称 [开始复位]
讯息 [FSM_Bottom_Home_Station]
状态 [成功]
错误码 [0]
错误Remark []
耗时 [0.011 秒]
结束时间 [2023/04/12 09:50:26]

  2023-04-12 09:50:28   
开始时间 [2023/04/12 09:50:26]
名称 [平台复位]
讯息 [FSM_Table_Home_Station]
状态 [成功]
错误码 [0]
错误Remark []
耗时 [2.514 秒]
结束时间 [2023/04/12 09:50:28]

  2023-04-12 09:50:28   
开始时间 [2023/04/12 09:50:28]
名称 [平台复位完成]
讯息 [FSM_Table_Home_Station]
状态 [成功]
错误码 [0]
错误Remark []
耗时 [0.012 秒]
结束时间 [2023/04/12 09:50:28]

  2023-04-12 09:50:28   
开始时间 [2023/04/12 09:50:28]
名称 [复位结束]
讯息 [FSM_Table_Home_Station]
状态 [成功]
错误码 [0]
错误Remark []
耗时 [0.001 秒]
结束时间 [2023/04/12 09:50:28]

  2023-04-12 09:50:28   
开始时间 [2023/04/12 09:50:26]
名称 [Z轴复位]
讯息 [FSM_Up_Home_Station]
状态 [成功]
错误码 [0]
错误Remark []
耗时 [2.576 秒]
结束时间 [2023/04/12 09:50:28]

  2023-04-12 09:50:28   
开始时间 [2023/04/12 09:50:28]
名称 [Z轴复位结束]
讯息 [FSM_Up_Home_Station]
状态 [成功]
错误码 [0]
错误Remark []
耗时 [0.013 秒]
结束时间 [2023/04/12 09:50:28]

  2023-04-12 09:50:28   
开始时间 [2023/04/12 09:50:28]
名称 [等待Z轴 平台复位结束]
讯息 [FSM_Up_Home_Station]
状态 [成功]
错误码 [0]
错误Remark []
耗时 [0.001 秒]
结束时间 [2023/04/12 09:50:28]

  2023-04-12 09:50:28   
开始时间 [2023/04/12 09:50:26]
名称 [Z轴复位]
讯息 [FSM_Bottom_Home_Station]
状态 [成功]
错误码 [0]
错误Remark []
耗时 [2.626 秒]
结束时间 [2023/04/12 09:50:28]

  2023-04-12 09:50:28   
开始时间 [2023/04/12 09:50:28]
名称 [Z轴复位结束]
讯息 [FSM_Bottom_Home_Station]
状态 [成功]
错误码 [0]
错误Remark []
耗时 [0.013 秒]
结束时间 [2023/04/12 09:50:28]

  2023-04-12 09:50:28   
开始时间 [2023/04/12 09:50:28]
名称 [等待Z轴 平台复位结束]
讯息 [FSM_Bottom_Home_Station]
状态 [成功]
错误码 [0]
错误Remark []
耗时 [0.000 秒]
结束时间 [2023/04/12 09:50:28]

  2023-04-12 09:50:29   
开始时间 [2023/04/12 09:50:28]
名称 [T轴复位]
讯息 [FSM_Up_Home_StationFSM_Up_Home_Station]
状态 [成功]
错误码 [0]
错误Remark []
耗时 [0.483 秒]
结束时间 [2023/04/12 09:50:29]

  2023-04-12 09:50:29   
开始时间 [2023/04/12 09:50:28]
名称 [T轴复位]
讯息 [FSM_Bottom_Home_StationFSM_Bottom_Home_Station]
状态 [成功]
错误码 [0]
错误Remark []
耗时 [0.485 秒]
结束时间 [2023/04/12 09:50:29]

  2023-04-12 09:50:29   时间 [2023/04/12 09:50:29]
讯息 [
功能 Is_Safe_To_Move : 成功]
  2023-04-12 09:50:31   时间 [2023/04/12 09:50:31]
讯息 [
功能 Is_Safe_To_Move : 成功]
  2023-04-12 09:50:32   
开始时间 [2023/04/12 09:50:29]
名称 [T轴复位]
讯息 [FSM_Bottom_Home_Station]
状态 [成功]
错误码 [0]
错误Remark []
耗时 [3.286 秒]
结束时间 [2023/04/12 09:50:32]

  2023-04-12 09:50:32   
开始时间 [2023/04/12 09:50:32]
名称 [T轴复位]
讯息 [FSM_Bottom_Home_Station]
状态 [成功]
错误码 [0]
错误Remark []
耗时 [0.000 秒]
结束时间 [2023/04/12 09:50:32]

  2023-04-12 09:50:32   
开始时间 [2023/04/12 09:50:29]
名称 [T轴复位]
讯息 [FSM_Up_Home_Station]
状态 [成功]
错误码 [0]
错误Remark []
耗时 [3.473 秒]
结束时间 [2023/04/12 09:50:32]

  2023-04-12 09:50:32   时间 [2023/04/12 09:50:32]
讯息 [FSM 运行结束, 结果 成功]
  2023-04-12 09:50:32   
开始时间 [2023/04/12 09:50:32]
名称 [T轴复位]
讯息 [FSM_Up_Home_Station]
状态 [成功]
错误码 [0]
错误Remark []
耗时 [0.000 秒]
结束时间 [2023/04/12 09:50:32]

  2023-04-12 09:50:37   
开始时间 [2023/04/12 09:50:37]
名称 []
讯息 []
状态 [成功]
错误码 [0]
错误Remark []
耗时 [0.000 秒]
结束时间 [2023/04/12 09:50:37]

  2023-04-12 09:50:37   
开始时间 [2023/04/12 09:50:37]
名称 [开始复位]
讯息 [FSM_Table_Home_Station]
状态 [成功]
错误码 [0]
错误Remark []
耗时 [0.001 秒]
结束时间 [2023/04/12 09:50:37]

  2023-04-12 09:50:37   
开始时间 [2023/04/12 09:50:37]
名称 [开始复位]
讯息 [FSM_Up_Home_Station]
状态 [成功]
错误码 [0]
错误Remark []
耗时 [0.001 秒]
结束时间 [2023/04/12 09:50:37]

  2023-04-12 09:50:37   
开始时间 [2023/04/12 09:50:37]
名称 [开始复位]
讯息 [FSM_Bottom_Home_Station]
状态 [成功]
错误码 [0]
错误Remark []
耗时 [0.001 秒]
结束时间 [2023/04/12 09:50:37]

  2023-04-12 09:50:40   
开始时间 [2023/04/12 09:50:37]
名称 [平台复位]
讯息 [FSM_Table_Home_Station]
状态 [成功]
错误码 [0]
错误Remark []
耗时 [2.471 秒]
结束时间 [2023/04/12 09:50:40]

  2023-04-12 09:50:40   
开始时间 [2023/04/12 09:50:40]
名称 [平台复位完成]
讯息 [FSM_Table_Home_Station]
状态 [成功]
错误码 [0]
错误Remark []
耗时 [0.012 秒]
结束时间 [2023/04/12 09:50:40]

  2023-04-12 09:50:40   
开始时间 [2023/04/12 09:50:40]
名称 [复位结束]
讯息 [FSM_Table_Home_Station]
状态 [成功]
错误码 [0]
错误Remark []
耗时 [0.000 秒]
结束时间 [2023/04/12 09:50:40]

  2023-04-12 09:50:40   
开始时间 [2023/04/12 09:50:37]
名称 [Z轴复位]
讯息 [FSM_Up_Home_Station]
状态 [成功]
错误码 [0]
错误Remark []
耗时 [2.537 秒]
结束时间 [2023/04/12 09:50:40]

  2023-04-12 09:50:40   
开始时间 [2023/04/12 09:50:40]
名称 [Z轴复位结束]
讯息 [FSM_Up_Home_Station]
状态 [成功]
错误码 [0]
错误Remark []
耗时 [0.012 秒]
结束时间 [2023/04/12 09:50:40]

  2023-04-12 09:50:40   
开始时间 [2023/04/12 09:50:40]
名称 [等待Z轴 平台复位结束]
讯息 [FSM_Up_Home_Station]
状态 [成功]
错误码 [0]
错误Remark []
耗时 [0.000 秒]
结束时间 [2023/04/12 09:50:40]

  2023-04-12 09:50:40   
开始时间 [2023/04/12 09:50:37]
名称 [Z轴复位]
讯息 [FSM_Bottom_Home_Station]
状态 [成功]
错误码 [0]
错误Remark []
耗时 [2.587 秒]
结束时间 [2023/04/12 09:50:40]

  2023-04-12 09:50:40   
开始时间 [2023/04/12 09:50:40]
名称 [Z轴复位结束]
讯息 [FSM_Bottom_Home_Station]
状态 [成功]
错误码 [0]
错误Remark []
耗时 [0.011 秒]
结束时间 [2023/04/12 09:50:40]

  2023-04-12 09:50:40   
开始时间 [2023/04/12 09:50:40]
名称 [等待Z轴 平台复位结束]
讯息 [FSM_Bottom_Home_Station]
状态 [成功]
错误码 [0]
错误Remark []
耗时 [0.000 秒]
结束时间 [2023/04/12 09:50:40]

  2023-04-12 09:50:40   
开始时间 [2023/04/12 09:50:40]
名称 [T轴复位]
讯息 [FSM_Up_Home_StationFSM_Up_Home_StationFSM_Up_Home_Station]
状态 [成功]
错误码 [0]
错误Remark []
耗时 [0.482 秒]
结束时间 [2023/04/12 09:50:40]

  2023-04-12 09:50:40   
开始时间 [2023/04/12 09:50:40]
名称 [T轴复位]
讯息 [FSM_Bottom_Home_StationFSM_Bottom_Home_StationFSM_Bottom_Home_Station]
状态 [成功]
错误码 [0]
错误Remark []
耗时 [0.489 秒]
结束时间 [2023/04/12 09:50:40]

  2023-04-12 09:50:40   时间 [2023/04/12 09:50:40]
讯息 [
功能 Is_Safe_To_Move : 成功]
  2023-04-12 09:50:43   时间 [2023/04/12 09:50:43]
讯息 [
功能 Is_Safe_To_Move : 成功]
  2023-04-12 09:50:44   
开始时间 [2023/04/12 09:50:40]
名称 [T轴复位]
讯息 [FSM_Bottom_Home_Station]
状态 [成功]
错误码 [0]
错误Remark []
耗时 [3.383 秒]
结束时间 [2023/04/12 09:50:44]

  2023-04-12 09:50:44   
开始时间 [2023/04/12 09:50:44]
名称 [T轴复位]
讯息 [FSM_Bottom_Home_Station]
状态 [成功]
错误码 [0]
错误Remark []
耗时 [0.000 秒]
结束时间 [2023/04/12 09:50:44]

  2023-04-12 09:50:44   时间 [2023/04/12 09:50:44]
讯息 [FSM 运行结束, 结果 成功]
  2023-04-12 09:50:44   
开始时间 [2023/04/12 09:50:40]
名称 [T轴复位]
讯息 [FSM_Up_Home_Station]
状态 [成功]
错误码 [0]
错误Remark []
耗时 [3.587 秒]
结束时间 [2023/04/12 09:50:44]

  2023-04-12 09:50:44   
开始时间 [2023/04/12 09:50:44]
名称 [T轴复位]
讯息 [FSM_Up_Home_Station]
状态 [成功]
错误码 [0]
错误Remark []
耗时 [0.011 秒]
结束时间 [2023/04/12 09:50:44]

  2023-04-12 09:51:48   时间 [2023/04/12 09:51:48]
讯息 [
功能 Is_Safe_To_Move : 成功]
  2023-04-12 09:51:48   时间 [2023/04/12 09:51:48]
讯息 [Motor Move Error | 马达位移失败]
  2023-04-12 09:51:55   时间 [2023/04/12 09:51:55]
讯息 [
功能 Is_Safe_To_Move : 成功]
  2023-04-12 09:52:52   时间 [2023/04/12 09:52:52]
讯息 [
功能 Is_Safe_To_Move : 失败
IO 塔灯-红 在危险触发模式]
  2023-04-12 09:52:52   时间 [2023/04/12 09:52:52]
讯息 [Motor Move Error | 马达位移失败]
