  2023-05-04 08:23:42   时间 [2023/05/04 08:23:42]
讯息 [储存成功]
  2023-05-04 08:28:53   时间 [2023/05/04 08:28:53]
讯息 [储存 成功]
  2023-05-04 08:28:53   时间 [2023/05/04 08:28:53]
讯息 [控制器连线失败, 开启 模拟系统]
  2023-05-04 08:28:53   时间 [2023/05/04 08:28:53]
讯息 [储存 成功]
  2023-05-04 08:28:53   时间 [2023/05/04 08:28:53]
讯息 [储存 成功]
  2023-05-04 08:28:53   时间 [2023/05/04 08:28:53]
讯息 [储存 成功]
  2023-05-04 08:28:53   时间 [2023/05/04 08:28:53]
讯息 [储存 成功]
  2023-05-04 08:28:53   时间 [2023/05/04 08:28:53]
讯息 [储存 成功]
  2023-05-04 08:28:53   时间 [2023/05/04 08:28:53]
讯息 [储存 成功]
  2023-05-04 08:29:08   时间 [2023/05/04 08:29:08]
讯息 [
功能 Open_File_To_Get_Image : 成功]
  2023-05-04 08:29:56   时间 [2023/05/04 08:29:56]
讯息 [储存 成功]
  2023-05-04 08:29:56   时间 [2023/05/04 08:29:56]
讯息 [控制器连线失败, 开启 模拟系统]
  2023-05-04 08:29:56   时间 [2023/05/04 08:29:56]
讯息 [储存 成功]
  2023-05-04 08:29:56   时间 [2023/05/04 08:29:56]
讯息 [储存 成功]
  2023-05-04 08:29:56   时间 [2023/05/04 08:29:56]
讯息 [储存 成功]
  2023-05-04 08:29:56   时间 [2023/05/04 08:29:56]
讯息 [储存 成功]
  2023-05-04 08:29:56   时间 [2023/05/04 08:29:56]
讯息 [储存 成功]
  2023-05-04 08:29:56   时间 [2023/05/04 08:29:56]
讯息 [储存 成功]
  2023-05-04 08:30:13   时间 [2023/05/04 08:30:13]
讯息 [
功能 Open_File_To_Get_Image : 成功]
  2023-05-04 08:31:48   时间 [2023/05/04 08:31:48]
讯息 [储存 成功]
  2023-05-04 08:31:48   时间 [2023/05/04 08:31:48]
讯息 [控制器连线失败, 开启 模拟系统]
  2023-05-04 08:31:48   时间 [2023/05/04 08:31:48]
讯息 [储存 成功]
  2023-05-04 08:31:48   时间 [2023/05/04 08:31:48]
讯息 [储存 成功]
  2023-05-04 08:31:48   时间 [2023/05/04 08:31:48]
讯息 [储存 成功]
  2023-05-04 08:31:48   时间 [2023/05/04 08:31:48]
讯息 [储存 成功]
  2023-05-04 08:31:48   时间 [2023/05/04 08:31:48]
讯息 [储存 成功]
  2023-05-04 08:31:48   时间 [2023/05/04 08:31:48]
讯息 [储存 成功]
  2023-05-04 08:32:05   时间 [2023/05/04 08:32:05]
讯息 [
功能 Open_File_To_Get_Image : 成功]
  2023-05-04 08:33:52   时间 [2023/05/04 08:33:52]
讯息 [储存 成功]
  2023-05-04 08:33:52   时间 [2023/05/04 08:33:52]
讯息 [控制器连线失败, 开启 模拟系统]
  2023-05-04 08:33:52   时间 [2023/05/04 08:33:52]
讯息 [储存 成功]
  2023-05-04 08:33:52   时间 [2023/05/04 08:33:52]
讯息 [储存 成功]
  2023-05-04 08:33:52   时间 [2023/05/04 08:33:52]
讯息 [储存 成功]
  2023-05-04 08:33:52   时间 [2023/05/04 08:33:52]
讯息 [储存 成功]
  2023-05-04 08:33:52   时间 [2023/05/04 08:33:52]
讯息 [储存 成功]
  2023-05-04 08:33:52   时间 [2023/05/04 08:33:52]
讯息 [储存 成功]
  2023-05-04 08:34:16   时间 [2023/05/04 08:34:16]
讯息 [
功能 Open_File_To_Get_Image : 成功]
  2023-05-04 08:37:44   时间 [2023/05/04 08:37:44]
讯息 [储存 成功]
  2023-05-04 08:37:44   时间 [2023/05/04 08:37:44]
讯息 [控制器连线失败, 开启 模拟系统]
  2023-05-04 08:37:44   时间 [2023/05/04 08:37:44]
讯息 [储存 成功]
  2023-05-04 08:37:44   时间 [2023/05/04 08:37:44]
讯息 [储存 成功]
  2023-05-04 08:37:44   时间 [2023/05/04 08:37:44]
讯息 [储存 成功]
  2023-05-04 08:37:44   时间 [2023/05/04 08:37:44]
讯息 [储存 成功]
  2023-05-04 08:37:44   时间 [2023/05/04 08:37:44]
讯息 [储存 成功]
  2023-05-04 08:37:44   时间 [2023/05/04 08:37:44]
讯息 [储存 成功]
  2023-05-04 08:38:03   时间 [2023/05/04 08:38:03]
讯息 [
功能 Open_File_To_Get_Image : 成功]
  2023-05-04 08:39:09   时间 [2023/05/04 08:39:09]
讯息 [储存 成功]
  2023-05-04 08:39:09   时间 [2023/05/04 08:39:09]
讯息 [控制器连线失败, 开启 模拟系统]
  2023-05-04 08:39:09   时间 [2023/05/04 08:39:09]
讯息 [储存 成功]
  2023-05-04 08:39:09   时间 [2023/05/04 08:39:09]
讯息 [储存 成功]
  2023-05-04 08:39:09   时间 [2023/05/04 08:39:09]
讯息 [储存 成功]
  2023-05-04 08:39:09   时间 [2023/05/04 08:39:09]
讯息 [储存 成功]
  2023-05-04 08:39:09   时间 [2023/05/04 08:39:09]
讯息 [储存 成功]
  2023-05-04 08:39:09   时间 [2023/05/04 08:39:09]
讯息 [储存 成功]
  2023-05-04 08:39:42   时间 [2023/05/04 08:39:42]
讯息 [
功能 Open_File_To_Get_Image : 成功]
  2023-05-04 08:42:15   时间 [2023/05/04 08:42:15]
讯息 [控制器连线失败, 开启 模拟系统]
  2023-05-04 08:42:15   时间 [2023/05/04 08:42:15]
讯息 [储存 成功]
  2023-05-04 08:42:15   时间 [2023/05/04 08:42:15]
讯息 [储存 成功]
  2023-05-04 08:42:15   时间 [2023/05/04 08:42:15]
讯息 [储存 成功]
  2023-05-04 08:42:15   时间 [2023/05/04 08:42:15]
讯息 [储存 成功]
  2023-05-04 08:42:15   时间 [2023/05/04 08:42:15]
讯息 [储存 成功]
  2023-05-04 08:42:15   时间 [2023/05/04 08:42:15]
讯息 [储存 成功]
  2023-05-04 08:42:15   时间 [2023/05/04 08:42:15]
讯息 [储存 成功]
  2023-05-04 08:42:36   时间 [2023/05/04 08:42:36]
讯息 [
功能 Open_File_To_Get_Image : 成功]
  2023-05-04 08:43:38   时间 [2023/05/04 08:43:38]
讯息 [
功能 ClearCrossLine : 成功]
  2023-05-04 08:43:40   时间 [2023/05/04 08:43:40]
讯息 [
功能 ClearCrossLine : 成功]
  2023-05-04 08:43:44   时间 [2023/05/04 08:43:44]
讯息 [
功能 ClearCrossLine : 成功]
  2023-05-04 09:07:08   时间 [2023/05/04 09:07:08]
讯息 [储存 成功]
  2023-05-04 09:07:29   时间 [2023/05/04 09:07:29]
讯息 [控制器连线失败, 开启 模拟系统]
  2023-05-04 09:07:29   时间 [2023/05/04 09:07:29]
讯息 [储存 成功]
  2023-05-04 09:07:29   时间 [2023/05/04 09:07:29]
讯息 [储存 成功]
  2023-05-04 09:07:29   时间 [2023/05/04 09:07:29]
讯息 [储存 成功]
  2023-05-04 09:07:29   时间 [2023/05/04 09:07:29]
讯息 [储存 成功]
  2023-05-04 09:07:30   时间 [2023/05/04 09:07:30]
讯息 [储存 成功]
  2023-05-04 09:07:30   时间 [2023/05/04 09:07:30]
讯息 [储存 成功]
  2023-05-04 09:09:06   时间 [2023/05/04 09:09:06]
讯息 [储存 成功]
  2023-05-04 09:09:27   时间 [2023/05/04 09:09:27]
讯息 [控制器连线失败, 开启 模拟系统]
  2023-05-04 09:09:27   时间 [2023/05/04 09:09:27]
讯息 [储存 成功]
  2023-05-04 09:09:27   时间 [2023/05/04 09:09:27]
讯息 [储存 成功]
  2023-05-04 09:09:27   时间 [2023/05/04 09:09:27]
讯息 [储存 成功]
  2023-05-04 09:09:27   时间 [2023/05/04 09:09:27]
讯息 [储存 成功]
  2023-05-04 09:09:28   时间 [2023/05/04 09:09:28]
讯息 [储存 成功]
  2023-05-04 09:09:28   时间 [2023/05/04 09:09:28]
讯息 [储存 成功]
  2023-05-04 09:11:50   时间 [2023/05/04 09:11:50]
讯息 [HALCON error #5200: File not found in operator read_image]
  2023-05-04 09:15:09   时间 [2023/05/04 09:15:09]
讯息 [
功能 Open_File_To_Get_Image : 成功]
  2023-05-04 09:15:15   时间 [2023/05/04 09:15:15]
讯息 [Learn Pattern Match Error | 学习模板失败]
  2023-05-04 09:15:18   时间 [2023/05/04 09:15:18]
讯息 [
功能 AddROI : 成功]
  2023-05-04 09:16:02   时间 [2023/05/04 09:16:02]
讯息 [储存成功]
  2023-05-04 09:17:38   时间 [2023/05/04 09:17:38]
讯息 [线程间操作无效: 从不是创建控件“Form_InspectKit”的线程访问它。]
  2023-05-04 09:17:48   时间 [2023/05/04 09:17:48]
讯息 [线程间操作无效: 从不是创建控件“statusStrip1”的线程访问它。]
  2023-05-04 09:20:40   时间 [2023/05/04 09:20:40]
讯息 [储存 成功]
  2023-05-04 09:21:01   时间 [2023/05/04 09:21:01]
讯息 [控制器连线失败, 开启 模拟系统]
  2023-05-04 09:21:01   时间 [2023/05/04 09:21:01]
讯息 [储存 成功]
  2023-05-04 09:21:01   时间 [2023/05/04 09:21:01]
讯息 [储存 成功]
  2023-05-04 09:21:01   时间 [2023/05/04 09:21:01]
讯息 [储存 成功]
  2023-05-04 09:21:01   时间 [2023/05/04 09:21:01]
讯息 [储存 成功]
  2023-05-04 09:21:02   时间 [2023/05/04 09:21:02]
讯息 [储存 成功]
  2023-05-04 09:21:02   时间 [2023/05/04 09:21:02]
讯息 [储存 成功]
  2023-05-04 09:21:18   时间 [2023/05/04 09:21:18]
讯息 [
功能 Open_File_To_Get_Image : 成功]
  2023-05-04 09:23:45   时间 [2023/05/04 09:23:45]
讯息 [
功能 ClearCrossLine : 成功]
  2023-05-04 09:24:44   时间 [2023/05/04 09:24:44]
讯息 [储存 成功]
  2023-05-04 09:25:05   时间 [2023/05/04 09:25:05]
讯息 [控制器连线失败, 开启 模拟系统]
  2023-05-04 09:25:05   时间 [2023/05/04 09:25:05]
讯息 [储存 成功]
  2023-05-04 09:25:05   时间 [2023/05/04 09:25:05]
讯息 [储存 成功]
  2023-05-04 09:25:05   时间 [2023/05/04 09:25:05]
讯息 [储存 成功]
  2023-05-04 09:25:05   时间 [2023/05/04 09:25:05]
讯息 [储存 成功]
  2023-05-04 09:25:06   时间 [2023/05/04 09:25:06]
讯息 [储存 成功]
  2023-05-04 09:25:06   时间 [2023/05/04 09:25:06]
讯息 [储存 成功]
  2023-05-04 09:25:19   时间 [2023/05/04 09:25:19]
讯息 [
功能 AddROI : 成功]
  2023-05-04 09:25:23   时间 [2023/05/04 09:25:23]
讯息 [
功能 ClearCrossLine : 成功]
  2023-05-04 09:25:38   时间 [2023/05/04 09:25:38]
讯息 [
功能 AddROI : 成功]
  2023-05-04 09:25:39   时间 [2023/05/04 09:25:39]
讯息 [
功能 AddROI : 成功]
  2023-05-04 09:25:41   时间 [2023/05/04 09:25:41]
讯息 [
功能 ClearCrossLine : 成功]
  2023-05-04 09:26:02   时间 [2023/05/04 09:26:02]
讯息 [
功能 AddROI : 成功]
  2023-05-04 09:26:03   时间 [2023/05/04 09:26:03]
讯息 [
功能 ClearCrossLine : 成功]
  2023-05-04 09:26:08   时间 [2023/05/04 09:26:08]
讯息 [
功能 AddROI : 成功]
  2023-05-04 09:29:21   时间 [2023/05/04 09:29:21]
讯息 [储存 成功]
  2023-05-04 09:29:42   时间 [2023/05/04 09:29:42]
讯息 [控制器连线失败, 开启 模拟系统]
  2023-05-04 09:29:42   时间 [2023/05/04 09:29:42]
讯息 [储存 成功]
  2023-05-04 09:29:42   时间 [2023/05/04 09:29:42]
讯息 [储存 成功]
  2023-05-04 09:29:42   时间 [2023/05/04 09:29:42]
讯息 [储存 成功]
  2023-05-04 09:29:42   时间 [2023/05/04 09:29:42]
讯息 [储存 成功]
  2023-05-04 09:29:43   时间 [2023/05/04 09:29:43]
讯息 [储存 成功]
  2023-05-04 09:29:43   时间 [2023/05/04 09:29:43]
讯息 [储存 成功]
  2023-05-04 09:30:46   时间 [2023/05/04 09:30:46]
讯息 [
功能 AddROI : 成功]
  2023-05-04 09:31:36   时间 [2023/05/04 09:31:36]
讯息 [
功能 ClearCrossLine : 成功]
  2023-05-04 09:31:48   时间 [2023/05/04 09:31:48]
讯息 [
功能 ClearCrossLine : 成功]
  2023-05-04 09:33:57   时间 [2023/05/04 09:33:57]
讯息 [储存 成功]
  2023-05-04 09:34:18   时间 [2023/05/04 09:34:18]
讯息 [控制器连线失败, 开启 模拟系统]
  2023-05-04 09:34:18   时间 [2023/05/04 09:34:18]
讯息 [储存 成功]
  2023-05-04 09:34:18   时间 [2023/05/04 09:34:18]
讯息 [储存 成功]
  2023-05-04 09:34:18   时间 [2023/05/04 09:34:18]
讯息 [储存 成功]
  2023-05-04 09:34:18   时间 [2023/05/04 09:34:18]
讯息 [储存 成功]
  2023-05-04 09:34:18   时间 [2023/05/04 09:34:18]
讯息 [储存 成功]
  2023-05-04 09:34:18   时间 [2023/05/04 09:34:18]
讯息 [储存 成功]
  2023-05-04 09:35:11   时间 [2023/05/04 09:35:11]
讯息 [
功能 Open_File_To_Get_Image : 成功]
  2023-05-04 09:35:12   时间 [2023/05/04 09:35:12]
讯息 [
功能 AddROI : 成功]
  2023-05-04 09:35:17   时间 [2023/05/04 09:35:17]
讯息 [
功能 ClearCrossLine : 成功]
  2023-05-04 09:35:19   时间 [2023/05/04 09:35:19]
讯息 [
功能 ClearCrossLine : 成功]
  2023-05-04 09:35:19   时间 [2023/05/04 09:35:19]
讯息 [
功能 ClearCrossLine : 成功]
  2023-05-04 09:35:20   时间 [2023/05/04 09:35:20]
讯息 [
功能 ClearCrossLine : 成功]
  2023-05-04 09:35:22   时间 [2023/05/04 09:35:22]
讯息 [
功能 ClearCrossLine : 成功]
  2023-05-04 09:35:23   时间 [2023/05/04 09:35:23]
讯息 [
功能 ClearCrossLine : 成功]
  2023-05-04 09:35:25   时间 [2023/05/04 09:35:25]
讯息 [
功能 ClearCrossLine : 成功]
  2023-05-04 09:35:39   时间 [2023/05/04 09:35:39]
讯息 [
功能 ClearCrossLine : 成功]
  2023-05-04 09:40:19   时间 [2023/05/04 09:40:19]
讯息 [
功能 AddROI : 成功]
  2023-05-04 09:40:34   时间 [2023/05/04 09:40:34]
讯息 [
功能 AddROI : 成功]
  2023-05-04 09:43:15   时间 [2023/05/04 09:43:15]
讯息 [
功能 ClearCrossLine : 成功]
  2023-05-04 09:43:50   时间 [2023/05/04 09:43:50]
讯息 [
功能 AddROI : 成功]
  2023-05-04 09:44:26   时间 [2023/05/04 09:44:26]
讯息 [储存成功]
  2023-05-04 09:46:49   时间 [2023/05/04 09:46:49]
讯息 [储存成功]
  2023-05-04 09:54:34   时间 [2023/05/04 09:54:34]
讯息 [储存 成功]
  2023-05-04 09:54:55   时间 [2023/05/04 09:54:55]
讯息 [控制器连线失败, 开启 模拟系统]
  2023-05-04 09:54:55   时间 [2023/05/04 09:54:55]
讯息 [储存 成功]
  2023-05-04 09:54:55   时间 [2023/05/04 09:54:55]
讯息 [储存 成功]
  2023-05-04 09:54:55   时间 [2023/05/04 09:54:55]
讯息 [储存 成功]
  2023-05-04 09:54:55   时间 [2023/05/04 09:54:55]
讯息 [储存 成功]
  2023-05-04 09:54:56   时间 [2023/05/04 09:54:56]
讯息 [储存 成功]
  2023-05-04 09:54:56   时间 [2023/05/04 09:54:56]
讯息 [储存 成功]
  2023-05-04 09:56:57   时间 [2023/05/04 09:56:57]
讯息 [
功能 Open_File_To_Get_Image : 成功]
  2023-05-04 09:57:31   时间 [2023/05/04 09:57:31]
讯息 [储存 成功]
  2023-05-04 09:57:52   时间 [2023/05/04 09:57:52]
讯息 [控制器连线失败, 开启 模拟系统]
  2023-05-04 09:57:53   时间 [2023/05/04 09:57:53]
讯息 [储存 成功]
  2023-05-04 09:57:53   时间 [2023/05/04 09:57:53]
讯息 [储存 成功]
  2023-05-04 09:57:53   时间 [2023/05/04 09:57:53]
讯息 [储存 成功]
  2023-05-04 09:57:53   时间 [2023/05/04 09:57:53]
讯息 [储存 成功]
  2023-05-04 09:57:53   时间 [2023/05/04 09:57:53]
讯息 [储存 成功]
  2023-05-04 09:57:53   时间 [2023/05/04 09:57:53]
讯息 [储存 成功]
  2023-05-04 09:58:57   时间 [2023/05/04 09:58:57]
讯息 [储存 成功]
  2023-05-04 09:59:18   时间 [2023/05/04 09:59:18]
讯息 [控制器连线失败, 开启 模拟系统]
  2023-05-04 09:59:18   时间 [2023/05/04 09:59:18]
讯息 [储存 成功]
  2023-05-04 09:59:18   时间 [2023/05/04 09:59:18]
讯息 [储存 成功]
  2023-05-04 09:59:18   时间 [2023/05/04 09:59:18]
讯息 [储存 成功]
  2023-05-04 09:59:18   时间 [2023/05/04 09:59:18]
讯息 [储存 成功]
  2023-05-04 09:59:18   时间 [2023/05/04 09:59:18]
讯息 [储存 成功]
  2023-05-04 09:59:18   时间 [2023/05/04 09:59:18]
讯息 [储存 成功]
  2023-05-04 10:02:03   时间 [2023/05/04 10:02:03]
讯息 [
功能 Open_File_To_Get_Image : 成功]
  2023-05-04 10:06:06   时间 [2023/05/04 10:06:06]
讯息 [储存成功]
  2023-05-04 10:14:54   时间 [2023/05/04 10:14:54]
讯息 [储存 成功]
  2023-05-04 10:15:15   时间 [2023/05/04 10:15:15]
讯息 [控制器连线失败, 开启 模拟系统]
  2023-05-04 10:15:15   时间 [2023/05/04 10:15:15]
讯息 [储存 成功]
  2023-05-04 10:15:15   时间 [2023/05/04 10:15:15]
讯息 [储存 成功]
  2023-05-04 10:15:15   时间 [2023/05/04 10:15:15]
讯息 [储存 成功]
  2023-05-04 10:15:15   时间 [2023/05/04 10:15:15]
讯息 [储存 成功]
  2023-05-04 10:15:16   时间 [2023/05/04 10:15:16]
讯息 [储存 成功]
  2023-05-04 10:15:16   时间 [2023/05/04 10:15:16]
讯息 [储存 成功]
  2023-05-04 10:18:08   时间 [2023/05/04 10:18:08]
讯息 [
功能 Open_File_To_Get_Image : 成功]
  2023-05-04 10:19:46   时间 [2023/05/04 10:19:46]
讯息 [储存 成功]
  2023-05-04 10:20:07   时间 [2023/05/04 10:20:07]
讯息 [控制器连线失败, 开启 模拟系统]
  2023-05-04 10:20:07   时间 [2023/05/04 10:20:07]
讯息 [储存 成功]
  2023-05-04 10:20:07   时间 [2023/05/04 10:20:07]
讯息 [储存 成功]
  2023-05-04 10:20:07   时间 [2023/05/04 10:20:07]
讯息 [储存 成功]
  2023-05-04 10:20:07   时间 [2023/05/04 10:20:07]
讯息 [储存 成功]
  2023-05-04 10:20:08   时间 [2023/05/04 10:20:08]
讯息 [储存 成功]
  2023-05-04 10:20:08   时间 [2023/05/04 10:20:08]
讯息 [储存 成功]
  2023-05-04 10:21:56   时间 [2023/05/04 10:21:56]
讯息 [储存成功]
  2023-05-04 10:22:08   时间 [2023/05/04 10:22:08]
讯息 [
功能 Open_File_To_Get_Image : 成功]
  2023-05-04 10:48:12   时间 [2023/05/04 10:48:12]
讯息 [储存 成功]
  2023-05-04 10:48:33   时间 [2023/05/04 10:48:33]
讯息 [控制器连线失败, 开启 模拟系统]
  2023-05-04 10:48:33   时间 [2023/05/04 10:48:33]
讯息 [储存 成功]
  2023-05-04 10:48:33   时间 [2023/05/04 10:48:33]
讯息 [储存 成功]
  2023-05-04 10:48:33   时间 [2023/05/04 10:48:33]
讯息 [储存 成功]
  2023-05-04 10:48:33   时间 [2023/05/04 10:48:33]
讯息 [储存 成功]
  2023-05-04 10:48:34   时间 [2023/05/04 10:48:34]
讯息 [上相机
功能 Open : 成功]
  2023-05-04 10:48:34   时间 [2023/05/04 10:48:34]
讯息 [储存 成功]
  2023-05-04 10:48:34   时间 [2023/05/04 10:48:34]
讯息 [储存 成功]
  2023-05-04 10:49:02   时间 [2023/05/04 10:49:02]
讯息 [上相机
功能 StartLive : 成功]
  2023-05-04 10:50:39   时间 [2023/05/04 10:50:39]
讯息 [储存 成功]
  2023-05-04 10:51:00   时间 [2023/05/04 10:51:00]
讯息 [控制器连线失败, 开启 模拟系统]
  2023-05-04 10:51:00   时间 [2023/05/04 10:51:00]
讯息 [储存 成功]
  2023-05-04 10:51:00   时间 [2023/05/04 10:51:00]
讯息 [储存 成功]
  2023-05-04 10:51:00   时间 [2023/05/04 10:51:00]
讯息 [储存 成功]
  2023-05-04 10:51:00   时间 [2023/05/04 10:51:00]
讯息 [储存 成功]
  2023-05-04 10:51:00   时间 [2023/05/04 10:51:00]
讯息 [上相机
功能 Open : 失败
Failed to open 'Basler acA640-90gm#0030532949B5#192.168.0.17:3956'. The device is controlled by another application. Err: An attempt was made to access an address location which is currently/momentary not accessible. (0xE1018006)
 : RuntimeException thrown (file 'gigedevice.cpp', line 263)]
  2023-05-04 10:51:00   时间 [2023/05/04 10:51:00]
讯息 [Resource_Tool_ConfigData_Camera 生产物件失败 
 Parameter under CameraDevice can only be accessed when the camera is open.]
  2023-05-04 10:51:01   时间 [2023/05/04 10:51:01]
讯息 [储存 成功]
  2023-05-04 10:51:49   时间 [2023/05/04 10:51:49]
讯息 [储存 成功]
  2023-05-04 10:52:10   时间 [2023/05/04 10:52:10]
讯息 [控制器连线失败, 开启 模拟系统]
  2023-05-04 10:52:10   时间 [2023/05/04 10:52:10]
讯息 [储存 成功]
  2023-05-04 10:52:10   时间 [2023/05/04 10:52:10]
讯息 [储存 成功]
  2023-05-04 10:52:10   时间 [2023/05/04 10:52:10]
讯息 [储存 成功]
  2023-05-04 10:52:10   时间 [2023/05/04 10:52:10]
讯息 [储存 成功]
  2023-05-04 10:53:08   时间 [2023/05/04 10:53:08]
讯息 [储存 成功]
  2023-05-04 10:53:29   时间 [2023/05/04 10:53:29]
讯息 [控制器连线失败, 开启 模拟系统]
  2023-05-04 10:53:29   时间 [2023/05/04 10:53:29]
讯息 [储存 成功]
  2023-05-04 10:53:29   时间 [2023/05/04 10:53:29]
讯息 [储存 成功]
  2023-05-04 10:53:29   时间 [2023/05/04 10:53:29]
讯息 [储存 成功]
  2023-05-04 10:53:29   时间 [2023/05/04 10:53:29]
讯息 [储存 成功]
  2023-05-04 10:54:27   时间 [2023/05/04 10:54:27]
讯息 [上相机
功能 Open : 成功]
  2023-05-04 10:54:32   时间 [2023/05/04 10:54:32]
讯息 [储存 成功]
  2023-05-04 10:54:32   时间 [2023/05/04 10:54:32]
讯息 [储存 成功]
  2023-05-04 10:54:49   时间 [2023/05/04 10:54:49]
讯息 [上相机
功能 StartLive : 成功]
  2023-05-04 11:04:07   时间 [2023/05/04 11:04:07]
讯息 [
功能 AddROI : 失败
相机拍摄中，请关闭实时]
  2023-05-04 11:04:13   时间 [2023/05/04 11:04:13]
讯息 [
功能 AddROI : 失败
相机拍摄中，请关闭实时]
  2023-05-04 11:06:54   时间 [2023/05/04 11:06:54]
讯息 [储存 成功]
  2023-05-04 11:07:15   时间 [2023/05/04 11:07:15]
讯息 [控制器连线失败, 开启 模拟系统]
  2023-05-04 11:07:15   时间 [2023/05/04 11:07:15]
讯息 [储存 成功]
  2023-05-04 11:07:15   时间 [2023/05/04 11:07:15]
讯息 [储存 成功]
  2023-05-04 11:07:16   时间 [2023/05/04 11:07:16]
讯息 [储存 成功]
  2023-05-04 11:07:16   时间 [2023/05/04 11:07:16]
讯息 [储存 成功]
  2023-05-04 11:07:19   时间 [2023/05/04 11:07:19]
讯息 [上相机
功能 Open : 成功]
  2023-05-04 11:07:21   时间 [2023/05/04 11:07:21]
讯息 [储存 成功]
  2023-05-04 11:07:21   时间 [2023/05/04 11:07:21]
讯息 [储存 成功]
  2023-05-04 11:07:34   时间 [2023/05/04 11:07:34]
讯息 [上相机
功能 StartLive : 成功]
  2023-05-04 11:08:34   时间 [2023/05/04 11:08:34]
讯息 [上相机
功能 StopLive : 成功]
  2023-05-04 11:08:40   时间 [2023/05/04 11:08:40]
讯息 [
功能 AddROI : 成功]
  2023-05-04 11:10:23   时间 [2023/05/04 11:10:23]
讯息 [上相机
功能 StartLive : 成功]
  2023-05-04 11:10:42   时间 [2023/05/04 11:10:42]
讯息 [上相机
功能 StartLive : 成功]
  2023-05-04 11:11:10   时间 [2023/05/04 11:11:10]
讯息 [上相机
功能 StopLive : 成功]
  2023-05-04 11:13:14   时间 [2023/05/04 11:13:14]
讯息 [上相机
功能 StartLive : 成功]
  2023-05-04 11:13:18   时间 [2023/05/04 11:13:18]
讯息 [上相机
功能 StopLive : 成功]
  2023-05-04 11:13:18   时间 [2023/05/04 11:13:18]
讯息 [上相机
功能 GrabOneShot : 成功]
  2023-05-04 11:13:21   时间 [2023/05/04 11:13:21]
讯息 [上相机
功能 StopLive : 成功]
  2023-05-04 11:13:21   时间 [2023/05/04 11:13:21]
讯息 [上相机
功能 GrabOneShot : 成功]
  2023-05-04 11:13:22   时间 [2023/05/04 11:13:22]
讯息 [上相机
功能 StopLive : 成功]
  2023-05-04 11:13:22   时间 [2023/05/04 11:13:22]
讯息 [上相机
功能 GrabOneShot : 成功]
  2023-05-04 11:13:27   时间 [2023/05/04 11:13:27]
讯息 [上相机
功能 StopLive : 成功]
  2023-05-04 11:13:27   时间 [2023/05/04 11:13:27]
讯息 [上相机
功能 GrabOneShot : 成功]
  2023-05-04 11:13:28   时间 [2023/05/04 11:13:28]
讯息 [上相机
功能 StopLive : 成功]
  2023-05-04 11:13:28   时间 [2023/05/04 11:13:28]
讯息 [上相机
功能 GrabOneShot : 成功]
  2023-05-04 11:13:29   时间 [2023/05/04 11:13:29]
讯息 [上相机
功能 StopLive : 成功]
  2023-05-04 11:13:29   时间 [2023/05/04 11:13:29]
讯息 [上相机
功能 GrabOneShot : 成功]
  2023-05-04 11:13:30   时间 [2023/05/04 11:13:30]
讯息 [上相机
功能 StopLive : 成功]
  2023-05-04 11:13:30   时间 [2023/05/04 11:13:30]
讯息 [上相机
功能 GrabOneShot : 成功]
  2023-05-04 11:13:31   时间 [2023/05/04 11:13:31]
讯息 [上相机
功能 StopLive : 成功]
  2023-05-04 11:13:31   时间 [2023/05/04 11:13:31]
讯息 [上相机
功能 GrabOneShot : 成功]
  2023-05-04 11:13:32   时间 [2023/05/04 11:13:32]
讯息 [上相机
功能 StopLive : 成功]
  2023-05-04 11:13:32   时间 [2023/05/04 11:13:32]
讯息 [上相机
功能 GrabOneShot : 成功]
  2023-05-04 11:13:32   时间 [2023/05/04 11:13:32]
讯息 [上相机
功能 StopLive : 成功]
  2023-05-04 11:13:32   时间 [2023/05/04 11:13:32]
讯息 [上相机
功能 GrabOneShot : 成功]
  2023-05-04 11:13:33   时间 [2023/05/04 11:13:33]
讯息 [上相机
功能 StopLive : 成功]
  2023-05-04 11:13:33   时间 [2023/05/04 11:13:33]
讯息 [上相机
功能 GrabOneShot : 成功]
  2023-05-04 11:13:56   时间 [2023/05/04 11:13:56]
讯息 [上相机
功能 StopLive : 成功]
  2023-05-04 11:13:56   时间 [2023/05/04 11:13:56]
讯息 [上相机
功能 GrabOneShot : 成功]
  2023-05-04 11:14:30   时间 [2023/05/04 11:14:30]
讯息 [上相机
功能 StopLive : 成功]
  2023-05-04 11:14:31   时间 [2023/05/04 11:14:31]
讯息 [上相机
功能 GrabOneShot : 成功]
  2023-05-04 11:15:10   时间 [2023/05/04 11:15:10]
讯息 [储存 成功]
  2023-05-04 11:15:31   时间 [2023/05/04 11:15:31]
讯息 [控制器连线失败, 开启 模拟系统]
  2023-05-04 11:15:31   时间 [2023/05/04 11:15:31]
讯息 [储存 成功]
  2023-05-04 11:15:31   时间 [2023/05/04 11:15:31]
讯息 [储存 成功]
  2023-05-04 11:15:31   时间 [2023/05/04 11:15:31]
讯息 [储存 成功]
  2023-05-04 11:15:31   时间 [2023/05/04 11:15:31]
讯息 [储存 成功]
  2023-05-04 11:15:47   时间 [2023/05/04 11:15:47]
讯息 [上相机
功能 Open : 成功]
  2023-05-04 11:15:50   时间 [2023/05/04 11:15:50]
讯息 [储存 成功]
  2023-05-04 11:15:50   时间 [2023/05/04 11:15:50]
讯息 [储存 成功]
  2023-05-04 11:16:03   时间 [2023/05/04 11:16:03]
讯息 [上相机
功能 StartLive : 成功]
  2023-05-04 11:16:07   时间 [2023/05/04 11:16:07]
讯息 [上相机
功能 StopLive : 成功]
  2023-05-04 11:16:07   时间 [2023/05/04 11:16:07]
讯息 [上相机
功能 GrabOneShot : 成功]
  2023-05-04 11:16:15   时间 [2023/05/04 11:16:15]
讯息 [上相机
功能 StopLive : 成功]
  2023-05-04 11:16:15   时间 [2023/05/04 11:16:15]
讯息 [上相机
功能 GrabOneShot : 成功]
  2023-05-04 11:16:23   时间 [2023/05/04 11:16:23]
讯息 [上相机
功能 StopLive : 成功]
  2023-05-04 11:16:23   时间 [2023/05/04 11:16:23]
讯息 [上相机
功能 GrabOneShot : 成功]
  2023-05-04 11:16:28   时间 [2023/05/04 11:16:28]
讯息 [上相机
功能 StopLive : 成功]
  2023-05-04 11:16:28   时间 [2023/05/04 11:16:28]
讯息 [上相机
功能 GrabOneShot : 成功]
  2023-05-04 11:16:32   时间 [2023/05/04 11:16:32]
讯息 [上相机
功能 StopLive : 成功]
  2023-05-04 11:16:32   时间 [2023/05/04 11:16:32]
讯息 [上相机
功能 GrabOneShot : 成功]
  2023-05-04 11:16:38   时间 [2023/05/04 11:16:38]
讯息 [上相机
功能 StopLive : 成功]
  2023-05-04 11:16:38   时间 [2023/05/04 11:16:38]
讯息 [上相机
功能 GrabOneShot : 成功]
  2023-05-04 11:16:43   时间 [2023/05/04 11:16:43]
讯息 [上相机
功能 StopLive : 成功]
  2023-05-04 11:16:43   时间 [2023/05/04 11:16:43]
讯息 [上相机
功能 GrabOneShot : 成功]
  2023-05-04 11:16:52   时间 [2023/05/04 11:16:52]
讯息 [上相机
功能 StopLive : 成功]
  2023-05-04 11:16:52   时间 [2023/05/04 11:16:52]
讯息 [上相机
功能 GrabOneShot : 成功]
  2023-05-04 11:17:00   时间 [2023/05/04 11:17:00]
讯息 [上相机
功能 StopLive : 成功]
  2023-05-04 11:17:00   时间 [2023/05/04 11:17:00]
讯息 [上相机
功能 GrabOneShot : 成功]
  2023-05-04 11:17:07   时间 [2023/05/04 11:17:07]
讯息 [上相机
功能 StopLive : 成功]
  2023-05-04 11:17:07   时间 [2023/05/04 11:17:07]
讯息 [上相机
功能 GrabOneShot : 成功]
  2023-05-04 11:17:12   时间 [2023/05/04 11:17:12]
讯息 [上相机
功能 StopLive : 成功]
  2023-05-04 11:17:12   时间 [2023/05/04 11:17:12]
讯息 [上相机
功能 GrabOneShot : 成功]
  2023-05-04 11:17:18   时间 [2023/05/04 11:17:18]
讯息 [上相机
功能 StopLive : 成功]
  2023-05-04 11:17:18   时间 [2023/05/04 11:17:18]
讯息 [上相机
功能 GrabOneShot : 成功]
  2023-05-04 11:17:22   时间 [2023/05/04 11:17:22]
讯息 [上相机
功能 StopLive : 成功]
  2023-05-04 11:17:22   时间 [2023/05/04 11:17:22]
讯息 [上相机
功能 GrabOneShot : 成功]
  2023-05-04 11:17:25   时间 [2023/05/04 11:17:25]
讯息 [上相机
功能 StopLive : 成功]
  2023-05-04 11:17:25   时间 [2023/05/04 11:17:25]
讯息 [上相机
功能 GrabOneShot : 成功]
  2023-05-04 11:17:33   时间 [2023/05/04 11:17:33]
讯息 [上相机
功能 StopLive : 成功]
  2023-05-04 11:17:33   时间 [2023/05/04 11:17:33]
讯息 [上相机
功能 GrabOneShot : 成功]
  2023-05-04 11:17:42   时间 [2023/05/04 11:17:42]
讯息 [上相机
功能 StartLive : 成功]
  2023-05-04 11:17:51   时间 [2023/05/04 11:17:51]
讯息 [上相机
功能 StopLive : 成功]
  2023-05-04 11:17:51   时间 [2023/05/04 11:17:51]
讯息 [上相机
功能 GrabOneShot : 成功]
  2023-05-04 11:17:52   时间 [2023/05/04 11:17:52]
讯息 [上相机
功能 StopLive : 成功]
  2023-05-04 11:17:52   时间 [2023/05/04 11:17:52]
讯息 [上相机
功能 GrabOneShot : 成功]
  2023-05-04 11:18:11   时间 [2023/05/04 11:18:11]
讯息 [上相机
功能 StopLive : 成功]
  2023-05-04 11:18:12   时间 [2023/05/04 11:18:12]
讯息 [上相机
功能 GrabOneShot : 成功]
  2023-05-04 11:20:43   时间 [2023/05/04 11:20:43]
讯息 [
功能 AddROI : 成功]
  2023-05-04 11:21:08   时间 [2023/05/04 11:21:08]
讯息 [上相机
功能 StopLive : 成功]
  2023-05-04 11:21:08   时间 [2023/05/04 11:21:08]
讯息 [上相机
功能 GrabOneShot : 成功]
  2023-05-04 11:21:42   时间 [2023/05/04 11:21:42]
讯息 [上相机
功能 StopLive : 成功]
  2023-05-04 11:21:42   时间 [2023/05/04 11:21:42]
讯息 [上相机
功能 GrabOneShot : 成功]
  2023-05-04 11:21:43   时间 [2023/05/04 11:21:43]
讯息 [上相机
功能 StopLive : 成功]
  2023-05-04 11:21:43   时间 [2023/05/04 11:21:43]
讯息 [上相机
功能 GrabOneShot : 成功]
  2023-05-04 11:21:45   时间 [2023/05/04 11:21:45]
讯息 [上相机
功能 StopLive : 成功]
  2023-05-04 11:21:45   时间 [2023/05/04 11:21:45]
讯息 [上相机
功能 GrabOneShot : 成功]
  2023-05-04 11:21:46   时间 [2023/05/04 11:21:46]
讯息 [上相机
功能 StopLive : 成功]
  2023-05-04 11:21:46   时间 [2023/05/04 11:21:46]
讯息 [上相机
功能 GrabOneShot : 成功]
  2023-05-04 11:21:48   时间 [2023/05/04 11:21:48]
讯息 [上相机
功能 StopLive : 成功]
  2023-05-04 11:21:48   时间 [2023/05/04 11:21:48]
讯息 [上相机
功能 GrabOneShot : 成功]
  2023-05-04 11:21:49   时间 [2023/05/04 11:21:49]
讯息 [上相机
功能 StopLive : 成功]
  2023-05-04 11:21:49   时间 [2023/05/04 11:21:49]
讯息 [上相机
功能 GrabOneShot : 成功]
  2023-05-04 11:21:49   时间 [2023/05/04 11:21:49]
讯息 [上相机
功能 StopLive : 成功]
  2023-05-04 11:21:49   时间 [2023/05/04 11:21:49]
讯息 [上相机
功能 GrabOneShot : 成功]
  2023-05-04 11:21:50   时间 [2023/05/04 11:21:50]
讯息 [上相机
功能 StopLive : 成功]
  2023-05-04 11:21:50   时间 [2023/05/04 11:21:50]
讯息 [上相机
功能 GrabOneShot : 成功]
  2023-05-04 11:21:51   时间 [2023/05/04 11:21:51]
讯息 [上相机
功能 StopLive : 成功]
  2023-05-04 11:21:51   时间 [2023/05/04 11:21:51]
讯息 [上相机
功能 GrabOneShot : 成功]
  2023-05-04 11:21:53   时间 [2023/05/04 11:21:53]
讯息 [上相机
功能 StopLive : 成功]
  2023-05-04 11:21:53   时间 [2023/05/04 11:21:53]
讯息 [上相机
功能 GrabOneShot : 成功]
  2023-05-04 11:21:54   时间 [2023/05/04 11:21:54]
讯息 [上相机
功能 StopLive : 成功]
  2023-05-04 11:21:54   时间 [2023/05/04 11:21:54]
讯息 [上相机
功能 GrabOneShot : 成功]
  2023-05-04 11:21:57   时间 [2023/05/04 11:21:57]
讯息 [上相机
功能 StopLive : 成功]
  2023-05-04 11:21:57   时间 [2023/05/04 11:21:57]
讯息 [上相机
功能 GrabOneShot : 成功]
  2023-05-04 11:21:58   时间 [2023/05/04 11:21:58]
讯息 [上相机
功能 StopLive : 成功]
  2023-05-04 11:21:58   时间 [2023/05/04 11:21:58]
讯息 [上相机
功能 GrabOneShot : 成功]
  2023-05-04 11:21:58   时间 [2023/05/04 11:21:58]
讯息 [上相机
功能 StopLive : 成功]
  2023-05-04 11:21:58   时间 [2023/05/04 11:21:58]
讯息 [上相机
功能 GrabOneShot : 成功]
  2023-05-04 11:21:59   时间 [2023/05/04 11:21:59]
讯息 [上相机
功能 StopLive : 成功]
  2023-05-04 11:21:59   时间 [2023/05/04 11:21:59]
讯息 [上相机
功能 GrabOneShot : 成功]
  2023-05-04 11:22:23   时间 [2023/05/04 11:22:23]
讯息 [上相机
功能 StopLive : 成功]
  2023-05-04 11:22:35   时间 [2023/05/04 11:22:35]
讯息 [上相机
功能 GrabOneShot : 成功]
  2023-05-04 11:23:46   时间 [2023/05/04 11:23:46]
讯息 [上相机
功能 StopLive : 成功]
  2023-05-04 11:23:46   时间 [2023/05/04 11:23:46]
讯息 [上相机
功能 GrabOneShot : 成功]
  2023-05-04 11:24:31   时间 [2023/05/04 11:24:31]
讯息 [上相机
功能 StartLive : 成功]
  2023-05-04 11:24:33   时间 [2023/05/04 11:24:33]
讯息 [上相机
功能 StopLive : 成功]
  2023-05-04 11:24:33   时间 [2023/05/04 11:24:33]
讯息 [上相机
功能 GrabOneShot : 成功]
  2023-05-04 11:24:40   时间 [2023/05/04 11:24:40]
讯息 [上相机
功能 StopLive : 成功]
  2023-05-04 11:24:40   时间 [2023/05/04 11:24:40]
讯息 [上相机
功能 GrabOneShot : 成功]
  2023-05-04 11:24:41   时间 [2023/05/04 11:24:41]
讯息 [上相机
功能 StopLive : 成功]
  2023-05-04 11:24:41   时间 [2023/05/04 11:24:41]
讯息 [上相机
功能 GrabOneShot : 成功]
  2023-05-04 11:24:43   时间 [2023/05/04 11:24:43]
讯息 [上相机
功能 StopLive : 成功]
  2023-05-04 11:24:43   时间 [2023/05/04 11:24:43]
讯息 [上相机
功能 GrabOneShot : 成功]
  2023-05-04 11:24:44   时间 [2023/05/04 11:24:44]
讯息 [上相机
功能 StopLive : 成功]
  2023-05-04 11:24:44   时间 [2023/05/04 11:24:44]
讯息 [上相机
功能 GrabOneShot : 成功]
  2023-05-04 11:24:45   时间 [2023/05/04 11:24:45]
讯息 [上相机
功能 StopLive : 成功]
  2023-05-04 11:24:45   时间 [2023/05/04 11:24:45]
讯息 [上相机
功能 GrabOneShot : 成功]
  2023-05-04 11:24:45   时间 [2023/05/04 11:24:45]
讯息 [上相机
功能 StopLive : 成功]
  2023-05-04 11:24:45   时间 [2023/05/04 11:24:45]
讯息 [上相机
功能 GrabOneShot : 成功]
  2023-05-04 11:24:46   时间 [2023/05/04 11:24:46]
讯息 [上相机
功能 StopLive : 成功]
  2023-05-04 11:24:46   时间 [2023/05/04 11:24:46]
讯息 [上相机
功能 GrabOneShot : 成功]
  2023-05-04 11:24:46   时间 [2023/05/04 11:24:46]
讯息 [上相机
功能 StopLive : 成功]
  2023-05-04 11:24:46   时间 [2023/05/04 11:24:46]
讯息 [上相机
功能 GrabOneShot : 成功]
  2023-05-04 11:24:47   时间 [2023/05/04 11:24:47]
讯息 [上相机
功能 StopLive : 成功]
  2023-05-04 11:24:47   时间 [2023/05/04 11:24:47]
讯息 [上相机
功能 GrabOneShot : 成功]
  2023-05-04 11:24:48   时间 [2023/05/04 11:24:48]
讯息 [上相机
功能 StopLive : 成功]
  2023-05-04 11:24:48   时间 [2023/05/04 11:24:48]
讯息 [上相机
功能 GrabOneShot : 成功]
  2023-05-04 11:24:49   时间 [2023/05/04 11:24:49]
讯息 [上相机
功能 StopLive : 成功]
  2023-05-04 11:24:49   时间 [2023/05/04 11:24:49]
讯息 [上相机
功能 GrabOneShot : 成功]
  2023-05-04 11:24:49   时间 [2023/05/04 11:24:49]
讯息 [上相机
功能 StopLive : 成功]
  2023-05-04 11:24:49   时间 [2023/05/04 11:24:49]
讯息 [上相机
功能 GrabOneShot : 成功]
  2023-05-04 11:24:50   时间 [2023/05/04 11:24:50]
讯息 [上相机
功能 StopLive : 成功]
  2023-05-04 11:24:50   时间 [2023/05/04 11:24:50]
讯息 [上相机
功能 GrabOneShot : 成功]
  2023-05-04 11:24:50   时间 [2023/05/04 11:24:50]
讯息 [上相机
功能 StopLive : 成功]
  2023-05-04 11:24:50   时间 [2023/05/04 11:24:50]
讯息 [上相机
功能 GrabOneShot : 成功]
  2023-05-04 11:24:50   时间 [2023/05/04 11:24:50]
讯息 [上相机
功能 StopLive : 成功]
  2023-05-04 11:24:50   时间 [2023/05/04 11:24:50]
讯息 [上相机
功能 GrabOneShot : 成功]
  2023-05-04 11:24:51   时间 [2023/05/04 11:24:51]
讯息 [上相机
功能 StopLive : 成功]
  2023-05-04 11:24:51   时间 [2023/05/04 11:24:51]
讯息 [上相机
功能 GrabOneShot : 成功]
  2023-05-04 11:24:51   时间 [2023/05/04 11:24:51]
讯息 [上相机
功能 StopLive : 成功]
  2023-05-04 11:24:51   时间 [2023/05/04 11:24:51]
讯息 [上相机
功能 GrabOneShot : 成功]
  2023-05-04 11:24:52   时间 [2023/05/04 11:24:52]
讯息 [上相机
功能 StopLive : 成功]
  2023-05-04 11:24:52   时间 [2023/05/04 11:24:52]
讯息 [上相机
功能 GrabOneShot : 成功]
  2023-05-04 11:24:52   时间 [2023/05/04 11:24:52]
讯息 [上相机
功能 StopLive : 成功]
  2023-05-04 11:24:52   时间 [2023/05/04 11:24:52]
讯息 [上相机
功能 GrabOneShot : 成功]
  2023-05-04 11:24:52   时间 [2023/05/04 11:24:52]
讯息 [上相机
功能 StopLive : 成功]
  2023-05-04 11:24:52   时间 [2023/05/04 11:24:52]
讯息 [上相机
功能 GrabOneShot : 成功]
  2023-05-04 11:24:53   时间 [2023/05/04 11:24:53]
讯息 [上相机
功能 StopLive : 成功]
  2023-05-04 11:24:53   时间 [2023/05/04 11:24:53]
讯息 [上相机
功能 GrabOneShot : 成功]
  2023-05-04 11:24:53   时间 [2023/05/04 11:24:53]
讯息 [上相机
功能 StopLive : 成功]
  2023-05-04 11:24:53   时间 [2023/05/04 11:24:53]
讯息 [上相机
功能 GrabOneShot : 成功]
  2023-05-04 11:25:23   时间 [2023/05/04 11:25:23]
讯息 [上相机
功能 StopLive : 成功]
  2023-05-04 11:25:23   时间 [2023/05/04 11:25:23]
讯息 [上相机
功能 GrabOneShot : 成功]
  2023-05-04 11:25:37   时间 [2023/05/04 11:25:37]
讯息 [上相机
功能 StopLive : 成功]
  2023-05-04 11:25:37   时间 [2023/05/04 11:25:37]
讯息 [上相机
功能 GrabOneShot : 成功]
  2023-05-04 11:26:06   时间 [2023/05/04 11:26:06]
讯息 [上相机
功能 StopLive : 成功]
  2023-05-04 11:26:06   时间 [2023/05/04 11:26:06]
讯息 [上相机
功能 GrabOneShot : 成功]
  2023-05-04 11:29:31   时间 [2023/05/04 11:29:30]
讯息 [储存 成功]
  2023-05-04 11:29:52   时间 [2023/05/04 11:29:52]
讯息 [控制器连线失败, 开启 模拟系统]
  2023-05-04 11:29:52   时间 [2023/05/04 11:29:52]
讯息 [储存 成功]
  2023-05-04 11:29:52   时间 [2023/05/04 11:29:52]
讯息 [储存 成功]
  2023-05-04 11:29:52   时间 [2023/05/04 11:29:52]
讯息 [储存 成功]
  2023-05-04 11:29:52   时间 [2023/05/04 11:29:52]
讯息 [储存 成功]
  2023-05-04 11:29:52   时间 [2023/05/04 11:29:52]
讯息 [上相机
功能 Open : 成功]
  2023-05-04 11:29:52   时间 [2023/05/04 11:29:52]
讯息 [储存 成功]
  2023-05-04 11:29:52   时间 [2023/05/04 11:29:52]
讯息 [储存 成功]
  2023-05-04 11:30:39   时间 [2023/05/04 11:30:39]
讯息 [上相机
功能 StartLive : 成功]
  2023-05-04 11:30:39   时间 [2023/05/04 11:30:39]
讯息 [上相机
功能 StartLive : 成功]
  2023-05-04 11:31:37   时间 [2023/05/04 11:31:37]
讯息 [储存 成功]
  2023-05-04 11:31:58   时间 [2023/05/04 11:31:58]
讯息 [控制器连线失败, 开启 模拟系统]
  2023-05-04 11:31:58   时间 [2023/05/04 11:31:58]
讯息 [储存 成功]
  2023-05-04 11:31:58   时间 [2023/05/04 11:31:58]
讯息 [储存 成功]
  2023-05-04 11:31:58   时间 [2023/05/04 11:31:58]
讯息 [储存 成功]
  2023-05-04 11:31:58   时间 [2023/05/04 11:31:58]
讯息 [储存 成功]
  2023-05-04 11:31:59   时间 [2023/05/04 11:31:59]
讯息 [上相机
功能 Open : 成功]
  2023-05-04 11:31:59   时间 [2023/05/04 11:31:59]
讯息 [储存 成功]
  2023-05-04 11:31:59   时间 [2023/05/04 11:31:59]
讯息 [储存 成功]
  2023-05-04 11:32:15   时间 [2023/05/04 11:32:15]
讯息 [上相机
功能 StartLive : 成功]
  2023-05-04 11:33:34   时间 [2023/05/04 11:33:34]
讯息 [上相机
功能 StopLive : 成功]
  2023-05-04 11:33:34   时间 [2023/05/04 11:33:34]
讯息 [上相机
功能 GrabOneShot : 成功]
  2023-05-04 11:33:46   时间 [2023/05/04 11:33:46]
讯息 [上相机
功能 StopLive : 成功]
  2023-05-04 11:33:46   时间 [2023/05/04 11:33:46]
讯息 [上相机
功能 GrabOneShot : 成功]
  2023-05-04 11:33:51   时间 [2023/05/04 11:33:51]
讯息 [上相机
功能 StopLive : 成功]
  2023-05-04 11:33:51   时间 [2023/05/04 11:33:51]
讯息 [上相机
功能 GrabOneShot : 成功]
  2023-05-04 11:33:52   时间 [2023/05/04 11:33:52]
讯息 [上相机
功能 StopLive : 成功]
  2023-05-04 11:33:52   时间 [2023/05/04 11:33:52]
讯息 [上相机
功能 GrabOneShot : 成功]
  2023-05-04 11:34:02   时间 [2023/05/04 11:34:02]
讯息 [上相机
功能 StopLive : 成功]
  2023-05-04 11:34:02   时间 [2023/05/04 11:34:02]
讯息 [上相机
功能 GrabOneShot : 成功]
  2023-05-04 11:34:13   时间 [2023/05/04 11:34:13]
讯息 [上相机
功能 StopLive : 成功]
  2023-05-04 11:34:13   时间 [2023/05/04 11:34:13]
讯息 [上相机
功能 GrabOneShot : 成功]
  2023-05-04 11:34:17   时间 [2023/05/04 11:34:17]
讯息 [上相机
功能 StopLive : 成功]
  2023-05-04 11:34:17   时间 [2023/05/04 11:34:17]
讯息 [上相机
功能 GrabOneShot : 成功]
  2023-05-04 11:34:21   时间 [2023/05/04 11:34:21]
讯息 [上相机
功能 StopLive : 成功]
  2023-05-04 11:34:21   时间 [2023/05/04 11:34:21]
讯息 [上相机
功能 GrabOneShot : 成功]
  2023-05-04 11:34:24   时间 [2023/05/04 11:34:24]
讯息 [上相机
功能 StopLive : 成功]
  2023-05-04 11:34:24   时间 [2023/05/04 11:34:24]
讯息 [上相机
功能 GrabOneShot : 成功]
  2023-05-04 11:34:26   时间 [2023/05/04 11:34:26]
讯息 [
功能 AddROI : 成功]
  2023-05-04 11:34:43   时间 [2023/05/04 11:34:43]
讯息 [上相机
功能 StopLive : 成功]
  2023-05-04 11:34:43   时间 [2023/05/04 11:34:43]
讯息 [上相机
功能 GrabOneShot : 成功]
  2023-05-04 11:34:57   时间 [2023/05/04 11:34:57]
讯息 [
功能 AddROI : 成功]
  2023-05-04 11:35:09   时间 [2023/05/04 11:35:09]
讯息 [上相机
功能 StopLive : 成功]
  2023-05-04 11:35:09   时间 [2023/05/04 11:35:09]
讯息 [上相机
功能 GrabOneShot : 成功]
  2023-05-04 11:35:15   时间 [2023/05/04 11:35:15]
讯息 [储存成功]
  2023-05-04 11:35:21   时间 [2023/05/04 11:35:21]
讯息 [储存成功]
  2023-05-04 11:35:34   时间 [2023/05/04 11:35:34]
讯息 [储存 成功]
  2023-05-04 11:35:55   时间 [2023/05/04 11:35:55]
讯息 [控制器连线失败, 开启 模拟系统]
  2023-05-04 11:35:55   时间 [2023/05/04 11:35:55]
讯息 [储存 成功]
  2023-05-04 11:35:55   时间 [2023/05/04 11:35:55]
讯息 [储存 成功]
  2023-05-04 11:35:55   时间 [2023/05/04 11:35:55]
讯息 [储存 成功]
  2023-05-04 11:35:55   时间 [2023/05/04 11:35:55]
讯息 [储存 成功]
  2023-05-04 11:35:56   时间 [2023/05/04 11:35:56]
讯息 [上相机
功能 Open : 成功]
  2023-05-04 11:35:56   时间 [2023/05/04 11:35:56]
讯息 [储存 成功]
  2023-05-04 11:35:56   时间 [2023/05/04 11:35:56]
讯息 [储存 成功]
  2023-05-04 11:36:06   时间 [2023/05/04 11:36:06]
讯息 [上相机
功能 StopLive : 成功]
  2023-05-04 11:36:06   时间 [2023/05/04 11:36:06]
讯息 [上相机
功能 GrabOneShot : 成功]
  2023-05-04 11:36:08   时间 [2023/05/04 11:36:08]
讯息 [上相机
功能 StartLive : 成功]
  2023-05-04 11:36:11   时间 [2023/05/04 11:36:11]
讯息 [上相机
功能 StopLive : 成功]
  2023-05-04 11:36:11   时间 [2023/05/04 11:36:11]
讯息 [上相机
功能 GrabOneShot : 成功]
  2023-05-04 11:36:18   时间 [2023/05/04 11:36:18]
讯息 [上相机
功能 StopLive : 成功]
  2023-05-04 11:36:18   时间 [2023/05/04 11:36:18]
讯息 [上相机
功能 GrabOneShot : 成功]
  2023-05-04 11:36:30   时间 [2023/05/04 11:36:30]
讯息 [上相机
功能 StopLive : 成功]
  2023-05-04 11:36:30   时间 [2023/05/04 11:36:30]
讯息 [上相机
功能 GrabOneShot : 成功]
  2023-05-04 11:36:33   时间 [2023/05/04 11:36:33]
讯息 [上相机
功能 StartLive : 成功]
  2023-05-04 11:36:35   时间 [2023/05/04 11:36:35]
讯息 [上相机
功能 StopLive : 成功]
  2023-05-04 11:36:35   时间 [2023/05/04 11:36:35]
讯息 [上相机
功能 GrabOneShot : 成功]
  2023-05-04 11:36:38   时间 [2023/05/04 11:36:38]
讯息 [上相机
功能 StartLive : 成功]
  2023-05-04 11:36:39   时间 [2023/05/04 11:36:39]
讯息 [上相机
功能 StopLive : 成功]
  2023-05-04 11:36:39   时间 [2023/05/04 11:36:39]
讯息 [上相机
功能 GrabOneShot : 成功]
  2023-05-04 11:36:41   时间 [2023/05/04 11:36:41]
讯息 [上相机
功能 StartLive : 成功]
  2023-05-04 11:36:42   时间 [2023/05/04 11:36:42]
讯息 [上相机
功能 StopLive : 成功]
  2023-05-04 11:36:42   时间 [2023/05/04 11:36:42]
讯息 [上相机
功能 GrabOneShot : 成功]
  2023-05-04 11:36:44   时间 [2023/05/04 11:36:44]
讯息 [上相机
功能 StartLive : 成功]
  2023-05-04 11:36:49   时间 [2023/05/04 11:36:49]
讯息 [上相机
功能 StopLive : 成功]
  2023-05-04 11:36:49   时间 [2023/05/04 11:36:49]
讯息 [上相机
功能 GrabOneShot : 成功]
  2023-05-04 11:36:51   时间 [2023/05/04 11:36:51]
讯息 [上相机
功能 StartLive : 成功]
  2023-05-04 11:36:52   时间 [2023/05/04 11:36:52]
讯息 [上相机
功能 StopLive : 成功]
  2023-05-04 11:36:52   时间 [2023/05/04 11:36:52]
讯息 [上相机
功能 GrabOneShot : 成功]
  2023-05-04 11:36:54   时间 [2023/05/04 11:36:54]
讯息 [上相机
功能 StartLive : 成功]
  2023-05-04 11:36:56   时间 [2023/05/04 11:36:56]
讯息 [上相机
功能 StopLive : 成功]
  2023-05-04 11:36:56   时间 [2023/05/04 11:36:56]
讯息 [上相机
功能 GrabOneShot : 成功]
  2023-05-04 11:36:58   时间 [2023/05/04 11:36:58]
讯息 [储存成功]
  2023-05-04 11:37:23   时间 [2023/05/04 11:37:23]
讯息 [上相机
功能 StopLive : 成功]
  2023-05-04 11:37:23   时间 [2023/05/04 11:37:23]
讯息 [上相机
功能 GrabOneShot : 成功]
  2023-05-04 11:37:36   时间 [2023/05/04 11:37:36]
讯息 [储存成功]
  2023-05-04 11:37:49   时间 [2023/05/04 11:37:49]
讯息 [储存 成功]
  2023-05-04 11:38:10   时间 [2023/05/04 11:38:10]
讯息 [控制器连线失败, 开启 模拟系统]
  2023-05-04 11:38:10   时间 [2023/05/04 11:38:10]
讯息 [储存 成功]
  2023-05-04 11:38:10   时间 [2023/05/04 11:38:10]
讯息 [储存 成功]
  2023-05-04 11:38:10   时间 [2023/05/04 11:38:10]
讯息 [储存 成功]
  2023-05-04 11:38:10   时间 [2023/05/04 11:38:10]
讯息 [储存 成功]
  2023-05-04 11:38:11   时间 [2023/05/04 11:38:11]
讯息 [上相机
功能 Open : 成功]
  2023-05-04 11:38:11   时间 [2023/05/04 11:38:11]
讯息 [储存 成功]
  2023-05-04 11:38:11   时间 [2023/05/04 11:38:11]
讯息 [储存 成功]
  2023-05-04 11:39:01   时间 [2023/05/04 11:39:01]
讯息 [上相机
功能 StopLive : 成功]
  2023-05-04 11:39:01   时间 [2023/05/04 11:39:01]
讯息 [上相机
功能 GrabOneShot : 成功]
  2023-05-04 11:39:02   时间 [2023/05/04 11:39:02]
讯息 [上相机
功能 StopLive : 成功]
  2023-05-04 11:39:02   时间 [2023/05/04 11:39:02]
讯息 [上相机
功能 GrabOneShot : 成功]
  2023-05-04 11:42:39   时间 [2023/05/04 11:42:39]
讯息 [储存 成功]
  2023-05-04 11:43:00   时间 [2023/05/04 11:43:00]
讯息 [控制器连线失败, 开启 模拟系统]
  2023-05-04 11:43:00   时间 [2023/05/04 11:43:00]
讯息 [储存 成功]
  2023-05-04 11:43:00   时间 [2023/05/04 11:43:00]
讯息 [储存 成功]
  2023-05-04 11:43:00   时间 [2023/05/04 11:43:00]
讯息 [储存 成功]
  2023-05-04 11:43:00   时间 [2023/05/04 11:43:00]
讯息 [储存 成功]
  2023-05-04 11:43:00   时间 [2023/05/04 11:43:00]
讯息 [上相机
功能 Open : 失败
Failed to open 'Basler acA640-90gm#0030532949B5#192.168.0.17:3956'. The device is controlled by another application. Err: An attempt was made to access an address location which is currently/momentary not accessible. (0xE1018006)
 : RuntimeException thrown (file 'gigedevice.cpp', line 263)]
  2023-05-04 11:43:00   时间 [2023/05/04 11:43:00]
讯息 [Resource_Tool_ConfigData_Camera 生产物件失败 
 Parameter under CameraDevice can only be accessed when the camera is open.]
  2023-05-04 11:43:01   时间 [2023/05/04 11:43:01]
讯息 [储存 成功]
  2023-05-04 11:43:38   时间 [2023/05/04 11:43:38]
讯息 [储存 成功]
  2023-05-04 11:43:59   时间 [2023/05/04 11:43:59]
讯息 [控制器连线失败, 开启 模拟系统]
  2023-05-04 11:43:59   时间 [2023/05/04 11:43:59]
讯息 [储存 成功]
  2023-05-04 11:43:59   时间 [2023/05/04 11:43:59]
讯息 [储存 成功]
  2023-05-04 11:43:59   时间 [2023/05/04 11:43:59]
讯息 [储存 成功]
  2023-05-04 11:43:59   时间 [2023/05/04 11:43:59]
讯息 [储存 成功]
  2023-05-04 11:44:00   时间 [2023/05/04 11:44:00]
讯息 [储存 成功]
  2023-05-04 11:44:00   时间 [2023/05/04 11:44:00]
讯息 [储存 成功]
  2023-05-04 11:44:51   时间 [2023/05/04 11:44:51]
讯息 [上相机
功能 StartLive : 成功]
  2023-05-04 11:45:00   时间 [2023/05/04 11:45:00]
讯息 [上相机
功能 StopLive : 成功]
  2023-05-04 11:46:07   时间 [2023/05/04 11:46:07]
讯息 [储存 成功]
  2023-05-04 11:46:28   时间 [2023/05/04 11:46:28]
讯息 [控制器连线失败, 开启 模拟系统]
  2023-05-04 11:46:28   时间 [2023/05/04 11:46:28]
讯息 [储存 成功]
  2023-05-04 11:46:28   时间 [2023/05/04 11:46:28]
讯息 [储存 成功]
  2023-05-04 11:46:28   时间 [2023/05/04 11:46:28]
讯息 [储存 成功]
  2023-05-04 11:46:28   时间 [2023/05/04 11:46:28]
讯息 [储存 成功]
  2023-05-04 11:46:29   时间 [2023/05/04 11:46:29]
讯息 [储存 成功]
  2023-05-04 11:46:29   时间 [2023/05/04 11:46:29]
讯息 [储存 成功]
  2023-05-04 11:46:42   时间 [2023/05/04 11:46:42]
讯息 [上相机
功能 StartLive : 成功]
  2023-05-04 11:47:26   时间 [2023/05/04 11:47:25]
讯息 [储存 成功]
  2023-05-04 11:47:47   时间 [2023/05/04 11:47:47]
讯息 [控制器连线失败, 开启 模拟系统]
  2023-05-04 11:47:47   时间 [2023/05/04 11:47:47]
讯息 [储存 成功]
  2023-05-04 11:47:47   时间 [2023/05/04 11:47:47]
讯息 [储存 成功]
  2023-05-04 11:47:47   时间 [2023/05/04 11:47:47]
讯息 [储存 成功]
  2023-05-04 11:47:47   时间 [2023/05/04 11:47:47]
讯息 [储存 成功]
  2023-05-04 11:47:47   时间 [2023/05/04 11:47:47]
讯息 [上相机
功能 Open : 成功]
  2023-05-04 11:47:48   时间 [2023/05/04 11:47:48]
讯息 [储存 成功]
  2023-05-04 11:47:48   时间 [2023/05/04 11:47:48]
讯息 [储存 成功]
  2023-05-04 11:48:02   时间 [2023/05/04 11:48:02]
讯息 [上相机
功能 StartLive : 成功]
  2023-05-04 11:49:31   时间 [2023/05/04 11:49:31]
讯息 [上相机
功能 StopLive : 成功]
  2023-05-04 11:49:31   时间 [2023/05/04 11:49:31]
讯息 [上相机
功能 GrabOneShot : 成功]
  2023-05-04 11:50:18   时间 [2023/05/04 11:50:18]
讯息 [上相机
功能 StopLive : 成功]
  2023-05-04 11:50:18   时间 [2023/05/04 11:50:18]
讯息 [上相机
功能 GrabOneShot : 成功]
  2023-05-04 11:50:20   时间 [2023/05/04 11:50:20]
讯息 [上相机
功能 StopLive : 成功]
  2023-05-04 11:50:20   时间 [2023/05/04 11:50:20]
讯息 [上相机
功能 GrabOneShot : 成功]
  2023-05-04 11:50:21   时间 [2023/05/04 11:50:21]
讯息 [上相机
功能 StopLive : 成功]
  2023-05-04 11:50:21   时间 [2023/05/04 11:50:21]
讯息 [上相机
功能 GrabOneShot : 成功]
  2023-05-04 11:50:22   时间 [2023/05/04 11:50:22]
讯息 [上相机
功能 StopLive : 成功]
  2023-05-04 11:50:22   时间 [2023/05/04 11:50:22]
讯息 [上相机
功能 GrabOneShot : 成功]
  2023-05-04 11:50:23   时间 [2023/05/04 11:50:23]
讯息 [上相机
功能 StopLive : 成功]
  2023-05-04 11:50:23   时间 [2023/05/04 11:50:23]
讯息 [上相机
功能 GrabOneShot : 成功]
  2023-05-04 11:50:27   时间 [2023/05/04 11:50:27]
讯息 [上相机
功能 StopLive : 成功]
  2023-05-04 11:50:27   时间 [2023/05/04 11:50:27]
讯息 [上相机
功能 GrabOneShot : 成功]
  2023-05-04 11:50:29   时间 [2023/05/04 11:50:29]
讯息 [上相机
功能 StopLive : 成功]
  2023-05-04 11:50:29   时间 [2023/05/04 11:50:29]
讯息 [上相机
功能 GrabOneShot : 成功]
  2023-05-04 11:50:31   时间 [2023/05/04 11:50:31]
讯息 [上相机
功能 StopLive : 成功]
  2023-05-04 11:50:31   时间 [2023/05/04 11:50:31]
讯息 [上相机
功能 GrabOneShot : 成功]
  2023-05-04 11:50:32   时间 [2023/05/04 11:50:32]
讯息 [上相机
功能 StopLive : 成功]
  2023-05-04 11:50:32   时间 [2023/05/04 11:50:32]
讯息 [上相机
功能 GrabOneShot : 成功]
  2023-05-04 11:50:54   时间 [2023/05/04 11:50:54]
讯息 [上相机
功能 StopLive : 成功]
  2023-05-04 11:50:54   时间 [2023/05/04 11:50:54]
讯息 [上相机
功能 GrabOneShot : 成功]
  2023-05-04 11:51:01   时间 [2023/05/04 11:51:01]
讯息 [上相机
功能 StopLive : 成功]
  2023-05-04 11:51:01   时间 [2023/05/04 11:51:01]
讯息 [上相机
功能 GrabOneShot : 成功]
  2023-05-04 11:51:35   时间 [2023/05/04 11:51:35]
讯息 [上相机
功能 StopLive : 成功]
  2023-05-04 11:51:35   时间 [2023/05/04 11:51:35]
讯息 [上相机
功能 GrabOneShot : 成功]
  2023-05-04 11:52:04   时间 [2023/05/04 11:52:04]
讯息 [上相机
功能 StopLive : 成功]
  2023-05-04 11:52:04   时间 [2023/05/04 11:52:04]
讯息 [上相机
功能 GrabOneShot : 成功]
  2023-05-04 11:52:52   时间 [2023/05/04 11:52:52]
讯息 [上相机
功能 StartLive : 成功]
  2023-05-04 11:52:54   时间 [2023/05/04 11:52:54]
讯息 [上相机
功能 StopLive : 成功]
  2023-05-04 11:52:54   时间 [2023/05/04 11:52:54]
讯息 [上相机
功能 GrabOneShot : 成功]
  2023-05-04 11:53:03   时间 [2023/05/04 11:53:03]
讯息 [上相机
功能 StartLive : 成功]
  2023-05-04 11:53:07   时间 [2023/05/04 11:53:07]
讯息 [上相机
功能 StartLive : 成功]
  2023-05-04 11:53:10   时间 [2023/05/04 11:53:10]
讯息 [上相机
功能 StopLive : 成功]
  2023-05-04 11:53:10   时间 [2023/05/04 11:53:10]
讯息 [上相机
功能 GrabOneShot : 成功]
  2023-05-04 11:53:13   时间 [2023/05/04 11:53:13]
讯息 [上相机
功能 StartLive : 成功]
  2023-05-04 11:53:20   时间 [2023/05/04 11:53:20]
讯息 [上相机
功能 StopLive : 成功]
  2023-05-04 11:53:20   时间 [2023/05/04 11:53:20]
讯息 [上相机
功能 GrabOneShot : 成功]
  2023-05-04 12:01:51   时间 [2023/05/04 12:01:51]
讯息 [储存 成功]
  2023-05-04 12:02:12   时间 [2023/05/04 12:02:12]
讯息 [控制器连线失败, 开启 模拟系统]
  2023-05-04 12:02:12   时间 [2023/05/04 12:02:12]
讯息 [储存 成功]
  2023-05-04 12:02:12   时间 [2023/05/04 12:02:12]
讯息 [储存 成功]
  2023-05-04 12:02:12   时间 [2023/05/04 12:02:12]
讯息 [储存 成功]
  2023-05-04 12:02:12   时间 [2023/05/04 12:02:12]
讯息 [储存 成功]
  2023-05-04 12:02:12   时间 [2023/05/04 12:02:12]
讯息 [上相机
功能 Open : 成功]
  2023-05-04 12:02:13   时间 [2023/05/04 12:02:13]
讯息 [储存 成功]
  2023-05-04 12:02:13   时间 [2023/05/04 12:02:13]
讯息 [储存 成功]
  2023-05-04 12:02:37   时间 [2023/05/04 12:02:37]
讯息 [上相机
功能 GrabOneShot : 成功]
  2023-05-04 12:02:45   时间 [2023/05/04 12:02:45]
讯息 [上相机
功能 GrabOneShot : 成功]
  2023-05-04 12:02:46   时间 [2023/05/04 12:02:46]
讯息 [上相机
功能 GrabOneShot : 成功]
  2023-05-04 12:02:52   时间 [2023/05/04 12:02:52]
讯息 [上相机
功能 GrabOneShot : 成功]
  2023-05-04 12:02:58   时间 [2023/05/04 12:02:58]
讯息 [上相机
功能 StartLive : 成功]
  2023-05-04 12:03:22   时间 [2023/05/04 12:03:22]
讯息 [上相机
功能 StopLive : 成功]
  2023-05-04 12:03:28   时间 [2023/05/04 12:03:28]
讯息 [上相机
功能 GrabOneShot : 成功]
  2023-05-04 13:14:03   时间 [2023/05/04 13:14:03]
讯息 [储存 成功]
  2023-05-04 13:14:24   时间 [2023/05/04 13:14:24]
讯息 [控制器连线失败, 开启 模拟系统]
  2023-05-04 13:14:24   时间 [2023/05/04 13:14:24]
讯息 [储存 成功]
  2023-05-04 13:14:24   时间 [2023/05/04 13:14:24]
讯息 [储存 成功]
  2023-05-04 13:14:24   时间 [2023/05/04 13:14:24]
讯息 [储存 成功]
  2023-05-04 13:14:24   时间 [2023/05/04 13:14:24]
讯息 [储存 成功]
  2023-05-04 13:14:25   时间 [2023/05/04 13:14:25]
讯息 [上相机
功能 Open : 成功]
  2023-05-04 13:15:13   时间 [2023/05/04 13:15:13]
讯息 [储存 成功]
  2023-05-04 13:15:45   时间 [2023/05/04 13:15:45]
讯息 [储存 成功]
  2023-05-04 13:16:42   时间 [2023/05/04 13:16:42]
讯息 [储存 成功]
  2023-05-04 13:17:03   时间 [2023/05/04 13:17:03]
讯息 [控制器连线失败, 开启 模拟系统]
  2023-05-04 13:17:03   时间 [2023/05/04 13:17:03]
讯息 [储存 成功]
  2023-05-04 13:17:03   时间 [2023/05/04 13:17:03]
讯息 [储存 成功]
  2023-05-04 13:17:03   时间 [2023/05/04 13:17:03]
讯息 [储存 成功]
  2023-05-04 13:17:03   时间 [2023/05/04 13:17:03]
讯息 [储存 成功]
  2023-05-04 13:17:10   时间 [2023/05/04 13:17:10]
讯息 [储存 成功]
  2023-05-04 13:17:10   时间 [2023/05/04 13:17:10]
讯息 [储存 成功]
  2023-05-04 13:17:28   时间 [2023/05/04 13:17:28]
讯息 [上相机
功能 StartLive : 成功]
  2023-05-04 13:17:29   时间 [2023/05/04 13:17:29]
讯息 [上相机
功能 StopLive : 成功]
  2023-05-04 13:19:12   时间 [2023/05/04 13:19:12]
讯息 [储存 成功]
  2023-05-04 13:19:33   时间 [2023/05/04 13:19:33]
讯息 [控制器连线失败, 开启 模拟系统]
  2023-05-04 13:19:33   时间 [2023/05/04 13:19:33]
讯息 [储存 成功]
  2023-05-04 13:19:33   时间 [2023/05/04 13:19:33]
讯息 [储存 成功]
  2023-05-04 13:19:33   时间 [2023/05/04 13:19:33]
讯息 [储存 成功]
  2023-05-04 13:19:33   时间 [2023/05/04 13:19:33]
讯息 [储存 成功]
  2023-05-04 13:19:35   时间 [2023/05/04 13:19:35]
讯息 [储存 成功]
  2023-05-04 13:19:35   时间 [2023/05/04 13:19:35]
讯息 [储存 成功]
  2023-05-04 13:20:26   时间 [2023/05/04 13:20:26]
讯息 [储存 成功]
  2023-05-04 13:20:47   时间 [2023/05/04 13:20:47]
讯息 [控制器连线失败, 开启 模拟系统]
  2023-05-04 13:20:47   时间 [2023/05/04 13:20:47]
讯息 [储存 成功]
  2023-05-04 13:20:47   时间 [2023/05/04 13:20:47]
讯息 [储存 成功]
  2023-05-04 13:20:47   时间 [2023/05/04 13:20:47]
讯息 [储存 成功]
  2023-05-04 13:20:47   时间 [2023/05/04 13:20:47]
讯息 [储存 成功]
  2023-05-04 13:20:52   时间 [2023/05/04 13:20:52]
讯息 [储存 成功]
  2023-05-04 13:20:52   时间 [2023/05/04 13:20:52]
讯息 [储存 成功]
  2023-05-04 13:21:31   时间 [2023/05/04 13:21:30]
讯息 [储存 成功]
  2023-05-04 13:21:51   时间 [2023/05/04 13:21:51]
讯息 [控制器连线失败, 开启 模拟系统]
  2023-05-04 13:21:52   时间 [2023/05/04 13:21:52]
讯息 [储存 成功]
  2023-05-04 13:21:52   时间 [2023/05/04 13:21:52]
讯息 [储存 成功]
  2023-05-04 13:21:52   时间 [2023/05/04 13:21:52]
讯息 [储存 成功]
  2023-05-04 13:21:52   时间 [2023/05/04 13:21:52]
讯息 [储存 成功]
  2023-05-04 13:21:52   时间 [2023/05/04 13:21:52]
讯息 [上相机
功能 Open : 成功]
  2023-05-04 13:22:14   时间 [2023/05/04 13:22:14]
讯息 [储存 成功]
  2023-05-04 13:22:15   时间 [2023/05/04 13:22:15]
讯息 [储存 成功]
  2023-05-04 13:22:45   时间 [2023/05/04 13:22:45]
讯息 [上相机
功能 StartLive : 成功]
  2023-05-04 13:22:48   时间 [2023/05/04 13:22:48]
讯息 [上相机
功能 StopLive : 成功]
  2023-05-04 13:22:50   时间 [2023/05/04 13:22:50]
讯息 [上相机
功能 StopLive : 成功]
  2023-05-04 13:22:54   时间 [2023/05/04 13:22:54]
讯息 [上相机
功能 StartLive : 成功]
  2023-05-04 13:22:55   时间 [2023/05/04 13:22:55]
讯息 [上相机
功能 StopLive : 成功]
  2023-05-04 13:23:00   时间 [2023/05/04 13:23:00]
讯息 [上相机
功能 GrabOneShot : 成功]
  2023-05-04 13:23:02   时间 [2023/05/04 13:23:02]
讯息 [上相机
功能 StartLive : 成功]
  2023-05-04 13:23:03   时间 [2023/05/04 13:23:03]
讯息 [上相机
功能 StopLive : 成功]
