  2023-04-25 09:02:11   时间 [2023/04/25 09:02:11]
讯息 [储存 成功]
  2023-04-25 09:02:32   时间 [2023/04/25 09:02:32]
讯息 [控制器连线失败, 开启 模拟系统]
  2023-04-25 09:02:32   时间 [2023/04/25 09:02:32]
讯息 [储存 成功]
  2023-04-25 09:02:32   时间 [2023/04/25 09:02:32]
讯息 [储存 成功]
  2023-04-25 09:02:32   时间 [2023/04/25 09:02:32]
讯息 [储存 成功]
  2023-04-25 09:02:32   时间 [2023/04/25 09:02:32]
讯息 [储存 成功]
  2023-04-25 09:02:32   时间 [2023/04/25 09:02:32]
讯息 [储存 成功]
  2023-04-25 09:02:32   时间 [2023/04/25 09:02:32]
讯息 [储存 成功]
  2023-04-25 09:02:32   时间 [2023/04/25 09:02:32]
讯息 [储存成功]
  2023-04-25 09:02:32   时间 [2023/04/25 09:02:32]
讯息 [储存成功]
  2023-04-25 09:04:39   时间 [2023/04/25 09:04:39]
讯息 [储存 成功]
  2023-04-25 09:05:00   时间 [2023/04/25 09:05:00]
讯息 [控制器连线失败, 开启 模拟系统]
  2023-04-25 09:05:00   时间 [2023/04/25 09:05:00]
讯息 [储存 成功]
  2023-04-25 09:05:00   时间 [2023/04/25 09:05:00]
讯息 [储存 成功]
  2023-04-25 09:05:00   时间 [2023/04/25 09:05:00]
讯息 [储存 成功]
  2023-04-25 09:05:00   时间 [2023/04/25 09:05:00]
讯息 [储存 成功]
  2023-04-25 09:05:00   时间 [2023/04/25 09:05:00]
讯息 [储存 成功]
  2023-04-25 09:05:00   时间 [2023/04/25 09:05:00]
讯息 [储存 成功]
  2023-04-25 09:05:13   时间 [2023/04/25 09:05:13]
讯息 [指定的参数已超出有效值的范围。
参数名: index]
  2023-04-25 09:07:34   时间 [2023/04/25 09:07:34]
讯息 [储存 成功]
  2023-04-25 09:07:55   时间 [2023/04/25 09:07:55]
讯息 [控制器连线失败, 开启 模拟系统]
  2023-04-25 09:07:55   时间 [2023/04/25 09:07:55]
讯息 [储存 成功]
  2023-04-25 09:07:55   时间 [2023/04/25 09:07:55]
讯息 [储存 成功]
  2023-04-25 09:07:55   时间 [2023/04/25 09:07:55]
讯息 [储存 成功]
  2023-04-25 09:07:55   时间 [2023/04/25 09:07:55]
讯息 [储存 成功]
  2023-04-25 09:07:55   时间 [2023/04/25 09:07:55]
讯息 [储存 成功]
  2023-04-25 09:07:55   时间 [2023/04/25 09:07:55]
讯息 [储存 成功]
  2023-04-25 09:18:15   时间 [2023/04/25 09:18:15]
讯息 [储存 成功]
  2023-04-25 09:18:36   时间 [2023/04/25 09:18:36]
讯息 [控制器连线失败, 开启 模拟系统]
  2023-04-25 09:18:36   时间 [2023/04/25 09:18:36]
讯息 [储存 成功]
  2023-04-25 09:18:36   时间 [2023/04/25 09:18:36]
讯息 [储存 成功]
  2023-04-25 09:18:36   时间 [2023/04/25 09:18:36]
讯息 [储存 成功]
  2023-04-25 09:18:36   时间 [2023/04/25 09:18:36]
讯息 [储存 成功]
  2023-04-25 09:18:36   时间 [2023/04/25 09:18:36]
讯息 [储存 成功]
  2023-04-25 09:18:36   时间 [2023/04/25 09:18:36]
讯息 [储存 成功]
  2023-04-25 09:21:24   时间 [2023/04/25 09:21:24]
讯息 [储存 成功]
  2023-04-25 09:21:45   时间 [2023/04/25 09:21:45]
讯息 [控制器连线失败, 开启 模拟系统]
  2023-04-25 09:21:45   时间 [2023/04/25 09:21:45]
讯息 [储存 成功]
  2023-04-25 09:21:45   时间 [2023/04/25 09:21:45]
讯息 [储存 成功]
  2023-04-25 09:21:45   时间 [2023/04/25 09:21:45]
讯息 [储存 成功]
  2023-04-25 09:21:45   时间 [2023/04/25 09:21:45]
讯息 [储存 成功]
  2023-04-25 09:21:45   时间 [2023/04/25 09:21:45]
讯息 [储存 成功]
  2023-04-25 09:21:45   时间 [2023/04/25 09:21:45]
讯息 [储存 成功]
  2023-04-25 09:23:21   时间 [2023/04/25 09:23:20]
讯息 [储存 成功]
  2023-04-25 09:23:42   时间 [2023/04/25 09:23:42]
讯息 [控制器连线失败, 开启 模拟系统]
  2023-04-25 09:23:42   时间 [2023/04/25 09:23:42]
讯息 [储存 成功]
  2023-04-25 09:23:42   时间 [2023/04/25 09:23:42]
讯息 [储存 成功]
  2023-04-25 09:23:42   时间 [2023/04/25 09:23:42]
讯息 [储存 成功]
  2023-04-25 09:23:42   时间 [2023/04/25 09:23:42]
讯息 [储存 成功]
  2023-04-25 09:23:42   时间 [2023/04/25 09:23:42]
讯息 [储存 成功]
  2023-04-25 09:23:42   时间 [2023/04/25 09:23:42]
讯息 [储存 成功]
  2023-04-25 09:30:13   时间 [2023/04/25 09:30:13]
讯息 [储存 成功]
  2023-04-25 09:30:34   时间 [2023/04/25 09:30:34]
讯息 [控制器连线失败, 开启 模拟系统]
  2023-04-25 09:30:34   时间 [2023/04/25 09:30:34]
讯息 [储存 成功]
  2023-04-25 09:30:34   时间 [2023/04/25 09:30:34]
讯息 [储存 成功]
  2023-04-25 09:30:34   时间 [2023/04/25 09:30:34]
讯息 [储存 成功]
  2023-04-25 09:30:34   时间 [2023/04/25 09:30:34]
讯息 [储存 成功]
  2023-04-25 09:30:34   时间 [2023/04/25 09:30:34]
讯息 [储存 成功]
  2023-04-25 09:30:34   时间 [2023/04/25 09:30:34]
讯息 [储存 成功]
  2023-04-25 09:35:06   时间 [2023/04/25 09:35:06]
讯息 [储存 成功]
  2023-04-25 09:35:27   时间 [2023/04/25 09:35:27]
讯息 [控制器连线失败, 开启 模拟系统]
  2023-04-25 09:35:27   时间 [2023/04/25 09:35:27]
讯息 [储存 成功]
  2023-04-25 09:35:27   时间 [2023/04/25 09:35:27]
讯息 [储存 成功]
  2023-04-25 09:35:27   时间 [2023/04/25 09:35:27]
讯息 [储存 成功]
  2023-04-25 09:35:27   时间 [2023/04/25 09:35:27]
讯息 [储存 成功]
  2023-04-25 09:35:27   时间 [2023/04/25 09:35:27]
讯息 [储存 成功]
  2023-04-25 09:35:27   时间 [2023/04/25 09:35:27]
讯息 [储存 成功]
  2023-04-25 09:40:08   时间 [2023/04/25 09:40:08]
讯息 [储存 成功]
  2023-04-25 09:40:29   时间 [2023/04/25 09:40:29]
讯息 [控制器连线失败, 开启 模拟系统]
  2023-04-25 09:40:29   时间 [2023/04/25 09:40:29]
讯息 [储存 成功]
  2023-04-25 09:40:29   时间 [2023/04/25 09:40:29]
讯息 [储存 成功]
  2023-04-25 09:40:29   时间 [2023/04/25 09:40:29]
讯息 [储存 成功]
  2023-04-25 09:40:29   时间 [2023/04/25 09:40:29]
讯息 [储存 成功]
  2023-04-25 09:40:30   时间 [2023/04/25 09:40:30]
讯息 [储存 成功]
  2023-04-25 09:40:30   时间 [2023/04/25 09:40:30]
讯息 [储存 成功]
  2023-04-25 09:40:48   时间 [2023/04/25 09:40:48]
讯息 [储存 成功]
  2023-04-25 09:41:09   时间 [2023/04/25 09:41:09]
讯息 [控制器连线失败, 开启 模拟系统]
  2023-04-25 09:41:09   时间 [2023/04/25 09:41:09]
讯息 [储存 成功]
  2023-04-25 09:41:09   时间 [2023/04/25 09:41:09]
讯息 [储存 成功]
  2023-04-25 09:41:09   时间 [2023/04/25 09:41:09]
讯息 [储存 成功]
  2023-04-25 09:41:09   时间 [2023/04/25 09:41:09]
讯息 [储存 成功]
  2023-04-25 09:41:09   时间 [2023/04/25 09:41:09]
讯息 [储存 成功]
  2023-04-25 09:41:09   时间 [2023/04/25 09:41:09]
讯息 [储存 成功]
  2023-04-25 09:50:40   时间 [2023/04/25 09:50:40]
讯息 [储存 成功]
  2023-04-25 09:51:01   时间 [2023/04/25 09:51:01]
讯息 [控制器连线失败, 开启 模拟系统]
  2023-04-25 09:51:01   时间 [2023/04/25 09:51:01]
讯息 [储存 成功]
  2023-04-25 09:51:01   时间 [2023/04/25 09:51:01]
讯息 [储存 成功]
  2023-04-25 09:51:01   时间 [2023/04/25 09:51:01]
讯息 [储存 成功]
  2023-04-25 09:51:01   时间 [2023/04/25 09:51:01]
讯息 [储存 成功]
  2023-04-25 09:51:01   时间 [2023/04/25 09:51:01]
讯息 [储存 成功]
  2023-04-25 09:51:01   时间 [2023/04/25 09:51:01]
讯息 [储存 成功]
  2023-04-25 10:01:11   时间 [2023/04/25 10:01:11]
讯息 [储存 成功]
  2023-04-25 10:01:32   时间 [2023/04/25 10:01:32]
讯息 [控制器连线失败, 开启 模拟系统]
  2023-04-25 10:01:32   时间 [2023/04/25 10:01:32]
讯息 [储存 成功]
  2023-04-25 10:01:32   时间 [2023/04/25 10:01:32]
讯息 [储存 成功]
  2023-04-25 10:01:32   时间 [2023/04/25 10:01:32]
讯息 [储存 成功]
  2023-04-25 10:01:32   时间 [2023/04/25 10:01:32]
讯息 [储存 成功]
  2023-04-25 11:04:28   时间 [2023/04/25 11:04:28]
讯息 [储存 成功]
  2023-04-25 11:04:49   时间 [2023/04/25 11:04:49]
讯息 [控制器连线失败, 开启 模拟系统]
  2023-04-25 11:04:49   时间 [2023/04/25 11:04:49]
讯息 [储存 成功]
  2023-04-25 11:04:49   时间 [2023/04/25 11:04:49]
讯息 [储存 成功]
  2023-04-25 11:04:49   时间 [2023/04/25 11:04:49]
讯息 [储存 成功]
  2023-04-25 11:04:49   时间 [2023/04/25 11:04:49]
讯息 [储存 成功]
  2023-04-25 11:07:09   时间 [2023/04/25 11:07:09]
讯息 [储存 成功]
  2023-04-25 11:08:53   时间 [2023/04/25 11:08:53]
讯息 [储存 成功]
  2023-04-25 11:09:14   时间 [2023/04/25 11:09:14]
讯息 [控制器连线失败, 开启 模拟系统]
  2023-04-25 11:09:14   时间 [2023/04/25 11:09:14]
讯息 [储存 成功]
  2023-04-25 11:09:14   时间 [2023/04/25 11:09:14]
讯息 [储存 成功]
  2023-04-25 11:09:14   时间 [2023/04/25 11:09:14]
讯息 [储存 成功]
  2023-04-25 11:09:14   时间 [2023/04/25 11:09:14]
讯息 [储存 成功]
  2023-04-25 11:09:34   时间 [2023/04/25 11:09:34]
讯息 [相机 : 上相机, 开启模拟模式]
  2023-04-25 11:09:39   时间 [2023/04/25 11:09:39]
讯息 [相机 : 下相机, 开启模拟模式]
  2023-04-25 11:09:39   时间 [2023/04/25 11:09:39]
讯息 [储存 成功]
  2023-04-25 11:09:39   时间 [2023/04/25 11:09:39]
讯息 [储存 成功]
  2023-04-25 11:18:06   时间 [2023/04/25 11:18:06]
讯息 [储存 成功]
  2023-04-25 11:18:27   时间 [2023/04/25 11:18:27]
讯息 [控制器连线失败, 开启 模拟系统]
  2023-04-25 11:18:27   时间 [2023/04/25 11:18:27]
讯息 [储存 成功]
  2023-04-25 11:18:27   时间 [2023/04/25 11:18:27]
讯息 [储存 成功]
  2023-04-25 11:18:27   时间 [2023/04/25 11:18:27]
讯息 [储存 成功]
  2023-04-25 11:18:27   时间 [2023/04/25 11:18:27]
讯息 [储存 成功]
  2023-04-25 11:20:57   时间 [2023/04/25 11:20:57]
讯息 [储存 成功]
  2023-04-25 11:21:18   时间 [2023/04/25 11:21:18]
讯息 [控制器连线失败, 开启 模拟系统]
  2023-04-25 11:21:18   时间 [2023/04/25 11:21:18]
讯息 [储存 成功]
  2023-04-25 11:21:18   时间 [2023/04/25 11:21:18]
讯息 [储存 成功]
  2023-04-25 11:21:18   时间 [2023/04/25 11:21:18]
讯息 [储存 成功]
  2023-04-25 11:21:19   时间 [2023/04/25 11:21:19]
讯息 [储存 成功]
  2023-04-25 11:23:00   时间 [2023/04/25 11:23:00]
讯息 [储存 成功]
  2023-04-25 11:23:00   时间 [2023/04/25 11:23:00]
讯息 [储存 成功]
  2023-04-25 11:25:23   时间 [2023/04/25 11:25:23]
讯息 [储存 成功]
  2023-04-25 11:25:44   时间 [2023/04/25 11:25:44]
讯息 [控制器连线失败, 开启 模拟系统]
  2023-04-25 11:25:44   时间 [2023/04/25 11:25:44]
讯息 [储存 成功]
  2023-04-25 11:25:44   时间 [2023/04/25 11:25:44]
讯息 [储存 成功]
  2023-04-25 11:25:44   时间 [2023/04/25 11:25:44]
讯息 [储存 成功]
  2023-04-25 11:25:44   时间 [2023/04/25 11:25:44]
讯息 [储存 成功]
  2023-04-25 11:25:57   时间 [2023/04/25 11:25:57]
讯息 [储存 成功]
  2023-04-25 11:25:57   时间 [2023/04/25 11:25:57]
讯息 [储存 成功]
  2023-04-25 11:29:54   时间 [2023/04/25 11:29:54]
讯息 [储存 成功]
  2023-04-25 11:30:15   时间 [2023/04/25 11:30:15]
讯息 [控制器连线失败, 开启 模拟系统]
  2023-04-25 11:30:15   时间 [2023/04/25 11:30:15]
讯息 [储存 成功]
  2023-04-25 11:30:15   时间 [2023/04/25 11:30:15]
讯息 [储存 成功]
  2023-04-25 11:30:15   时间 [2023/04/25 11:30:15]
讯息 [储存 成功]
  2023-04-25 11:30:15   时间 [2023/04/25 11:30:15]
讯息 [储存 成功]
  2023-04-25 11:30:21   时间 [2023/04/25 11:30:21]
讯息 [储存 成功]
  2023-04-25 11:30:21   时间 [2023/04/25 11:30:21]
讯息 [储存 成功]
  2023-04-25 11:32:45   时间 [2023/04/25 11:32:45]
讯息 [储存 成功]
  2023-04-25 11:33:06   时间 [2023/04/25 11:33:06]
讯息 [控制器连线失败, 开启 模拟系统]
  2023-04-25 11:33:06   时间 [2023/04/25 11:33:06]
讯息 [储存 成功]
  2023-04-25 11:33:06   时间 [2023/04/25 11:33:06]
讯息 [储存 成功]
  2023-04-25 11:33:06   时间 [2023/04/25 11:33:06]
讯息 [储存 成功]
  2023-04-25 11:33:06   时间 [2023/04/25 11:33:06]
讯息 [储存 成功]
  2023-04-25 11:33:14   时间 [2023/04/25 11:33:14]
讯息 [储存 成功]
  2023-04-25 11:33:14   时间 [2023/04/25 11:33:14]
讯息 [储存 成功]
  2023-04-25 11:34:41   时间 [2023/04/25 11:34:41]
讯息 [储存 成功]
  2023-04-25 11:35:02   时间 [2023/04/25 11:35:02]
讯息 [控制器连线失败, 开启 模拟系统]
  2023-04-25 11:35:02   时间 [2023/04/25 11:35:02]
讯息 [储存 成功]
  2023-04-25 11:35:02   时间 [2023/04/25 11:35:02]
讯息 [储存 成功]
  2023-04-25 11:35:02   时间 [2023/04/25 11:35:02]
讯息 [储存 成功]
  2023-04-25 11:35:02   时间 [2023/04/25 11:35:02]
讯息 [储存 成功]
  2023-04-25 11:35:02   时间 [2023/04/25 11:35:02]
讯息 [储存 成功]
  2023-04-25 11:35:02   时间 [2023/04/25 11:35:02]
讯息 [储存 成功]
  2023-04-25 11:37:39   时间 [2023/04/25 11:37:39]
讯息 [储存 成功]
  2023-04-25 11:38:00   时间 [2023/04/25 11:38:00]
讯息 [控制器连线失败, 开启 模拟系统]
  2023-04-25 11:38:00   时间 [2023/04/25 11:38:00]
讯息 [储存 成功]
  2023-04-25 11:38:00   时间 [2023/04/25 11:38:00]
讯息 [储存 成功]
  2023-04-25 11:38:00   时间 [2023/04/25 11:38:00]
讯息 [储存 成功]
  2023-04-25 11:38:00   时间 [2023/04/25 11:38:00]
讯息 [储存 成功]
  2023-04-25 11:38:00   时间 [2023/04/25 11:38:00]
讯息 [储存 成功]
  2023-04-25 11:38:00   时间 [2023/04/25 11:38:00]
讯息 [储存 成功]
  2023-04-25 11:41:00   时间 [2023/04/25 11:41:00]
讯息 [储存 成功]
  2023-04-25 11:41:21   时间 [2023/04/25 11:41:21]
讯息 [控制器连线失败, 开启 模拟系统]
  2023-04-25 11:41:21   时间 [2023/04/25 11:41:21]
讯息 [储存 成功]
  2023-04-25 11:41:21   时间 [2023/04/25 11:41:21]
讯息 [储存 成功]
  2023-04-25 11:41:21   时间 [2023/04/25 11:41:21]
讯息 [储存 成功]
  2023-04-25 11:41:21   时间 [2023/04/25 11:41:21]
讯息 [储存 成功]
  2023-04-25 11:41:21   时间 [2023/04/25 11:41:21]
讯息 [储存 成功]
  2023-04-25 11:41:21   时间 [2023/04/25 11:41:21]
讯息 [储存 成功]
  2023-04-25 11:44:47   时间 [2023/04/25 11:44:47]
讯息 [储存 成功]
  2023-04-25 11:45:08   时间 [2023/04/25 11:45:08]
讯息 [控制器连线失败, 开启 模拟系统]
  2023-04-25 11:45:08   时间 [2023/04/25 11:45:08]
讯息 [储存 成功]
  2023-04-25 11:45:08   时间 [2023/04/25 11:45:08]
讯息 [储存 成功]
  2023-04-25 11:45:08   时间 [2023/04/25 11:45:08]
讯息 [储存 成功]
  2023-04-25 11:45:08   时间 [2023/04/25 11:45:08]
讯息 [储存 成功]
  2023-04-25 11:45:08   时间 [2023/04/25 11:45:08]
讯息 [储存 成功]
  2023-04-25 11:45:08   时间 [2023/04/25 11:45:08]
讯息 [储存 成功]
  2023-04-25 11:47:00   时间 [2023/04/25 11:47:00]
讯息 [储存 成功]
  2023-04-25 11:47:21   时间 [2023/04/25 11:47:21]
讯息 [控制器连线失败, 开启 模拟系统]
  2023-04-25 11:47:21   时间 [2023/04/25 11:47:21]
讯息 [储存 成功]
  2023-04-25 11:47:21   时间 [2023/04/25 11:47:21]
讯息 [储存 成功]
  2023-04-25 11:47:21   时间 [2023/04/25 11:47:21]
讯息 [储存 成功]
  2023-04-25 11:47:21   时间 [2023/04/25 11:47:21]
讯息 [储存 成功]
  2023-04-25 11:47:22   时间 [2023/04/25 11:47:22]
讯息 [储存 成功]
  2023-04-25 11:47:22   时间 [2023/04/25 11:47:22]
讯息 [储存 成功]
  2023-04-25 11:59:52   时间 [2023/04/25 11:59:52]
讯息 [控制器连线失败, 开启 模拟系统]
  2023-04-25 11:59:52   时间 [2023/04/25 11:59:52]
讯息 [储存 成功]
  2023-04-25 11:59:52   时间 [2023/04/25 11:59:52]
讯息 [储存 成功]
  2023-04-25 11:59:52   时间 [2023/04/25 11:59:52]
讯息 [储存 成功]
  2023-04-25 11:59:52   时间 [2023/04/25 11:59:52]
讯息 [储存 成功]
  2023-04-25 11:59:52   时间 [2023/04/25 11:59:52]
讯息 [储存 成功]
  2023-04-25 11:59:52   时间 [2023/04/25 11:59:52]
讯息 [储存 成功]
  2023-04-25 11:59:52   时间 [2023/04/25 11:59:52]
讯息 [储存 成功]
  2023-04-25 12:00:52   时间 [2023/04/25 12:00:52]
讯息 [储存 成功]
  2023-04-25 12:00:52   时间 [2023/04/25 12:00:52]
讯息 [控制器连线失败, 开启 模拟系统]
  2023-04-25 12:00:52   时间 [2023/04/25 12:00:52]
讯息 [储存 成功]
  2023-04-25 12:00:52   时间 [2023/04/25 12:00:52]
讯息 [储存 成功]
  2023-04-25 12:00:52   时间 [2023/04/25 12:00:52]
讯息 [储存 成功]
  2023-04-25 12:00:52   时间 [2023/04/25 12:00:52]
讯息 [储存 成功]
  2023-04-25 12:00:52   时间 [2023/04/25 12:00:52]
讯息 [储存 成功]
  2023-04-25 12:00:52   时间 [2023/04/25 12:00:52]
讯息 [储存 成功]
  2023-04-25 12:04:01   时间 [2023/04/25 12:04:01]
讯息 [储存 成功]
  2023-04-25 12:04:01   时间 [2023/04/25 12:04:01]
讯息 [控制器连线失败, 开启 模拟系统]
  2023-04-25 12:04:01   时间 [2023/04/25 12:04:01]
讯息 [储存 成功]
  2023-04-25 12:04:01   时间 [2023/04/25 12:04:01]
讯息 [储存 成功]
  2023-04-25 12:04:01   时间 [2023/04/25 12:04:01]
讯息 [储存 成功]
  2023-04-25 12:04:01   时间 [2023/04/25 12:04:01]
讯息 [储存 成功]
  2023-04-25 12:04:01   时间 [2023/04/25 12:04:01]
讯息 [储存 成功]
  2023-04-25 12:04:01   时间 [2023/04/25 12:04:01]
讯息 [储存 成功]
  2023-04-25 12:05:50   时间 [2023/04/25 12:05:50]
讯息 [控制器连线失败, 开启 模拟系统]
  2023-04-25 12:05:50   时间 [2023/04/25 12:05:50]
讯息 [储存 成功]
  2023-04-25 12:05:50   时间 [2023/04/25 12:05:50]
讯息 [储存 成功]
  2023-04-25 12:05:51   时间 [2023/04/25 12:05:51]
讯息 [储存 成功]
  2023-04-25 12:05:51   时间 [2023/04/25 12:05:51]
讯息 [储存 成功]
  2023-04-25 12:05:51   时间 [2023/04/25 12:05:51]
讯息 [储存 成功]
  2023-04-25 12:05:51   时间 [2023/04/25 12:05:51]
讯息 [储存 成功]
  2023-04-25 12:05:51   时间 [2023/04/25 12:05:51]
讯息 [储存 成功]
  2023-04-25 13:52:09   时间 [2023/04/25 13:52:09]
讯息 [储存 成功]
  2023-04-25 13:52:30   时间 [2023/04/25 13:52:30]
讯息 [控制器连线失败, 开启 模拟系统]
  2023-04-25 13:52:30   时间 [2023/04/25 13:52:30]
讯息 [储存 成功]
  2023-04-25 13:52:30   时间 [2023/04/25 13:52:30]
讯息 [储存 成功]
  2023-04-25 13:52:30   时间 [2023/04/25 13:52:30]
讯息 [储存 成功]
  2023-04-25 13:52:30   时间 [2023/04/25 13:52:30]
讯息 [储存 成功]
  2023-04-25 13:52:31   时间 [2023/04/25 13:52:31]
讯息 [储存 成功]
  2023-04-25 13:52:31   时间 [2023/04/25 13:52:31]
讯息 [储存 成功]
  2023-04-25 14:07:42   时间 [2023/04/25 14:07:42]
讯息 [储存 成功]
  2023-04-25 14:08:03   时间 [2023/04/25 14:08:03]
讯息 [控制器连线失败, 开启 模拟系统]
  2023-04-25 14:08:03   时间 [2023/04/25 14:08:03]
讯息 [储存 成功]
  2023-04-25 14:08:03   时间 [2023/04/25 14:08:03]
讯息 [储存 成功]
  2023-04-25 14:08:03   时间 [2023/04/25 14:08:03]
讯息 [储存 成功]
  2023-04-25 14:08:03   时间 [2023/04/25 14:08:03]
讯息 [储存 成功]
  2023-04-25 14:08:04   时间 [2023/04/25 14:08:04]
讯息 [储存 成功]
  2023-04-25 14:08:04   时间 [2023/04/25 14:08:04]
讯息 [储存 成功]
  2023-04-25 14:21:17   时间 [2023/04/25 14:21:17]
讯息 [储存 成功]
  2023-04-25 14:21:38   时间 [2023/04/25 14:21:38]
讯息 [控制器连线失败, 开启 模拟系统]
  2023-04-25 14:21:38   时间 [2023/04/25 14:21:38]
讯息 [储存 成功]
  2023-04-25 14:21:38   时间 [2023/04/25 14:21:38]
讯息 [储存 成功]
  2023-04-25 14:21:38   时间 [2023/04/25 14:21:38]
讯息 [储存 成功]
  2023-04-25 14:21:38   时间 [2023/04/25 14:21:38]
讯息 [储存 成功]
  2023-04-25 14:21:39   时间 [2023/04/25 14:21:39]
讯息 [储存 成功]
  2023-04-25 14:21:39   时间 [2023/04/25 14:21:39]
讯息 [储存 成功]
  2023-04-25 14:23:25   时间 [2023/04/25 14:23:25]
讯息 [请选择一个视觉物件]
  2023-04-25 14:23:27   时间 [2023/04/25 14:23:27]
讯息 [请选择一个视觉物件]
  2023-04-25 14:23:59   时间 [2023/04/25 14:23:59]
讯息 [输入字符串的格式不正确。]
  2023-04-25 14:24:38   时间 [2023/04/25 14:24:38]
讯息 [输入字符串的格式不正确。]
  2023-04-25 14:24:51   时间 [2023/04/25 14:24:51]
讯息 [输入字符串的格式不正确。]
  2023-04-25 14:27:30   时间 [2023/04/25 14:27:30]
讯息 [储存 成功]
  2023-04-25 14:27:51   时间 [2023/04/25 14:27:51]
讯息 [控制器连线失败, 开启 模拟系统]
  2023-04-25 14:27:51   时间 [2023/04/25 14:27:51]
讯息 [储存 成功]
  2023-04-25 14:27:51   时间 [2023/04/25 14:27:51]
讯息 [储存 成功]
  2023-04-25 14:27:51   时间 [2023/04/25 14:27:51]
讯息 [储存 成功]
  2023-04-25 14:27:51   时间 [2023/04/25 14:27:51]
讯息 [储存 成功]
  2023-04-25 14:27:52   时间 [2023/04/25 14:27:52]
讯息 [储存 成功]
  2023-04-25 14:27:52   时间 [2023/04/25 14:27:52]
讯息 [储存 成功]
  2023-04-25 14:29:49   时间 [2023/04/25 14:29:49]
讯息 [上相机
功能 SetExposureTime : 成功]
  2023-04-25 14:29:49   时间 [2023/04/25 14:29:49]
讯息 [上相机
功能 SetGain : 成功]
  2023-04-25 14:29:51   时间 [2023/04/25 14:29:51]
讯息 [上相机
功能 SetExposureTime : 成功]
  2023-04-25 14:29:51   时间 [2023/04/25 14:29:51]
讯息 [上相机
功能 SetGain : 成功]
  2023-04-25 14:30:19   时间 [2023/04/25 14:30:19]
讯息 [上相机
功能 SetExposureTime : 成功]
  2023-04-25 14:30:20   时间 [2023/04/25 14:30:20]
讯息 [上相机
功能 SetGain : 成功]
  2023-04-25 14:35:17   时间 [2023/04/25 14:35:17]
讯息 [储存 成功]
  2023-04-25 14:35:38   时间 [2023/04/25 14:35:38]
讯息 [控制器连线失败, 开启 模拟系统]
  2023-04-25 14:35:38   时间 [2023/04/25 14:35:38]
讯息 [储存 成功]
  2023-04-25 14:35:38   时间 [2023/04/25 14:35:38]
讯息 [储存 成功]
  2023-04-25 14:35:39   时间 [2023/04/25 14:35:39]
讯息 [储存 成功]
  2023-04-25 14:35:39   时间 [2023/04/25 14:35:39]
讯息 [储存 成功]
  2023-04-25 14:35:39   时间 [2023/04/25 14:35:39]
讯息 [储存 成功]
  2023-04-25 14:35:39   时间 [2023/04/25 14:35:39]
讯息 [储存 成功]
  2023-04-25 14:39:11   时间 [2023/04/25 14:39:11]
讯息 [储存 成功]
  2023-04-25 14:39:32   时间 [2023/04/25 14:39:32]
讯息 [控制器连线失败, 开启 模拟系统]
  2023-04-25 14:39:32   时间 [2023/04/25 14:39:32]
讯息 [储存 成功]
  2023-04-25 14:39:32   时间 [2023/04/25 14:39:32]
讯息 [储存 成功]
  2023-04-25 14:39:32   时间 [2023/04/25 14:39:32]
讯息 [储存 成功]
  2023-04-25 14:39:32   时间 [2023/04/25 14:39:32]
讯息 [储存 成功]
  2023-04-25 14:39:32   时间 [2023/04/25 14:39:32]
讯息 [储存 成功]
  2023-04-25 14:39:32   时间 [2023/04/25 14:39:32]
讯息 [储存 成功]
  2023-04-25 15:02:39   时间 [2023/04/25 15:02:39]
讯息 [储存 成功]
  2023-04-25 15:03:00   时间 [2023/04/25 15:03:00]
讯息 [控制器连线失败, 开启 模拟系统]
  2023-04-25 15:03:00   时间 [2023/04/25 15:03:00]
讯息 [储存 成功]
  2023-04-25 15:03:00   时间 [2023/04/25 15:03:00]
讯息 [储存 成功]
  2023-04-25 15:03:00   时间 [2023/04/25 15:03:00]
讯息 [储存 成功]
  2023-04-25 15:03:00   时间 [2023/04/25 15:03:00]
讯息 [储存 成功]
  2023-04-25 15:03:01   时间 [2023/04/25 15:03:01]
讯息 [储存 成功]
  2023-04-25 15:03:01   时间 [2023/04/25 15:03:01]
讯息 [储存 成功]
  2023-04-25 15:05:47   时间 [2023/04/25 15:05:47]
讯息 [储存 成功]
  2023-04-25 15:06:08   时间 [2023/04/25 15:06:08]
讯息 [控制器连线失败, 开启 模拟系统]
  2023-04-25 15:06:08   时间 [2023/04/25 15:06:08]
讯息 [储存 成功]
  2023-04-25 15:06:08   时间 [2023/04/25 15:06:08]
讯息 [储存 成功]
  2023-04-25 15:06:08   时间 [2023/04/25 15:06:08]
讯息 [储存 成功]
  2023-04-25 15:06:08   时间 [2023/04/25 15:06:08]
讯息 [储存 成功]
  2023-04-25 15:06:08   时间 [2023/04/25 15:06:08]
讯息 [储存 成功]
  2023-04-25 15:06:08   时间 [2023/04/25 15:06:08]
讯息 [储存 成功]
  2023-04-25 15:08:02   时间 [2023/04/25 15:08:02]
讯息 [无法将顶级控件添加到控件。]
  2023-04-25 15:11:42   时间 [2023/04/25 15:11:42]
讯息 [储存 成功]
  2023-04-25 15:12:03   时间 [2023/04/25 15:12:03]
讯息 [控制器连线失败, 开启 模拟系统]
  2023-04-25 15:12:03   时间 [2023/04/25 15:12:03]
讯息 [储存 成功]
  2023-04-25 15:12:03   时间 [2023/04/25 15:12:03]
讯息 [储存 成功]
  2023-04-25 15:12:03   时间 [2023/04/25 15:12:03]
讯息 [储存 成功]
  2023-04-25 15:12:03   时间 [2023/04/25 15:12:03]
讯息 [储存 成功]
  2023-04-25 15:12:04   时间 [2023/04/25 15:12:04]
讯息 [储存 成功]
  2023-04-25 15:12:04   时间 [2023/04/25 15:12:04]
讯息 [储存 成功]
  2023-04-25 15:14:19   时间 [2023/04/25 15:14:19]
讯息 [储存 成功]
  2023-04-25 15:14:40   时间 [2023/04/25 15:14:40]
讯息 [控制器连线失败, 开启 模拟系统]
  2023-04-25 15:14:40   时间 [2023/04/25 15:14:40]
讯息 [储存 成功]
  2023-04-25 15:14:40   时间 [2023/04/25 15:14:40]
讯息 [储存 成功]
  2023-04-25 15:14:40   时间 [2023/04/25 15:14:40]
讯息 [储存 成功]
  2023-04-25 15:14:40   时间 [2023/04/25 15:14:40]
讯息 [储存 成功]
  2023-04-25 15:14:41   时间 [2023/04/25 15:14:41]
讯息 [储存 成功]
  2023-04-25 15:14:41   时间 [2023/04/25 15:14:41]
讯息 [储存 成功]
  2023-04-25 15:37:55   时间 [2023/04/25 15:37:55]
讯息 [储存 成功]
  2023-04-25 15:38:16   时间 [2023/04/25 15:38:16]
讯息 [控制器连线失败, 开启 模拟系统]
  2023-04-25 15:38:16   时间 [2023/04/25 15:38:16]
讯息 [储存 成功]
  2023-04-25 15:38:16   时间 [2023/04/25 15:38:16]
讯息 [储存 成功]
  2023-04-25 15:38:16   时间 [2023/04/25 15:38:16]
讯息 [储存 成功]
  2023-04-25 15:38:16   时间 [2023/04/25 15:38:16]
讯息 [储存 成功]
  2023-04-25 15:38:17   时间 [2023/04/25 15:38:17]
讯息 [储存 成功]
  2023-04-25 15:38:17   时间 [2023/04/25 15:38:17]
讯息 [储存 成功]
  2023-04-25 15:39:13   时间 [2023/04/25 15:39:13]
讯息 [储存 成功]
  2023-04-25 15:39:34   时间 [2023/04/25 15:39:34]
讯息 [控制器连线失败, 开启 模拟系统]
  2023-04-25 15:39:34   时间 [2023/04/25 15:39:34]
讯息 [储存 成功]
  2023-04-25 15:39:34   时间 [2023/04/25 15:39:34]
讯息 [储存 成功]
  2023-04-25 15:39:34   时间 [2023/04/25 15:39:34]
讯息 [储存 成功]
  2023-04-25 15:39:34   时间 [2023/04/25 15:39:34]
讯息 [储存 成功]
  2023-04-25 15:39:35   时间 [2023/04/25 15:39:35]
讯息 [储存 成功]
  2023-04-25 15:39:35   时间 [2023/04/25 15:39:35]
讯息 [储存 成功]
  2023-04-25 15:42:40   时间 [2023/04/25 15:42:40]
讯息 [储存 成功]
  2023-04-25 15:43:01   时间 [2023/04/25 15:43:01]
讯息 [控制器连线失败, 开启 模拟系统]
  2023-04-25 15:43:01   时间 [2023/04/25 15:43:01]
讯息 [储存 成功]
  2023-04-25 15:43:01   时间 [2023/04/25 15:43:01]
讯息 [储存 成功]
  2023-04-25 15:43:01   时间 [2023/04/25 15:43:01]
讯息 [储存 成功]
  2023-04-25 15:43:01   时间 [2023/04/25 15:43:01]
讯息 [储存 成功]
  2023-04-25 15:43:02   时间 [2023/04/25 15:43:02]
讯息 [储存 成功]
  2023-04-25 15:43:02   时间 [2023/04/25 15:43:02]
讯息 [储存 成功]
  2023-04-25 15:44:01   时间 [2023/04/25 15:44:01]
讯息 [储存 成功]
  2023-04-25 15:44:22   时间 [2023/04/25 15:44:22]
讯息 [控制器连线失败, 开启 模拟系统]
  2023-04-25 15:44:22   时间 [2023/04/25 15:44:22]
讯息 [储存 成功]
  2023-04-25 15:44:22   时间 [2023/04/25 15:44:22]
讯息 [储存 成功]
  2023-04-25 15:44:22   时间 [2023/04/25 15:44:22]
讯息 [储存 成功]
  2023-04-25 15:44:22   时间 [2023/04/25 15:44:22]
讯息 [储存 成功]
  2023-04-25 15:44:23   时间 [2023/04/25 15:44:23]
讯息 [储存 成功]
  2023-04-25 15:44:23   时间 [2023/04/25 15:44:23]
讯息 [储存 成功]
  2023-04-25 18:14:41   时间 [2023/04/25 18:14:41]
讯息 [储存 成功]
  2023-04-25 18:15:02   时间 [2023/04/25 18:15:02]
讯息 [控制器连线失败, 开启 模拟系统]
  2023-04-25 18:15:02   时间 [2023/04/25 18:15:02]
讯息 [储存 成功]
  2023-04-25 18:15:02   时间 [2023/04/25 18:15:02]
讯息 [储存 成功]
  2023-04-25 18:15:02   时间 [2023/04/25 18:15:02]
讯息 [储存 成功]
  2023-04-25 18:15:02   时间 [2023/04/25 18:15:02]
讯息 [储存 成功]
  2023-04-25 18:15:03   时间 [2023/04/25 18:15:03]
讯息 [储存 成功]
  2023-04-25 18:15:03   时间 [2023/04/25 18:15:03]
讯息 [储存 成功]
  2023-04-25 18:20:53   时间 [2023/04/25 18:20:53]
讯息 [储存 成功]
  2023-04-25 18:21:14   时间 [2023/04/25 18:21:14]
讯息 [控制器连线失败, 开启 模拟系统]
  2023-04-25 18:21:14   时间 [2023/04/25 18:21:14]
讯息 [储存 成功]
  2023-04-25 18:21:14   时间 [2023/04/25 18:21:14]
讯息 [储存 成功]
  2023-04-25 18:21:14   时间 [2023/04/25 18:21:14]
讯息 [储存 成功]
  2023-04-25 18:21:14   时间 [2023/04/25 18:21:14]
讯息 [储存 成功]
  2023-04-25 18:21:15   时间 [2023/04/25 18:21:15]
讯息 [储存 成功]
  2023-04-25 18:21:15   时间 [2023/04/25 18:21:15]
讯息 [储存 成功]
