  2023-04-23 09:14:02   时间 [2023/04/23 09:14:02]
讯息 [储存 成功]
  2023-04-23 09:14:02   时间 [2023/04/23 09:14:02]
讯息 [控制器连线失败, 开启 模拟系统]
  2023-04-23 09:14:02   时间 [2023/04/23 09:14:02]
讯息 [储存 成功]
  2023-04-23 09:14:02   时间 [2023/04/23 09:14:02]
讯息 [储存 成功]
  2023-04-23 09:14:02   时间 [2023/04/23 09:14:02]
讯息 [储存 成功]
  2023-04-23 09:14:02   时间 [2023/04/23 09:14:02]
讯息 [储存 成功]
  2023-04-23 09:14:02   时间 [2023/04/23 09:14:02]
讯息 [储存 成功]
  2023-04-23 09:14:02   时间 [2023/04/23 09:14:02]
讯息 [储存 成功]
  2023-04-23 09:15:23   时间 [2023/04/23 09:15:23]
讯息 [储存 成功]
  2023-04-23 09:15:23   时间 [2023/04/23 09:15:23]
讯息 [控制器连线失败, 开启 模拟系统]
  2023-04-23 09:15:23   时间 [2023/04/23 09:15:23]
讯息 [储存 成功]
  2023-04-23 09:15:23   时间 [2023/04/23 09:15:23]
讯息 [储存 成功]
  2023-04-23 09:15:23   时间 [2023/04/23 09:15:23]
讯息 [储存 成功]
  2023-04-23 09:15:23   时间 [2023/04/23 09:15:23]
讯息 [储存 成功]
  2023-04-23 09:15:24   时间 [2023/04/23 09:15:24]
讯息 [储存 成功]
  2023-04-23 09:15:24   时间 [2023/04/23 09:15:24]
讯息 [储存 成功]
  2023-04-23 09:16:36   时间 [2023/04/23 09:16:36]
讯息 [控制器连线失败, 开启 模拟系统]
  2023-04-23 09:16:36   时间 [2023/04/23 09:16:36]
讯息 [储存 成功]
  2023-04-23 09:16:36   时间 [2023/04/23 09:16:36]
讯息 [储存 成功]
  2023-04-23 09:16:36   时间 [2023/04/23 09:16:36]
讯息 [储存 成功]
  2023-04-23 09:16:36   时间 [2023/04/23 09:16:36]
讯息 [储存 成功]
  2023-04-23 09:16:36   时间 [2023/04/23 09:16:36]
讯息 [储存 成功]
  2023-04-23 09:16:36   时间 [2023/04/23 09:16:36]
讯息 [储存 成功]
  2023-04-23 09:16:36   时间 [2023/04/23 09:16:36]
讯息 [储存 成功]
  2023-04-23 09:20:17   时间 [2023/04/23 09:20:16]
讯息 [储存 成功]
  2023-04-23 09:20:17   时间 [2023/04/23 09:20:16]
讯息 [控制器连线失败, 开启 模拟系统]
  2023-04-23 09:20:17   时间 [2023/04/23 09:20:17]
讯息 [储存 成功]
  2023-04-23 09:20:17   时间 [2023/04/23 09:20:17]
讯息 [储存 成功]
  2023-04-23 09:20:17   时间 [2023/04/23 09:20:17]
讯息 [储存 成功]
  2023-04-23 09:20:17   时间 [2023/04/23 09:20:17]
讯息 [储存 成功]
  2023-04-23 09:20:17   时间 [2023/04/23 09:20:17]
讯息 [储存 成功]
  2023-04-23 09:20:17   时间 [2023/04/23 09:20:17]
讯息 [储存 成功]
  2023-04-23 09:25:19   时间 [2023/04/23 09:25:19]
讯息 [储存 成功]
  2023-04-23 09:25:19   时间 [2023/04/23 09:25:19]
讯息 [控制器连线失败, 开启 模拟系统]
  2023-04-23 09:25:19   时间 [2023/04/23 09:25:19]
讯息 [储存 成功]
  2023-04-23 09:25:19   时间 [2023/04/23 09:25:19]
讯息 [储存 成功]
  2023-04-23 09:25:19   时间 [2023/04/23 09:25:19]
讯息 [储存 成功]
  2023-04-23 09:25:19   时间 [2023/04/23 09:25:19]
讯息 [储存 成功]
  2023-04-23 09:25:19   时间 [2023/04/23 09:25:19]
讯息 [储存 成功]
  2023-04-23 09:25:19   时间 [2023/04/23 09:25:19]
讯息 [储存 成功]
  2023-04-23 09:28:47   时间 [2023/04/23 09:28:47]
讯息 [储存 成功]
  2023-04-23 09:28:47   时间 [2023/04/23 09:28:47]
讯息 [控制器连线失败, 开启 模拟系统]
  2023-04-23 09:28:47   时间 [2023/04/23 09:28:47]
讯息 [储存 成功]
  2023-04-23 09:28:47   时间 [2023/04/23 09:28:47]
讯息 [储存 成功]
  2023-04-23 09:28:47   时间 [2023/04/23 09:28:47]
讯息 [储存 成功]
  2023-04-23 09:28:47   时间 [2023/04/23 09:28:47]
讯息 [储存 成功]
  2023-04-23 09:28:47   时间 [2023/04/23 09:28:47]
讯息 [储存 成功]
  2023-04-23 09:28:47   时间 [2023/04/23 09:28:47]
讯息 [储存 成功]
  2023-04-23 09:32:42   时间 [2023/04/23 09:32:42]
讯息 [储存 成功]
  2023-04-23 09:32:42   时间 [2023/04/23 09:32:42]
讯息 [控制器连线失败, 开启 模拟系统]
  2023-04-23 09:32:42   时间 [2023/04/23 09:32:42]
讯息 [储存 成功]
  2023-04-23 09:32:42   时间 [2023/04/23 09:32:42]
讯息 [储存 成功]
  2023-04-23 09:32:42   时间 [2023/04/23 09:32:42]
讯息 [储存 成功]
  2023-04-23 09:32:42   时间 [2023/04/23 09:32:42]
讯息 [储存 成功]
  2023-04-23 09:32:42   时间 [2023/04/23 09:32:42]
讯息 [储存 成功]
  2023-04-23 09:32:42   时间 [2023/04/23 09:32:42]
讯息 [储存 成功]
  2023-04-23 09:34:50   时间 [2023/04/23 09:34:49]
讯息 [储存 成功]
  2023-04-23 09:34:50   时间 [2023/04/23 09:34:50]
讯息 [控制器连线失败, 开启 模拟系统]
  2023-04-23 09:34:50   时间 [2023/04/23 09:34:50]
讯息 [储存 成功]
  2023-04-23 09:34:50   时间 [2023/04/23 09:34:50]
讯息 [储存 成功]
  2023-04-23 09:34:50   时间 [2023/04/23 09:34:50]
讯息 [储存 成功]
  2023-04-23 09:34:50   时间 [2023/04/23 09:34:50]
讯息 [储存 成功]
  2023-04-23 09:34:50   时间 [2023/04/23 09:34:50]
讯息 [储存 成功]
  2023-04-23 09:34:50   时间 [2023/04/23 09:34:50]
讯息 [储存 成功]
  2023-04-23 09:36:36   时间 [2023/04/23 09:36:36]
讯息 [储存 成功]
  2023-04-23 09:36:36   时间 [2023/04/23 09:36:36]
讯息 [控制器连线失败, 开启 模拟系统]
  2023-04-23 09:36:36   时间 [2023/04/23 09:36:36]
讯息 [储存 成功]
  2023-04-23 09:36:36   时间 [2023/04/23 09:36:36]
讯息 [储存 成功]
  2023-04-23 09:36:36   时间 [2023/04/23 09:36:36]
讯息 [储存 成功]
  2023-04-23 09:36:36   时间 [2023/04/23 09:36:36]
讯息 [储存 成功]
  2023-04-23 09:36:36   时间 [2023/04/23 09:36:36]
讯息 [储存 成功]
  2023-04-23 09:36:36   时间 [2023/04/23 09:36:36]
讯息 [储存 成功]
  2023-04-23 09:39:35   时间 [2023/04/23 09:39:35]
讯息 [储存 成功]
  2023-04-23 09:39:35   时间 [2023/04/23 09:39:35]
讯息 [控制器连线失败, 开启 模拟系统]
  2023-04-23 09:39:35   时间 [2023/04/23 09:39:35]
讯息 [储存 成功]
  2023-04-23 09:39:35   时间 [2023/04/23 09:39:35]
讯息 [储存 成功]
  2023-04-23 09:39:35   时间 [2023/04/23 09:39:35]
讯息 [储存 成功]
  2023-04-23 09:39:35   时间 [2023/04/23 09:39:35]
讯息 [储存 成功]
  2023-04-23 09:39:35   时间 [2023/04/23 09:39:35]
讯息 [储存 成功]
  2023-04-23 09:39:35   时间 [2023/04/23 09:39:35]
讯息 [储存 成功]
  2023-04-23 09:41:13   时间 [2023/04/23 09:41:13]
讯息 [储存 成功]
  2023-04-23 09:41:13   时间 [2023/04/23 09:41:13]
讯息 [控制器连线失败, 开启 模拟系统]
  2023-04-23 09:41:13   时间 [2023/04/23 09:41:13]
讯息 [储存 成功]
  2023-04-23 09:41:13   时间 [2023/04/23 09:41:13]
讯息 [储存 成功]
  2023-04-23 09:41:13   时间 [2023/04/23 09:41:13]
讯息 [储存 成功]
  2023-04-23 09:41:13   时间 [2023/04/23 09:41:13]
讯息 [储存 成功]
  2023-04-23 09:41:13   时间 [2023/04/23 09:41:13]
讯息 [储存 成功]
  2023-04-23 09:41:13   时间 [2023/04/23 09:41:13]
讯息 [储存 成功]
  2023-04-23 09:43:23   时间 [2023/04/23 09:43:22]
讯息 [控制器连线失败, 开启 模拟系统]
  2023-04-23 09:43:23   时间 [2023/04/23 09:43:22]
讯息 [储存 成功]
  2023-04-23 09:43:23   时间 [2023/04/23 09:43:23]
讯息 [储存 成功]
  2023-04-23 09:43:23   时间 [2023/04/23 09:43:23]
讯息 [储存 成功]
  2023-04-23 09:43:23   时间 [2023/04/23 09:43:23]
讯息 [储存 成功]
  2023-04-23 09:43:23   时间 [2023/04/23 09:43:23]
讯息 [储存 成功]
  2023-04-23 09:43:23   时间 [2023/04/23 09:43:23]
讯息 [储存 成功]
  2023-04-23 09:43:23   时间 [2023/04/23 09:43:23]
讯息 [储存 成功]
  2023-04-23 09:49:58   时间 [2023/04/23 09:49:58]
讯息 [储存 成功]
  2023-04-23 09:49:58   时间 [2023/04/23 09:49:58]
讯息 [储存 成功]
  2023-04-23 09:49:58   时间 [2023/04/23 09:49:58]
讯息 [储存 成功]
  2023-04-23 09:49:58   时间 [2023/04/23 09:49:58]
讯息 [储存 成功]
  2023-04-23 09:49:58   时间 [2023/04/23 09:49:58]
讯息 [储存 成功]
  2023-04-23 09:49:59   时间 [2023/04/23 09:49:59]
讯息 [
功能 Open : 失败
无相机物件
]
  2023-04-23 09:49:59   时间 [2023/04/23 09:49:59]
讯息 [储存 成功]
  2023-04-23 09:49:59   时间 [2023/04/23 09:49:59]
讯息 [储存 成功]
  2023-04-23 09:52:33   时间 [2023/04/23 09:52:33]
讯息 [储存 成功]
  2023-04-23 09:52:33   时间 [2023/04/23 09:52:33]
讯息 [储存 成功]
  2023-04-23 09:52:33   时间 [2023/04/23 09:52:33]
讯息 [储存 成功]
  2023-04-23 09:52:33   时间 [2023/04/23 09:52:33]
讯息 [储存 成功]
  2023-04-23 09:52:33   时间 [2023/04/23 09:52:33]
讯息 [储存 成功]
  2023-04-23 09:52:34   时间 [2023/04/23 09:52:34]
讯息 [
功能 Open : 失败
无相机物件
]
  2023-04-23 09:52:34   时间 [2023/04/23 09:52:34]
讯息 [储存 成功]
  2023-04-23 09:52:34   时间 [2023/04/23 09:52:34]
讯息 [储存 成功]
  2023-04-23 09:53:25   时间 [2023/04/23 09:53:25]
讯息 [储存 成功]
  2023-04-23 09:53:25   时间 [2023/04/23 09:53:25]
讯息 [储存 成功]
  2023-04-23 09:53:25   时间 [2023/04/23 09:53:25]
讯息 [储存 成功]
  2023-04-23 09:53:25   时间 [2023/04/23 09:53:25]
讯息 [储存 成功]
  2023-04-23 09:53:25   时间 [2023/04/23 09:53:25]
讯息 [储存 成功]
  2023-04-23 09:53:25   时间 [2023/04/23 09:53:25]
讯息 [
功能 Open : 失败
无相机物件
]
  2023-04-23 09:53:25   时间 [2023/04/23 09:53:25]
讯息 [储存 成功]
  2023-04-23 09:53:25   时间 [2023/04/23 09:53:25]
讯息 [储存 成功]
  2023-04-23 09:59:00   时间 [2023/04/23 09:59:00]
讯息 [储存 成功]
  2023-04-23 09:59:00   时间 [2023/04/23 09:59:00]
讯息 [储存 成功]
  2023-04-23 09:59:00   时间 [2023/04/23 09:59:00]
讯息 [储存 成功]
  2023-04-23 09:59:00   时间 [2023/04/23 09:59:00]
讯息 [储存 成功]
  2023-04-23 09:59:00   时间 [2023/04/23 09:59:00]
讯息 [储存 成功]
  2023-04-23 09:59:00   时间 [2023/04/23 09:59:00]
讯息 [
功能 Open : 失败
无相机物件
]
  2023-04-23 09:59:00   时间 [2023/04/23 09:59:00]
讯息 [储存 成功]
  2023-04-23 09:59:00   时间 [2023/04/23 09:59:00]
讯息 [储存 成功]
  2023-04-23 10:00:08   时间 [2023/04/23 10:00:08]
讯息 [储存 成功]
  2023-04-23 10:00:08   时间 [2023/04/23 10:00:08]
讯息 [储存 成功]
  2023-04-23 10:00:08   时间 [2023/04/23 10:00:08]
讯息 [储存 成功]
  2023-04-23 10:00:08   时间 [2023/04/23 10:00:08]
讯息 [储存 成功]
  2023-04-23 10:00:08   时间 [2023/04/23 10:00:08]
讯息 [储存 成功]
  2023-04-23 10:00:09   时间 [2023/04/23 10:00:09]
讯息 [
功能 Open : 失败
无相机物件
]
  2023-04-23 10:00:09   时间 [2023/04/23 10:00:09]
讯息 [储存 成功]
  2023-04-23 10:00:09   时间 [2023/04/23 10:00:09]
讯息 [储存 成功]
  2023-04-23 10:01:59   时间 [2023/04/23 10:01:59]
讯息 [储存 成功]
  2023-04-23 10:02:00   时间 [2023/04/23 10:02:00]
讯息 [储存 成功]
  2023-04-23 10:02:00   时间 [2023/04/23 10:02:00]
讯息 [储存 成功]
  2023-04-23 10:02:00   时间 [2023/04/23 10:02:00]
讯息 [储存 成功]
  2023-04-23 10:02:00   时间 [2023/04/23 10:02:00]
讯息 [储存 成功]
  2023-04-23 10:02:00   时间 [2023/04/23 10:02:00]
讯息 [
功能 Open : 失败
无相机物件
]
  2023-04-23 10:02:00   时间 [2023/04/23 10:02:00]
讯息 [储存 成功]
  2023-04-23 10:02:00   时间 [2023/04/23 10:02:00]
讯息 [储存 成功]
  2023-04-23 10:05:58   时间 [2023/04/23 10:05:58]
讯息 [储存 成功]
  2023-04-23 10:05:58   时间 [2023/04/23 10:05:58]
讯息 [储存 成功]
  2023-04-23 10:05:58   时间 [2023/04/23 10:05:58]
讯息 [储存 成功]
  2023-04-23 10:05:58   时间 [2023/04/23 10:05:58]
讯息 [储存 成功]
  2023-04-23 10:05:58   时间 [2023/04/23 10:05:58]
讯息 [储存 成功]
  2023-04-23 10:05:58   时间 [2023/04/23 10:05:58]
讯息 [
功能 Open : 失败
无相机物件
]
  2023-04-23 10:05:58   时间 [2023/04/23 10:05:58]
讯息 [储存 成功]
  2023-04-23 10:05:58   时间 [2023/04/23 10:05:58]
讯息 [储存 成功]
  2023-04-23 10:06:35   时间 [2023/04/23 10:06:35]
讯息 [储存 成功]
  2023-04-23 10:06:35   时间 [2023/04/23 10:06:35]
讯息 [储存 成功]
  2023-04-23 10:06:35   时间 [2023/04/23 10:06:35]
讯息 [储存 成功]
  2023-04-23 10:06:35   时间 [2023/04/23 10:06:35]
讯息 [储存 成功]
  2023-04-23 10:06:35   时间 [2023/04/23 10:06:35]
讯息 [储存 成功]
  2023-04-23 10:06:35   时间 [2023/04/23 10:06:35]
讯息 [
功能 Open : 失败
无相机物件
]
  2023-04-23 10:06:35   时间 [2023/04/23 10:06:35]
讯息 [储存 成功]
  2023-04-23 10:06:35   时间 [2023/04/23 10:06:35]
讯息 [储存 成功]
  2023-04-23 10:12:04   时间 [2023/04/23 10:12:04]
讯息 [储存 成功]
  2023-04-23 10:12:04   时间 [2023/04/23 10:12:04]
讯息 [储存 成功]
  2023-04-23 10:12:04   时间 [2023/04/23 10:12:04]
讯息 [储存 成功]
  2023-04-23 10:12:04   时间 [2023/04/23 10:12:04]
讯息 [储存 成功]
  2023-04-23 10:12:04   时间 [2023/04/23 10:12:04]
讯息 [储存 成功]
  2023-04-23 10:12:05   时间 [2023/04/23 10:12:05]
讯息 [
功能 Open : 失败
无相机物件
]
  2023-04-23 10:12:05   时间 [2023/04/23 10:12:05]
讯息 [储存 成功]
  2023-04-23 10:12:05   时间 [2023/04/23 10:12:05]
讯息 [储存 成功]
  2023-04-23 10:12:46   时间 [2023/04/23 10:12:46]
讯息 [储存 成功]
  2023-04-23 10:12:46   时间 [2023/04/23 10:12:46]
讯息 [储存 成功]
  2023-04-23 10:12:46   时间 [2023/04/23 10:12:46]
讯息 [储存 成功]
  2023-04-23 10:12:46   时间 [2023/04/23 10:12:46]
讯息 [储存 成功]
  2023-04-23 10:12:46   时间 [2023/04/23 10:12:46]
讯息 [储存 成功]
  2023-04-23 10:12:46   时间 [2023/04/23 10:12:46]
讯息 [
功能 Open : 失败
无相机物件
]
  2023-04-23 10:12:46   时间 [2023/04/23 10:12:46]
讯息 [储存 成功]
  2023-04-23 10:12:46   时间 [2023/04/23 10:12:46]
讯息 [储存 成功]
  2023-04-23 10:17:23   时间 [2023/04/23 10:17:23]
讯息 [储存 成功]
  2023-04-23 10:17:23   时间 [2023/04/23 10:17:23]
讯息 [储存 成功]
  2023-04-23 10:17:23   时间 [2023/04/23 10:17:23]
讯息 [储存 成功]
  2023-04-23 10:17:23   时间 [2023/04/23 10:17:23]
讯息 [储存 成功]
  2023-04-23 10:17:23   时间 [2023/04/23 10:17:23]
讯息 [储存 成功]
  2023-04-23 10:17:24   时间 [2023/04/23 10:17:24]
讯息 [
功能 Open : 失败
无相机物件
]
  2023-04-23 10:17:24   时间 [2023/04/23 10:17:24]
讯息 [储存 成功]
  2023-04-23 10:17:24   时间 [2023/04/23 10:17:24]
讯息 [储存 成功]
  2023-04-23 10:29:03   时间 [2023/04/23 10:29:03]
讯息 [储存 成功]
  2023-04-23 10:29:03   时间 [2023/04/23 10:29:03]
讯息 [储存 成功]
  2023-04-23 10:29:03   时间 [2023/04/23 10:29:03]
讯息 [储存 成功]
  2023-04-23 10:29:03   时间 [2023/04/23 10:29:03]
讯息 [储存 成功]
  2023-04-23 10:29:03   时间 [2023/04/23 10:29:03]
讯息 [储存 成功]
  2023-04-23 10:29:04   时间 [2023/04/23 10:29:04]
讯息 [
功能 Open : 失败
无相机物件
]
  2023-04-23 10:29:04   时间 [2023/04/23 10:29:04]
讯息 [储存 成功]
  2023-04-23 10:29:04   时间 [2023/04/23 10:29:04]
讯息 [储存 成功]
  2023-04-23 10:30:36   时间 [2023/04/23 10:30:36]
讯息 [储存 成功]
  2023-04-23 10:30:36   时间 [2023/04/23 10:30:36]
讯息 [储存 成功]
  2023-04-23 10:30:36   时间 [2023/04/23 10:30:36]
讯息 [储存 成功]
  2023-04-23 10:30:36   时间 [2023/04/23 10:30:36]
讯息 [储存 成功]
  2023-04-23 10:30:36   时间 [2023/04/23 10:30:36]
讯息 [储存 成功]
  2023-04-23 10:30:37   时间 [2023/04/23 10:30:37]
讯息 [
功能 Open : 失败
无相机物件
]
  2023-04-23 10:30:37   时间 [2023/04/23 10:30:37]
讯息 [储存 成功]
  2023-04-23 10:30:37   时间 [2023/04/23 10:30:37]
讯息 [储存 成功]
  2023-04-23 10:30:56   时间 [2023/04/23 10:30:56]
讯息 [IOCard No: 0 IO: 蜂鸣器 OFF 功能 失效
未将对象引用设置到对象的实例。]
  2023-04-23 10:33:16   时间 [2023/04/23 10:33:16]
讯息 [储存 成功]
  2023-04-23 10:33:16   时间 [2023/04/23 10:33:16]
讯息 [储存 成功]
  2023-04-23 10:33:17   时间 [2023/04/23 10:33:17]
讯息 [储存 成功]
  2023-04-23 10:33:17   时间 [2023/04/23 10:33:17]
讯息 [储存 成功]
  2023-04-23 10:33:17   时间 [2023/04/23 10:33:17]
讯息 [储存 成功]
  2023-04-23 10:33:17   时间 [2023/04/23 10:33:17]
讯息 [
功能 Open : 失败
无相机物件
]
  2023-04-23 10:33:17   时间 [2023/04/23 10:33:17]
讯息 [储存 成功]
  2023-04-23 10:33:17   时间 [2023/04/23 10:33:17]
讯息 [储存 成功]
  2023-04-23 10:35:12   时间 [2023/04/23 10:35:12]
讯息 [储存 成功]
  2023-04-23 10:35:12   时间 [2023/04/23 10:35:12]
讯息 [储存 成功]
  2023-04-23 10:35:12   时间 [2023/04/23 10:35:12]
讯息 [储存 成功]
  2023-04-23 10:35:12   时间 [2023/04/23 10:35:12]
讯息 [储存 成功]
  2023-04-23 10:35:12   时间 [2023/04/23 10:35:12]
讯息 [储存 成功]
  2023-04-23 10:35:12   时间 [2023/04/23 10:35:12]
讯息 [
功能 Open : 失败
无相机物件
]
  2023-04-23 10:35:12   时间 [2023/04/23 10:35:12]
讯息 [储存 成功]
  2023-04-23 10:35:12   时间 [2023/04/23 10:35:12]
讯息 [储存 成功]
  2023-04-23 10:38:16   时间 [2023/04/23 10:38:16]
讯息 [储存 成功]
  2023-04-23 10:38:16   时间 [2023/04/23 10:38:16]
讯息 [储存 成功]
  2023-04-23 10:38:16   时间 [2023/04/23 10:38:16]
讯息 [储存 成功]
  2023-04-23 10:38:16   时间 [2023/04/23 10:38:16]
讯息 [储存 成功]
  2023-04-23 10:38:16   时间 [2023/04/23 10:38:16]
讯息 [储存 成功]
  2023-04-23 10:38:16   时间 [2023/04/23 10:38:16]
讯息 [
功能 Open : 失败
无相机物件
]
  2023-04-23 10:38:16   时间 [2023/04/23 10:38:16]
讯息 [储存 成功]
  2023-04-23 10:38:16   时间 [2023/04/23 10:38:16]
讯息 [储存 成功]
  2023-04-23 10:41:17   时间 [2023/04/23 10:41:17]
讯息 [储存 成功]
  2023-04-23 10:41:18   时间 [2023/04/23 10:41:18]
讯息 [储存 成功]
  2023-04-23 10:41:18   时间 [2023/04/23 10:41:18]
讯息 [储存 成功]
  2023-04-23 10:41:18   时间 [2023/04/23 10:41:18]
讯息 [储存 成功]
  2023-04-23 10:41:18   时间 [2023/04/23 10:41:18]
讯息 [储存 成功]
  2023-04-23 10:41:18   时间 [2023/04/23 10:41:18]
讯息 [
功能 Open : 失败
无相机物件
]
  2023-04-23 10:41:18   时间 [2023/04/23 10:41:18]
讯息 [储存 成功]
  2023-04-23 10:41:18   时间 [2023/04/23 10:41:18]
讯息 [储存 成功]
  2023-04-23 10:44:40   时间 [2023/04/23 10:44:40]
讯息 [储存 成功]
  2023-04-23 10:44:40   时间 [2023/04/23 10:44:40]
讯息 [储存 成功]
  2023-04-23 10:44:40   时间 [2023/04/23 10:44:40]
讯息 [储存 成功]
  2023-04-23 10:44:40   时间 [2023/04/23 10:44:40]
讯息 [储存 成功]
  2023-04-23 10:44:40   时间 [2023/04/23 10:44:40]
讯息 [储存 成功]
  2023-04-23 10:44:41   时间 [2023/04/23 10:44:41]
讯息 [
功能 Open : 失败
无相机物件
]
  2023-04-23 10:44:41   时间 [2023/04/23 10:44:41]
讯息 [储存 成功]
  2023-04-23 10:44:41   时间 [2023/04/23 10:44:41]
讯息 [储存 成功]
  2023-04-23 10:57:29   时间 [2023/04/23 10:57:29]
讯息 [储存 成功]
  2023-04-23 10:57:29   时间 [2023/04/23 10:57:29]
讯息 [储存 成功]
  2023-04-23 10:57:29   时间 [2023/04/23 10:57:29]
讯息 [储存 成功]
  2023-04-23 10:57:29   时间 [2023/04/23 10:57:29]
讯息 [储存 成功]
  2023-04-23 10:57:29   时间 [2023/04/23 10:57:29]
讯息 [储存 成功]
  2023-04-23 10:57:30   时间 [2023/04/23 10:57:30]
讯息 [
功能 Open : 失败
无相机物件
]
  2023-04-23 10:57:30   时间 [2023/04/23 10:57:30]
讯息 [储存 成功]
  2023-04-23 10:57:30   时间 [2023/04/23 10:57:30]
讯息 [储存 成功]
  2023-04-23 11:14:00   时间 [2023/04/23 11:14:00]
讯息 [储存 成功]
  2023-04-23 11:14:00   时间 [2023/04/23 11:14:00]
讯息 [储存 成功]
  2023-04-23 11:14:00   时间 [2023/04/23 11:14:00]
讯息 [储存 成功]
  2023-04-23 11:14:00   时间 [2023/04/23 11:14:00]
讯息 [储存 成功]
  2023-04-23 11:14:00   时间 [2023/04/23 11:14:00]
讯息 [储存 成功]
  2023-04-23 11:14:00   时间 [2023/04/23 11:14:00]
讯息 [
功能 Open : 失败
无相机物件
]
  2023-04-23 11:14:00   时间 [2023/04/23 11:14:00]
讯息 [储存 成功]
  2023-04-23 11:14:00   时间 [2023/04/23 11:14:00]
讯息 [储存 成功]
  2023-04-23 11:17:45   时间 [2023/04/23 11:17:45]
讯息 [储存 成功]
  2023-04-23 11:17:46   时间 [2023/04/23 11:17:46]
讯息 [储存 成功]
  2023-04-23 11:17:46   时间 [2023/04/23 11:17:46]
讯息 [储存 成功]
  2023-04-23 11:17:46   时间 [2023/04/23 11:17:46]
讯息 [储存 成功]
  2023-04-23 11:17:46   时间 [2023/04/23 11:17:46]
讯息 [储存 成功]
  2023-04-23 11:17:46   时间 [2023/04/23 11:17:46]
讯息 [
功能 Open : 失败
无相机物件
]
  2023-04-23 11:17:46   时间 [2023/04/23 11:17:46]
讯息 [储存 成功]
  2023-04-23 11:17:46   时间 [2023/04/23 11:17:46]
讯息 [储存 成功]
  2023-04-23 11:19:18   时间 [2023/04/23 11:19:18]
讯息 [任务 执行 失败, 原因如下

SolveWare_Service_Core.General.Mission_ReportSolveWare_Service_Core.General.Mission_Report
SolveWare_Service_Core.General.Mission_ReportSolveWare_Service_Core.General.Mission_Report
]
  2023-04-23 11:22:41   时间 [2023/04/23 11:22:41]
讯息 [任务 执行 失败, 原因如下

SolveWare_Service_Core.General.Mission_ReportSolveWare_Service_Core.General.Mission_Report
SolveWare_Service_Core.General.Mission_ReportSolveWare_Service_Core.General.Mission_Report
]
  2023-04-23 11:26:00   时间 [2023/04/23 11:26:00]
讯息 [任务 执行 失败, 原因如下

SolveWare_Service_Core.General.Mission_ReportSolveWare_Service_Core.General.Mission_Report
SolveWare_Service_Core.General.Mission_ReportSolveWare_Service_Core.General.Mission_Report
]
  2023-04-23 11:28:19   时间 [2023/04/23 11:28:19]
讯息 [储存 成功]
  2023-04-23 11:28:19   时间 [2023/04/23 11:28:19]
讯息 [储存 成功]
  2023-04-23 11:28:19   时间 [2023/04/23 11:28:19]
讯息 [储存 成功]
  2023-04-23 11:28:19   时间 [2023/04/23 11:28:19]
讯息 [储存 成功]
  2023-04-23 11:28:19   时间 [2023/04/23 11:28:19]
讯息 [储存 成功]
  2023-04-23 11:28:20   时间 [2023/04/23 11:28:20]
讯息 [
功能 Open : 失败
无相机物件
]
  2023-04-23 11:28:20   时间 [2023/04/23 11:28:20]
讯息 [储存 成功]
  2023-04-23 11:28:20   时间 [2023/04/23 11:28:20]
讯息 [储存 成功]
  2023-04-23 11:30:03   时间 [2023/04/23 11:30:03]
讯息 [储存 成功]
  2023-04-23 11:30:03   时间 [2023/04/23 11:30:03]
讯息 [储存 成功]
  2023-04-23 11:30:03   时间 [2023/04/23 11:30:03]
讯息 [储存 成功]
  2023-04-23 11:30:04   时间 [2023/04/23 11:30:04]
讯息 [储存 成功]
  2023-04-23 11:30:04   时间 [2023/04/23 11:30:04]
讯息 [储存 成功]
  2023-04-23 11:30:04   时间 [2023/04/23 11:30:04]
讯息 [
功能 Open : 失败
无相机物件
]
  2023-04-23 11:30:04   时间 [2023/04/23 11:30:04]
讯息 [储存 成功]
  2023-04-23 11:30:04   时间 [2023/04/23 11:30:04]
讯息 [储存 成功]
  2023-04-23 11:30:40   时间 [2023/04/23 11:30:40]
讯息 [储存 成功]
  2023-04-23 11:30:40   时间 [2023/04/23 11:30:40]
讯息 [储存 成功]
  2023-04-23 11:30:40   时间 [2023/04/23 11:30:40]
讯息 [储存 成功]
  2023-04-23 11:30:40   时间 [2023/04/23 11:30:40]
讯息 [储存 成功]
  2023-04-23 11:30:40   时间 [2023/04/23 11:30:40]
讯息 [储存 成功]
  2023-04-23 11:30:41   时间 [2023/04/23 11:30:41]
讯息 [
功能 Open : 失败
无相机物件
]
  2023-04-23 11:30:41   时间 [2023/04/23 11:30:41]
讯息 [储存 成功]
  2023-04-23 11:30:41   时间 [2023/04/23 11:30:41]
讯息 [储存 成功]
  2023-04-23 11:33:04   时间 [2023/04/23 11:33:04]
讯息 [储存 成功]
  2023-04-23 11:33:04   时间 [2023/04/23 11:33:04]
讯息 [储存 成功]
  2023-04-23 11:33:04   时间 [2023/04/23 11:33:04]
讯息 [储存 成功]
  2023-04-23 11:33:04   时间 [2023/04/23 11:33:04]
讯息 [储存 成功]
  2023-04-23 11:33:04   时间 [2023/04/23 11:33:04]
讯息 [储存 成功]
  2023-04-23 11:33:05   时间 [2023/04/23 11:33:05]
讯息 [
功能 Open : 失败
无相机物件
]
  2023-04-23 11:33:05   时间 [2023/04/23 11:33:05]
讯息 [储存 成功]
  2023-04-23 11:33:05   时间 [2023/04/23 11:33:05]
讯息 [储存 成功]
  2023-04-23 11:33:21   时间 [2023/04/23 11:33:21]
讯息 []
  2023-04-23 11:33:21   时间 [2023/04/23 11:33:21]
讯息 []
  2023-04-23 11:33:22   时间 [2023/04/23 11:33:22]
讯息 []
  2023-04-23 11:33:23   时间 [2023/04/23 11:33:23]
讯息 []
  2023-04-23 11:33:24   时间 [2023/04/23 11:33:24]
讯息 []
  2023-04-23 11:33:27   时间 [2023/04/23 11:33:27]
讯息 [机器状态不允许此时按钮运行]
  2023-04-23 11:33:33   时间 [2023/04/23 11:33:33]
讯息 [机器状态不允许此时按钮运行]
  2023-04-23 11:35:15   时间 [2023/04/23 11:35:15]
讯息 [储存 成功]
  2023-04-23 11:35:15   时间 [2023/04/23 11:35:15]
讯息 [储存 成功]
  2023-04-23 11:35:15   时间 [2023/04/23 11:35:15]
讯息 [储存 成功]
  2023-04-23 11:35:15   时间 [2023/04/23 11:35:15]
讯息 [储存 成功]
  2023-04-23 11:35:15   时间 [2023/04/23 11:35:15]
讯息 [储存 成功]
  2023-04-23 11:35:16   时间 [2023/04/23 11:35:16]
讯息 [
功能 Open : 失败
无相机物件
]
  2023-04-23 11:35:16   时间 [2023/04/23 11:35:16]
讯息 [储存 成功]
  2023-04-23 11:35:16   时间 [2023/04/23 11:35:16]
讯息 [储存 成功]
  2023-04-23 11:35:42   时间 [2023/04/23 11:35:42]
讯息 []
  2023-04-23 11:35:44   时间 [2023/04/23 11:35:44]
讯息 []
  2023-04-23 11:35:53   时间 [2023/04/23 11:35:53]
讯息 []
  2023-04-23 11:35:54   时间 [2023/04/23 11:35:54]
讯息 []
  2023-04-23 11:36:51   时间 [2023/04/23 11:36:51]
讯息 [任务 执行 失败, 原因如下



]
  2023-04-23 11:39:06   时间 [2023/04/23 11:39:06]
讯息 [储存 成功]
  2023-04-23 11:39:06   时间 [2023/04/23 11:39:06]
讯息 [储存 成功]
  2023-04-23 11:39:06   时间 [2023/04/23 11:39:06]
讯息 [储存 成功]
  2023-04-23 11:39:07   时间 [2023/04/23 11:39:07]
讯息 [储存 成功]
  2023-04-23 11:39:07   时间 [2023/04/23 11:39:07]
讯息 [储存 成功]
  2023-04-23 11:39:07   时间 [2023/04/23 11:39:07]
讯息 [
功能 Open : 失败
无相机物件
]
  2023-04-23 11:39:07   时间 [2023/04/23 11:39:07]
讯息 [储存 成功]
  2023-04-23 11:39:07   时间 [2023/04/23 11:39:07]
讯息 [储存 成功]
  2023-04-23 11:39:40   时间 [2023/04/23 11:39:40]
讯息 [任务完成]
  2023-04-23 11:40:34   时间 [2023/04/23 11:40:33]
讯息 [储存 成功]
  2023-04-23 11:40:34   时间 [2023/04/23 11:40:34]
讯息 [储存 成功]
  2023-04-23 11:40:34   时间 [2023/04/23 11:40:34]
讯息 [储存 成功]
  2023-04-23 11:40:34   时间 [2023/04/23 11:40:34]
讯息 [储存 成功]
  2023-04-23 11:40:34   时间 [2023/04/23 11:40:34]
讯息 [储存 成功]
  2023-04-23 11:40:35   时间 [2023/04/23 11:40:35]
讯息 [
功能 Open : 失败
无相机物件
]
  2023-04-23 11:40:35   时间 [2023/04/23 11:40:35]
讯息 [储存 成功]
  2023-04-23 11:40:35   时间 [2023/04/23 11:40:35]
讯息 [储存 成功]
  2023-04-23 13:25:09   时间 [2023/04/23 13:25:09]
讯息 [储存 成功]
  2023-04-23 13:25:09   时间 [2023/04/23 13:25:09]
讯息 [储存 成功]
  2023-04-23 13:25:09   时间 [2023/04/23 13:25:09]
讯息 [储存 成功]
  2023-04-23 13:25:09   时间 [2023/04/23 13:25:09]
讯息 [储存 成功]
  2023-04-23 13:25:09   时间 [2023/04/23 13:25:09]
讯息 [储存 成功]
  2023-04-23 13:30:00   时间 [2023/04/23 13:30:00]
讯息 [储存 成功]
  2023-04-23 13:30:00   时间 [2023/04/23 13:30:00]
讯息 [储存 成功]
  2023-04-23 13:30:00   时间 [2023/04/23 13:30:00]
讯息 [储存 成功]
  2023-04-23 13:30:00   时间 [2023/04/23 13:30:00]
讯息 [储存 成功]
  2023-04-23 13:30:00   时间 [2023/04/23 13:30:00]
讯息 [储存 成功]
  2023-04-23 13:30:01   时间 [2023/04/23 13:30:01]
讯息 [
功能 Open : 失败
无相机物件
]
  2023-04-23 13:30:01   时间 [2023/04/23 13:30:01]
讯息 [储存 成功]
  2023-04-23 13:30:01   时间 [2023/04/23 13:30:01]
讯息 [储存 成功]
  2023-04-23 13:30:23   时间 [2023/04/23 13:30:23]
讯息 [任务完成]
  2023-04-23 13:30:36   时间 [2023/04/23 13:30:36]
讯息 [任务完成]
  2023-04-23 13:32:31   时间 [2023/04/23 13:32:31]
讯息 [储存 成功]
  2023-04-23 13:32:31   时间 [2023/04/23 13:32:31]
讯息 [储存 成功]
  2023-04-23 13:32:31   时间 [2023/04/23 13:32:31]
讯息 [储存 成功]
  2023-04-23 13:32:32   时间 [2023/04/23 13:32:32]
讯息 [储存 成功]
  2023-04-23 13:32:32   时间 [2023/04/23 13:32:32]
讯息 [储存 成功]
  2023-04-23 13:32:32   时间 [2023/04/23 13:32:32]
讯息 [
功能 Open : 失败
无相机物件
]
  2023-04-23 13:32:32   时间 [2023/04/23 13:32:32]
讯息 [储存 成功]
  2023-04-23 13:32:32   时间 [2023/04/23 13:32:32]
讯息 [储存 成功]
  2023-04-23 13:32:52   时间 [2023/04/23 13:32:52]
讯息 [任务完成]
  2023-04-23 13:33:11   时间 [2023/04/23 13:33:11]
讯息 [储存 成功]
  2023-04-23 13:33:11   时间 [2023/04/23 13:33:11]
讯息 [储存 成功]
  2023-04-23 13:33:11   时间 [2023/04/23 13:33:11]
讯息 [储存 成功]
  2023-04-23 13:33:11   时间 [2023/04/23 13:33:11]
讯息 [储存 成功]
  2023-04-23 13:33:11   时间 [2023/04/23 13:33:11]
讯息 [储存 成功]
  2023-04-23 13:33:12   时间 [2023/04/23 13:33:12]
讯息 [
功能 Open : 失败
无相机物件
]
  2023-04-23 13:33:12   时间 [2023/04/23 13:33:12]
讯息 [储存 成功]
  2023-04-23 13:33:12   时间 [2023/04/23 13:33:12]
讯息 [储存 成功]
  2023-04-23 13:33:30   时间 [2023/04/23 13:33:30]
讯息 [任务完成]
  2023-04-23 13:41:59   时间 [2023/04/23 13:41:59]
讯息 [储存 成功]
  2023-04-23 13:41:59   时间 [2023/04/23 13:41:59]
讯息 [储存 成功]
  2023-04-23 13:41:59   时间 [2023/04/23 13:41:59]
讯息 [储存 成功]
  2023-04-23 13:41:59   时间 [2023/04/23 13:41:59]
讯息 [储存 成功]
  2023-04-23 13:41:59   时间 [2023/04/23 13:41:59]
讯息 [储存 成功]
  2023-04-23 13:41:59   时间 [2023/04/23 13:41:59]
讯息 [
功能 Open : 失败
无相机物件
]
  2023-04-23 13:41:59   时间 [2023/04/23 13:41:59]
讯息 [储存 成功]
  2023-04-23 13:41:59   时间 [2023/04/23 13:41:59]
讯息 [储存 成功]
  2023-04-23 13:42:19   时间 [2023/04/23 13:42:19]
讯息 [任务完成]
  2023-04-23 13:42:52   时间 [2023/04/23 13:42:52]
讯息 [储存 成功]
  2023-04-23 13:42:52   时间 [2023/04/23 13:42:52]
讯息 [储存 成功]
  2023-04-23 13:42:52   时间 [2023/04/23 13:42:52]
讯息 [储存 成功]
  2023-04-23 13:42:52   时间 [2023/04/23 13:42:52]
讯息 [储存 成功]
  2023-04-23 13:42:52   时间 [2023/04/23 13:42:52]
讯息 [储存 成功]
  2023-04-23 13:42:52   时间 [2023/04/23 13:42:52]
讯息 [
功能 Open : 失败
无相机物件
]
  2023-04-23 13:42:52   时间 [2023/04/23 13:42:52]
讯息 [储存 成功]
  2023-04-23 13:42:52   时间 [2023/04/23 13:42:52]
讯息 [储存 成功]
  2023-04-23 13:53:54   时间 [2023/04/23 13:53:54]
讯息 [储存 成功]
  2023-04-23 13:53:54   时间 [2023/04/23 13:53:54]
讯息 [储存 成功]
  2023-04-23 13:53:54   时间 [2023/04/23 13:53:54]
讯息 [储存 成功]
  2023-04-23 13:53:55   时间 [2023/04/23 13:53:55]
讯息 [储存 成功]
  2023-04-23 13:53:55   时间 [2023/04/23 13:53:55]
讯息 [储存 成功]
  2023-04-23 13:53:55   时间 [2023/04/23 13:53:55]
讯息 [
功能 Open : 失败
无相机物件
]
  2023-04-23 13:53:55   时间 [2023/04/23 13:53:55]
讯息 [储存 成功]
  2023-04-23 13:53:55   时间 [2023/04/23 13:53:55]
讯息 [储存 成功]
  2023-04-23 13:54:03   时间 [2023/04/23 13:54:03]
讯息 [任务完成]
  2023-04-23 13:54:14   时间 [2023/04/23 13:54:14]
讯息 [任务完成]
  2023-04-23 13:54:55   时间 [2023/04/23 13:54:55]
讯息 [储存 成功]
  2023-04-23 13:54:55   时间 [2023/04/23 13:54:55]
讯息 [储存 成功]
  2023-04-23 13:54:55   时间 [2023/04/23 13:54:55]
讯息 [储存 成功]
  2023-04-23 13:54:55   时间 [2023/04/23 13:54:55]
讯息 [储存 成功]
  2023-04-23 13:54:55   时间 [2023/04/23 13:54:55]
讯息 [储存 成功]
  2023-04-23 13:54:56   时间 [2023/04/23 13:54:56]
讯息 [
功能 Open : 失败
无相机物件
]
  2023-04-23 13:54:56   时间 [2023/04/23 13:54:56]
讯息 [储存 成功]
  2023-04-23 13:54:56   时间 [2023/04/23 13:54:56]
讯息 [储存 成功]
  2023-04-23 13:55:17   时间 [2023/04/23 13:55:17]
讯息 [任务完成]
  2023-04-23 14:00:57   时间 [2023/04/23 14:00:57]
讯息 [储存 成功]
  2023-04-23 14:00:58   时间 [2023/04/23 14:00:58]
讯息 [储存 成功]
  2023-04-23 14:00:58   时间 [2023/04/23 14:00:58]
讯息 [储存 成功]
  2023-04-23 14:00:58   时间 [2023/04/23 14:00:58]
讯息 [储存 成功]
  2023-04-23 14:00:58   时间 [2023/04/23 14:00:58]
讯息 [储存 成功]
  2023-04-23 14:00:58   时间 [2023/04/23 14:00:58]
讯息 [
功能 Open : 失败
无相机物件
]
  2023-04-23 14:00:58   时间 [2023/04/23 14:00:58]
讯息 [储存 成功]
  2023-04-23 14:00:58   时间 [2023/04/23 14:00:58]
讯息 [储存 成功]
  2023-04-23 14:07:10   时间 [2023/04/23 14:07:10]
讯息 [储存 成功]
  2023-04-23 14:07:11   时间 [2023/04/23 14:07:11]
讯息 [储存 成功]
  2023-04-23 14:07:11   时间 [2023/04/23 14:07:11]
讯息 [储存 成功]
  2023-04-23 14:07:11   时间 [2023/04/23 14:07:11]
讯息 [储存 成功]
  2023-04-23 14:07:11   时间 [2023/04/23 14:07:11]
讯息 [储存 成功]
  2023-04-23 14:07:12   时间 [2023/04/23 14:07:12]
讯息 [
功能 Open : 失败
无相机物件
]
  2023-04-23 14:07:12   时间 [2023/04/23 14:07:12]
讯息 [储存 成功]
  2023-04-23 14:07:12   时间 [2023/04/23 14:07:12]
讯息 [储存 成功]
  2023-04-23 14:08:18   时间 [2023/04/23 14:08:18]
讯息 [储存 成功]
  2023-04-23 14:08:18   时间 [2023/04/23 14:08:18]
讯息 [储存 成功]
  2023-04-23 14:08:18   时间 [2023/04/23 14:08:18]
讯息 [储存 成功]
  2023-04-23 14:08:19   时间 [2023/04/23 14:08:19]
讯息 [储存 成功]
  2023-04-23 14:08:19   时间 [2023/04/23 14:08:19]
讯息 [储存 成功]
  2023-04-23 14:08:19   时间 [2023/04/23 14:08:19]
讯息 [
功能 Open : 失败
无相机物件
]
  2023-04-23 14:08:19   时间 [2023/04/23 14:08:19]
讯息 [储存 成功]
  2023-04-23 14:08:19   时间 [2023/04/23 14:08:19]
讯息 [储存 成功]
  2023-04-23 14:08:35   时间 [2023/04/23 14:08:35]
讯息 []
  2023-04-23 14:08:36   时间 [2023/04/23 14:08:36]
讯息 []
  2023-04-23 14:08:37   时间 [2023/04/23 14:08:37]
讯息 []
  2023-04-23 14:08:38   时间 [2023/04/23 14:08:38]
讯息 []
  2023-04-23 14:08:39   时间 [2023/04/23 14:08:39]
讯息 []
  2023-04-23 14:08:40   时间 [2023/04/23 14:08:40]
讯息 []
  2023-04-23 14:08:41   时间 [2023/04/23 14:08:41]
讯息 []
  2023-04-23 14:08:43   时间 [2023/04/23 14:08:43]
讯息 []
  2023-04-23 14:08:44   时间 [2023/04/23 14:08:44]
讯息 []
  2023-04-23 14:08:47   时间 [2023/04/23 14:08:47]
讯息 []
  2023-04-23 14:08:47   时间 [2023/04/23 14:08:47]
讯息 []
  2023-04-23 14:08:48   时间 [2023/04/23 14:08:48]
讯息 []
  2023-04-23 14:08:49   时间 [2023/04/23 14:08:49]
讯息 []
  2023-04-23 14:08:50   时间 [2023/04/23 14:08:50]
讯息 []
  2023-04-23 14:08:51   时间 [2023/04/23 14:08:51]
讯息 []
  2023-04-23 14:08:52   时间 [2023/04/23 14:08:52]
讯息 []
  2023-04-23 14:08:53   时间 [2023/04/23 14:08:53]
讯息 []
  2023-04-23 14:09:52   时间 [2023/04/23 14:09:52]
讯息 [储存 成功]
  2023-04-23 14:09:52   时间 [2023/04/23 14:09:52]
讯息 [储存 成功]
  2023-04-23 14:09:52   时间 [2023/04/23 14:09:52]
讯息 [储存 成功]
  2023-04-23 14:09:52   时间 [2023/04/23 14:09:52]
讯息 [储存 成功]
  2023-04-23 14:09:52   时间 [2023/04/23 14:09:52]
讯息 [储存 成功]
  2023-04-23 14:09:53   时间 [2023/04/23 14:09:53]
讯息 [
功能 Open : 失败
无相机物件
]
  2023-04-23 14:09:53   时间 [2023/04/23 14:09:53]
讯息 [储存 成功]
  2023-04-23 14:09:53   时间 [2023/04/23 14:09:53]
讯息 [储存 成功]
  2023-04-23 14:10:06   时间 [2023/04/23 14:10:06]
讯息 []
  2023-04-23 14:10:07   时间 [2023/04/23 14:10:07]
讯息 []
  2023-04-23 14:10:08   时间 [2023/04/23 14:10:08]
讯息 []
  2023-04-23 14:10:09   时间 [2023/04/23 14:10:09]
讯息 []
  2023-04-23 14:10:11   时间 [2023/04/23 14:10:11]
讯息 []
  2023-04-23 14:10:14   时间 [2023/04/23 14:10:14]
讯息 []
  2023-04-23 14:11:09   时间 [2023/04/23 14:11:09]
讯息 [储存 成功]
  2023-04-23 14:11:09   时间 [2023/04/23 14:11:09]
讯息 [储存 成功]
  2023-04-23 14:11:09   时间 [2023/04/23 14:11:09]
讯息 [储存 成功]
  2023-04-23 14:11:10   时间 [2023/04/23 14:11:10]
讯息 [储存 成功]
  2023-04-23 14:11:10   时间 [2023/04/23 14:11:10]
讯息 [储存 成功]
  2023-04-23 14:11:10   时间 [2023/04/23 14:11:10]
讯息 [
功能 Open : 失败
无相机物件
]
  2023-04-23 14:11:10   时间 [2023/04/23 14:11:10]
讯息 [储存 成功]
  2023-04-23 14:11:10   时间 [2023/04/23 14:11:10]
讯息 [储存 成功]
  2023-04-23 14:11:24   时间 [2023/04/23 14:11:24]
讯息 []
  2023-04-23 14:11:25   时间 [2023/04/23 14:11:25]
讯息 []
  2023-04-23 14:11:26   时间 [2023/04/23 14:11:26]
讯息 []
  2023-04-23 14:11:27   时间 [2023/04/23 14:11:27]
讯息 []
  2023-04-23 14:11:31   时间 [2023/04/23 14:11:31]
讯息 []
  2023-04-23 14:11:35   时间 [2023/04/23 14:11:35]
讯息 [线程间操作无效: 从不是创建控件“cmb_Selector_SpeedSetting”的线程访问它。]
  2023-04-23 14:11:41   时间 [2023/04/23 14:11:41]
讯息 [线程间操作无效: 从不是创建控件“cmb_Selector_SpeedSetting”的线程访问它。]
  2023-04-23 14:13:27   时间 [2023/04/23 14:13:27]
讯息 [储存 成功]
  2023-04-23 14:13:27   时间 [2023/04/23 14:13:27]
讯息 [储存 成功]
  2023-04-23 14:13:27   时间 [2023/04/23 14:13:27]
讯息 [储存 成功]
  2023-04-23 14:13:27   时间 [2023/04/23 14:13:27]
讯息 [储存 成功]
  2023-04-23 14:13:27   时间 [2023/04/23 14:13:27]
讯息 [储存 成功]
  2023-04-23 14:13:28   时间 [2023/04/23 14:13:28]
讯息 [
功能 Open : 失败
无相机物件
]
  2023-04-23 14:13:28   时间 [2023/04/23 14:13:28]
讯息 [储存 成功]
  2023-04-23 14:13:28   时间 [2023/04/23 14:13:28]
讯息 [储存 成功]
  2023-04-23 14:16:10   时间 [2023/04/23 14:16:10]
讯息 [储存 成功]
  2023-04-23 14:16:10   时间 [2023/04/23 14:16:10]
讯息 [储存 成功]
  2023-04-23 14:16:10   时间 [2023/04/23 14:16:10]
讯息 [储存 成功]
  2023-04-23 14:16:11   时间 [2023/04/23 14:16:11]
讯息 [储存 成功]
  2023-04-23 14:16:11   时间 [2023/04/23 14:16:11]
讯息 [储存 成功]
  2023-04-23 14:16:11   时间 [2023/04/23 14:16:11]
讯息 [
功能 Open : 失败
无相机物件
]
  2023-04-23 14:16:11   时间 [2023/04/23 14:16:11]
讯息 [储存 成功]
  2023-04-23 14:16:11   时间 [2023/04/23 14:16:11]
讯息 [储存 成功]
  2023-04-23 14:16:22   时间 [2023/04/23 14:16:22]
讯息 []
  2023-04-23 14:16:23   时间 [2023/04/23 14:16:23]
讯息 []
  2023-04-23 14:16:24   时间 [2023/04/23 14:16:24]
讯息 []
  2023-04-23 14:16:25   时间 [2023/04/23 14:16:25]
讯息 []
  2023-04-23 14:16:26   时间 [2023/04/23 14:16:26]
讯息 []
  2023-04-23 14:16:27   时间 [2023/04/23 14:16:27]
讯息 []
  2023-04-23 14:16:54   时间 [2023/04/23 14:16:54]
讯息 [储存 成功]
  2023-04-23 14:16:54   时间 [2023/04/23 14:16:54]
讯息 [储存 成功]
  2023-04-23 14:16:54   时间 [2023/04/23 14:16:54]
讯息 [储存 成功]
  2023-04-23 14:16:54   时间 [2023/04/23 14:16:54]
讯息 [储存 成功]
  2023-04-23 14:16:54   时间 [2023/04/23 14:16:54]
讯息 [储存 成功]
  2023-04-23 14:16:54   时间 [2023/04/23 14:16:54]
讯息 [
功能 Open : 失败
无相机物件
]
  2023-04-23 14:16:54   时间 [2023/04/23 14:16:54]
讯息 [储存 成功]
  2023-04-23 14:16:54   时间 [2023/04/23 14:16:54]
讯息 [储存 成功]
  2023-04-23 14:17:06   时间 [2023/04/23 14:17:06]
讯息 []
  2023-04-23 14:17:09   时间 [2023/04/23 14:17:09]
讯息 []
  2023-04-23 14:17:10   时间 [2023/04/23 14:17:10]
讯息 []
  2023-04-23 14:18:56   时间 [2023/04/23 14:18:56]
讯息 [储存 成功]
  2023-04-23 14:18:56   时间 [2023/04/23 14:18:56]
讯息 [储存 成功]
  2023-04-23 14:18:56   时间 [2023/04/23 14:18:56]
讯息 [储存 成功]
  2023-04-23 14:18:56   时间 [2023/04/23 14:18:56]
讯息 [储存 成功]
  2023-04-23 14:18:56   时间 [2023/04/23 14:18:56]
讯息 [储存 成功]
  2023-04-23 14:18:56   时间 [2023/04/23 14:18:56]
讯息 [
功能 Open : 失败
无相机物件
]
  2023-04-23 14:18:56   时间 [2023/04/23 14:18:56]
讯息 [储存 成功]
  2023-04-23 14:18:56   时间 [2023/04/23 14:18:56]
讯息 [储存 成功]
  2023-04-23 14:19:07   时间 [2023/04/23 14:19:07]
讯息 []
  2023-04-23 14:19:08   时间 [2023/04/23 14:19:08]
讯息 []
  2023-04-23 14:19:11   时间 [2023/04/23 14:19:11]
讯息 []
  2023-04-23 14:19:12   时间 [2023/04/23 14:19:12]
讯息 []
  2023-04-23 14:19:13   时间 [2023/04/23 14:19:13]
讯息 []
  2023-04-23 14:19:14   时间 [2023/04/23 14:19:14]
讯息 []
  2023-04-23 14:19:15   时间 [2023/04/23 14:19:15]
讯息 []
  2023-04-23 14:19:31   时间 [2023/04/23 14:19:31]
讯息 [储存 成功]
  2023-04-23 14:19:32   时间 [2023/04/23 14:19:32]
讯息 [储存 成功]
  2023-04-23 14:19:32   时间 [2023/04/23 14:19:32]
讯息 [储存 成功]
  2023-04-23 14:19:32   时间 [2023/04/23 14:19:32]
讯息 [储存 成功]
  2023-04-23 14:19:32   时间 [2023/04/23 14:19:32]
讯息 [储存 成功]
  2023-04-23 14:19:32   时间 [2023/04/23 14:19:32]
讯息 [
功能 Open : 失败
无相机物件
]
  2023-04-23 14:19:32   时间 [2023/04/23 14:19:32]
讯息 [储存 成功]
  2023-04-23 14:19:32   时间 [2023/04/23 14:19:32]
讯息 [储存 成功]
  2023-04-23 14:19:42   时间 [2023/04/23 14:19:42]
讯息 []
  2023-04-23 14:19:43   时间 [2023/04/23 14:19:43]
讯息 []
  2023-04-23 14:19:59   时间 [2023/04/23 14:19:59]
讯息 [储存 成功]
  2023-04-23 14:19:59   时间 [2023/04/23 14:19:59]
讯息 [储存 成功]
  2023-04-23 14:19:59   时间 [2023/04/23 14:19:59]
讯息 [储存 成功]
  2023-04-23 14:19:59   时间 [2023/04/23 14:19:59]
讯息 [储存 成功]
  2023-04-23 14:19:59   时间 [2023/04/23 14:19:59]
讯息 [储存 成功]
  2023-04-23 14:20:00   时间 [2023/04/23 14:20:00]
讯息 [
功能 Open : 失败
无相机物件
]
  2023-04-23 14:20:00   时间 [2023/04/23 14:20:00]
讯息 [储存 成功]
  2023-04-23 14:20:00   时间 [2023/04/23 14:20:00]
讯息 [储存 成功]
  2023-04-23 14:20:30   时间 [2023/04/23 14:20:30]
讯息 [储存 成功]
  2023-04-23 14:20:31   时间 [2023/04/23 14:20:31]
讯息 [储存 成功]
  2023-04-23 14:20:31   时间 [2023/04/23 14:20:31]
讯息 [储存 成功]
  2023-04-23 14:20:31   时间 [2023/04/23 14:20:31]
讯息 [储存 成功]
  2023-04-23 14:20:31   时间 [2023/04/23 14:20:31]
讯息 [储存 成功]
  2023-04-23 14:20:31   时间 [2023/04/23 14:20:31]
讯息 [
功能 Open : 失败
无相机物件
]
  2023-04-23 14:20:31   时间 [2023/04/23 14:20:31]
讯息 [储存 成功]
  2023-04-23 14:20:31   时间 [2023/04/23 14:20:31]
讯息 [储存 成功]
  2023-04-23 14:21:34   时间 [2023/04/23 14:21:34]
讯息 [储存 成功]
  2023-04-23 14:21:34   时间 [2023/04/23 14:21:34]
讯息 [储存 成功]
  2023-04-23 14:21:34   时间 [2023/04/23 14:21:34]
讯息 [储存 成功]
  2023-04-23 14:21:35   时间 [2023/04/23 14:21:35]
讯息 [储存 成功]
  2023-04-23 14:21:35   时间 [2023/04/23 14:21:35]
讯息 [储存 成功]
  2023-04-23 14:21:35   时间 [2023/04/23 14:21:35]
讯息 [
功能 Open : 失败
无相机物件
]
  2023-04-23 14:21:35   时间 [2023/04/23 14:21:35]
讯息 [储存 成功]
  2023-04-23 14:21:35   时间 [2023/04/23 14:21:35]
讯息 [储存 成功]
  2023-04-23 14:21:48   时间 [2023/04/23 14:21:48]
讯息 [Set Motor Speed Parameter Error | 设定马达速度参数失败]
  2023-04-23 14:22:09   时间 [2023/04/23 14:22:09]
讯息 [储存 成功]
  2023-04-23 14:22:09   时间 [2023/04/23 14:22:09]
讯息 [储存 成功]
  2023-04-23 14:22:09   时间 [2023/04/23 14:22:09]
讯息 [储存 成功]
  2023-04-23 14:22:09   时间 [2023/04/23 14:22:09]
讯息 [储存 成功]
  2023-04-23 14:22:09   时间 [2023/04/23 14:22:09]
讯息 [储存 成功]
  2023-04-23 14:22:09   时间 [2023/04/23 14:22:09]
讯息 [
功能 Open : 失败
无相机物件
]
  2023-04-23 14:22:09   时间 [2023/04/23 14:22:09]
讯息 [储存 成功]
  2023-04-23 14:22:09   时间 [2023/04/23 14:22:09]
讯息 [储存 成功]
  2023-04-23 14:23:02   时间 [2023/04/23 14:23:02]
讯息 []
  2023-04-23 14:23:04   时间 [2023/04/23 14:23:04]
讯息 []
  2023-04-23 14:23:06   时间 [2023/04/23 14:23:06]
讯息 []
  2023-04-23 14:23:06   时间 [2023/04/23 14:23:06]
讯息 []
  2023-04-23 14:23:07   时间 [2023/04/23 14:23:07]
讯息 []
  2023-04-23 14:23:09   时间 [2023/04/23 14:23:09]
讯息 []
  2023-04-23 14:23:11   时间 [2023/04/23 14:23:11]
讯息 []
  2023-04-23 14:23:13   时间 [2023/04/23 14:23:13]
讯息 []
  2023-04-23 14:23:15   时间 [2023/04/23 14:23:15]
讯息 []
  2023-04-23 14:24:12   时间 [2023/04/23 14:24:12]
讯息 [储存 成功]
  2023-04-23 14:24:12   时间 [2023/04/23 14:24:12]
讯息 [储存 成功]
  2023-04-23 14:24:12   时间 [2023/04/23 14:24:12]
讯息 [储存 成功]
  2023-04-23 14:24:13   时间 [2023/04/23 14:24:13]
讯息 [储存 成功]
  2023-04-23 14:24:13   时间 [2023/04/23 14:24:13]
讯息 [储存 成功]
  2023-04-23 14:24:13   时间 [2023/04/23 14:24:13]
讯息 [
功能 Open : 失败
无相机物件
]
  2023-04-23 14:24:13   时间 [2023/04/23 14:24:13]
讯息 [储存 成功]
  2023-04-23 14:24:13   时间 [2023/04/23 14:24:13]
讯息 [储存 成功]
  2023-04-23 14:40:00   时间 [2023/04/23 14:40:00]
讯息 [储存 成功]
  2023-04-23 14:40:00   时间 [2023/04/23 14:40:00]
讯息 [储存 成功]
  2023-04-23 14:40:00   时间 [2023/04/23 14:40:00]
讯息 [储存 成功]
  2023-04-23 14:40:00   时间 [2023/04/23 14:40:00]
讯息 [储存 成功]
  2023-04-23 14:40:00   时间 [2023/04/23 14:40:00]
讯息 [储存 成功]
  2023-04-23 14:40:00   时间 [2023/04/23 14:40:00]
讯息 [
功能 Open : 失败
无相机物件
]
  2023-04-23 14:40:00   时间 [2023/04/23 14:40:00]
讯息 [储存 成功]
  2023-04-23 14:40:00   时间 [2023/04/23 14:40:00]
讯息 [储存 成功]
  2023-04-23 14:43:42   时间 [2023/04/23 14:43:42]
讯息 [储存 成功]
  2023-04-23 14:43:42   时间 [2023/04/23 14:43:42]
讯息 [储存 成功]
  2023-04-23 14:43:42   时间 [2023/04/23 14:43:42]
讯息 [储存 成功]
  2023-04-23 14:43:42   时间 [2023/04/23 14:43:42]
讯息 [储存 成功]
  2023-04-23 14:43:42   时间 [2023/04/23 14:43:42]
讯息 [储存 成功]
  2023-04-23 14:43:42   时间 [2023/04/23 14:43:42]
讯息 [
功能 Open : 失败
无相机物件
]
  2023-04-23 14:43:42   时间 [2023/04/23 14:43:42]
讯息 [储存 成功]
  2023-04-23 14:43:42   时间 [2023/04/23 14:43:42]
讯息 [储存 成功]
  2023-04-23 14:44:05   时间 [2023/04/23 14:44:05]
讯息 []
  2023-04-23 14:44:06   时间 [2023/04/23 14:44:06]
讯息 []
  2023-04-23 14:44:07   时间 [2023/04/23 14:44:07]
讯息 []
  2023-04-23 15:10:09   时间 [2023/04/23 15:10:09]
讯息 [储存 成功]
  2023-04-23 15:10:09   时间 [2023/04/23 15:10:09]
讯息 [储存 成功]
  2023-04-23 15:10:09   时间 [2023/04/23 15:10:09]
讯息 [储存 成功]
  2023-04-23 15:10:10   时间 [2023/04/23 15:10:10]
讯息 [储存 成功]
  2023-04-23 15:10:10   时间 [2023/04/23 15:10:10]
讯息 [储存 成功]
  2023-04-23 15:10:10   时间 [2023/04/23 15:10:10]
讯息 [
功能 Open : 失败
无相机物件
]
  2023-04-23 15:10:10   时间 [2023/04/23 15:10:10]
讯息 [储存 成功]
  2023-04-23 15:10:10   时间 [2023/04/23 15:10:10]
讯息 [储存 成功]
  2023-04-23 15:11:41   时间 [2023/04/23 15:11:41]
讯息 [储存 成功]
  2023-04-23 15:11:41   时间 [2023/04/23 15:11:41]
讯息 [储存 成功]
  2023-04-23 15:11:41   时间 [2023/04/23 15:11:41]
讯息 [储存 成功]
  2023-04-23 15:11:41   时间 [2023/04/23 15:11:41]
讯息 [储存 成功]
  2023-04-23 15:11:41   时间 [2023/04/23 15:11:41]
讯息 [储存 成功]
  2023-04-23 15:11:41   时间 [2023/04/23 15:11:41]
讯息 [
功能 Open : 失败
无相机物件
]
  2023-04-23 15:11:41   时间 [2023/04/23 15:11:41]
讯息 [储存 成功]
  2023-04-23 15:11:41   时间 [2023/04/23 15:11:41]
讯息 [储存 成功]
  2023-04-23 15:13:47   时间 [2023/04/23 15:13:47]
讯息 [储存 成功]
  2023-04-23 15:13:47   时间 [2023/04/23 15:13:47]
讯息 [储存 成功]
  2023-04-23 15:13:47   时间 [2023/04/23 15:13:47]
讯息 [储存 成功]
  2023-04-23 15:13:48   时间 [2023/04/23 15:13:48]
讯息 [储存 成功]
  2023-04-23 15:13:48   时间 [2023/04/23 15:13:48]
讯息 [储存 成功]
  2023-04-23 15:13:48   时间 [2023/04/23 15:13:48]
讯息 [
功能 Open : 失败
无相机物件
]
  2023-04-23 15:13:48   时间 [2023/04/23 15:13:48]
讯息 [储存 成功]
  2023-04-23 15:13:48   时间 [2023/04/23 15:13:48]
讯息 [储存 成功]
  2023-04-23 15:17:13   时间 [2023/04/23 15:17:13]
讯息 [储存 成功]
  2023-04-23 15:17:13   时间 [2023/04/23 15:17:13]
讯息 [储存 成功]
  2023-04-23 15:17:13   时间 [2023/04/23 15:17:13]
讯息 [储存 成功]
  2023-04-23 15:17:13   时间 [2023/04/23 15:17:13]
讯息 [储存 成功]
  2023-04-23 15:17:13   时间 [2023/04/23 15:17:13]
讯息 [储存 成功]
  2023-04-23 15:17:14   时间 [2023/04/23 15:17:14]
讯息 [
功能 Open : 失败
无相机物件
]
  2023-04-23 15:17:14   时间 [2023/04/23 15:17:14]
讯息 [储存 成功]
  2023-04-23 15:17:14   时间 [2023/04/23 15:17:14]
讯息 [储存 成功]
  2023-04-23 15:38:02   时间 [2023/04/23 15:38:01]
讯息 [储存 成功]
  2023-04-23 15:38:02   时间 [2023/04/23 15:38:02]
讯息 [储存 成功]
  2023-04-23 15:38:02   时间 [2023/04/23 15:38:02]
讯息 [储存 成功]
  2023-04-23 15:38:02   时间 [2023/04/23 15:38:02]
讯息 [储存 成功]
  2023-04-23 15:38:02   时间 [2023/04/23 15:38:02]
讯息 [储存 成功]
  2023-04-23 15:38:02   时间 [2023/04/23 15:38:02]
讯息 [
功能 Open : 失败
无相机物件
]
  2023-04-23 15:38:02   时间 [2023/04/23 15:38:02]
讯息 [储存 成功]
  2023-04-23 15:38:02   时间 [2023/04/23 15:38:02]
讯息 [储存 成功]
  2023-04-23 15:39:01   时间 [2023/04/23 15:39:01]
讯息 [储存 成功]
  2023-04-23 15:39:01   时间 [2023/04/23 15:39:01]
讯息 [储存 成功]
  2023-04-23 15:39:01   时间 [2023/04/23 15:39:01]
讯息 [储存 成功]
  2023-04-23 15:39:02   时间 [2023/04/23 15:39:02]
讯息 [储存 成功]
  2023-04-23 15:39:02   时间 [2023/04/23 15:39:02]
讯息 [储存 成功]
  2023-04-23 15:39:02   时间 [2023/04/23 15:39:02]
讯息 [
功能 Open : 失败
无相机物件
]
  2023-04-23 15:39:02   时间 [2023/04/23 15:39:02]
讯息 [储存 成功]
  2023-04-23 15:39:02   时间 [2023/04/23 15:39:02]
讯息 [储存 成功]
  2023-04-23 16:39:02   时间 [2023/04/23 16:39:01]
讯息 [储存 成功]
  2023-04-23 16:39:02   时间 [2023/04/23 16:39:02]
讯息 [储存 成功]
  2023-04-23 16:39:02   时间 [2023/04/23 16:39:02]
讯息 [储存 成功]
  2023-04-23 16:39:02   时间 [2023/04/23 16:39:02]
讯息 [储存 成功]
  2023-04-23 16:39:02   时间 [2023/04/23 16:39:02]
讯息 [储存 成功]
  2023-04-23 16:39:02   时间 [2023/04/23 16:39:02]
讯息 [
功能 Open : 失败
无相机物件
]
  2023-04-23 16:39:02   时间 [2023/04/23 16:39:02]
讯息 [储存 成功]
  2023-04-23 16:39:02   时间 [2023/04/23 16:39:02]
讯息 [储存 成功]
  2023-04-23 16:40:19   时间 [2023/04/23 16:40:19]
讯息 [储存 成功]
  2023-04-23 16:40:19   时间 [2023/04/23 16:40:19]
讯息 [储存 成功]
  2023-04-23 16:40:19   时间 [2023/04/23 16:40:19]
讯息 [储存 成功]
  2023-04-23 16:40:19   时间 [2023/04/23 16:40:19]
讯息 [储存 成功]
  2023-04-23 16:40:19   时间 [2023/04/23 16:40:19]
讯息 [储存 成功]
  2023-04-23 16:40:20   时间 [2023/04/23 16:40:20]
讯息 [
功能 Open : 失败
无相机物件
]
  2023-04-23 16:40:20   时间 [2023/04/23 16:40:20]
讯息 [储存 成功]
  2023-04-23 16:40:20   时间 [2023/04/23 16:40:20]
讯息 [储存 成功]
  2023-04-23 16:42:01   时间 [2023/04/23 16:42:01]
讯息 [储存 成功]
  2023-04-23 16:42:01   时间 [2023/04/23 16:42:01]
讯息 [储存 成功]
  2023-04-23 16:42:01   时间 [2023/04/23 16:42:01]
讯息 [储存 成功]
  2023-04-23 16:42:01   时间 [2023/04/23 16:42:01]
讯息 [储存 成功]
  2023-04-23 16:42:01   时间 [2023/04/23 16:42:01]
讯息 [储存 成功]
  2023-04-23 16:42:02   时间 [2023/04/23 16:42:02]
讯息 [
功能 Open : 失败
无相机物件
]
  2023-04-23 16:42:02   时间 [2023/04/23 16:42:02]
讯息 [储存 成功]
  2023-04-23 16:42:02   时间 [2023/04/23 16:42:02]
讯息 [储存 成功]
  2023-04-23 16:43:27   时间 [2023/04/23 16:43:27]
讯息 [储存 成功]
  2023-04-23 16:43:27   时间 [2023/04/23 16:43:27]
讯息 [储存 成功]
  2023-04-23 16:43:27   时间 [2023/04/23 16:43:27]
讯息 [储存 成功]
  2023-04-23 16:43:27   时间 [2023/04/23 16:43:27]
讯息 [储存 成功]
  2023-04-23 16:43:27   时间 [2023/04/23 16:43:27]
讯息 [储存 成功]
  2023-04-23 16:43:28   时间 [2023/04/23 16:43:28]
讯息 [
功能 Open : 失败
无相机物件
]
  2023-04-23 16:43:28   时间 [2023/04/23 16:43:28]
讯息 [储存 成功]
  2023-04-23 16:43:28   时间 [2023/04/23 16:43:28]
讯息 [储存 成功]
  2023-04-23 16:47:59   时间 [2023/04/23 16:47:59]
讯息 [储存 成功]
  2023-04-23 16:47:59   时间 [2023/04/23 16:47:59]
讯息 [储存 成功]
  2023-04-23 16:47:59   时间 [2023/04/23 16:47:59]
讯息 [储存 成功]
  2023-04-23 16:47:59   时间 [2023/04/23 16:47:59]
讯息 [储存 成功]
  2023-04-23 16:47:59   时间 [2023/04/23 16:47:59]
讯息 [储存 成功]
  2023-04-23 16:48:00   时间 [2023/04/23 16:48:00]
讯息 [
功能 Open : 失败
无相机物件
]
  2023-04-23 16:48:00   时间 [2023/04/23 16:48:00]
讯息 [储存 成功]
  2023-04-23 16:48:00   时间 [2023/04/23 16:48:00]
讯息 [储存 成功]
  2023-04-23 16:50:59   时间 [2023/04/23 16:50:58]
讯息 [储存 成功]
  2023-04-23 16:50:59   时间 [2023/04/23 16:50:59]
讯息 [储存 成功]
  2023-04-23 16:50:59   时间 [2023/04/23 16:50:59]
讯息 [储存 成功]
  2023-04-23 16:50:59   时间 [2023/04/23 16:50:59]
讯息 [储存 成功]
  2023-04-23 16:50:59   时间 [2023/04/23 16:50:59]
讯息 [储存 成功]
  2023-04-23 16:50:59   时间 [2023/04/23 16:50:59]
讯息 [
功能 Open : 失败
无相机物件
]
  2023-04-23 16:50:59   时间 [2023/04/23 16:50:59]
讯息 [储存 成功]
  2023-04-23 16:50:59   时间 [2023/04/23 16:50:59]
讯息 [储存 成功]
  2023-04-23 16:51:21   时间 [2023/04/23 16:51:21]
讯息 [任务完成]
  2023-04-23 16:54:01   时间 [2023/04/23 16:54:01]
讯息 [储存 成功]
  2023-04-23 16:54:01   时间 [2023/04/23 16:54:01]
讯息 [储存 成功]
  2023-04-23 16:54:01   时间 [2023/04/23 16:54:01]
讯息 [储存 成功]
  2023-04-23 16:54:01   时间 [2023/04/23 16:54:01]
讯息 [储存 成功]
  2023-04-23 16:54:01   时间 [2023/04/23 16:54:01]
讯息 [储存 成功]
  2023-04-23 16:54:02   时间 [2023/04/23 16:54:02]
讯息 [
功能 Open : 失败
无相机物件
]
  2023-04-23 16:54:02   时间 [2023/04/23 16:54:02]
讯息 [储存 成功]
  2023-04-23 16:54:02   时间 [2023/04/23 16:54:02]
讯息 [储存 成功]
  2023-04-23 17:10:42   时间 [2023/04/23 17:10:42]
讯息 [储存 成功]
  2023-04-23 17:10:42   时间 [2023/04/23 17:10:42]
讯息 [储存 成功]
  2023-04-23 17:10:42   时间 [2023/04/23 17:10:42]
讯息 [储存 成功]
  2023-04-23 17:10:43   时间 [2023/04/23 17:10:43]
讯息 [储存 成功]
  2023-04-23 17:10:43   时间 [2023/04/23 17:10:43]
讯息 [储存 成功]
  2023-04-23 17:10:43   时间 [2023/04/23 17:10:43]
讯息 [
功能 Open : 失败
无相机物件
]
  2023-04-23 17:10:43   时间 [2023/04/23 17:10:43]
讯息 [储存 成功]
  2023-04-23 17:10:43   时间 [2023/04/23 17:10:43]
讯息 [储存 成功]
  2023-04-23 17:17:58   时间 [2023/04/23 17:17:58]
讯息 [储存 成功]
  2023-04-23 17:17:58   时间 [2023/04/23 17:17:58]
讯息 [储存 成功]
  2023-04-23 17:17:58   时间 [2023/04/23 17:17:58]
讯息 [储存 成功]
  2023-04-23 17:17:59   时间 [2023/04/23 17:17:59]
讯息 [储存 成功]
  2023-04-23 17:17:59   时间 [2023/04/23 17:17:59]
讯息 [储存 成功]
  2023-04-23 17:17:59   时间 [2023/04/23 17:17:59]
讯息 [
功能 Open : 失败
无相机物件
]
  2023-04-23 17:17:59   时间 [2023/04/23 17:17:59]
讯息 [储存 成功]
  2023-04-23 17:17:59   时间 [2023/04/23 17:17:59]
讯息 [储存 成功]
  2023-04-23 17:22:27   时间 [2023/04/23 17:22:27]
讯息 [储存 成功]
  2023-04-23 17:22:28   时间 [2023/04/23 17:22:28]
讯息 [储存 成功]
  2023-04-23 17:22:28   时间 [2023/04/23 17:22:28]
讯息 [储存 成功]
  2023-04-23 17:22:28   时间 [2023/04/23 17:22:28]
讯息 [储存 成功]
  2023-04-23 17:22:28   时间 [2023/04/23 17:22:28]
讯息 [储存 成功]
  2023-04-23 17:22:28   时间 [2023/04/23 17:22:28]
讯息 [
功能 Open : 失败
无相机物件
]
  2023-04-23 17:22:28   时间 [2023/04/23 17:22:28]
讯息 [储存 成功]
  2023-04-23 17:22:28   时间 [2023/04/23 17:22:28]
讯息 [储存 成功]
  2023-04-23 17:22:50   时间 [2023/04/23 17:22:50]
讯息 []
  2023-04-23 17:22:51   时间 [2023/04/23 17:22:51]
讯息 []
  2023-04-23 17:25:57   时间 [2023/04/23 17:25:57]
讯息 [储存 成功]
  2023-04-23 17:25:58   时间 [2023/04/23 17:25:58]
讯息 [储存 成功]
  2023-04-23 17:25:58   时间 [2023/04/23 17:25:58]
讯息 [储存 成功]
  2023-04-23 17:25:58   时间 [2023/04/23 17:25:58]
讯息 [储存 成功]
  2023-04-23 17:25:58   时间 [2023/04/23 17:25:58]
讯息 [储存 成功]
  2023-04-23 17:25:58   时间 [2023/04/23 17:25:58]
讯息 [
功能 Open : 失败
无相机物件
]
  2023-04-23 17:25:58   时间 [2023/04/23 17:25:58]
讯息 [储存 成功]
  2023-04-23 17:25:58   时间 [2023/04/23 17:25:58]
讯息 [储存 成功]
