  2023-04-26 08:34:41   时间 [2023/04/26 08:34:40]
讯息 [储存 成功]
  2023-04-26 08:34:41   时间 [2023/04/26 08:34:40]
讯息 [控制器连线失败, 开启 模拟系统]
  2023-04-26 08:34:41   时间 [2023/04/26 08:34:41]
讯息 [储存 成功]
  2023-04-26 08:34:41   时间 [2023/04/26 08:34:41]
讯息 [储存 成功]
  2023-04-26 08:34:41   时间 [2023/04/26 08:34:41]
讯息 [储存 成功]
  2023-04-26 08:34:41   时间 [2023/04/26 08:34:41]
讯息 [储存 成功]
  2023-04-26 08:34:41   时间 [2023/04/26 08:34:41]
讯息 [储存 成功]
  2023-04-26 08:34:41   时间 [2023/04/26 08:34:41]
讯息 [储存 成功]
  2023-04-26 08:36:30   时间 [2023/04/26 08:36:30]
讯息 [储存 成功]
  2023-04-26 08:36:30   时间 [2023/04/26 08:36:30]
讯息 [控制器连线失败, 开启 模拟系统]
  2023-04-26 08:36:30   时间 [2023/04/26 08:36:30]
讯息 [储存 成功]
  2023-04-26 08:36:30   时间 [2023/04/26 08:36:30]
讯息 [储存 成功]
  2023-04-26 08:36:30   时间 [2023/04/26 08:36:30]
讯息 [储存 成功]
  2023-04-26 08:36:30   时间 [2023/04/26 08:36:30]
讯息 [储存 成功]
  2023-04-26 08:36:30   时间 [2023/04/26 08:36:30]
讯息 [储存 成功]
  2023-04-26 08:36:30   时间 [2023/04/26 08:36:30]
讯息 [储存 成功]
  2023-04-26 08:47:44   时间 [2023/04/26 08:47:44]
讯息 [储存 成功]
  2023-04-26 08:47:44   时间 [2023/04/26 08:47:44]
讯息 [控制器连线失败, 开启 模拟系统]
  2023-04-26 08:47:44   时间 [2023/04/26 08:47:44]
讯息 [储存 成功]
  2023-04-26 08:47:44   时间 [2023/04/26 08:47:44]
讯息 [储存 成功]
  2023-04-26 08:47:44   时间 [2023/04/26 08:47:44]
讯息 [储存 成功]
  2023-04-26 08:47:44   时间 [2023/04/26 08:47:44]
讯息 [储存 成功]
  2023-04-26 08:47:44   时间 [2023/04/26 08:47:44]
讯息 [储存 成功]
  2023-04-26 08:47:44   时间 [2023/04/26 08:47:44]
讯息 [储存 成功]
  2023-04-26 09:03:39   时间 [2023/04/26 09:03:39]
讯息 [储存 成功]
  2023-04-26 09:03:39   时间 [2023/04/26 09:03:39]
讯息 [控制器连线失败, 开启 模拟系统]
  2023-04-26 09:03:39   时间 [2023/04/26 09:03:39]
讯息 [储存 成功]
  2023-04-26 09:03:39   时间 [2023/04/26 09:03:39]
讯息 [储存 成功]
  2023-04-26 09:03:39   时间 [2023/04/26 09:03:39]
讯息 [储存 成功]
  2023-04-26 09:03:39   时间 [2023/04/26 09:03:39]
讯息 [储存 成功]
  2023-04-26 09:03:39   时间 [2023/04/26 09:03:39]
讯息 [储存 成功]
  2023-04-26 09:03:39   时间 [2023/04/26 09:03:39]
讯息 [储存 成功]
  2023-04-26 09:05:16   时间 [2023/04/26 09:05:16]
讯息 [储存 成功]
  2023-04-26 09:05:16   时间 [2023/04/26 09:05:16]
讯息 [控制器连线失败, 开启 模拟系统]
  2023-04-26 09:05:16   时间 [2023/04/26 09:05:16]
讯息 [储存 成功]
  2023-04-26 09:05:16   时间 [2023/04/26 09:05:16]
讯息 [储存 成功]
  2023-04-26 09:05:16   时间 [2023/04/26 09:05:16]
讯息 [储存 成功]
  2023-04-26 09:05:16   时间 [2023/04/26 09:05:16]
讯息 [储存 成功]
  2023-04-26 09:05:16   时间 [2023/04/26 09:05:16]
讯息 [储存 成功]
  2023-04-26 09:05:16   时间 [2023/04/26 09:05:16]
讯息 [储存 成功]
  2023-04-26 09:06:28   时间 [2023/04/26 09:06:28]
讯息 [储存 成功]
  2023-04-26 09:06:28   时间 [2023/04/26 09:06:28]
讯息 [控制器连线失败, 开启 模拟系统]
  2023-04-26 09:06:28   时间 [2023/04/26 09:06:28]
讯息 [储存 成功]
  2023-04-26 09:06:28   时间 [2023/04/26 09:06:28]
讯息 [储存 成功]
  2023-04-26 09:06:28   时间 [2023/04/26 09:06:28]
讯息 [储存 成功]
  2023-04-26 09:06:28   时间 [2023/04/26 09:06:28]
讯息 [储存 成功]
  2023-04-26 09:06:29   时间 [2023/04/26 09:06:29]
讯息 [储存 成功]
  2023-04-26 09:06:29   时间 [2023/04/26 09:06:29]
讯息 [储存 成功]
  2023-04-26 09:07:10   时间 [2023/04/26 09:07:10]
讯息 [储存 成功]
  2023-04-26 09:07:10   时间 [2023/04/26 09:07:10]
讯息 [控制器连线失败, 开启 模拟系统]
  2023-04-26 09:07:10   时间 [2023/04/26 09:07:10]
讯息 [储存 成功]
  2023-04-26 09:07:10   时间 [2023/04/26 09:07:10]
讯息 [储存 成功]
  2023-04-26 09:07:10   时间 [2023/04/26 09:07:10]
讯息 [储存 成功]
  2023-04-26 09:07:10   时间 [2023/04/26 09:07:10]
讯息 [储存 成功]
  2023-04-26 09:07:10   时间 [2023/04/26 09:07:10]
讯息 [储存 成功]
  2023-04-26 09:07:10   时间 [2023/04/26 09:07:10]
讯息 [储存 成功]
  2023-04-26 09:08:33   时间 [2023/04/26 09:08:33]
讯息 [储存 成功]
  2023-04-26 09:08:33   时间 [2023/04/26 09:08:33]
讯息 [控制器连线失败, 开启 模拟系统]
  2023-04-26 09:08:33   时间 [2023/04/26 09:08:33]
讯息 [储存 成功]
  2023-04-26 09:08:33   时间 [2023/04/26 09:08:33]
讯息 [储存 成功]
  2023-04-26 09:08:33   时间 [2023/04/26 09:08:33]
讯息 [储存 成功]
  2023-04-26 09:08:33   时间 [2023/04/26 09:08:33]
讯息 [储存 成功]
  2023-04-26 09:08:33   时间 [2023/04/26 09:08:33]
讯息 [储存 成功]
  2023-04-26 09:08:33   时间 [2023/04/26 09:08:33]
讯息 [储存 成功]
  2023-04-26 09:11:12   时间 [2023/04/26 09:11:12]
讯息 [控制器连线失败, 开启 模拟系统]
  2023-04-26 09:11:12   时间 [2023/04/26 09:11:12]
讯息 [储存 成功]
  2023-04-26 09:11:12   时间 [2023/04/26 09:11:12]
讯息 [储存 成功]
  2023-04-26 09:11:12   时间 [2023/04/26 09:11:12]
讯息 [储存 成功]
  2023-04-26 09:11:12   时间 [2023/04/26 09:11:12]
讯息 [储存 成功]
  2023-04-26 09:11:12   时间 [2023/04/26 09:11:12]
讯息 [储存 成功]
  2023-04-26 09:11:12   时间 [2023/04/26 09:11:12]
讯息 [储存 成功]
  2023-04-26 09:11:12   时间 [2023/04/26 09:11:12]
讯息 [储存 成功]
  2023-04-26 09:13:01   时间 [2023/04/26 09:13:01]
讯息 [储存 成功]
  2023-04-26 09:13:01   时间 [2023/04/26 09:13:01]
讯息 [控制器连线失败, 开启 模拟系统]
  2023-04-26 09:13:01   时间 [2023/04/26 09:13:01]
讯息 [储存 成功]
  2023-04-26 09:13:01   时间 [2023/04/26 09:13:01]
讯息 [储存 成功]
  2023-04-26 09:13:01   时间 [2023/04/26 09:13:01]
讯息 [储存 成功]
  2023-04-26 09:13:01   时间 [2023/04/26 09:13:01]
讯息 [储存 成功]
  2023-04-26 09:13:01   时间 [2023/04/26 09:13:01]
讯息 [储存 成功]
  2023-04-26 09:13:01   时间 [2023/04/26 09:13:01]
讯息 [储存 成功]
  2023-04-26 09:18:39   时间 [2023/04/26 09:18:39]
讯息 [储存 成功]
  2023-04-26 09:18:39   时间 [2023/04/26 09:18:39]
讯息 [控制器连线失败, 开启 模拟系统]
  2023-04-26 09:18:39   时间 [2023/04/26 09:18:39]
讯息 [储存 成功]
  2023-04-26 09:18:39   时间 [2023/04/26 09:18:39]
讯息 [储存 成功]
  2023-04-26 09:18:39   时间 [2023/04/26 09:18:39]
讯息 [储存 成功]
  2023-04-26 09:18:39   时间 [2023/04/26 09:18:39]
讯息 [储存 成功]
  2023-04-26 09:18:39   时间 [2023/04/26 09:18:39]
讯息 [储存 成功]
  2023-04-26 09:18:39   时间 [2023/04/26 09:18:39]
讯息 [储存 成功]
  2023-04-26 09:22:44   时间 [2023/04/26 09:22:44]
讯息 [储存 成功]
  2023-04-26 09:22:44   时间 [2023/04/26 09:22:44]
讯息 [控制器连线失败, 开启 模拟系统]
  2023-04-26 09:22:44   时间 [2023/04/26 09:22:44]
讯息 [储存 成功]
  2023-04-26 09:22:44   时间 [2023/04/26 09:22:44]
讯息 [储存 成功]
  2023-04-26 09:22:44   时间 [2023/04/26 09:22:44]
讯息 [储存 成功]
  2023-04-26 09:22:44   时间 [2023/04/26 09:22:44]
讯息 [储存 成功]
  2023-04-26 09:22:44   时间 [2023/04/26 09:22:44]
讯息 [储存 成功]
  2023-04-26 09:22:44   时间 [2023/04/26 09:22:44]
讯息 [储存 成功]
  2023-04-26 09:23:17   时间 [2023/04/26 09:23:17]
讯息 [储存 成功]
  2023-04-26 09:23:17   时间 [2023/04/26 09:23:17]
讯息 [控制器连线失败, 开启 模拟系统]
  2023-04-26 09:23:17   时间 [2023/04/26 09:23:17]
讯息 [储存 成功]
  2023-04-26 09:23:17   时间 [2023/04/26 09:23:17]
讯息 [储存 成功]
  2023-04-26 09:23:17   时间 [2023/04/26 09:23:17]
讯息 [储存 成功]
  2023-04-26 09:23:17   时间 [2023/04/26 09:23:17]
讯息 [储存 成功]
  2023-04-26 09:23:17   时间 [2023/04/26 09:23:17]
讯息 [储存 成功]
  2023-04-26 09:23:17   时间 [2023/04/26 09:23:17]
讯息 [储存 成功]
  2023-04-26 09:23:57   时间 [2023/04/26 09:23:57]
讯息 [储存 成功]
  2023-04-26 09:23:57   时间 [2023/04/26 09:23:57]
讯息 [控制器连线失败, 开启 模拟系统]
  2023-04-26 09:23:57   时间 [2023/04/26 09:23:57]
讯息 [储存 成功]
  2023-04-26 09:23:57   时间 [2023/04/26 09:23:57]
讯息 [储存 成功]
  2023-04-26 09:23:57   时间 [2023/04/26 09:23:57]
讯息 [储存 成功]
  2023-04-26 09:23:57   时间 [2023/04/26 09:23:57]
讯息 [储存 成功]
  2023-04-26 09:23:57   时间 [2023/04/26 09:23:57]
讯息 [储存 成功]
  2023-04-26 09:23:57   时间 [2023/04/26 09:23:57]
讯息 [储存 成功]
  2023-04-26 09:35:24   时间 [2023/04/26 09:35:24]
讯息 [储存 成功]
  2023-04-26 09:35:24   时间 [2023/04/26 09:35:24]
讯息 [控制器连线失败, 开启 模拟系统]
  2023-04-26 09:35:24   时间 [2023/04/26 09:35:24]
讯息 [储存 成功]
  2023-04-26 09:35:24   时间 [2023/04/26 09:35:24]
讯息 [储存 成功]
  2023-04-26 09:35:24   时间 [2023/04/26 09:35:24]
讯息 [储存 成功]
  2023-04-26 09:35:24   时间 [2023/04/26 09:35:24]
讯息 [储存 成功]
  2023-04-26 09:35:24   时间 [2023/04/26 09:35:24]
讯息 [储存 成功]
  2023-04-26 09:35:24   时间 [2023/04/26 09:35:24]
讯息 [储存 成功]
  2023-04-26 09:36:47   时间 [2023/04/26 09:36:47]
讯息 [储存 成功]
  2023-04-26 09:36:47   时间 [2023/04/26 09:36:47]
讯息 [控制器连线失败, 开启 模拟系统]
  2023-04-26 09:36:47   时间 [2023/04/26 09:36:47]
讯息 [储存 成功]
  2023-04-26 09:36:47   时间 [2023/04/26 09:36:47]
讯息 [储存 成功]
  2023-04-26 09:36:47   时间 [2023/04/26 09:36:47]
讯息 [储存 成功]
  2023-04-26 09:36:47   时间 [2023/04/26 09:36:47]
讯息 [储存 成功]
  2023-04-26 09:36:47   时间 [2023/04/26 09:36:47]
讯息 [储存 成功]
  2023-04-26 09:36:47   时间 [2023/04/26 09:36:47]
讯息 [储存 成功]
  2023-04-26 09:41:37   时间 [2023/04/26 09:41:37]
讯息 [储存 成功]
  2023-04-26 09:41:37   时间 [2023/04/26 09:41:37]
讯息 [控制器连线失败, 开启 模拟系统]
  2023-04-26 09:41:37   时间 [2023/04/26 09:41:37]
讯息 [储存 成功]
  2023-04-26 09:41:37   时间 [2023/04/26 09:41:37]
讯息 [储存 成功]
  2023-04-26 09:41:37   时间 [2023/04/26 09:41:37]
讯息 [储存 成功]
  2023-04-26 09:41:37   时间 [2023/04/26 09:41:37]
讯息 [储存 成功]
  2023-04-26 09:41:37   时间 [2023/04/26 09:41:37]
讯息 [储存 成功]
  2023-04-26 09:41:37   时间 [2023/04/26 09:41:37]
讯息 [储存 成功]
  2023-04-26 09:45:27   时间 [2023/04/26 09:45:27]
讯息 [储存 成功]
  2023-04-26 09:45:27   时间 [2023/04/26 09:45:27]
讯息 [控制器连线失败, 开启 模拟系统]
  2023-04-26 09:45:27   时间 [2023/04/26 09:45:27]
讯息 [储存 成功]
  2023-04-26 09:45:27   时间 [2023/04/26 09:45:27]
讯息 [储存 成功]
  2023-04-26 09:45:27   时间 [2023/04/26 09:45:27]
讯息 [储存 成功]
  2023-04-26 09:45:27   时间 [2023/04/26 09:45:27]
讯息 [储存 成功]
  2023-04-26 09:45:27   时间 [2023/04/26 09:45:27]
讯息 [储存 成功]
  2023-04-26 09:45:27   时间 [2023/04/26 09:45:27]
讯息 [储存 成功]
  2023-04-26 09:45:47   时间 [2023/04/26 09:45:47]
讯息 [
功能 Open_File_To_Get_Image : 成功]
  2023-04-26 09:45:52   时间 [2023/04/26 09:45:52]
讯息 [
功能 AddROI : 成功]
  2023-04-26 09:45:56   时间 [2023/04/26 09:45:56]
讯息 [
功能 Fit_Image : 成功]
  2023-04-26 09:51:04   时间 [2023/04/26 09:51:04]
讯息 [储存 成功]
  2023-04-26 09:51:04   时间 [2023/04/26 09:51:04]
讯息 [控制器连线失败, 开启 模拟系统]
  2023-04-26 09:51:04   时间 [2023/04/26 09:51:04]
讯息 [储存 成功]
  2023-04-26 09:51:04   时间 [2023/04/26 09:51:04]
讯息 [储存 成功]
  2023-04-26 09:51:04   时间 [2023/04/26 09:51:04]
讯息 [储存 成功]
  2023-04-26 09:51:04   时间 [2023/04/26 09:51:04]
讯息 [储存 成功]
  2023-04-26 09:51:04   时间 [2023/04/26 09:51:04]
讯息 [储存 成功]
  2023-04-26 09:51:04   时间 [2023/04/26 09:51:04]
讯息 [储存 成功]
  2023-04-26 09:51:27   时间 [2023/04/26 09:51:27]
讯息 [
功能 Open_File_To_Get_Image : 成功]
  2023-04-26 09:51:54   时间 [2023/04/26 09:51:54]
讯息 [
功能 Fit_Image : 成功]
  2023-04-26 09:52:00   时间 [2023/04/26 09:52:00]
讯息 [
功能 Fit_Image : 成功]
  2023-04-26 09:52:05   时间 [2023/04/26 09:52:05]
讯息 [
功能 AddROI : 成功]
  2023-04-26 09:52:06   时间 [2023/04/26 09:52:06]
讯息 [
功能 AddROI : 成功]
  2023-04-26 09:52:07   时间 [2023/04/26 09:52:07]
讯息 [
功能 Fit_Image : 成功]
  2023-04-26 09:52:10   时间 [2023/04/26 09:52:10]
讯息 [
功能 Fit_Image : 成功]
  2023-04-26 09:54:37   时间 [2023/04/26 09:54:37]
讯息 [
功能 Open_File_To_Get_Image : 成功]
  2023-04-26 09:55:26   时间 [2023/04/26 09:55:26]
讯息 [
功能 Fit_Image : 成功]
  2023-04-26 09:55:31   时间 [2023/04/26 09:55:31]
讯息 [
功能 Fit_Image : 成功]
  2023-04-26 09:55:35   时间 [2023/04/26 09:55:35]
讯息 [
功能 Fit_Image : 成功]
  2023-04-26 10:00:13   时间 [2023/04/26 10:00:13]
讯息 [
功能 Fit_Image : 成功]
  2023-04-26 10:00:22   时间 [2023/04/26 10:00:22]
讯息 [
功能 Fit_Image : 成功]
  2023-04-26 10:00:35   时间 [2023/04/26 10:00:35]
讯息 [
功能 Fit_Image : 成功]
  2023-04-26 10:01:50   时间 [2023/04/26 10:01:50]
讯息 [
功能 Open_File_To_Get_Image : 成功]
  2023-04-26 10:02:18   时间 [2023/04/26 10:02:18]
讯息 [
功能 Fit_Image : 成功]
  2023-04-26 10:03:03   时间 [2023/04/26 10:03:03]
讯息 [
功能 Fit_Image : 成功]
  2023-04-26 10:03:14   时间 [2023/04/26 10:03:14]
讯息 [
功能 Fit_Image : 成功]
  2023-04-26 10:03:49   时间 [2023/04/26 10:03:49]
讯息 [
功能 Fit_Image : 成功]
  2023-04-26 10:04:06   时间 [2023/04/26 10:04:06]
讯息 [
功能 Open_File_To_Get_Image : 成功]
  2023-04-26 10:06:50   时间 [2023/04/26 10:06:50]
讯息 [
功能 Open_File_To_Get_Image : 成功]
  2023-04-26 10:07:18   时间 [2023/04/26 10:07:18]
讯息 [
功能 Fit_Image : 成功]
  2023-04-26 10:08:17   时间 [2023/04/26 10:08:17]
讯息 [
功能 Open_File_To_Get_Image : 成功]
  2023-04-26 10:08:21   时间 [2023/04/26 10:08:21]
讯息 [
功能 Fit_Image : 成功]
  2023-04-26 10:08:37   时间 [2023/04/26 10:08:37]
讯息 [
功能 Fit_Image : 成功]
  2023-04-26 10:10:58   时间 [2023/04/26 10:10:58]
讯息 [
功能 Open_File_To_Get_Image : 成功]
  2023-04-26 10:13:03   时间 [2023/04/26 10:13:03]
讯息 [控制器连线失败, 开启 模拟系统]
  2023-04-26 10:13:03   时间 [2023/04/26 10:13:03]
讯息 [储存 成功]
  2023-04-26 10:13:03   时间 [2023/04/26 10:13:03]
讯息 [储存 成功]
  2023-04-26 10:13:03   时间 [2023/04/26 10:13:03]
讯息 [储存 成功]
  2023-04-26 10:13:03   时间 [2023/04/26 10:13:03]
讯息 [储存 成功]
  2023-04-26 10:13:03   时间 [2023/04/26 10:13:03]
讯息 [储存 成功]
  2023-04-26 10:13:03   时间 [2023/04/26 10:13:03]
讯息 [储存 成功]
  2023-04-26 10:13:03   时间 [2023/04/26 10:13:03]
讯息 [储存 成功]
  2023-04-26 10:15:30   时间 [2023/04/26 10:15:30]
讯息 [
功能 Open_File_To_Get_Image : 成功]
  2023-04-26 10:15:38   时间 [2023/04/26 10:15:38]
讯息 [
功能 ClearCrossLine : 成功]
  2023-04-26 10:15:41   时间 [2023/04/26 10:15:41]
讯息 [
功能 Open_File_To_Get_Image : 成功]
  2023-04-26 10:55:04   时间 [2023/04/26 10:55:04]
讯息 [储存 成功]
  2023-04-26 10:55:25   时间 [2023/04/26 10:55:25]
讯息 [控制器连线失败, 开启 模拟系统]
  2023-04-26 10:55:25   时间 [2023/04/26 10:55:25]
讯息 [储存 成功]
  2023-04-26 10:55:25   时间 [2023/04/26 10:55:25]
讯息 [储存 成功]
  2023-04-26 10:55:25   时间 [2023/04/26 10:55:25]
讯息 [储存 成功]
  2023-04-26 10:55:25   时间 [2023/04/26 10:55:25]
讯息 [储存 成功]
  2023-04-26 10:55:26   时间 [2023/04/26 10:55:26]
讯息 [储存 成功]
  2023-04-26 10:55:26   时间 [2023/04/26 10:55:26]
讯息 [储存 成功]
  2023-04-26 11:04:17   时间 [2023/04/26 11:04:17]
讯息 [储存 成功]
  2023-04-26 11:04:38   时间 [2023/04/26 11:04:38]
讯息 [控制器连线失败, 开启 模拟系统]
  2023-04-26 11:04:38   时间 [2023/04/26 11:04:38]
讯息 [储存 成功]
  2023-04-26 11:04:38   时间 [2023/04/26 11:04:38]
讯息 [储存 成功]
  2023-04-26 11:04:38   时间 [2023/04/26 11:04:38]
讯息 [储存 成功]
  2023-04-26 11:04:38   时间 [2023/04/26 11:04:38]
讯息 [储存 成功]
  2023-04-26 11:04:38   时间 [2023/04/26 11:04:38]
讯息 [储存 成功]
  2023-04-26 11:04:38   时间 [2023/04/26 11:04:38]
讯息 [储存 成功]
  2023-04-26 11:06:12   时间 [2023/04/26 11:06:12]
讯息 [储存 成功]
  2023-04-26 11:06:33   时间 [2023/04/26 11:06:33]
讯息 [控制器连线失败, 开启 模拟系统]
  2023-04-26 11:06:33   时间 [2023/04/26 11:06:33]
讯息 [储存 成功]
  2023-04-26 11:06:33   时间 [2023/04/26 11:06:33]
讯息 [储存 成功]
  2023-04-26 11:06:33   时间 [2023/04/26 11:06:33]
讯息 [储存 成功]
  2023-04-26 11:06:33   时间 [2023/04/26 11:06:33]
讯息 [储存 成功]
  2023-04-26 11:06:34   时间 [2023/04/26 11:06:34]
讯息 [储存 成功]
  2023-04-26 11:06:34   时间 [2023/04/26 11:06:34]
讯息 [储存 成功]
  2023-04-26 11:07:33   时间 [2023/04/26 11:07:33]
讯息 [储存 成功]
  2023-04-26 11:07:54   时间 [2023/04/26 11:07:54]
讯息 [控制器连线失败, 开启 模拟系统]
  2023-04-26 11:07:54   时间 [2023/04/26 11:07:54]
讯息 [储存 成功]
  2023-04-26 11:07:54   时间 [2023/04/26 11:07:54]
讯息 [储存 成功]
  2023-04-26 11:07:54   时间 [2023/04/26 11:07:54]
讯息 [储存 成功]
  2023-04-26 11:07:54   时间 [2023/04/26 11:07:54]
讯息 [储存 成功]
  2023-04-26 11:07:55   时间 [2023/04/26 11:07:55]
讯息 [储存 成功]
  2023-04-26 11:07:55   时间 [2023/04/26 11:07:55]
讯息 [储存 成功]
  2023-04-26 11:08:23   时间 [2023/04/26 11:08:23]
讯息 [
功能 Open_File_To_Get_Image : 成功]
  2023-04-26 11:08:34   时间 [2023/04/26 11:08:34]
讯息 [
功能 Fit_Image : 成功]
  2023-04-26 11:17:25   时间 [2023/04/26 11:17:25]
讯息 [储存 成功]
  2023-04-26 11:17:46   时间 [2023/04/26 11:17:46]
讯息 [控制器连线失败, 开启 模拟系统]
  2023-04-26 11:17:46   时间 [2023/04/26 11:17:46]
讯息 [储存 成功]
  2023-04-26 11:17:46   时间 [2023/04/26 11:17:46]
讯息 [储存 成功]
  2023-04-26 11:17:46   时间 [2023/04/26 11:17:46]
讯息 [储存 成功]
  2023-04-26 11:17:46   时间 [2023/04/26 11:17:46]
讯息 [储存 成功]
  2023-04-26 11:17:46   时间 [2023/04/26 11:17:46]
讯息 [储存 成功]
  2023-04-26 11:17:46   时间 [2023/04/26 11:17:46]
讯息 [储存 成功]
  2023-04-26 11:19:47   时间 [2023/04/26 11:19:47]
讯息 [储存 成功]
  2023-04-26 11:20:08   时间 [2023/04/26 11:20:08]
讯息 [控制器连线失败, 开启 模拟系统]
  2023-04-26 11:20:08   时间 [2023/04/26 11:20:08]
讯息 [储存 成功]
  2023-04-26 11:20:08   时间 [2023/04/26 11:20:08]
讯息 [储存 成功]
  2023-04-26 11:20:08   时间 [2023/04/26 11:20:08]
讯息 [储存 成功]
  2023-04-26 11:20:08   时间 [2023/04/26 11:20:08]
讯息 [储存 成功]
  2023-04-26 11:20:09   时间 [2023/04/26 11:20:09]
讯息 [储存 成功]
  2023-04-26 11:20:09   时间 [2023/04/26 11:20:09]
讯息 [储存 成功]
  2023-04-26 11:21:02   时间 [2023/04/26 11:21:02]
讯息 [
功能 Open_File_To_Get_Image : 成功]
  2023-04-26 11:23:12   时间 [2023/04/26 11:23:12]
讯息 [储存 成功]
  2023-04-26 11:23:33   时间 [2023/04/26 11:23:33]
讯息 [控制器连线失败, 开启 模拟系统]
  2023-04-26 11:23:33   时间 [2023/04/26 11:23:33]
讯息 [储存 成功]
  2023-04-26 11:23:33   时间 [2023/04/26 11:23:33]
讯息 [储存 成功]
  2023-04-26 11:23:33   时间 [2023/04/26 11:23:33]
讯息 [储存 成功]
  2023-04-26 11:23:33   时间 [2023/04/26 11:23:33]
讯息 [储存 成功]
  2023-04-26 11:23:34   时间 [2023/04/26 11:23:34]
讯息 [储存 成功]
  2023-04-26 11:23:34   时间 [2023/04/26 11:23:34]
讯息 [储存 成功]
  2023-04-26 11:28:58   时间 [2023/04/26 11:28:58]
讯息 [储存成功]
  2023-04-26 11:29:06   时间 [2023/04/26 11:29:06]
讯息 [储存成功]
  2023-04-26 11:29:37   时间 [2023/04/26 11:29:37]
讯息 [储存成功]
  2023-04-26 11:29:59   时间 [2023/04/26 11:29:59]
讯息 [储存成功]
  2023-04-26 11:50:18   时间 [2023/04/26 11:50:18]
讯息 [储存 成功]
  2023-04-26 11:50:39   时间 [2023/04/26 11:50:39]
讯息 [控制器连线失败, 开启 模拟系统]
  2023-04-26 11:50:39   时间 [2023/04/26 11:50:39]
讯息 [储存 成功]
  2023-04-26 11:50:39   时间 [2023/04/26 11:50:39]
讯息 [储存 成功]
  2023-04-26 11:50:39   时间 [2023/04/26 11:50:39]
讯息 [储存 成功]
  2023-04-26 11:50:39   时间 [2023/04/26 11:50:39]
讯息 [储存 成功]
  2023-04-26 11:50:40   时间 [2023/04/26 11:50:40]
讯息 [储存 成功]
  2023-04-26 11:50:40   时间 [2023/04/26 11:50:40]
讯息 [储存 成功]
  2023-04-26 13:09:22   时间 [2023/04/26 13:09:22]
讯息 [
功能 Open_File_To_Get_Image : 成功]
  2023-04-26 13:16:49   时间 [2023/04/26 13:16:49]
讯息 [储存 成功]
  2023-04-26 13:17:15   时间 [2023/04/26 13:17:15]
讯息 [储存 成功]
  2023-04-26 13:17:36   时间 [2023/04/26 13:17:36]
讯息 [控制器连线失败, 开启 模拟系统]
  2023-04-26 13:17:36   时间 [2023/04/26 13:17:36]
讯息 [储存 成功]
  2023-04-26 13:17:37   时间 [2023/04/26 13:17:37]
讯息 [储存 成功]
  2023-04-26 13:17:37   时间 [2023/04/26 13:17:37]
讯息 [储存 成功]
  2023-04-26 13:17:37   时间 [2023/04/26 13:17:37]
讯息 [储存 成功]
  2023-04-26 13:17:37   时间 [2023/04/26 13:17:37]
讯息 [储存 成功]
  2023-04-26 13:17:37   时间 [2023/04/26 13:17:37]
讯息 [储存 成功]
  2023-04-26 13:17:56   时间 [2023/04/26 13:17:56]
讯息 [
功能 Open_File_To_Get_Image : 成功]
  2023-04-26 13:19:34   时间 [2023/04/26 13:19:34]
讯息 [
功能 AddROI : 成功]
  2023-04-26 13:19:52   时间 [2023/04/26 13:19:52]
讯息 [
功能 Open_File_To_Get_Image : 成功]
  2023-04-26 13:20:16   时间 [2023/04/26 13:20:16]
讯息 [
功能 Fit_Image : 成功]
  2023-04-26 13:24:03   时间 [2023/04/26 13:24:03]
讯息 [储存 成功]
  2023-04-26 13:24:24   时间 [2023/04/26 13:24:24]
讯息 [控制器连线失败, 开启 模拟系统]
  2023-04-26 13:24:24   时间 [2023/04/26 13:24:24]
讯息 [储存 成功]
  2023-04-26 13:24:24   时间 [2023/04/26 13:24:24]
讯息 [储存 成功]
  2023-04-26 13:24:24   时间 [2023/04/26 13:24:24]
讯息 [储存 成功]
  2023-04-26 13:24:24   时间 [2023/04/26 13:24:24]
讯息 [储存 成功]
  2023-04-26 13:24:25   时间 [2023/04/26 13:24:25]
讯息 [储存 成功]
  2023-04-26 13:24:25   时间 [2023/04/26 13:24:25]
讯息 [储存 成功]
  2023-04-26 13:31:39   时间 [2023/04/26 13:31:39]
讯息 [储存 成功]
  2023-04-26 13:32:00   时间 [2023/04/26 13:32:00]
讯息 [控制器连线失败, 开启 模拟系统]
  2023-04-26 13:32:00   时间 [2023/04/26 13:32:00]
讯息 [储存 成功]
  2023-04-26 13:32:00   时间 [2023/04/26 13:32:00]
讯息 [储存 成功]
  2023-04-26 13:32:00   时间 [2023/04/26 13:32:00]
讯息 [储存 成功]
  2023-04-26 13:32:00   时间 [2023/04/26 13:32:00]
讯息 [储存 成功]
  2023-04-26 13:32:01   时间 [2023/04/26 13:32:01]
讯息 [储存 成功]
  2023-04-26 13:32:01   时间 [2023/04/26 13:32:01]
讯息 [储存 成功]
  2023-04-26 13:36:42   时间 [2023/04/26 13:36:42]
讯息 [
功能 Open_File_To_Get_Image : 成功]
  2023-04-26 13:36:47   时间 [2023/04/26 13:36:47]
讯息 [
功能 Fit_Image : 成功]
  2023-04-26 13:36:48   时间 [2023/04/26 13:36:48]
讯息 [
功能 AddROI : 成功]
  2023-04-26 13:38:17   时间 [2023/04/26 13:38:17]
讯息 [
功能 Fit_Image : 成功]
  2023-04-26 13:38:48   时间 [2023/04/26 13:38:48]
讯息 [
功能 Fit_Image : 成功]
  2023-04-26 13:39:03   时间 [2023/04/26 13:39:03]
讯息 [
功能 Fit_Image : 成功]
  2023-04-26 15:15:40   时间 [2023/04/26 15:15:40]
讯息 [储存 成功]
  2023-04-26 15:16:01   时间 [2023/04/26 15:16:01]
讯息 [控制器连线失败, 开启 模拟系统]
  2023-04-26 15:16:01   时间 [2023/04/26 15:16:01]
讯息 [储存 成功]
  2023-04-26 15:16:01   时间 [2023/04/26 15:16:01]
讯息 [储存 成功]
  2023-04-26 15:16:01   时间 [2023/04/26 15:16:01]
讯息 [储存 成功]
  2023-04-26 15:16:01   时间 [2023/04/26 15:16:01]
讯息 [储存 成功]
  2023-04-26 15:16:01   时间 [2023/04/26 15:16:01]
讯息 [储存 成功]
  2023-04-26 15:16:01   时间 [2023/04/26 15:16:01]
讯息 [储存 成功]
  2023-04-26 15:16:20   时间 [2023/04/26 15:16:20]
讯息 [
功能 Open_File_To_Get_Image : 成功]
  2023-04-26 15:16:22   时间 [2023/04/26 15:16:22]
讯息 [
功能 AddROI : 成功]
  2023-04-26 15:16:43   时间 [2023/04/26 15:16:43]
讯息 [
功能 Fit_Image : 成功]
  2023-04-26 15:16:49   时间 [2023/04/26 15:16:49]
讯息 [
功能 AddROI : 成功]
  2023-04-26 15:17:12   时间 [2023/04/26 15:17:12]
讯息 [
功能 Open_File_To_Get_Image : 成功]
  2023-04-26 15:18:52   时间 [2023/04/26 15:18:52]
讯息 [储存 成功]
  2023-04-26 15:19:13   时间 [2023/04/26 15:19:13]
讯息 [控制器连线失败, 开启 模拟系统]
  2023-04-26 15:19:13   时间 [2023/04/26 15:19:13]
讯息 [储存 成功]
  2023-04-26 15:19:13   时间 [2023/04/26 15:19:13]
讯息 [储存 成功]
  2023-04-26 15:19:13   时间 [2023/04/26 15:19:13]
讯息 [储存 成功]
  2023-04-26 15:19:13   时间 [2023/04/26 15:19:13]
讯息 [储存 成功]
  2023-04-26 15:19:14   时间 [2023/04/26 15:19:14]
讯息 [储存 成功]
  2023-04-26 15:19:14   时间 [2023/04/26 15:19:14]
讯息 [储存 成功]
  2023-04-26 15:19:36   时间 [2023/04/26 15:19:36]
讯息 [
功能 Open_File_To_Get_Image : 成功]
  2023-04-26 15:19:44   时间 [2023/04/26 15:19:44]
讯息 [
功能 AddROI : 成功]
  2023-04-26 15:21:19   时间 [2023/04/26 15:21:19]
讯息 [储存 成功]
  2023-04-26 15:21:40   时间 [2023/04/26 15:21:40]
讯息 [控制器连线失败, 开启 模拟系统]
  2023-04-26 15:21:40   时间 [2023/04/26 15:21:40]
讯息 [储存 成功]
  2023-04-26 15:21:40   时间 [2023/04/26 15:21:40]
讯息 [储存 成功]
  2023-04-26 15:21:40   时间 [2023/04/26 15:21:40]
讯息 [储存 成功]
  2023-04-26 15:21:40   时间 [2023/04/26 15:21:40]
讯息 [储存 成功]
  2023-04-26 15:21:41   时间 [2023/04/26 15:21:41]
讯息 [储存 成功]
  2023-04-26 15:21:41   时间 [2023/04/26 15:21:41]
讯息 [储存 成功]
  2023-04-26 15:23:06   时间 [2023/04/26 15:23:06]
讯息 [
功能 Open_File_To_Get_Image : 成功]
  2023-04-26 15:23:11   时间 [2023/04/26 15:23:11]
讯息 [
功能 AddROI : 成功]
  2023-04-26 15:26:20   时间 [2023/04/26 15:26:20]
讯息 [储存 成功]
  2023-04-26 15:26:41   时间 [2023/04/26 15:26:41]
讯息 [控制器连线失败, 开启 模拟系统]
  2023-04-26 15:26:41   时间 [2023/04/26 15:26:41]
讯息 [储存 成功]
  2023-04-26 15:26:41   时间 [2023/04/26 15:26:41]
讯息 [储存 成功]
  2023-04-26 15:26:41   时间 [2023/04/26 15:26:41]
讯息 [储存 成功]
  2023-04-26 15:26:41   时间 [2023/04/26 15:26:41]
讯息 [储存 成功]
  2023-04-26 15:26:41   时间 [2023/04/26 15:26:41]
讯息 [储存 成功]
  2023-04-26 15:26:41   时间 [2023/04/26 15:26:41]
讯息 [储存 成功]
  2023-04-26 15:28:02   时间 [2023/04/26 15:28:02]
讯息 [
功能 Open_File_To_Get_Image : 成功]
  2023-04-26 15:28:07   时间 [2023/04/26 15:28:07]
讯息 [
功能 AddROI : 成功]
  2023-04-26 16:09:44   时间 [2023/04/26 16:09:44]
讯息 [储存 成功]
  2023-04-26 16:10:05   时间 [2023/04/26 16:10:05]
讯息 [控制器连线失败, 开启 模拟系统]
  2023-04-26 16:10:05   时间 [2023/04/26 16:10:05]
讯息 [储存 成功]
  2023-04-26 16:10:05   时间 [2023/04/26 16:10:05]
讯息 [储存 成功]
  2023-04-26 16:10:05   时间 [2023/04/26 16:10:05]
讯息 [储存 成功]
  2023-04-26 16:10:05   时间 [2023/04/26 16:10:05]
讯息 [储存 成功]
  2023-04-26 16:10:05   时间 [2023/04/26 16:10:05]
讯息 [储存 成功]
  2023-04-26 16:10:05   时间 [2023/04/26 16:10:05]
讯息 [储存 成功]
  2023-04-26 16:11:28   时间 [2023/04/26 16:11:28]
讯息 [储存 成功]
  2023-04-26 16:11:49   时间 [2023/04/26 16:11:49]
讯息 [控制器连线失败, 开启 模拟系统]
  2023-04-26 16:11:49   时间 [2023/04/26 16:11:49]
讯息 [储存 成功]
  2023-04-26 16:11:49   时间 [2023/04/26 16:11:49]
讯息 [储存 成功]
  2023-04-26 16:11:49   时间 [2023/04/26 16:11:49]
讯息 [储存 成功]
  2023-04-26 16:11:49   时间 [2023/04/26 16:11:49]
讯息 [储存 成功]
  2023-04-26 16:11:50   时间 [2023/04/26 16:11:50]
讯息 [储存 成功]
  2023-04-26 16:11:50   时间 [2023/04/26 16:11:50]
讯息 [储存 成功]
  2023-04-26 16:14:17   时间 [2023/04/26 16:14:17]
讯息 [储存 成功]
  2023-04-26 16:14:38   时间 [2023/04/26 16:14:38]
讯息 [控制器连线失败, 开启 模拟系统]
  2023-04-26 16:14:38   时间 [2023/04/26 16:14:38]
讯息 [储存 成功]
  2023-04-26 16:14:38   时间 [2023/04/26 16:14:38]
讯息 [储存 成功]
  2023-04-26 16:14:38   时间 [2023/04/26 16:14:38]
讯息 [储存 成功]
  2023-04-26 16:14:38   时间 [2023/04/26 16:14:38]
讯息 [储存 成功]
  2023-04-26 16:14:38   时间 [2023/04/26 16:14:38]
讯息 [储存 成功]
  2023-04-26 16:14:38   时间 [2023/04/26 16:14:38]
讯息 [储存 成功]
  2023-04-26 16:37:00   时间 [2023/04/26 16:37:00]
讯息 [储存 成功]
  2023-04-26 16:37:21   时间 [2023/04/26 16:37:21]
讯息 [控制器连线失败, 开启 模拟系统]
  2023-04-26 16:37:21   时间 [2023/04/26 16:37:21]
讯息 [储存 成功]
  2023-04-26 16:37:21   时间 [2023/04/26 16:37:21]
讯息 [储存 成功]
  2023-04-26 16:37:21   时间 [2023/04/26 16:37:21]
讯息 [储存 成功]
  2023-04-26 16:37:21   时间 [2023/04/26 16:37:21]
讯息 [储存 成功]
  2023-04-26 16:37:21   时间 [2023/04/26 16:37:21]
讯息 [储存 成功]
  2023-04-26 16:37:21   时间 [2023/04/26 16:37:21]
讯息 [储存 成功]
  2023-04-26 17:09:47   时间 [2023/04/26 17:09:47]
讯息 [储存 成功]
  2023-04-26 17:10:08   时间 [2023/04/26 17:10:08]
讯息 [控制器连线失败, 开启 模拟系统]
  2023-04-26 17:10:08   时间 [2023/04/26 17:10:08]
讯息 [储存 成功]
  2023-04-26 17:10:08   时间 [2023/04/26 17:10:08]
讯息 [储存 成功]
  2023-04-26 17:10:08   时间 [2023/04/26 17:10:08]
讯息 [储存 成功]
  2023-04-26 17:10:08   时间 [2023/04/26 17:10:08]
讯息 [储存 成功]
  2023-04-26 17:10:09   时间 [2023/04/26 17:10:09]
讯息 [储存 成功]
  2023-04-26 17:10:09   时间 [2023/04/26 17:10:09]
讯息 [储存 成功]
  2023-04-26 17:10:42   时间 [2023/04/26 17:10:42]
讯息 [
功能 Open_File_To_Get_Image : 成功]
  2023-04-26 17:10:45   时间 [2023/04/26 17:10:45]
讯息 [
功能 AddROI : 成功]
  2023-04-26 17:22:34   时间 [2023/04/26 17:22:34]
讯息 [储存 成功]
  2023-04-26 17:22:55   时间 [2023/04/26 17:22:55]
讯息 [控制器连线失败, 开启 模拟系统]
  2023-04-26 17:22:55   时间 [2023/04/26 17:22:55]
讯息 [储存 成功]
  2023-04-26 17:22:55   时间 [2023/04/26 17:22:55]
讯息 [储存 成功]
  2023-04-26 17:22:55   时间 [2023/04/26 17:22:55]
讯息 [储存 成功]
  2023-04-26 17:22:55   时间 [2023/04/26 17:22:55]
讯息 [储存 成功]
  2023-04-26 17:22:55   时间 [2023/04/26 17:22:55]
讯息 [储存 成功]
  2023-04-26 17:22:55   时间 [2023/04/26 17:22:55]
讯息 [储存 成功]
  2023-04-26 17:23:39   时间 [2023/04/26 17:23:39]
讯息 [
功能 Open_File_To_Get_Image : 成功]
  2023-04-26 17:23:41   时间 [2023/04/26 17:23:41]
讯息 [
功能 AddROI : 成功]
  2023-04-26 17:35:00   时间 [2023/04/26 17:35:00]
讯息 [储存 成功]
  2023-04-26 17:35:21   时间 [2023/04/26 17:35:21]
讯息 [控制器连线失败, 开启 模拟系统]
  2023-04-26 17:35:21   时间 [2023/04/26 17:35:21]
讯息 [储存 成功]
  2023-04-26 17:35:21   时间 [2023/04/26 17:35:21]
讯息 [储存 成功]
  2023-04-26 17:35:21   时间 [2023/04/26 17:35:21]
讯息 [储存 成功]
  2023-04-26 17:35:21   时间 [2023/04/26 17:35:21]
讯息 [储存 成功]
  2023-04-26 17:35:22   时间 [2023/04/26 17:35:22]
讯息 [储存 成功]
  2023-04-26 17:35:22   时间 [2023/04/26 17:35:22]
讯息 [储存 成功]
  2023-04-26 17:35:39   时间 [2023/04/26 17:35:39]
讯息 [
功能 Open_File_To_Get_Image : 成功]
  2023-04-26 17:35:42   时间 [2023/04/26 17:35:42]
讯息 [
功能 AddROI : 成功]
  2023-04-26 17:51:51   时间 [2023/04/26 17:51:51]
讯息 [储存 成功]
  2023-04-26 17:52:12   时间 [2023/04/26 17:52:12]
讯息 [控制器连线失败, 开启 模拟系统]
  2023-04-26 17:52:12   时间 [2023/04/26 17:52:12]
讯息 [储存 成功]
  2023-04-26 17:52:12   时间 [2023/04/26 17:52:12]
讯息 [储存 成功]
  2023-04-26 17:52:12   时间 [2023/04/26 17:52:12]
讯息 [储存 成功]
  2023-04-26 17:52:12   时间 [2023/04/26 17:52:12]
讯息 [储存 成功]
  2023-04-26 17:52:13   时间 [2023/04/26 17:52:13]
讯息 [储存 成功]
  2023-04-26 17:52:13   时间 [2023/04/26 17:52:13]
讯息 [储存 成功]
  2023-04-26 17:52:49   时间 [2023/04/26 17:52:49]
讯息 [
功能 Open_File_To_Get_Image : 成功]
  2023-04-26 17:52:51   时间 [2023/04/26 17:52:51]
讯息 [
功能 AddROI : 成功]
  2023-04-26 18:03:01   时间 [2023/04/26 18:03:01]
讯息 [储存 成功]
  2023-04-26 18:03:22   时间 [2023/04/26 18:03:22]
讯息 [控制器连线失败, 开启 模拟系统]
  2023-04-26 18:03:22   时间 [2023/04/26 18:03:22]
讯息 [储存 成功]
  2023-04-26 18:03:22   时间 [2023/04/26 18:03:22]
讯息 [储存 成功]
  2023-04-26 18:03:22   时间 [2023/04/26 18:03:22]
讯息 [储存 成功]
  2023-04-26 18:03:22   时间 [2023/04/26 18:03:22]
讯息 [储存 成功]
  2023-04-26 18:03:23   时间 [2023/04/26 18:03:23]
讯息 [储存 成功]
  2023-04-26 18:03:23   时间 [2023/04/26 18:03:23]
讯息 [储存 成功]
  2023-04-26 18:03:57   时间 [2023/04/26 18:03:57]
讯息 [
功能 Open_File_To_Get_Image : 成功]
  2023-04-26 18:03:59   时间 [2023/04/26 18:03:59]
讯息 [
功能 AddROI : 成功]
  2023-04-26 18:04:44   时间 [2023/04/26 18:04:44]
讯息 [
功能 Open_File_To_Get_Image : 成功]
  2023-04-26 18:04:48   时间 [2023/04/26 18:04:48]
讯息 [
功能 AddROI : 成功]
  2023-04-26 18:12:31   时间 [2023/04/26 18:12:31]
讯息 [储存 成功]
  2023-04-26 18:12:46   时间 [2023/04/26 18:12:46]
讯息 [储存 成功]
  2023-04-26 18:13:07   时间 [2023/04/26 18:13:07]
讯息 [控制器连线失败, 开启 模拟系统]
  2023-04-26 18:13:07   时间 [2023/04/26 18:13:07]
讯息 [储存 成功]
  2023-04-26 18:13:07   时间 [2023/04/26 18:13:07]
讯息 [储存 成功]
  2023-04-26 18:13:07   时间 [2023/04/26 18:13:07]
讯息 [储存 成功]
  2023-04-26 18:13:07   时间 [2023/04/26 18:13:07]
讯息 [储存 成功]
  2023-04-26 18:13:08   时间 [2023/04/26 18:13:08]
讯息 [储存 成功]
  2023-04-26 18:13:08   时间 [2023/04/26 18:13:08]
讯息 [储存 成功]
  2023-04-26 18:13:29   时间 [2023/04/26 18:13:29]
讯息 [
功能 Open_File_To_Get_Image : 成功]
  2023-04-26 18:13:31   时间 [2023/04/26 18:13:31]
讯息 [
功能 AddROI : 成功]
  2023-04-26 18:14:44   时间 [2023/04/26 18:14:43]
讯息 [储存 成功]
  2023-04-26 18:15:05   时间 [2023/04/26 18:15:05]
讯息 [控制器连线失败, 开启 模拟系统]
  2023-04-26 18:15:05   时间 [2023/04/26 18:15:05]
讯息 [储存 成功]
  2023-04-26 18:15:05   时间 [2023/04/26 18:15:05]
讯息 [储存 成功]
  2023-04-26 18:15:05   时间 [2023/04/26 18:15:05]
讯息 [储存 成功]
  2023-04-26 18:15:05   时间 [2023/04/26 18:15:05]
讯息 [储存 成功]
  2023-04-26 18:15:05   时间 [2023/04/26 18:15:05]
讯息 [储存 成功]
  2023-04-26 18:15:05   时间 [2023/04/26 18:15:05]
讯息 [储存 成功]
  2023-04-26 18:15:19   时间 [2023/04/26 18:15:19]
讯息 [
功能 Open_File_To_Get_Image : 成功]
  2023-04-26 18:15:21   时间 [2023/04/26 18:15:21]
讯息 [
功能 AddROI : 成功]
  2023-04-26 18:22:22   时间 [2023/04/26 18:22:22]
讯息 [储存 成功]
  2023-04-26 18:22:43   时间 [2023/04/26 18:22:43]
讯息 [控制器连线失败, 开启 模拟系统]
  2023-04-26 18:22:43   时间 [2023/04/26 18:22:43]
讯息 [储存 成功]
  2023-04-26 18:22:43   时间 [2023/04/26 18:22:43]
讯息 [储存 成功]
  2023-04-26 18:22:43   时间 [2023/04/26 18:22:43]
讯息 [储存 成功]
  2023-04-26 18:22:43   时间 [2023/04/26 18:22:43]
讯息 [储存 成功]
  2023-04-26 18:22:43   时间 [2023/04/26 18:22:43]
讯息 [储存 成功]
  2023-04-26 18:22:43   时间 [2023/04/26 18:22:43]
讯息 [储存 成功]
  2023-04-26 18:23:24   时间 [2023/04/26 18:23:24]
讯息 [
功能 Open_File_To_Get_Image : 成功]
  2023-04-26 18:23:25   时间 [2023/04/26 18:23:25]
讯息 [
功能 AddROI : 成功]
  2023-04-26 18:37:57   时间 [2023/04/26 18:37:57]
讯息 [
功能 Open_File_To_Get_Image : 成功]
