  2023-04-24 09:35:13   时间 [2023/04/24 09:35:13]
讯息 [储存 成功]
  2023-04-24 09:35:13   时间 [2023/04/24 09:35:13]
讯息 [控制器连线失败, 开启 模拟系统]
  2023-04-24 09:35:13   时间 [2023/04/24 09:35:13]
讯息 [储存 成功]
  2023-04-24 09:35:13   时间 [2023/04/24 09:35:13]
讯息 [储存 成功]
  2023-04-24 09:35:13   时间 [2023/04/24 09:35:13]
讯息 [储存 成功]
  2023-04-24 09:35:13   时间 [2023/04/24 09:35:13]
讯息 [储存 成功]
  2023-04-24 09:35:13   时间 [2023/04/24 09:35:13]
讯息 [储存 成功]
  2023-04-24 09:35:13   时间 [2023/04/24 09:35:13]
讯息 [储存 成功]
  2023-04-24 09:57:29   时间 [2023/04/24 09:57:29]
讯息 [储存 成功]
  2023-04-24 09:57:29   时间 [2023/04/24 09:57:29]
讯息 [储存 成功]
  2023-04-24 09:57:29   时间 [2023/04/24 09:57:29]
讯息 [储存 成功]
  2023-04-24 09:57:30   时间 [2023/04/24 09:57:30]
讯息 [储存 成功]
  2023-04-24 09:57:30   时间 [2023/04/24 09:57:30]
讯息 [储存 成功]
  2023-04-24 09:57:30   时间 [2023/04/24 09:57:30]
讯息 [
功能 Open : 失败
无相机物件
]
  2023-04-24 09:57:30   时间 [2023/04/24 09:57:30]
讯息 [储存 成功]
  2023-04-24 09:57:30   时间 [2023/04/24 09:57:30]
讯息 [储存 成功]
  2023-04-24 10:00:44   时间 [2023/04/24 10:00:44]
讯息 [储存 成功]
  2023-04-24 10:00:44   时间 [2023/04/24 10:00:44]
讯息 [储存 成功]
  2023-04-24 10:00:44   时间 [2023/04/24 10:00:44]
讯息 [储存 成功]
  2023-04-24 10:00:45   时间 [2023/04/24 10:00:45]
讯息 [储存 成功]
  2023-04-24 10:00:45   时间 [2023/04/24 10:00:45]
讯息 [储存 成功]
  2023-04-24 10:00:45   时间 [2023/04/24 10:00:45]
讯息 [
功能 Open : 失败
无相机物件
]
  2023-04-24 10:00:45   时间 [2023/04/24 10:00:45]
讯息 [储存 成功]
  2023-04-24 10:00:45   时间 [2023/04/24 10:00:45]
讯息 [储存 成功]
  2023-04-24 10:02:03   时间 [2023/04/24 10:02:03]
讯息 [任务完成]
  2023-04-24 10:06:59   时间 [2023/04/24 10:06:59]
讯息 [储存 成功]
  2023-04-24 10:06:59   时间 [2023/04/24 10:06:59]
讯息 [储存 成功]
  2023-04-24 10:06:59   时间 [2023/04/24 10:06:59]
讯息 [储存 成功]
  2023-04-24 10:07:00   时间 [2023/04/24 10:07:00]
讯息 [储存 成功]
  2023-04-24 10:07:00   时间 [2023/04/24 10:07:00]
讯息 [储存 成功]
  2023-04-24 10:07:00   时间 [2023/04/24 10:07:00]
讯息 [
功能 Open : 失败
无相机物件
]
  2023-04-24 10:07:00   时间 [2023/04/24 10:07:00]
讯息 [储存 成功]
  2023-04-24 10:07:00   时间 [2023/04/24 10:07:00]
讯息 [储存 成功]
  2023-04-24 10:07:23   时间 [2023/04/24 10:07:23]
讯息 [任务完成]
  2023-04-24 10:11:58   时间 [2023/04/24 10:11:58]
讯息 [储存 成功]
  2023-04-24 10:11:58   时间 [2023/04/24 10:11:58]
讯息 [储存 成功]
  2023-04-24 10:11:58   时间 [2023/04/24 10:11:58]
讯息 [储存 成功]
  2023-04-24 10:11:59   时间 [2023/04/24 10:11:59]
讯息 [储存 成功]
  2023-04-24 10:11:59   时间 [2023/04/24 10:11:59]
讯息 [储存 成功]
  2023-04-24 10:11:59   时间 [2023/04/24 10:11:59]
讯息 [
功能 Open : 失败
无相机物件
]
  2023-04-24 10:11:59   时间 [2023/04/24 10:11:59]
讯息 [储存 成功]
  2023-04-24 10:11:59   时间 [2023/04/24 10:11:59]
讯息 [储存 成功]
  2023-04-24 10:12:58   时间 [2023/04/24 10:12:58]
讯息 [任务完成]
  2023-04-24 10:17:20   时间 [2023/04/24 10:17:20]
讯息 [储存 成功]
  2023-04-24 10:17:20   时间 [2023/04/24 10:17:20]
讯息 [储存 成功]
  2023-04-24 10:17:20   时间 [2023/04/24 10:17:20]
讯息 [储存 成功]
  2023-04-24 10:17:20   时间 [2023/04/24 10:17:20]
讯息 [储存 成功]
  2023-04-24 10:17:20   时间 [2023/04/24 10:17:20]
讯息 [储存 成功]
  2023-04-24 10:17:21   时间 [2023/04/24 10:17:21]
讯息 [
功能 Open : 失败
无相机物件
]
  2023-04-24 10:17:21   时间 [2023/04/24 10:17:21]
讯息 [储存 成功]
  2023-04-24 10:17:21   时间 [2023/04/24 10:17:21]
讯息 [储存 成功]
  2023-04-24 10:17:41   时间 [2023/04/24 10:17:41]
讯息 [任务完成]
  2023-04-24 10:21:52   时间 [2023/04/24 10:21:51]
讯息 [储存 成功]
  2023-04-24 10:21:52   时间 [2023/04/24 10:21:52]
讯息 [储存 成功]
  2023-04-24 10:21:52   时间 [2023/04/24 10:21:52]
讯息 [储存 成功]
  2023-04-24 10:21:52   时间 [2023/04/24 10:21:52]
讯息 [储存 成功]
  2023-04-24 10:21:52   时间 [2023/04/24 10:21:52]
讯息 [储存 成功]
  2023-04-24 10:21:53   时间 [2023/04/24 10:21:53]
讯息 [
功能 Open : 失败
无相机物件
]
  2023-04-24 10:21:53   时间 [2023/04/24 10:21:53]
讯息 [储存 成功]
  2023-04-24 10:21:53   时间 [2023/04/24 10:21:53]
讯息 [储存 成功]
  2023-04-24 10:22:16   时间 [2023/04/24 10:22:16]
讯息 [任务完成]
  2023-04-24 10:23:37   时间 [2023/04/24 10:23:37]
讯息 [储存 成功]
  2023-04-24 10:23:37   时间 [2023/04/24 10:23:37]
讯息 [储存 成功]
  2023-04-24 10:23:37   时间 [2023/04/24 10:23:37]
讯息 [储存 成功]
  2023-04-24 10:23:38   时间 [2023/04/24 10:23:38]
讯息 [储存 成功]
  2023-04-24 10:23:38   时间 [2023/04/24 10:23:38]
讯息 [储存 成功]
  2023-04-24 10:23:38   时间 [2023/04/24 10:23:38]
讯息 [
功能 Open : 失败
无相机物件
]
  2023-04-24 10:23:38   时间 [2023/04/24 10:23:38]
讯息 [储存 成功]
  2023-04-24 10:23:38   时间 [2023/04/24 10:23:38]
讯息 [储存 成功]
  2023-04-24 10:23:58   时间 [2023/04/24 10:23:58]
讯息 [任务完成]
  2023-04-24 10:25:59   时间 [2023/04/24 10:25:59]
讯息 []
  2023-04-24 10:28:49   时间 [2023/04/24 10:28:49]
讯息 []
  2023-04-24 10:29:09   时间 [2023/04/24 10:29:09]
讯息 []
  2023-04-24 10:30:27   时间 [2023/04/24 10:30:27]
讯息 []
  2023-04-24 10:30:40   时间 [2023/04/24 10:30:40]
讯息 []
  2023-04-24 10:30:45   时间 [2023/04/24 10:30:45]
讯息 []
  2023-04-24 10:30:54   时间 [2023/04/24 10:30:54]
讯息 []
  2023-04-24 10:32:30   时间 [2023/04/24 10:32:30]
讯息 [储存 成功]
  2023-04-24 10:32:30   时间 [2023/04/24 10:32:30]
讯息 [储存 成功]
  2023-04-24 10:32:30   时间 [2023/04/24 10:32:30]
讯息 [储存 成功]
  2023-04-24 10:32:31   时间 [2023/04/24 10:32:31]
讯息 [储存 成功]
  2023-04-24 10:32:31   时间 [2023/04/24 10:32:31]
讯息 [储存 成功]
  2023-04-24 10:32:31   时间 [2023/04/24 10:32:31]
讯息 [
功能 Open : 失败
无相机物件
]
  2023-04-24 10:32:31   时间 [2023/04/24 10:32:31]
讯息 [储存 成功]
  2023-04-24 10:32:31   时间 [2023/04/24 10:32:31]
讯息 [储存 成功]
  2023-04-24 10:33:11   时间 [2023/04/24 10:33:11]
讯息 [任务完成]
  2023-04-24 10:34:39   时间 [2023/04/24 10:34:39]
讯息 []
  2023-04-24 10:34:51   时间 [2023/04/24 10:34:51]
讯息 []
  2023-04-24 10:35:19   时间 [2023/04/24 10:35:19]
讯息 []
  2023-04-24 10:40:33   时间 [2023/04/24 10:40:33]
讯息 [储存 成功]
  2023-04-24 10:40:33   时间 [2023/04/24 10:40:33]
讯息 [储存 成功]
  2023-04-24 10:40:33   时间 [2023/04/24 10:40:33]
讯息 [储存 成功]
  2023-04-24 10:40:34   时间 [2023/04/24 10:40:34]
讯息 [储存 成功]
  2023-04-24 10:40:34   时间 [2023/04/24 10:40:34]
讯息 [储存 成功]
  2023-04-24 10:40:34   时间 [2023/04/24 10:40:34]
讯息 [
功能 Open : 失败
无相机物件
]
  2023-04-24 10:40:34   时间 [2023/04/24 10:40:34]
讯息 [储存 成功]
  2023-04-24 10:40:34   时间 [2023/04/24 10:40:34]
讯息 [储存 成功]
  2023-04-24 10:41:18   时间 [2023/04/24 10:41:18]
讯息 [任务完成]
  2023-04-24 10:43:11   时间 [2023/04/24 10:43:11]
讯息 []
  2023-04-24 10:46:03   时间 [2023/04/24 10:46:02]
讯息 [储存 成功]
  2023-04-24 10:46:03   时间 [2023/04/24 10:46:03]
讯息 [储存 成功]
  2023-04-24 10:46:03   时间 [2023/04/24 10:46:03]
讯息 [储存 成功]
  2023-04-24 10:46:03   时间 [2023/04/24 10:46:03]
讯息 [储存 成功]
  2023-04-24 10:46:03   时间 [2023/04/24 10:46:03]
讯息 [储存 成功]
  2023-04-24 10:46:03   时间 [2023/04/24 10:46:03]
讯息 [
功能 Open : 失败
无相机物件
]
  2023-04-24 10:46:03   时间 [2023/04/24 10:46:03]
讯息 [储存 成功]
  2023-04-24 10:46:03   时间 [2023/04/24 10:46:03]
讯息 [储存 成功]
  2023-04-24 10:46:42   时间 [2023/04/24 10:46:42]
讯息 [任务完成]
  2023-04-24 10:49:06   时间 [2023/04/24 10:49:06]
讯息 [Safe Violations | 违反安全措施]
  2023-04-24 10:50:09   时间 [2023/04/24 10:50:09]
讯息 []
  2023-04-24 11:01:29   时间 [2023/04/24 11:01:29]
讯息 [储存 成功]
  2023-04-24 11:01:29   时间 [2023/04/24 11:01:29]
讯息 [储存 成功]
  2023-04-24 11:01:29   时间 [2023/04/24 11:01:29]
讯息 [储存 成功]
  2023-04-24 11:01:30   时间 [2023/04/24 11:01:30]
讯息 [储存 成功]
  2023-04-24 11:01:30   时间 [2023/04/24 11:01:30]
讯息 [储存 成功]
  2023-04-24 11:01:30   时间 [2023/04/24 11:01:30]
讯息 [
功能 Open : 失败
无相机物件
]
  2023-04-24 11:01:30   时间 [2023/04/24 11:01:30]
讯息 [储存 成功]
  2023-04-24 11:01:30   时间 [2023/04/24 11:01:30]
讯息 [储存 成功]
  2023-04-24 11:07:28   时间 [2023/04/24 11:07:27]
讯息 [储存 成功]
  2023-04-24 11:07:28   时间 [2023/04/24 11:07:28]
讯息 [储存 成功]
  2023-04-24 11:07:28   时间 [2023/04/24 11:07:28]
讯息 [储存 成功]
  2023-04-24 11:07:28   时间 [2023/04/24 11:07:28]
讯息 [储存 成功]
  2023-04-24 11:07:28   时间 [2023/04/24 11:07:28]
讯息 [储存 成功]
  2023-04-24 11:07:28   时间 [2023/04/24 11:07:28]
讯息 [
功能 Open : 失败
无相机物件
]
  2023-04-24 11:07:28   时间 [2023/04/24 11:07:28]
讯息 [储存 成功]
  2023-04-24 11:07:28   时间 [2023/04/24 11:07:28]
讯息 [储存 成功]
  2023-04-24 11:08:58   时间 [2023/04/24 11:08:58]
讯息 [任务完成]
  2023-04-24 11:11:18   时间 [2023/04/24 11:11:18]
讯息 [储存成功]
  2023-04-24 11:11:18   时间 [2023/04/24 11:11:18]
讯息 []
  2023-04-24 11:12:19   时间 [2023/04/24 11:12:19]
讯息 []
  2023-04-24 11:20:05   时间 [2023/04/24 11:20:05]
讯息 [储存 成功]
  2023-04-24 11:20:06   时间 [2023/04/24 11:20:06]
讯息 [储存 成功]
  2023-04-24 11:20:06   时间 [2023/04/24 11:20:06]
讯息 [储存 成功]
  2023-04-24 11:20:06   时间 [2023/04/24 11:20:06]
讯息 [储存 成功]
  2023-04-24 11:20:06   时间 [2023/04/24 11:20:06]
讯息 [储存 成功]
  2023-04-24 11:20:06   时间 [2023/04/24 11:20:06]
讯息 [
功能 Open : 失败
无相机物件
]
  2023-04-24 11:20:06   时间 [2023/04/24 11:20:06]
讯息 [储存 成功]
  2023-04-24 11:20:06   时间 [2023/04/24 11:20:06]
讯息 [储存 成功]
  2023-04-24 11:20:50   时间 [2023/04/24 11:20:50]
讯息 [任务完成]
  2023-04-24 11:21:17   时间 [2023/04/24 11:21:17]
讯息 []
  2023-04-24 11:22:32   时间 [2023/04/24 11:22:32]
讯息 [储存成功]
  2023-04-24 11:22:32   时间 [2023/04/24 11:22:32]
讯息 []
  2023-04-24 11:24:29   时间 [2023/04/24 11:24:29]
讯息 []
  2023-04-24 11:25:02   时间 [2023/04/24 11:25:02]
讯息 []
  2023-04-24 11:25:43   时间 [2023/04/24 11:25:43]
讯息 []
  2023-04-24 11:25:44   时间 [2023/04/24 11:25:44]
讯息 []
  2023-04-24 11:25:44   时间 [2023/04/24 11:25:44]
讯息 []
  2023-04-24 11:25:45   时间 [2023/04/24 11:25:45]
讯息 []
  2023-04-24 11:25:47   时间 [2023/04/24 11:25:47]
讯息 []
  2023-04-24 11:25:47   时间 [2023/04/24 11:25:47]
讯息 []
  2023-04-24 11:25:48   时间 [2023/04/24 11:25:48]
讯息 []
  2023-04-24 11:25:58   时间 [2023/04/24 11:25:58]
讯息 [触发 正软限位 100 mm]
  2023-04-24 11:26:36   时间 [2023/04/24 11:26:36]
讯息 []
  2023-04-24 11:26:40   时间 [2023/04/24 11:26:40]
讯息 []
  2023-04-24 11:26:43   时间 [2023/04/24 11:26:43]
讯息 []
  2023-04-24 11:26:45   时间 [2023/04/24 11:26:45]
讯息 []
  2023-04-24 11:26:47   时间 [2023/04/24 11:26:47]
讯息 []
  2023-04-24 11:26:47   时间 [2023/04/24 11:26:47]
讯息 []
  2023-04-24 11:26:48   时间 [2023/04/24 11:26:48]
讯息 []
  2023-04-24 11:26:49   时间 [2023/04/24 11:26:49]
讯息 []
  2023-04-24 11:26:51   时间 [2023/04/24 11:26:51]
讯息 []
  2023-04-24 11:26:53   时间 [2023/04/24 11:26:53]
讯息 []
  2023-04-24 11:26:54   时间 [2023/04/24 11:26:54]
讯息 []
  2023-04-24 11:26:55   时间 [2023/04/24 11:26:55]
讯息 []
  2023-04-24 11:26:55   时间 [2023/04/24 11:26:55]
讯息 []
  2023-04-24 11:26:56   时间 [2023/04/24 11:26:56]
讯息 []
  2023-04-24 11:26:57   时间 [2023/04/24 11:26:57]
讯息 []
  2023-04-24 11:26:57   时间 [2023/04/24 11:26:57]
讯息 []
  2023-04-24 11:26:59   时间 [2023/04/24 11:26:59]
讯息 []
  2023-04-24 11:27:02   时间 [2023/04/24 11:27:02]
讯息 []
  2023-04-24 11:27:04   时间 [2023/04/24 11:27:04]
讯息 []
  2023-04-24 11:27:06   时间 [2023/04/24 11:27:06]
讯息 []
  2023-04-24 11:27:07   时间 [2023/04/24 11:27:07]
讯息 []
  2023-04-24 11:27:09   时间 [2023/04/24 11:27:09]
讯息 []
  2023-04-24 11:27:10   时间 [2023/04/24 11:27:10]
讯息 []
  2023-04-24 11:27:11   时间 [2023/04/24 11:27:11]
讯息 []
  2023-04-24 11:27:11   时间 [2023/04/24 11:27:11]
讯息 []
  2023-04-24 11:27:59   时间 [2023/04/24 11:27:59]
讯息 [储存成功]
  2023-04-24 11:27:59   时间 [2023/04/24 11:27:59]
讯息 []
  2023-04-24 11:31:25   时间 [2023/04/24 11:31:25]
讯息 []
  2023-04-24 11:32:31   时间 [2023/04/24 11:32:31]
讯息 [储存 成功]
  2023-04-24 11:32:31   时间 [2023/04/24 11:32:31]
讯息 [储存 成功]
  2023-04-24 11:32:31   时间 [2023/04/24 11:32:31]
讯息 [储存 成功]
  2023-04-24 11:32:31   时间 [2023/04/24 11:32:31]
讯息 [储存 成功]
  2023-04-24 11:32:31   时间 [2023/04/24 11:32:31]
讯息 [储存 成功]
  2023-04-24 11:32:32   时间 [2023/04/24 11:32:32]
讯息 [
功能 Open : 失败
无相机物件
]
  2023-04-24 11:32:32   时间 [2023/04/24 11:32:32]
讯息 [储存 成功]
  2023-04-24 11:32:32   时间 [2023/04/24 11:32:32]
讯息 [储存 成功]
  2023-04-24 11:33:22   时间 [2023/04/24 11:33:22]
讯息 [任务完成]
  2023-04-24 11:33:40   时间 [2023/04/24 11:33:40]
讯息 [储存成功]
  2023-04-24 11:33:40   时间 [2023/04/24 11:33:40]
讯息 []
  2023-04-24 11:35:34   时间 [2023/04/24 11:35:34]
讯息 []
  2023-04-24 11:35:43   时间 [2023/04/24 11:35:43]
讯息 []
  2023-04-24 11:39:38   时间 [2023/04/24 11:39:38]
讯息 [储存成功]
  2023-04-24 11:39:38   时间 [2023/04/24 11:39:38]
讯息 []
  2023-04-24 14:23:39   时间 [2023/04/24 14:23:39]
讯息 [储存 成功]
  2023-04-24 14:24:00   时间 [2023/04/24 14:24:00]
讯息 [控制器连线失败, 开启 模拟系统]
  2023-04-24 14:24:01   时间 [2023/04/24 14:24:01]
讯息 [储存 成功]
  2023-04-24 14:24:01   时间 [2023/04/24 14:24:01]
讯息 [储存 成功]
  2023-04-24 14:24:01   时间 [2023/04/24 14:24:01]
讯息 [储存 成功]
  2023-04-24 14:24:01   时间 [2023/04/24 14:24:01]
讯息 [储存 成功]
  2023-04-24 14:24:01   时间 [2023/04/24 14:24:01]
讯息 [储存 成功]
  2023-04-24 14:24:01   时间 [2023/04/24 14:24:01]
讯息 [储存 成功]
  2023-04-24 14:25:02   时间 [2023/04/24 14:25:02]
讯息 []
  2023-04-24 14:27:16   时间 [2023/04/24 14:27:16]
讯息 []
  2023-04-24 14:28:45   时间 [2023/04/24 14:28:45]
讯息 [储存 成功]
  2023-04-24 14:28:45   时间 [2023/04/24 14:28:45]
讯息 [储存 成功]
  2023-04-24 14:28:45   时间 [2023/04/24 14:28:45]
讯息 [储存 成功]
  2023-04-24 14:28:46   时间 [2023/04/24 14:28:46]
讯息 [储存 成功]
  2023-04-24 14:28:46   时间 [2023/04/24 14:28:46]
讯息 [储存 成功]
  2023-04-24 14:28:46   时间 [2023/04/24 14:28:46]
讯息 [
功能 Open : 失败
无相机物件
]
  2023-04-24 14:28:46   时间 [2023/04/24 14:28:46]
讯息 [储存 成功]
  2023-04-24 14:28:46   时间 [2023/04/24 14:28:46]
讯息 [储存 成功]
  2023-04-24 14:29:30   时间 [2023/04/24 14:29:30]
讯息 [任务完成]
  2023-04-24 17:04:44   时间 [2023/04/24 17:04:44]
讯息 [储存 成功]
  2023-04-24 17:04:44   时间 [2023/04/24 17:04:44]
讯息 [控制器连线失败, 开启 模拟系统]
  2023-04-24 17:04:44   时间 [2023/04/24 17:04:44]
讯息 [储存 成功]
  2023-04-24 17:04:44   时间 [2023/04/24 17:04:44]
讯息 [储存 成功]
  2023-04-24 17:04:44   时间 [2023/04/24 17:04:44]
讯息 [储存 成功]
  2023-04-24 17:04:44   时间 [2023/04/24 17:04:44]
讯息 [储存 成功]
  2023-04-24 17:04:44   时间 [2023/04/24 17:04:44]
讯息 [储存 成功]
  2023-04-24 17:04:44   时间 [2023/04/24 17:04:44]
讯息 [储存 成功]
