  2023-04-11 18:35:50   
时间 [2023/04/11 18:35:50]
讯息 [储存 成功]

  2023-04-11 18:36:11   
时间 [2023/04/11 18:36:11]
讯息 [控制器连线失败, 开启 模拟系统]

  2023-04-11 18:36:11   
时间 [2023/04/11 18:36:11]
讯息 [储存 成功]

  2023-04-11 18:36:11   
时间 [2023/04/11 18:36:11]
讯息 [储存 成功]

  2023-04-11 18:36:11   
时间 [2023/04/11 18:36:11]
讯息 [储存 成功]

  2023-04-11 18:36:11   
时间 [2023/04/11 18:36:11]
讯息 [储存 成功]

  2023-04-11 18:36:11   
时间 [2023/04/11 18:36:11]
讯息 [储存 成功]

  2023-04-11 18:36:11   
时间 [2023/04/11 18:36:11]
讯息 [储存 成功]

  2023-04-11 18:36:23   
时间 [2023/04/11 18:36:23]
讯息 [
 功能 Run_One_Cycle : 成功
]

  2023-04-11 18:36:23   
时间 [2023/04/11 18:36:23]
讯息 [
 功能 StartHome : 成功
]

  2023-04-11 18:36:23   
时间 [2023/04/11 18:36:23]
讯息 [
开始复位 功能 Do_Job : 成功
]

  2023-04-11 18:36:23   
开始时间 [2023/04/11 18:36:23]
名称 []
讯息 [FSM_Home_Controller]
状态 [成功]
错误码 [0]
错误Remark []
耗时 [0.006 秒]
结束时间 [2023/04/11 18:36:23]

  2023-04-11 18:36:23   
开始时间 [2023/04/11 18:36:23]
名称 [开始复位]
讯息 [BasicState]
状态 [成功]
错误码 [0]
错误Remark []
耗时 [0.008 秒]
结束时间 [2023/04/11 18:36:23]

  2023-04-11 18:36:24   
时间 [2023/04/11 18:36:24]
讯息 [
 功能 StartHome : 成功
]

  2023-04-11 18:36:24   
时间 [2023/04/11 18:36:24]
讯息 [
开始复位 功能 Do_Job : 成功
]

  2023-04-11 18:36:24   
开始时间 [2023/04/11 18:36:23]
名称 [开始复位]
讯息 [BasicState]
状态 [成功]
错误码 [0]
错误Remark []
耗时 [0.502 秒]
结束时间 [2023/04/11 18:36:24]

  2023-04-11 18:36:24   
时间 [2023/04/11 18:36:24]
讯息 [
开始复位 功能 Do_Job : 成功
]

  2023-04-11 18:36:24   
开始时间 [2023/04/11 18:36:23]
名称 [开始复位]
讯息 [BasicState]
状态 [成功]
错误码 [0]
错误Remark []
耗时 [0.505 秒]
结束时间 [2023/04/11 18:36:24]

  2023-04-11 18:36:24   
时间 [2023/04/11 18:36:24]
讯息 [
 功能 StartHome : 成功
]

  2023-04-11 18:36:24   
时间 [2023/04/11 18:36:24]
讯息 [
 功能 HomeTable : 成功
]

  2023-04-11 18:36:24   
时间 [2023/04/11 18:36:24]
讯息 [
平台复位 功能 Do_Job : 成功
]

  2023-04-11 18:36:24   
开始时间 [2023/04/11 18:36:23]
名称 [平台复位]
讯息 [BasicState]
状态 [成功]
错误码 [0]
错误Remark []
耗时 [1.041 秒]
结束时间 [2023/04/11 18:36:24]

  2023-04-11 18:36:24   
时间 [2023/04/11 18:36:24]
讯息 [
 功能 SetHomeTableDone : 成功
]

  2023-04-11 18:36:24   
时间 [2023/04/11 18:36:24]
讯息 [
平台复位完成 功能 Do_Job : 成功
]

  2023-04-11 18:36:24   
开始时间 [2023/04/11 18:36:24]
名称 [平台复位完成]
讯息 [BasicState]
状态 [成功]
错误码 [0]
错误Remark []
耗时 [0.014 秒]
结束时间 [2023/04/11 18:36:24]

  2023-04-11 18:36:24   
时间 [2023/04/11 18:36:24]
讯息 [
复位结束 功能 Do_Job : 成功
]

  2023-04-11 18:36:24   
开始时间 [2023/04/11 18:36:24]
名称 [复位结束]
讯息 [BasicState]
状态 [成功]
错误码 [0]
错误Remark []
耗时 [0.000 秒]
结束时间 [2023/04/11 18:36:24]

  2023-04-11 18:36:24   
时间 [2023/04/11 18:36:24]
讯息 [
 功能 EndHome : 成功
]

  2023-04-11 18:36:26   
时间 [2023/04/11 18:36:26]
讯息 [
 功能 HomeZ : 成功
]

  2023-04-11 18:36:26   
开始时间 [2023/04/11 18:36:24]
名称 [Z轴复位]
讯息 [BasicState]
状态 [成功]
错误码 [0]
错误Remark []
耗时 [1.531 秒]
结束时间 [2023/04/11 18:36:26]

  2023-04-11 18:36:26   
时间 [2023/04/11 18:36:26]
讯息 [
Z轴复位 功能 Do_Job : 成功
]

  2023-04-11 18:36:26   
时间 [2023/04/11 18:36:26]
讯息 [
 功能 HomeZ : 成功
]

  2023-04-11 18:36:26   
时间 [2023/04/11 18:36:26]
讯息 [
Z轴复位 功能 Do_Job : 成功
]

  2023-04-11 18:36:26   
开始时间 [2023/04/11 18:36:24]
名称 [Z轴复位]
讯息 [BasicState]
状态 [成功]
错误码 [0]
错误Remark []
耗时 [1.537 秒]
结束时间 [2023/04/11 18:36:26]

  2023-04-11 18:36:26   
时间 [2023/04/11 18:36:26]
讯息 [
 功能 SetHomeZDone : 成功
]

  2023-04-11 18:36:26   
开始时间 [2023/04/11 18:36:26]
名称 [Z轴复位结束]
讯息 [BasicState]
状态 [成功]
错误码 [0]
错误Remark []
耗时 [0.513 秒]
结束时间 [2023/04/11 18:36:26]

  2023-04-11 18:36:26   
时间 [2023/04/11 18:36:26]
讯息 [
Z轴复位结束 功能 Do_Job : 成功
]

  2023-04-11 18:36:26   
时间 [2023/04/11 18:36:26]
讯息 [
 功能 SetHomeZDone : 成功
]

  2023-04-11 18:36:26   
时间 [2023/04/11 18:36:26]
讯息 [
Z轴复位结束 功能 Do_Job : 成功
]

  2023-04-11 18:36:26   
开始时间 [2023/04/11 18:36:26]
名称 [Z轴复位结束]
讯息 [BasicState]
状态 [成功]
错误码 [0]
错误Remark []
耗时 [0.513 秒]
结束时间 [2023/04/11 18:36:26]

  2023-04-11 18:36:27   
时间 [2023/04/11 18:36:27]
讯息 [
 功能 WaitZandTableDone : 成功
]

  2023-04-11 18:36:27   
时间 [2023/04/11 18:36:27]
讯息 [
等待Z轴 平台复位结束 功能 Do_Job : 成功
]

  2023-04-11 18:36:27   
开始时间 [2023/04/11 18:36:27]
名称 [等待Z轴 平台复位结束]
讯息 [BasicState]
状态 [成功]
错误码 [0]
错误Remark []
耗时 [0.502 秒]
结束时间 [2023/04/11 18:36:27]

  2023-04-11 18:36:27   
时间 [2023/04/11 18:36:27]
讯息 [
 功能 WaitZandTableDone : 成功
]

  2023-04-11 18:36:27   
时间 [2023/04/11 18:36:27]
讯息 [
等待Z轴 平台复位结束 功能 Do_Job : 成功
]

  2023-04-11 18:36:27   
开始时间 [2023/04/11 18:36:27]
名称 [等待Z轴 平台复位结束]
讯息 [BasicState]
状态 [成功]
错误码 [0]
错误Remark []
耗时 [0.502 秒]
结束时间 [2023/04/11 18:36:27]

  2023-04-11 18:36:28   
时间 [2023/04/11 18:36:28]
讯息 [
 功能 HomeT : 成功
]

  2023-04-11 18:36:28   
时间 [2023/04/11 18:36:28]
讯息 [
T轴复位 功能 Do_Job : 成功
]

  2023-04-11 18:36:28   
开始时间 [2023/04/11 18:36:27]
名称 [T轴复位]
讯息 [BasicState]
状态 [成功]
错误码 [0]
错误Remark []
耗时 [1.031 秒]
结束时间 [2023/04/11 18:36:28]

  2023-04-11 18:36:28   
开始时间 [2023/04/11 18:36:27]
名称 [T轴复位]
讯息 [BasicState]
状态 [成功]
错误码 [0]
错误Remark []
耗时 [1.037 秒]
结束时间 [2023/04/11 18:36:28]

  2023-04-11 18:36:28   
时间 [2023/04/11 18:36:28]
讯息 [
 功能 HomeT : 成功
]

  2023-04-11 18:36:28   
时间 [2023/04/11 18:36:28]
讯息 [
T轴复位 功能 Do_Job : 成功
]

  2023-04-11 18:36:29   
时间 [2023/04/11 18:36:29]
讯息 [
 功能 Is_Safe_To_Move : 成功
]

  2023-04-11 18:36:29   
时间 [2023/04/11 18:36:29]
讯息 [
 功能 Is_Safe_To_Move : 成功
]

  2023-04-11 18:36:30   
时间 [2023/04/11 18:36:30]
讯息 [
 功能 HomeXY : 成功
]

  2023-04-11 18:36:30   
时间 [2023/04/11 18:36:30]
讯息 [
T轴复位 功能 Do_Job : 成功
]

  2023-04-11 18:36:30   
开始时间 [2023/04/11 18:36:29]
名称 [T轴复位]
讯息 [BasicState]
状态 [成功]
错误码 [0]
错误Remark []
耗时 [1.541 秒]
结束时间 [2023/04/11 18:36:30]

  2023-04-11 18:36:30   
时间 [2023/04/11 18:36:30]
讯息 [
T轴复位 功能 Do_Job : 成功
]

  2023-04-11 18:36:30   
时间 [2023/04/11 18:36:30]
讯息 [
 功能 HomeXY : 成功
]

  2023-04-11 18:36:30   
开始时间 [2023/04/11 18:36:29]
名称 [T轴复位]
讯息 [BasicState]
状态 [成功]
错误码 [0]
错误Remark []
耗时 [1.538 秒]
结束时间 [2023/04/11 18:36:30]

  2023-04-11 18:36:31   
时间 [2023/04/11 18:36:31]
讯息 [
 功能 EndHome : 成功
]

  2023-04-11 18:36:31   
开始时间 [2023/04/11 18:36:31]
名称 [T轴复位]
讯息 [BasicState]
状态 [成功]
错误码 [0]
错误Remark []
耗时 [0.502 秒]
结束时间 [2023/04/11 18:36:31]

  2023-04-11 18:36:31   
时间 [2023/04/11 18:36:31]
讯息 [
T轴复位 功能 Do_Job : 成功
]

  2023-04-11 18:36:31   
时间 [2023/04/11 18:36:31]
讯息 [
 功能 EndHome : 成功
]

  2023-04-11 18:36:31   
时间 [2023/04/11 18:36:31]
讯息 [
T轴复位 功能 Do_Job : 成功
]

  2023-04-11 18:36:31   
开始时间 [2023/04/11 18:36:31]
名称 [T轴复位]
讯息 [BasicState]
状态 [成功]
错误码 [0]
错误Remark []
耗时 [0.501 秒]
结束时间 [2023/04/11 18:36:31]

  2023-04-11 18:36:31   
时间 [2023/04/11 18:36:31]
讯息 [FSM 运行结束, 结果 成功]

